
                    X                   _temp_2       

                  0.                     0.           
                  2.E-06                 0.           
                  4.E-06                 0.           
                  6.E-06                 0.           
                  8.E-06                 0.           
                 10.E-06                 0.           
                 12.E-06                 0.           
                 14.E-06                 0.           
                 16.E-06                 0.           
                 18.000002E-06          -6.8401837E-06
                 20.E-06              -233.91217E-06  
                 22.E-06                -3.0898259E-03
                 24.E-06               -24.286364E-03 
                 26.E-06              -135.86638E-03  
                 28.E-06              -595.31543E-03  
                 30.E-06                -2.1654859    
                 32.E-06                -6.7954373    
                 34.E-06               -18.896116     
                 36.000004E-06         -47.477489     
                 38.E-06              -109.37688      
                 40.E-06              -233.66559      
                 42.E-06              -467.05399      
                 44.E-06              -879.74164      
                 46.E-06                -1.5707397E+03
                 48.E-06                -2.6713393E+03
                 49.999996E-06          -4.3452258E+03
                 52.E-06                -6.7838993E+03
                 54.E-06               -10.196564E+03 
                 56.E-06               -14.794516E+03 
                 58.000004E-06         -20.771132E+03 
                 60.E-06               -28.279562E+03 
                 62.E-06               -37.411015E+03 
                 64.E-06               -48.176609E+03 
                 66.E-06               -60.495399E+03 
                 68.E-06               -74.190094E+03 
                 70.E-06               -88.990562E+03 
                 72.000008E-06        -104.54395E+03  
                 74.E-06              -120.42932E+03  
                 76.E-06              -136.17502E+03  
                 77.999992E-06        -151.27686E+03  
                 80.E-06              -165.2177E+03   
                 82.E-06              -177.48918E+03  
                 84.E-06              -187.61786E+03  
                 86.E-06              -195.19727E+03  
                 88.E-06              -199.9258E+03   
                 90.E-06              -201.64725E+03  
                 92.E-06              -200.38792E+03  
                 94.000008E-06        -196.38147E+03  
                 96.E-06              -190.07214E+03  
                 98.E-06              -182.08929E+03  
                 99.999992E-06        -173.1904E+03   
                102.E-06              -164.17683E+03  
                104.E-06              -155.79393E+03  
                106.E-06              -148.63254E+03  
                108.E-06              -143.05092E+03  
                110.E-06              -139.13501E+03  
                112.E-06              -136.70601E+03  
                114.E-06              -135.37567E+03  
                116.00001E-06         -134.63676E+03  
                117.99999E-06         -133.96806E+03  
                120.E-06              -132.92783E+03  
                121.99999E-06         -131.21298E+03  
                124.E-06              -128.66943E+03  
                126.E-06              -125.25343E+03  
                128.E-06              -120.95833E+03  
                130.E-06              -115.73338E+03  
                132.E-06              -109.4259E+03   
                134.E-06              -101.77419E+03  
                136.E-06               -92.4655E+03   
                138.E-06               -81.254005E+03 
                140.E-06               -68.113541E+03 
                142.E-06               -53.384243E+03 
                144.00002E-06          -37.866299E+03 
                146.00002E-06          -22.821007E+03 
                148.E-06                -9.8583927E+03
                149.99998E-06         -718.05029      
                152.E-06                 3.0209954E+03
                154.E-06               242.69165      
                155.99998E-06           -9.460186E+03 
                158.E-06               -25.658564E+03 
                160.E-06               -47.116573E+03 
                162.E-06               -71.981392E+03 
                164.E-06               -98.098343E+03 
                166.E-06              -123.384E+03    
                168.E-06              -146.17339E+03  
                170.E-06              -165.46066E+03  
                172.E-06              -180.97733E+03  
                174.E-06              -193.09131E+03  
                176.E-06              -202.55588E+03  
                178.E-06              -210.17644E+03  
                180.E-06              -216.48628E+03  
                182.E-06              -221.52147E+03  
                184.E-06              -224.76093E+03  
                186.E-06              -225.2541E+03   
                188.00002E-06         -221.90857E+03  
                190.00002E-06         -213.86322E+03  
                192.E-06              -200.84706E+03  
                193.99998E-06         -183.41994E+03  
                196.E-06              -163.01872E+03  
                198.E-06              -141.77916E+03  
                199.99998E-06         -122.16123E+03  
                201.99998E-06         -106.45849E+03  
                204.E-06               -96.306168E+03 
                206.E-06               -92.308693E+03 
                208.E-06               -93.882492E+03 
                210.E-06               -99.360039E+03 
                212.E-06              -106.33823E+03  
                214.E-06              -112.19349E+03  
                216.E-06              -114.64422E+03  
                218.E-06              -112.22778E+03  
                220.E-06              -104.57944E+03  
                222.E-06               -92.448936E+03 
                224.E-06               -77.454376E+03 
                226.00002E-06          -61.638695E+03 
                228.E-06               -46.941582E+03 
                230.E-06               -34.719841E+03 
                232.00002E-06          -25.435656E+03 
                234.00002E-06          -18.588179E+03 
                235.99998E-06          -12.901537E+03 
                237.99998E-06           -6.7170439E+03
                240.E-06                 1.5143164E+03
                242.E-06                12.767551E+03 
                243.99998E-06           27.12796E+03  
                246.E-06                43.705837E+03 
                248.E-06                60.804436E+03 
                250.E-06                76.299957E+03 
                252.E-06                88.139153E+03 
                254.00002E-06           94.831596E+03 
                256.E-06                95.816193E+03 
                258.E-06                91.613731E+03 
                260.E-06                83.73111E+03  
                262.E-06                74.34388E+03  
                264.E-06                65.836487E+03 
                266.E-06                60.311657E+03 
                268.E-06                59.183811E+03 
                269.99997E-06           62.946785E+03 
                272.E-06                71.160439E+03 
                274.E-06                82.646126E+03 
                276.E-06                95.831268E+03 
                278.E-06               109.15093E+03  
                280.E-06               121.40585E+03  
                282.E-06               131.99332E+03  
                284.E-06               140.96413E+03  
                285.99997E-06          148.90388E+03  
                288.00003E-06          156.68135E+03  
                290.E-06               165.1358E+03   
                292.00003E-06          174.78633E+03  
                294.E-06               185.63519E+03  
                296.E-06               197.10924E+03  
                298.E-06               208.14752E+03  
                299.99997E-06          217.4068E+03   
                302.E-06               223.53088E+03  
                304.E-06               225.41893E+03  
                306.E-06               222.43307E+03  
                308.E-06               214.50551E+03  
                310.E-06               202.13199E+03  
                311.99997E-06          186.2648E+03   
                314.E-06               168.13962E+03  
                316.E-06               149.07921E+03  
                318.00003E-06          130.31538E+03  
                320.E-06               112.85929E+03  
                322.E-06                97.432693E+03 
                324.E-06                84.457535E+03 
                326.E-06                74.088631E+03 
                328.E-06                66.269409E+03 
                330.E-06                60.792332E+03 
                332.E-06                57.352425E+03 
                334.00003E-06           55.590096E+03 
                336.E-06                55.126129E+03 
                338.E-06                55.594254E+03 
                340.E-06                56.674812E+03 
                341.99997E-06           58.12854E+03  
                344.E-06                59.824062E+03 
                346.E-06                61.749481E+03 
                348.E-06                63.999424E+03 
                350.E-06                66.734001E+03 
                352.E-06                70.114693E+03 
                354.E-06                74.231293E+03 
                356.E-06                79.039719E+03 
                357.99997E-06           84.332176E+03 
                360.E-06                89.754898E+03 
                362.E-06                94.877365E+03 
                364.E-06                99.302406E+03 
                366.E-06               102.79264E+03  
                368.E-06               105.38008E+03  
                370.E-06               107.42501E+03  
                372.E-06               109.59905E+03  
                373.99997E-06          112.78381E+03  
                376.00003E-06          117.89738E+03  
                378.E-06               125.6812E+03   
                380.00003E-06          136.49307E+03  
                382.E-06               150.15645E+03  
                384.E-06               165.90672E+03  
                386.E-06               182.45665E+03  
                387.99997E-06          198.17686E+03  
                390.00003E-06          211.36011E+03  
                392.E-06               220.51714E+03  
                394.E-06               224.64163E+03  
                396.E-06               223.38547E+03  
                398.E-06               217.10371E+03  
                399.99997E-06          206.75609E+03  
                402.E-06               193.68422E+03  
                403.99997E-06          179.3127E+03   
                406.00003E-06          164.84087E+03  
                408.E-06               150.9955E+03   
                410.E-06               137.90318E+03  
                412.E-06               125.11402E+03  
                414.E-06               111.77401E+03  
                416.E-06                96.908264E+03 
                418.E-06                79.749634E+03 
                420.E-06                60.033947E+03 
                422.00003E-06           38.187881E+03 
                424.E-06                15.35736E+03  
                426.E-06                -6.740334E+03 
                428.E-06               -26.117098E+03 
                429.99997E-06          -40.906815E+03 
                432.E-06               -49.76577E+03  
                434.E-06               -52.190109E+03 
                436.E-06               -48.674789E+03 
                438.E-06               -40.671021E+03 
                440.E-06               -30.343376E+03 
                442.E-06               -20.172829E+03 
                444.E-06               -12.488294E+03 
                445.99997E-06           -9.0278292E+03
                448.E-06               -10.626294E+03 
                450.E-06               -17.099758E+03 
                452.00003E-06          -27.353205E+03 
                454.E-06               -39.687183E+03 
                456.E-06               -52.232513E+03 
                458.E-06               -63.41114E+03  
                460.E-06               -72.313728E+03 
                461.99997E-06          -78.902618E+03 
                464.00003E-06          -83.989433E+03 
                466.E-06               -88.990158E+03 
                468.00003E-06          -95.514854E+03 
                470.E-06              -104.89109E+03  
                471.99997E-06         -117.73918E+03  
                474.E-06              -133.70796E+03  
                475.99997E-06         -151.44429E+03  
                478.E-06              -168.81416E+03  
                480.E-06              -183.33321E+03  
                482.E-06              -192.71205E+03  
                484.E-06              -195.39072E+03  
                486.E-06              -190.93607E+03  
                487.99997E-06         -180.20416E+03  
                490.E-06              -165.2231E+03   
                492.E-06              -148.81615E+03  
                494.E-06              -134.04584E+03  
                496.E-06              -123.6022E+03   
                498.E-06              -119.27133E+03  
                500.E-06              -121.60271E+03  




