
                    X                   _temp_2       

                  0.                     0.           
                  2.E-06                 0.           
                  4.E-06                 0.           
                  6.E-06                 0.           
                  8.E-06                 0.           
                 10.E-06                 0.           
                 12.E-06              -815.28638E-12  
                 14.E-06                -4.7811298E-09
                 16.E-06               -11.48081E-09  
                 18.000002E-06         -20.259424E-09 
                 20.E-06               -30.360027E-09 
                 22.E-06               -41.068417E-09 
                 24.E-06               -51.828613E-09 
                 26.E-06               -62.301441E-09 
                 28.E-06               -72.356819E-09 
                 30.E-06               -82.010742E-09 
                 32.E-06               -91.333855E-09 
                 34.E-06              -100.36542E-09  
                 36.000004E-06        -109.06215E-09  
                 38.E-06              -117.29797E-09  
                 40.E-06              -124.91238E-09  
                 42.E-06              -131.78793E-09  
                 44.E-06              -137.92751E-09  
                 46.E-06              -143.50113E-09  
                 48.E-06              -148.84305E-09  
                 49.999996E-06        -154.39462E-09  
                 52.E-06              -160.60794E-09  
                 54.E-06              -167.83701E-09  
                 56.E-06              -176.24886E-09  
                 58.000004E-06        -185.7803E-09   
                 60.E-06              -196.15346E-09  
                 62.E-06              -206.9446E-09   
                 64.E-06              -217.68579E-09  
                 66.E-06              -227.96994E-09  
                 68.E-06              -237.53015E-09  
                 70.E-06              -246.27359E-09  
                 72.000008E-06        -254.2657E-09   
                 74.E-06              -261.67529E-09  
                 76.E-06              -268.70328E-09  
                 77.999992E-06        -273.09653E-09  
                 80.E-06              -274.4054E-09   
                 82.E-06              -273.22495E-09  
                 84.E-06              -270.29651E-09  
                 86.E-06              -266.40933E-09  
                 88.E-06              -262.30487E-09  
                 90.E-06              -258.59903E-09  
                 92.E-06              -255.73242E-09  
                 94.000008E-06        -253.95366E-09  
                 96.E-06              -253.3322E-09   
                 98.E-06              -253.79327E-09  
                 99.999992E-06        -255.1635E-09   
                102.E-06              -257.2157E-09   
                104.E-06              -259.70425E-09  
                106.E-06              -262.38724E-09  
                108.E-06              -265.03516E-09  
                110.E-06              -267.43231E-09  
                112.E-06              -269.3761E-09   
                114.E-06              -270.68158E-09  
                116.00001E-06         -271.19443E-09  
                117.99999E-06         -270.81219E-09  
                120.E-06              -269.50937E-09  
                121.99999E-06         -267.35974E-09  
                124.E-06              -264.54684E-09  
                126.E-06              -261.35788E-09  
                128.E-06              -258.15689E-09  
                130.E-06              -255.34023E-09  
                132.E-06              -253.2804E-09   
                134.E-06              -252.26865E-09  
                136.E-06              -252.4668E-09   
                138.E-06              -253.8783E-09   
                140.E-06              -256.34381E-09  
                142.E-06              -259.56271E-09  
                144.00002E-06         -263.13644E-09  
                146.00002E-06         -266.62549E-09  
                148.E-06              -269.61032E-09  
                149.99998E-06         -271.74591E-09  
                152.E-06              -272.80228E-09  
                154.E-06              -272.68576E-09  
                155.99998E-06         -271.44147E-09  
                158.E-06              -269.23758E-09  
                160.E-06              -266.33755E-09  
                162.E-06              -263.065E-09    
                164.E-06              -259.76639E-09  
                166.E-06              -256.7756E-09   
                168.E-06              -254.38287E-09  
                170.E-06              -252.80974E-09  
                172.E-06              -252.19032E-09  
                174.E-06              -252.56038E-09  
                176.E-06              -253.85341E-09  
                178.E-06              -255.9059E-09   
                180.E-06              -258.47079E-09  
                182.E-06              -261.23953E-09  
                184.E-06              -263.87067E-09  
                186.E-06              -266.02234E-09  
                188.00002E-06         -267.38467E-09  
                190.00002E-06         -267.70877E-09  
                192.E-06              -266.82742E-09  
                193.99998E-06         -264.66614E-09  
                196.E-06              -261.24329E-09  
                198.E-06              -256.66016E-09  
                199.99998E-06         -251.08319E-09  
                201.99998E-06         -244.72113E-09  
                204.E-06              -237.80009E-09  
                206.E-06              -230.53914E-09  
                208.E-06              -223.12735E-09  
                210.E-06              -215.70377E-09  
                212.E-06              -208.34052E-09  
                214.E-06              -201.02998E-09  
                216.E-06              -193.67711E-09  
                218.E-06              -186.09868E-09  
                220.E-06              -178.03157E-09  
                222.E-06              -169.15115E-09  
                224.E-06              -159.10063E-09  
                226.00002E-06         -147.52927E-09  
                228.E-06              -134.13567E-09  
                230.E-06              -118.71146E-09  
                232.00002E-06         -101.17768E-09  
                234.00002E-06          -81.608902E-09 
                235.99998E-06          -60.239697E-09 
                237.99998E-06          -37.45179E-09  
                240.E-06               -13.743035E-09 
                242.E-06                10.31773E-09  
                243.99998E-06           34.143482E-09 
                246.E-06                57.182148E-09 
                248.E-06                78.96312E-09  
                250.E-06                99.131851E-09 
                252.E-06               117.46945E-09  
                254.00002E-06          133.89702E-09  
                256.E-06               148.46619E-09  
                258.E-06               161.33917E-09  
                260.E-06               172.76184E-09  
                262.E-06               183.03314E-09  
                264.E-06               192.47389E-09  
                266.E-06               201.3963E-09   
                268.E-06               210.07626E-09  
                269.99997E-06          218.72919E-09  
                272.E-06               227.49074E-09  
                274.E-06               236.40411E-09  
                276.E-06               245.41547E-09  
                278.E-06               254.3783E-09   
                280.E-06               263.06796E-09  
                282.E-06               271.20499E-09  
                284.E-06               278.48523E-09  
                285.99997E-06          284.61377E-09  
                288.00003E-06          289.33847E-09  
                290.E-06               292.47928E-09  
                292.00003E-06          293.94949E-09  
                294.E-06               293.7674E-09   
                296.E-06               292.05655E-09  
                298.E-06               289.03616E-09  
                299.99997E-06          285.0022E-09   
                302.E-06               280.30237E-09  
                304.E-06               275.30728E-09  
                306.E-06               270.37997E-09  
                308.E-06               265.84674E-09  
                310.E-06               261.97141E-09  
                311.99997E-06          258.93478E-09  
                314.E-06               256.82208E-09  
                316.E-06               255.61874E-09  
                318.00003E-06          255.21753E-09  
                320.E-06               255.43501E-09  
                322.E-06               256.03772E-09  
                324.E-06               256.77472E-09  
                326.E-06               257.4126E-09   
                328.E-06               257.76807E-09  
                330.E-06               257.73367E-09  
                332.E-06               257.2926E-09   
                334.00003E-06          256.51926E-09  
                336.E-06               255.56743E-09  
                338.E-06               254.64574E-09  
                340.E-06               253.98579E-09  
                341.99997E-06          253.80734E-09  
                344.E-06               254.28566E-09  
                346.E-06               255.52512E-09  
                348.E-06               257.54239E-09  
                350.E-06               260.2608E-09   
                352.E-06               263.51468E-09  
                354.E-06               267.06329E-09  
                356.E-06               270.61185E-09  
                357.99997E-06          273.83707E-09  
                360.E-06               276.4158E-09   
                362.E-06               278.05417E-09  
                364.E-06               278.51566E-09  
                366.E-06               277.64606E-09  
                368.E-06               275.39319E-09  
                370.E-06               271.81943E-09  
                372.E-06               267.10376E-09  
                373.99997E-06          261.53345E-09  
                376.00003E-06          255.48322E-09  
                378.E-06               249.38379E-09  
                380.00003E-06          243.68202E-09  
                382.E-06               238.79654E-09  
                384.E-06               235.07376E-09  
                386.E-06               232.74948E-09  
                387.99997E-06          231.92001E-09  
                390.00003E-06          232.52667E-09  
                392.E-06               234.35468E-09  
                394.E-06               237.04665E-09  
                396.E-06               240.12866E-09  
                398.E-06               243.04707E-09  
                399.99997E-06          245.21161E-09  
                402.E-06               246.04239E-09  
                403.99997E-06          245.01649E-09  
                406.00003E-06          241.71152E-09  
                408.E-06               235.842E-09    
                410.E-06               227.2858E-09   
                412.E-06               216.09795E-09  
                414.E-06               202.50885E-09  
                416.E-06               186.90628E-09  
                418.E-06               169.80132E-09  
                420.E-06               151.78064E-09  
                422.00003E-06          133.44955E-09  
                424.E-06               115.37193E-09  
                426.E-06                98.013725E-09 
                428.E-06                81.697617E-09 
                429.99997E-06           66.573784E-09 
                432.E-06                52.610992E-09 
                434.E-06                39.608315E-09 
                436.E-06                27.225779E-09 
                438.E-06                15.029272E-09 
                440.E-06                 2.5437715E-09
                442.E-06               -10.691636E-09 
                444.E-06               -25.073135E-09 
                445.99997E-06          -40.8904E-09   
                448.E-06               -58.296906E-09 
                450.E-06               -77.29348E-09  
                452.00003E-06          -97.724937E-09 
                454.E-06              -119.28874E-09  
                456.E-06              -141.55414E-09  
                458.E-06              -163.99002E-09  
                460.E-06              -186.00003E-09  
                461.99997E-06         -206.9632E-09   
                464.00003E-06         -226.27773E-09  
                466.E-06              -243.40575E-09  
                468.00003E-06         -257.91595E-09  
                470.E-06              -269.51984E-09  
                471.99997E-06         -278.09872E-09  
                474.E-06              -283.71722E-09  
                475.99997E-06         -286.62054E-09  
                478.E-06              -287.21585E-09  
                480.E-06              -286.03671E-09  
                482.E-06              -283.6947E-09   
                484.E-06              -280.82217E-09  
                486.E-06              -278.01242E-09  
                487.99997E-06         -275.7634E-09   
                490.E-06              -274.43201E-09  
                492.E-06              -274.20413E-09  
                494.E-06              -275.08423E-09  
                496.E-06              -276.90576E-09  
                498.E-06              -279.36182E-09  
                500.E-06              -282.05069E-09  




