
                    X                   _temp_4       

                  0.                     0.           
                  2.E-06                 0.           
                  4.E-06                 0.           
                  6.E-06                 0.           
                  8.E-06                 0.           
                 10.E-06                 0.           
                 12.E-06                 0.           
                 14.E-06                23.459976E-12 
                 16.E-06               153.98131E-12  
                 18.000002E-06         504.85403E-12  
                 20.E-06                 1.1690285E-09
                 22.E-06                 2.1725476E-09
                 24.E-06                 3.4488626E-09
                 26.E-06                 4.8445101E-09
                 28.E-06                 6.1558776E-09
                 30.E-06                 7.185873E-09 
                 32.E-06                 7.802021E-09 
                 34.E-06                 7.9763317E-09
                 36.000004E-06           7.7928905E-09
                 38.E-06                 7.4195657E-09
                 40.E-06                 7.0522957E-09
                 42.E-06                 6.849823E-09 
                 44.E-06                 6.8805046E-09
                 46.E-06                 7.0993495E-09
                 48.E-06                 7.3638058E-09
                 49.999996E-06           7.484118E-09 
                 52.E-06                 7.2923994E-09
                 54.E-06                 6.7078314E-09
                 56.E-06                 5.7759972E-09
                 58.000004E-06           4.6681328E-09
                 60.E-06                 3.6387868E-09
                 62.E-06                 2.9538374E-09
                 64.E-06                 2.810771E-09 
                 66.E-06                 3.2761753E-09
                 68.E-06                 4.2605724E-09
                 70.E-06                 5.5393057E-09
                 72.000008E-06           6.8139062E-09
                 74.E-06                 7.7956262E-09
                 76.E-06                 8.2857952E-09
                 77.999992E-06           8.2237635E-09
                 80.E-06                 7.651773E-09 
                 82.E-06                 6.6776118E-09
                 84.E-06                 5.4492068E-09
                 86.E-06                 4.1238565E-09
                 88.E-06                 2.8390696E-09
                 90.E-06                 1.6911415E-09
                 92.E-06               725.42841E-12  
                 94.000008E-06         -60.613373E-12 
                 96.E-06              -703.53827E-12  
                 98.E-06                -1.2534251E-09
                 99.999992E-06          -1.752299E-09 
                102.E-06                -2.2169049E-09
                104.E-06                -2.6299939E-09
                106.E-06                -2.9421141E-09
                108.E-06                -3.0833805E-09
                110.E-06                -2.9823589E-09
                112.E-06                -2.5875626E-09
                114.E-06                -1.8864135E-09
                116.00001E-06         -917.03046E-12  
                117.99999E-06          230.30582E-12  
                120.E-06                 1.4229784E-09
                121.99999E-06            2.5056927E-09
                124.E-06                 3.3263659E-09
                126.E-06                 3.7632003E-09
                128.E-06                 3.7474854E-09
                130.E-06                 3.2773867E-09
                132.E-06                 2.4197156E-09
                134.E-06                 1.29908E-09  
                136.E-06                76.391342E-12 
                138.E-06                -1.0790591E-09
                140.E-06                -2.0184093E-09
                142.E-06                -2.6371787E-09
                144.00002E-06           -2.8896956E-09
                146.00002E-06           -2.791425E-09 
                148.E-06                -2.4092796E-09
                149.99998E-06           -1.8426296E-09
                152.E-06                -1.1997012E-09
                154.E-06              -574.91443E-12  
                155.99998E-06          -32.251923E-12 
                158.E-06               401.91916E-12  
                160.E-06               735.61322E-12  
                162.E-06               999.26123E-12  
                164.E-06                 1.2288499E-09
                166.E-06                 1.4491278E-09
                168.E-06                 1.6616621E-09
                170.E-06                 1.8411055E-09
                172.E-06                 1.9407467E-09
                174.E-06                 1.9058721E-09
                176.E-06                 1.6913296E-09
                178.E-06                 1.2785155E-09
                180.E-06               687.09436E-12  
                182.E-06               -21.928652E-12 
                184.E-06              -752.99438E-12  
                186.E-06                -1.3913836E-09
                188.00002E-06           -1.823859E-09 
                190.00002E-06           -1.9599539E-09
                192.E-06                -1.7492299E-09
                193.99998E-06           -1.1908673E-09
                196.E-06              -333.80551E-12  
                198.E-06               732.16791E-12  
                199.99998E-06            1.8920732E-09
                201.99998E-06            3.0245802E-09
                204.E-06                 4.0201745E-09
                206.E-06                 4.7953668E-09
                208.E-06                 5.3009081E-09
                210.E-06                 5.523489E-09 
                212.E-06                 5.4817648E-09
                214.E-06                 5.2184958E-09
                216.E-06                 4.7909141E-09
                218.E-06                 4.2612562E-09
                220.E-06                 3.6887856E-09
                222.E-06                 3.1240013E-09
                224.E-06                 2.605073E-09 
                226.00002E-06            2.1562467E-09
                228.E-06                 1.7878287E-09
                230.E-06                 1.4974438E-09
                232.00002E-06            1.2723564E-09
                234.00002E-06            1.0926756E-09
                235.99998E-06          935.16534E-12  
                237.99998E-06          777.17938E-12  
                240.E-06               600.07312E-12  
                242.E-06               391.39362E-12  
                243.99998E-06          145.34729E-12  
                246.E-06              -138.54843E-12  
                248.E-06              -458.17172E-12  
                250.E-06              -811.90619E-12  
                252.E-06                -1.2009336E-09
                254.00002E-06           -1.6296041E-09
                256.E-06                -2.1032951E-09
                258.E-06                -2.6239786E-09
                260.E-06                -3.1845989E-09
                262.E-06                -3.7640104E-09
                264.E-06                -4.3244343E-09
                266.E-06                -4.8129888E-09
                268.E-06                -5.1679125E-09
                269.99997E-06           -5.3288426E-09
                272.E-06                -5.2492542E-09
                274.E-06                -4.908319E-09 
                276.E-06                -4.3192148E-09
                278.E-06                -3.5315247E-09
                280.E-06                -2.6265802E-09
                282.E-06                -1.70623E-09  
                284.E-06              -877.07251E-12  
                285.99997E-06         -233.30731E-12  
                288.00003E-06          158.29184E-12  
                290.E-06               268.27121E-12  
                292.00003E-06          107.45741E-12  
                294.E-06              -277.21686E-12  
                296.E-06              -812.65265E-12  
                298.E-06                -1.4127779E-09
                299.99997E-06           -1.9920343E-09
                302.E-06                -2.476506E-09 
                304.E-06                -2.8109679E-09
                306.E-06                -2.9613576E-09
                308.E-06                -2.9133732E-09
                310.E-06                -2.6687043E-09
                311.99997E-06           -2.2406657E-09
                314.E-06                -1.6507214E-09
                316.E-06              -926.67218E-12  
                318.00003E-06         -102.46337E-12  
                320.E-06               781.12988E-12  
                322.E-06                 1.6760291E-09
                324.E-06                 2.5276058E-09
                326.E-06                 3.2772489E-09
                328.E-06                 3.8667212E-09
                330.E-06                 4.2437019E-09
                332.E-06                 4.3675485E-09
                334.00003E-06            4.2142477E-09
                336.E-06                 3.7797663E-09
                338.E-06                 3.0814095E-09
                340.E-06                 2.157208E-09 
                341.99997E-06            1.0636564E-09
                344.E-06              -127.80015E-12  
                346.E-06                -1.3352261E-09
                348.E-06                -2.4714744E-09
                350.E-06                -3.4502928E-09
                352.E-06                -4.193224E-09 
                354.E-06                -4.6370354E-09
                356.E-06                -4.741015E-09 
                357.99997E-06           -4.4930835E-09
                360.E-06                -3.913451E-09 
                362.E-06                -3.0546331E-09
                364.E-06                -1.997124E-09 
                366.E-06              -840.82495E-12  
                368.E-06               306.74527E-12  
                370.E-06                 1.3436037E-09
                372.E-06                 2.1855087E-09
                373.99997E-06            2.7749751E-09
                376.00003E-06            3.0854855E-09
                378.E-06                 3.1203268E-09
                380.00003E-06            2.9066947E-09
                382.E-06                 2.4867628E-09
                384.E-06                 1.9080247E-09
                386.E-06                 1.2152184E-09
                387.99997E-06          445.56281E-12  
                390.00003E-06         -372.01639E-12  
                392.E-06                -1.2141403E-09
                394.E-06                -2.0581784E-09
                396.E-06                -2.8773825E-09
                398.E-06                -3.6378839E-09
                399.99997E-06           -4.2988586E-09
                402.E-06                -4.8161979E-09
                403.99997E-06           -5.1489544E-09
                406.00003E-06           -5.2670131E-09
                408.E-06                -5.1580348E-09
                410.E-06                -4.8318591E-09
                412.E-06                -4.3211875E-09
                414.E-06                -3.6782169E-09
                416.E-06                -2.9678681E-09
                418.E-06                -2.2589355E-09
                420.E-06                -1.6148756E-09
                422.00003E-06           -1.0858759E-09
                424.E-06              -703.45978E-12  
                426.E-06              -478.26477E-12  
                428.E-06              -400.99979E-12  
                429.99997E-06         -446.04697E-12  
                432.E-06              -576.83838E-12  
                434.E-06              -752.00787E-12  
                436.E-06              -931.35608E-12  
                438.E-06                -1.0808148E-09
                440.E-06                -1.1757971E-09
                442.E-06                -1.2025461E-09
                444.E-06                -1.1573644E-09
                445.99997E-06           -1.0438986E-09
                448.E-06              -869.01709E-12  
                450.E-06              -638.1463E-12   
                452.00003E-06         -351.19714E-12  
                454.E-06              -270.46417E-15  
                456.E-06               429.8916E-12   
                458.E-06               958.27258E-12  
                460.E-06                 1.6011142E-09
                461.99997E-06            2.3638151E-09
                464.00003E-06            3.2331069E-09
                466.E-06                 4.1717339E-09
                468.00003E-06            5.1176176E-09
                470.E-06                 5.9886551E-09
                471.99997E-06            6.6930413E-09
                474.E-06                 7.1435399E-09
                475.99997E-06            7.2729564E-09
                478.E-06                 7.0474315E-09
                480.E-06                 6.4743614E-09
                482.E-06                 5.6028223E-09
                484.E-06                 4.516036E-09 
                486.E-06                 3.3173368E-09
                487.99997E-06            2.1127105E-09
                490.E-06               993.91638E-12  
                492.E-06                26.040363E-12 
                494.E-06              -757.76764E-12  
                496.E-06                -1.3535322E-09
                498.E-06                -1.7769698E-09
                500.E-06                -2.0504045E-09




