
                    X                   _temp_2       

                  0.                     0.           
                  2.E-06                 0.           
                  4.E-06                 0.           
                  6.E-06                 0.           
                  8.E-06                 0.           
                 10.E-06                 0.           
                 12.E-06                -1.211745E-03 
                 14.E-06                -2.7012777E-03
                 16.E-06                -3.915458E-03 
                 18.000002E-06          -4.76757E-03  
                 20.E-06                -5.2439256E-03
                 22.E-06                -5.3986044E-03
                 24.E-06                -5.3310399E-03
                 26.E-06                -5.1537061E-03
                 28.E-06                -4.9598484E-03
                 30.E-06                -4.8007631E-03
                 32.E-06                -4.6788435E-03
                 34.E-06                -4.5574951E-03
                 36.000004E-06          -4.3837276E-03
                 38.E-06                -4.1154027E-03
                 40.E-06                -3.7438805E-03
                 42.E-06                -3.3045576E-03
                 44.E-06                -2.8718257E-03
                 46.E-06                -2.5400605E-03
                 48.E-06                -2.3966975E-03
                 49.999996E-06          -2.4958987E-03
                 52.E-06                -2.841047E-03 
                 54.E-06                -3.3814337E-03
                 56.E-06                -4.0240388E-03
                 58.000004E-06          -4.6566648E-03
                 60.E-06                -5.1753316E-03
                 62.E-06                -5.5078368E-03
                 64.E-06                -5.6269097E-03
                 66.E-06                -5.5499392E-03
                 68.E-06                -5.3265567E-03
                 70.E-06                -5.0190797E-03
                 72.000008E-06          -4.6827168E-03
                 74.E-06                -4.3519759E-03
                 76.E-06                -3.6295564E-03
                 77.999992E-06          -1.7484637E-03
                 80.E-06               -73.953621E-06 
                 82.E-06                 1.2747768E-03
                 84.E-06                 2.2262654E-03
                 86.E-06                 2.7608426E-03
                 88.E-06                 2.9055302E-03
                 90.E-06                 2.7219348E-03
                 92.E-06                 2.290561E-03 
                 94.000008E-06           1.6953564E-03
                 96.E-06                 1.0117488E-03
                 98.E-06               300.14664E-06  
                 99.999992E-06        -394.75095E-06  
                102.E-06                -1.0400476E-03
                104.E-06                -1.6084439E-03
                106.E-06                -2.0724099E-03
                108.E-06                -2.4010355E-03
                110.E-06                -2.5608788E-03
                112.E-06                -2.5208328E-03
                114.E-06                -2.2597859E-03
                116.00001E-06           -1.7749585E-03
                117.99999E-06           -1.0884875E-03
                120.E-06              -250.17642E-06  
                121.99999E-06          664.83673E-06  
                124.E-06                 1.5635663E-03
                126.E-06                 2.3467283E-03
                128.E-06                 2.9223499E-03
                130.E-06                 3.2189958E-03
                132.E-06                 3.1962423E-03
                134.E-06                 2.8506141E-03
                136.E-06                 2.2160923E-03
                138.E-06                 1.3593123E-03
                140.E-06               370.4845E-06   
                142.E-06              -648.30029E-06  
                144.00002E-06           -1.5954604E-03
                146.00002E-06           -2.3811982E-03
                148.E-06                -2.9362667E-03
                149.99998E-06           -3.2174225E-03
                152.E-06                -3.2093797E-03
                154.E-06                -2.9236171E-03
                155.99998E-06           -2.3947403E-03
                158.E-06                -1.6752746E-03
                160.E-06              -829.73279E-06  
                162.E-06                71.350151E-06 
                164.E-06               956.93762E-06  
                166.E-06                 1.7603086E-03
                168.E-06                 2.423085E-03 
                170.E-06                 2.8984804E-03
                172.E-06                 3.1538219E-03
                174.E-06                 3.1723664E-03
                176.E-06                 2.9543948E-03
                178.E-06                 2.5175095E-03
                180.E-06                 1.8960333E-03
                182.E-06                 1.1394051E-03
                184.E-06               309.50641E-06  
                186.E-06              -523.08099E-06  
                188.00002E-06           -1.2837816E-03
                190.00002E-06           -1.8994768E-03
                192.E-06                -2.3043549E-03
                193.99998E-06           -2.4457037E-03
                196.E-06                -2.2891045E-03
                198.E-06                -1.8224512E-03
                199.99998E-06           -1.0582594E-03
                201.99998E-06          -33.827118E-06 
                204.E-06                 1.1909872E-03
                206.E-06                 2.5383599E-03
                208.E-06                 3.9191647E-03
                210.E-06                 5.2411094E-03
                212.E-06                 6.4175172E-03
                214.E-06                 7.3757801E-03
                216.E-06                 8.0644875E-03
                218.E-06                 8.4583635E-03
                220.E-06                 8.5604143E-03
                222.E-06                 8.4009991E-03
                224.E-06                 8.0339975E-03
                226.00002E-06            7.5305762E-03
                228.E-06                 6.9713602E-03
                230.E-06                 6.4380178E-03
                232.00002E-06            6.0052238E-03
                234.00002E-06            5.7338843E-03
                235.99998E-06            5.6662164E-03
                237.99998E-06            5.8229866E-03
                240.E-06                 6.2028804E-03
                242.E-06                 6.7837296E-03
                243.99998E-06            7.5251775E-03
                246.E-06                 8.3722973E-03
                248.E-06                 9.2597599E-03
                250.E-06                10.116249E-03 
                252.E-06                10.869008E-03 
                254.00002E-06           11.448407E-03 
                256.E-06                11.792561E-03 
                258.E-06                11.851885E-03 
                260.E-06                11.593411E-03 
                262.E-06                11.004505E-03 
                264.E-06                10.095509E-03 
                266.E-06                 8.9008217E-03
                268.E-06                 7.4779501E-03
                269.99997E-06            5.9042768E-03
                272.E-06                 4.2715864E-03
                274.E-06                 2.6787112E-03
                276.E-06                 1.2229742E-03
                278.E-06                -8.6408682E-06
                280.E-06              -947.57642E-06  
                282.E-06                -1.5500872E-03
                284.E-06                -1.8011678E-03
                285.99997E-06           -1.7155931E-03
                288.00003E-06           -1.336014E-03 
                290.E-06              -728.41083E-06  
                292.00003E-06           24.500971E-06 
                294.E-06               831.13312E-06  
                296.E-06                 1.599313E-03 
                298.E-06                 2.2442036E-03
                299.99997E-06            2.6951873E-03
                302.E-06                 2.9012172E-03
                304.E-06                 2.8343318E-03
                306.E-06                 2.4911931E-03
                308.E-06                 1.8926682E-03
                310.E-06                 1.081591E-03 
                311.99997E-06          118.95143E-06  
                314.E-06              -921.16364E-06  
                316.E-06                -1.9574776E-03
                318.00003E-06           -2.9078445E-03
                320.E-06                -3.6955228E-03
                322.E-06                -4.254972E-03 
                324.E-06                -4.5367951E-03
                326.E-06                -4.5115285E-03
                328.E-06                -4.1720748E-03
                330.E-06                -3.5346608E-03
                332.E-06                -2.6382749E-03
                334.00003E-06           -1.5425664E-03
                336.E-06              -324.25052E-06  
                338.E-06               927.91437E-06  
                340.E-06                 2.1194179E-03
                341.99997E-06            3.1572795E-03
                344.E-06                 3.9578671E-03
                346.E-06                 4.4546156E-03
                348.E-06                 4.6048317E-03
                350.E-06                 4.3947139E-03
                352.E-06                 3.8417552E-03
                354.E-06                 2.993953E-03 
                356.E-06                 1.9256158E-03
                357.99997E-06          730.06903E-06  
                360.E-06              -489.92981E-06  
                362.E-06                -1.6328399E-03
                364.E-06                -2.6085951E-03
                366.E-06                -3.3470647E-03
                368.E-06                -3.8036151E-03
                370.E-06                -3.9612119E-03
                372.E-06                -3.8291392E-03
                373.99997E-06           -3.4389951E-03
                376.00003E-06           -2.8390732E-03
                378.E-06                -2.0883553E-03
                380.00003E-06           -1.2511898E-03
                382.E-06              -393.30783E-06  
                384.E-06               420.72473E-06  
                386.E-06                 1.1290582E-03
                387.99997E-06            1.6739004E-03
                390.00003E-06            2.0034959E-03
                392.E-06                 2.0753276E-03
                394.E-06                 1.8606114E-03
                396.E-06                 1.349516E-03 
                398.E-06               555.97302E-06  
                399.99997E-06         -479.35098E-06  
                402.E-06                -1.6893023E-03
                403.99997E-06           -2.9845936E-03
                406.00003E-06           -4.262361E-03 
                408.E-06                -5.4180636E-03
                410.E-06                -6.3589921E-03
                412.E-06                -7.0171027E-03
                414.E-06                -7.3587794E-03
                416.E-06                -7.3896031E-03
                418.E-06                -7.1530743E-03
                420.E-06                -6.7234249E-03
                422.00003E-06           -6.1938324E-03
                424.E-06                -5.6622577E-03
                426.E-06                -5.2175612E-03
                428.E-06                -4.9284077E-03
                429.99997E-06           -4.8367691E-03
                432.E-06                -4.9567361E-03
                434.E-06                -5.2781568E-03
                436.E-06                -5.7735734E-03
                438.E-06                -6.4063163E-03
                440.E-06                -7.1375375E-03
                442.E-06                -7.9305024E-03
                444.E-06                -8.7513704E-03
                445.99997E-06           -9.5668249E-03
                448.E-06               -10.339934E-03 
                450.E-06               -11.026197E-03 
                452.00003E-06          -11.571841E-03 
                454.E-06               -11.915882E-03 
                456.E-06               -11.996458E-03 
                458.E-06               -11.760719E-03 
                460.E-06               -11.176402E-03 
                461.99997E-06          -10.242501E-03 
                464.00003E-06           -8.9962273E-03
                466.E-06                -7.5140524E-03
                468.00003E-06           -5.9057288E-03
                470.E-06                -4.3016438E-03
                471.99997E-06           -2.8354235E-03
                474.E-06                -1.6247898E-03
                475.99997E-06         -754.28107E-06  
                478.E-06              -263.16306E-06  
                480.E-06              -140.90099E-06  
                482.E-06              -331.03189E-06  
                484.E-06              -742.55011E-06  
                486.E-06                -1.2663823E-03
                487.99997E-06           -1.7935307E-03
                490.E-06                -2.2312419E-03
                492.E-06                -2.5141609E-03
                494.E-06                -2.6087072E-03
                496.E-06                -2.5105598E-03
                498.E-06                -2.236764E-03 
                500.E-06                -1.8151499E-03




