
                    X                   _temp_1       

                  0.                     0.           
                  2.E-06                 0.           
                  4.E-06                 0.           
                  6.E-06                 0.           
                  8.E-06                 0.           
                 10.E-06                 0.           
                 12.E-06                 0.           
                 14.E-06               -23.459976E-12 
                 16.E-06              -153.97791E-12  
                 18.000002E-06        -504.7955E-12   
                 20.E-06                -1.1686085E-09
                 22.E-06                -2.1706541E-09
                 24.E-06                -3.4425476E-09
                 26.E-06                -4.827559E-09 
                 28.E-06                -6.1173859E-09
                 30.E-06                -7.109571E-09 
                 32.E-06                -7.6672068E-09
                 34.E-06                -7.7610946E-09
                 36.000004E-06          -7.4796805E-09
                 38.E-06                -7.0023155E-09
                 40.E-06                -6.5434008E-09
                 42.E-06                -6.2847638E-09
                 44.E-06                -6.3179493E-09
                 46.E-06                -6.6154037E-09
                 48.E-06                -7.0405512E-09
                 49.999996E-06          -7.3943186E-09
                 52.E-06                -7.4836941E-09
                 54.E-06                -7.1904502E-09
                 56.E-06                -6.5175543E-09
                 58.000004E-06          -5.5975127E-09
                 60.E-06                -4.6587577E-09
                 62.E-06                -3.9595816E-09
                 64.E-06                -3.709671E-09 
                 66.E-06                -4.0036554E-09
                 68.E-06                -4.787744E-09 
                 70.E-06                -5.8704944E-09
                 72.000008E-06          -6.9751396E-09
                 74.E-06                -7.8179741E-09
                 76.E-06                -8.1891632E-09
                 77.999992E-06          -8.0067339E-09
                 80.E-06                -7.2913156E-09
                 82.E-06                -6.1393976E-09
                 84.E-06                -4.7058115E-09
                 86.E-06                -3.1754584E-09
                 88.E-06                -1.7300447E-09
                 90.E-06              -516.73279E-12  
                 92.E-06               374.85638E-12  
                 94.000008E-06         922.70905E-12  
                 96.E-06                 1.1678817E-09
                 98.E-06                 1.1969796E-09
                 99.999992E-06           1.1161625E-09
                102.E-06                 1.0230296E-09
                104.E-06               983.06067E-12  
                106.E-06                 1.0160515E-09
                108.E-06                 1.0954512E-09
                110.E-06                 1.1603187E-09
                112.E-06                 1.1365248E-09
                114.E-06               961.58771E-12  
                116.00001E-06          606.67535E-12  
                117.99999E-06           90.052162E-12 
                120.E-06              -521.62134E-12  
                121.99999E-06           -1.1247274E-09
                124.E-06                -1.6003206E-09
                126.E-06                -1.8409019E-09
                128.E-06                -1.7760079E-09
                130.E-06                -1.3905346E-09
                132.E-06              -731.39606E-12  
                134.E-06                99.1772E-12   
                136.E-06               962.3277E-12   
                138.E-06                 1.7091814E-09
                140.E-06                 2.2095957E-09
                142.E-06                 2.3768988E-09
                144.00002E-06            2.1835132E-09
                146.00002E-06            1.6644799E-09
                148.E-06               908.61298E-12  
                149.99998E-06           39.664074E-12 
                152.E-06              -808.14917E-12  
                154.E-06                -1.5149564E-09
                155.99998E-06           -1.9953742E-09
                158.E-06                -2.2102995E-09
                160.E-06                -2.1687095E-09
                162.E-06                -1.9200619E-09
                164.E-06                -1.5398004E-09
                166.E-06                -1.1116891E-09
                168.E-06              -711.01746E-12  
                170.E-06              -392.10388E-12  
                172.E-06              -182.26427E-12  
                174.E-06               -82.755882E-12 
                176.E-06               -75.623405E-12 
                178.E-06              -134.14526E-12  
                180.E-06              -233.97202E-12  
                182.E-06              -362.12982E-12  
                184.E-06              -521.75989E-12  
                186.E-06              -731.58508E-12  
                188.00002E-06           -1.0203664E-09
                190.00002E-06           -1.4177618E-09
                192.E-06                -1.9437897E-09
                193.99998E-06           -2.5993953E-09
                196.E-06                -3.360368E-09 
                198.E-06                -4.1761565E-09
                199.99998E-06           -4.9741144E-09
                201.99998E-06           -5.668602E-09 
                204.E-06                -6.1733842E-09
                206.E-06                -6.4151006E-09
                208.E-06                -6.3453498E-09
                210.E-06                -5.9491634E-09
                212.E-06                -5.248322E-09 
                214.E-06                -4.2988973E-09
                216.E-06                -3.1834671E-09
                218.E-06                -1.9993953E-09
                220.E-06              -845.23566E-12  
                222.E-06               192.40608E-12  
                224.E-06                 1.0494047E-09
                226.00002E-06            1.6904532E-09
                228.E-06                 2.1104608E-09
                230.E-06                 2.3312008E-09
                232.00002E-06            2.3942275E-09
                234.00002E-06            2.3516769E-09
                235.99998E-06            2.2567928E-09
                237.99998E-06            2.1558661E-09
                240.E-06                 2.082834E-09 
                242.E-06                 2.0570846E-09
                243.99998E-06            2.0843349E-09
                246.E-06                 2.1598179E-09
                248.E-06                 2.27264E-09  
                250.E-06                 2.4100642E-09
                252.E-06                 2.5606616E-09
                254.00002E-06            2.7156672E-09
                256.E-06                 2.8684094E-09
                258.E-06                 3.012192E-09 
                260.E-06                 3.1374145E-09
                262.E-06                 3.2289393E-09
                264.E-06                 3.2646785E-09
                266.E-06                 3.2161314E-09
                268.E-06                 3.0512023E-09
                269.99997E-06            2.7390814E-09
                272.E-06                 2.2564979E-09
                274.E-06                 1.5942473E-09
                276.E-06               762.68573E-12  
                278.E-06              -205.06876E-12  
                280.E-06                -1.2531927E-09
                282.E-06                -2.3069279E-09
                284.E-06                -3.2798591E-09
                285.99997E-06           -4.0838232E-09
                288.00003E-06           -4.6400104E-09
                290.E-06                -4.8894682E-09
                292.00003E-06           -4.8012533E-09
                294.E-06                -4.3767691E-09
                296.E-06                -3.6495006E-09
                298.E-06                -2.680191E-09 
                299.99997E-06           -1.5483395E-09
                302.E-06              -341.59821E-12  
                304.E-06               854.98822E-12  
                306.E-06                 1.9680198E-09
                308.E-06                 2.9416211E-09
                310.E-06                 3.7395074E-09
                311.99997E-06            4.3434844E-09
                314.E-06                 4.7494197E-09
                316.E-06                 4.9622545E-09
                318.00003E-06            4.991694E-09 
                320.E-06                 4.8498559E-09
                322.E-06                 4.5514436E-09
                324.E-06                 4.1161103E-09
                326.E-06                 3.5718982E-09
                328.E-06                 2.9581466E-09
                330.E-06                 2.3262353E-09
                332.E-06                 1.7370023E-09
                334.00003E-06            1.2545506E-09
                336.E-06               937.16724E-12  
                338.E-06               827.03784E-12  
                340.E-06               940.97839E-12  
                341.99997E-06            1.2644565E-09
                344.E-06                 1.750614E-09 
                346.E-06                 2.324995E-09 
                348.E-06                 2.8954396E-09
                350.E-06                 3.3654387E-09
                352.E-06                 3.6484373E-09
                354.E-06                 3.680351E-09 
                356.E-06                 3.427949E-09 
                357.99997E-06            2.8916979E-09
                360.E-06                 2.1029031E-09
                362.E-06                 1.1162226E-09
                364.E-06              -429.1012E-15   
                366.E-06                -1.1761562E-09
                368.E-06                -2.3452981E-09
                370.E-06                -3.4520876E-09
                372.E-06                -4.4513402E-09
                373.99997E-06           -5.3058515E-09
                376.00003E-06           -5.9821296E-09
                378.E-06                -6.4464269E-09
                380.00003E-06           -6.6629672E-09
                382.E-06                -6.5955324E-09
                384.E-06                -6.2125764E-09
                386.E-06                -5.4949522E-09
                387.99997E-06           -4.4444151E-09
                390.00003E-06           -3.0906279E-09
                392.E-06                -1.4945065E-09
                394.E-06               253.61565E-12  
                396.E-06                 2.0414329E-09
                398.E-06                 3.7469184E-09
                399.99997E-06            5.2534499E-09
                402.E-06                 6.4651289E-09
                403.99997E-06            7.3194108E-09
                406.00003E-06            7.7945924E-09
                408.E-06                 7.9106493E-09
                410.E-06                 7.7232089E-09
                412.E-06                 7.3118382E-09
                414.E-06                 6.7649298E-09
                416.E-06                 6.1641998E-09
                418.E-06                 5.5718064E-09
                420.E-06                 5.0225773E-09
                422.00003E-06            4.5226464E-09
                424.E-06                 4.054451E-09 
                426.E-06                 3.5866158E-09
                428.E-06                 3.0861835E-09
                429.99997E-06            2.530153E-09 
                432.E-06                 1.9135004E-09
                434.E-06                 1.2517051E-09
                436.E-06               577.19275E-12  
                438.E-06               -69.382469E-12 
                440.E-06              -650.7243E-12   
                442.E-06                -1.1442431E-09
                444.E-06                -1.5499752E-09
                445.99997E-06           -1.8926126E-09
                448.E-06                -2.2165878E-09
                450.E-06                -2.5748937E-09
                452.00003E-06           -3.0140195E-09
                454.E-06                -3.5585704E-09
                456.E-06                -4.1995087E-09
                458.E-06                -4.8893733E-09
                460.E-06                -5.5463533E-09
                461.99997E-06           -6.06709E-09  
                464.00003E-06           -6.3459349E-09
                466.E-06                -6.2967372E-09
                468.00003E-06           -5.872385E-09 
                470.E-06                -5.0776086E-09
                471.99997E-06           -3.9719026E-09
                474.E-06                -2.6615787E-09
                475.99997E-06           -1.2823926E-09
                478.E-06                23.655022E-12 
                480.E-06                 1.1323968E-09
                482.E-06                 1.9573039E-09
                484.E-06                 2.4608808E-09
                486.E-06                 2.6554844E-09
                487.99997E-06            2.5938725E-09
                490.E-06                 2.3521569E-09
                492.E-06                 2.0095303E-09
                494.E-06                 1.6297399E-09
                496.E-06                 1.2486719E-09
                498.E-06               870.75769E-12  
                500.E-06               474.61099E-12  




