
                    X                   _temp_2       

                  0.                     0.           
                  2.E-06                 0.           
                  4.E-06                 0.           
                  6.E-06                 0.           
                  8.E-06                 0.           
                 10.E-06                 0.           
                 12.E-06                 2.3967271E-06
                 14.E-06                31.801723E-06 
                 16.E-06               113.2823E-06   
                 18.000002E-06         249.50682E-06  
                 20.E-06               417.67624E-06  
                 22.E-06               575.77997E-06  
                 24.E-06               676.22388E-06  
                 26.E-06               682.28253E-06  
                 28.E-06               581.75024E-06  
                 30.E-06               392.97629E-06  
                 32.E-06               160.92746E-06  
                 34.E-06               -55.766159E-06 
                 36.000004E-06        -202.7742E-06   
                 38.E-06              -247.24016E-06  
                 40.E-06              -188.476E-06    
                 42.E-06               -58.482124E-06 
                 44.E-06                88.14254E-06  
                 46.E-06               191.86125E-06  
                 48.E-06               207.84413E-06  
                 49.999996E-06         121.2369E-06   
                 52.E-06               -47.018597E-06 
                 54.E-06              -245.924E-06    
                 56.E-06              -410.13644E-06  
                 58.000004E-06        -480.81436E-06  
                 60.E-06              -425.0159E-06   
                 62.E-06              -247.40858E-06  
                 64.E-06                 9.5987492E-06
                 66.E-06               277.5751E-06   
                 68.E-06               482.15836E-06  
                 70.E-06               565.35938E-06  
                 72.000008E-06         503.16626E-06  
                 74.E-06               312.96176E-06  
                 76.E-06                48.424088E-06 
                 77.999992E-06        -228.24828E-06  
                 80.E-06              -474.96817E-06  
                 82.E-06              -657.36963E-06  
                 84.E-06              -752.83685E-06  
                 86.E-06              -754.55151E-06  
                 88.E-06              -672.28271E-06  
                 90.E-06              -529.74628E-06  
                 92.E-06              -359.12823E-06  
                 94.000008E-06        -193.99799E-06  
                 96.E-06               -62.209919E-06 
                 98.E-06                19.615681E-06 
                 99.999992E-06          48.812031E-06 
                102.E-06                36.027073E-06 
                104.E-06                 1.4624648E-06
                106.E-06               -31.03768E-06  
                108.E-06               -40.573006E-06 
                110.E-06               -14.827638E-06 
                112.E-06                46.609409E-06 
                114.E-06               132.04034E-06  
                116.00001E-06          220.59973E-06  
                117.99999E-06          287.59894E-06  
                120.E-06               310.94824E-06  
                121.99999E-06          277.07397E-06  
                124.E-06               184.8757E-06   
                126.E-06                46.74995E-06  
                128.E-06              -113.58578E-06  
                130.E-06              -265.96957E-06  
                132.E-06              -380.24014E-06  
                134.E-06              -432.7623E-06   
                136.E-06              -411.54825E-06  
                138.E-06              -318.83929E-06  
                140.E-06              -170.61586E-06  
                142.E-06                 6.7876863E-06
                144.00002E-06          182.14612E-06  
                146.00002E-06          325.63403E-06  
                148.E-06               414.56744E-06  
                149.99998E-06          437.40524E-06  
                152.E-06               395.26306E-06  
                154.E-06               300.77731E-06  
                155.99998E-06          174.73904E-06  
                158.E-06                41.369991E-06 
                160.E-06               -76.661041E-06 
                162.E-06              -162.41414E-06  
                164.E-06              -207.24251E-06  
                166.E-06              -211.358E-06    
                168.E-06              -182.47649E-06  
                170.E-06              -133.03117E-06  
                172.E-06               -76.707207E-06 
                174.E-06               -25.130287E-06 
                176.E-06                14.567611E-06 
                178.E-06                40.837952E-06 
                180.E-06                57.328899E-06 
                182.E-06                71.225845E-06 
                184.E-06                90.789162E-06 
                186.E-06               122.70464E-06  
                188.00002E-06          169.86856E-06  
                190.00002E-06          230.1048E-06   
                192.E-06               296.09012E-06  
                193.99998E-06          356.49872E-06  
                196.E-06               398.12094E-06  
                198.E-06               408.51379E-06  
                199.99998E-06          378.64014E-06  
                201.99998E-06          304.9606E-06   
                204.E-06               190.55513E-06  
                206.E-06                45.04356E-06  
                208.E-06              -116.69215E-06  
                210.E-06              -276.75241E-06  
                212.E-06              -417.01825E-06  
                214.E-06              -521.99097E-06  
                216.E-06              -581.16034E-06  
                218.E-06              -590.48767E-06  
                220.E-06              -552.76251E-06  
                222.E-06              -476.8136E-06   
                224.E-06              -375.76132E-06  
                226.00002E-06         -264.67828E-06  
                228.E-06              -158.10823E-06  
                230.E-06               -67.89994E-06  
                232.00002E-06           -1.7195671E-06
                234.00002E-06           37.550339E-06 
                235.99998E-06           51.504902E-06 
                237.99998E-06           45.162579E-06 
                240.E-06                25.453794E-06 
                242.E-06              -392.5752E-09   
                243.99998E-06          -26.22604E-06  
                246.E-06               -47.860271E-06 
                248.E-06               -63.344181E-06 
                250.E-06               -72.640823E-06 
                252.E-06               -76.865845E-06 
                254.00002E-06          -77.323128E-06 
                256.E-06               -74.60553E-06  
                258.E-06               -67.998329E-06 
                260.E-06               -55.343906E-06 
                262.E-06               -33.416386E-06 
                264.E-06                 1.2622913E-06
                266.E-06                51.335705E-06 
                268.E-06               117.49473E-06  
                269.99997E-06          197.58783E-06  
                272.E-06               286.19101E-06  
                274.E-06               374.79187E-06  
                276.E-06               452.63113E-06  
                278.E-06               508.11707E-06  
                280.E-06               530.60577E-06  
                282.E-06               512.25E-06     
                284.E-06               449.57382E-06  
                285.99997E-06          344.45709E-06  
                288.00003E-06          204.29694E-06  
                290.E-06                41.259491E-06 
                292.00003E-06         -129.29536E-06  
                294.E-06              -290.96359E-06  
                296.E-06              -428.6431E-06   
                298.E-06              -530.64368E-06  
                299.99997E-06         -590.16516E-06  
                302.E-06              -605.87329E-06  
                304.E-06              -581.49146E-06  
                306.E-06              -524.53967E-06  
                308.E-06              -444.5383E-06   
                310.E-06              -351.10629E-06  
                311.99997E-06         -252.3941E-06   
                314.E-06              -154.19305E-06  
                316.E-06               -59.872864E-06 
                318.00003E-06           28.921909E-06 
                320.E-06               111.09944E-06  
                322.E-06               184.88652E-06  
                324.E-06               246.96825E-06  
                326.E-06               292.33578E-06  
                328.E-06               314.9754E-06   
                330.E-06               309.28381E-06  
                332.E-06               271.86499E-06  
                334.00003E-06          203.21944E-06  
                336.E-06               108.81675E-06  
                338.E-06              -837.34808E-09  
                340.E-06              -111.29487E-06  
                341.99997E-06         -206.2887E-06   
                344.E-06              -270.48325E-06  
                346.E-06              -292.27145E-06  
                348.E-06              -265.99557E-06  
                350.E-06              -193.08415E-06  
                352.E-06               -81.836868E-06 
                354.E-06                54.099751E-06 
                356.E-06               198.22127E-06  
                357.99997E-06          334.05731E-06  
                360.E-06               447.8255E-06   
                362.E-06               530.28516E-06  
                364.E-06               577.44128E-06  
                366.E-06               590.04388E-06  
                368.E-06               572.12469E-06  
                370.E-06               529.04144E-06  
                372.E-06               465.59818E-06  
                373.99997E-06          384.76218E-06  
                376.00003E-06          287.31415E-06  
                378.E-06               172.50024E-06  
                380.00003E-06           39.47332E-06  
                382.E-06              -110.91296E-06  
                384.E-06              -274.50473E-06  
                386.E-06              -442.95691E-06  
                387.99997E-06         -603.90063E-06  
                390.00003E-06         -742.25861E-06  
                392.E-06              -842.51233E-06  
                394.E-06              -891.47394E-06  
                396.E-06              -880.96863E-06  
                398.E-06              -809.81567E-06  
                399.99997E-06         -684.62616E-06  
                402.E-06              -519.17279E-06  
                403.99997E-06         -332.38718E-06  
                406.00003E-06         -145.33728E-06  
                408.E-06                22.236185E-06 
                410.E-06               155.14026E-06  
                412.E-06               245.06053E-06  
                414.E-06               291.53308E-06  
                416.E-06               301.36807E-06  
                418.E-06               286.66309E-06  
                420.E-06               261.84137E-06  
                422.00003E-06          240.36629E-06  
                424.E-06               231.8508E-06   
                426.E-06               240.19772E-06  
                428.E-06               263.17493E-06  
                429.99997E-06          293.50388E-06  
                432.E-06               321.18515E-06  
                434.E-06               336.48672E-06  
                436.E-06               332.85065E-06  
                438.E-06               308.97128E-06  
                440.E-06               269.48352E-06  
                442.E-06               224.02438E-06  
                444.E-06               184.83498E-06  
                445.99997E-06          163.44846E-06  
                448.E-06               167.27467E-06  
                450.E-06               196.96916E-06  
                452.00003E-06          245.33037E-06  
                454.E-06               298.13278E-06  
                456.E-06               336.84351E-06  
                458.E-06               342.69467E-06  
                460.E-06               301.21365E-06  
                461.99997E-06          206.14418E-06  
                464.00003E-06           61.776413E-06 
                466.E-06              -116.96465E-06  
                468.00003E-06         -306.8183E-06   
                470.E-06              -480.4563E-06   
                471.99997E-06         -611.82019E-06  
                474.E-06              -681.34662E-06  
                475.99997E-06         -679.89447E-06  
                478.E-06              -610.47198E-06  
                480.E-06              -487.36124E-06  
                482.E-06              -332.85141E-06  
                484.E-06              -172.34518E-06  
                486.E-06               -28.989168E-06 
                487.99997E-06           80.925461E-06 
                490.E-06               150.74364E-06  
                492.E-06               183.81641E-06  
                494.E-06               191.46138E-06  
                496.E-06               189.1002E-06   
                498.E-06               191.59348E-06  
                500.E-06               208.96762E-06  




