
                    X                   _temp_1       

                  0.                     0.           
                 49.999996E-06           0.           
                 99.999992E-06           0.           
                150.E-06                 0.           
                199.99998E-06            0.           
                250.E-06                 0.           
                300.E-06                 0.           
                350.E-06                 0.           
                399.99997E-06           -0.           
                450.E-06                -0.           
                500.E-06                -0.           
                550.E-06              -199.82079E-36  
                600.E-06                -9.5141315E-30
                650.E-06                -1.968992E-27 
                700.E-06                 7.0824552E-09
                750.E-06                53.277935E-09 
                799.99994E-06          331.47168E-09  
                850.E-06                 1.8290602E-06
                900.E-06                 8.9149609E-06
                950.E-06                38.833168E-06 
                  1.E-03               152.77576E-06  
                  1.05E-03             547.43939E-06  
                  1.1E-03                1.7995808E-03
                  1.15E-03               5.4605451E-03
                  1.2E-03               15.375447E-03 
                  1.25E-03              40.357426E-03 
                  1.3E-03               99.136185E-03 
                  1.35E-03             228.68507E-03  
                  1.4E-03              496.86221E-03  
                  1.4499999E-03          1.0194546    
                  1.5E-03                1.9799495    
                  1.5500001E-03          3.6477959    
                  1.5999999E-03          6.388381     
                  1.65E-03              10.657117     
                  1.7E-03               16.973167     
                  1.75E-03              25.877293     
                  1.8E-03               37.892723     
                  1.85E-03              53.523979     
                  1.9E-03               73.337524     
                  1.9499999E-03         98.159256     
                  2.E-03               129.38867      
                  2.05E-03             169.36923      
                  2.0999999E-03        221.68576      
                  2.1500001E-03        291.21606      
                  2.2E-03              383.78503      
                  2.25E-03             505.38309      
                  2.3E-03              661.10883      
                  2.3499999E-03        854.21851      
                  2.4000001E-03          1.0858082E+03
                  2.45E-03               1.3555982E+03
                  2.5E-03                1.6639796E+03
                  2.5500002E-03          2.0149355E+03
                  2.5999999E-03          2.4188833E+03
                  2.6499999E-03          2.8941219E+03
                  2.7E-03                3.4657187E+03
                  2.75E-03               4.1614246E+03
                  2.8E-03                5.0053968E+03
                  2.8500001E-03          6.011754E+03 
                  2.8999999E-03          7.1806455E+03
                  2.95E-03               8.4991722E+03
                  3.E-03                 9.9479551E+03
                  3.05E-03              11.511925E+03 
                  3.1000001E-03         13.191747E+03 
                  3.1500001E-03         15.011325E+03 
                  3.1999998E-03         17.017628E+03 
                  3.25E-03              19.27165E+03  
                  3.3E-03               21.832813E+03 
                  3.3499999E-03         24.741947E+03 
                  3.4000001E-03         28.009207E+03 
                  3.45E-03              31.611732E+03 
                  3.5E-03               35.50246E+03  
                  3.55E-03              39.627308E+03 
                  3.5999999E-03         43.944798E+03 
                  3.6500001E-03         48.441364E+03 
                  3.7E-03               53.137482E+03 
                  3.75E-03              58.083153E+03 
                  3.8E-03               63.344986E+03 
                  3.8499999E-03         68.989433E+03 
                  3.8999999E-03         75.066956E+03 
                  3.9499998E-03         81.600655E+03 
                  4.E-03                88.581055E+03 
                  4.0500002E-03         95.967491E+03 
                  4.0999999E-03        103.69604E+03  
                  4.1500001E-03        111.69335E+03  
                  4.1999998E-03        119.895E+03    
                  4.25E-03             128.26453E+03  
                  4.3000002E-03        136.80756E+03  
                  4.3499999E-03        145.57443E+03  
                  4.4000001E-03        154.6478E+03   
                  4.4499998E-03        164.11674E+03  
                  4.5E-03              174.04622E+03  
                  4.5500002E-03        184.45323E+03  
                  4.5999999E-03        195.30031E+03  
                  4.6500001E-03        206.50912E+03  
                  4.6999998E-03        217.98764E+03  
                  4.75E-03             229.65793E+03  
                  4.8000002E-03        241.47275E+03  
                  4.8500004E-03        253.4166E+03   
                  4.9000001E-03        265.49619E+03  
                  4.9499998E-03        277.7316E+03   
                  5.E-03               290.15463E+03  
                  5.0499997E-03        302.8118E+03   
                  5.1000004E-03        315.76096E+03  
                  5.1500001E-03        329.05045E+03  
                  5.1999998E-03        342.68451E+03  
                  5.25E-03             356.59381E+03  
                  5.2999997E-03        370.63809E+03  
                  5.3500004E-03        384.65353E+03  
                  5.4000001E-03        398.53024E+03  
                  5.4500003E-03        412.27557E+03  
                  5.5E-03              426.01611E+03  
                  5.5499997E-03        439.92072E+03  
                  5.5999999E-03        454.07874E+03  
                  5.6500001E-03        468.40939E+03  
                  5.7000003E-03        482.67276E+03  
                  5.75E-03             496.59781E+03  
                  5.7999997E-03        510.06381E+03  
                  5.8499999E-03        523.22028E+03  
                  5.9000001E-03        536.45142E+03  
                  5.9500003E-03        550.17889E+03  
                  6.E-03               564.60199E+03  
                  6.0500002E-03        579.52936E+03  
                  6.0999999E-03        594.41907E+03  
                  6.1499996E-03        608.62646E+03  
                  6.2000003E-03        621.73584E+03  
                  6.25E-03             633.79291E+03  
                  6.3000002E-03        645.30756E+03  
                  6.3499999E-03        657.01831E+03  
                  6.3999996E-03        669.54199E+03  
                  6.4500003E-03        683.08441E+03  
                  6.5E-03              697.35101E+03  
                  6.5500002E-03        711.69281E+03  
                  6.5999999E-03        725.41724E+03  
                  6.6500001E-03        738.12061E+03  
                  6.6999998E-03        749.89258E+03  
                  6.75E-03             761.29321E+03  
                  6.8000002E-03        773.09851E+03  
                  6.8499999E-03        785.91901E+03  
                  6.9000001E-03        799.87225E+03  
                  6.9499998E-03        814.48993E+03  
                  7.E-03               828.94135E+03  
                  7.0500002E-03        842.48486E+03  
                  7.0999999E-03        854.90839E+03  
                  7.1500001E-03        866.69196E+03  
                  7.1999998E-03        878.77051E+03  
                  7.25E-03             892.0141E+03   
                  7.3000002E-03        906.73126E+03  
                  7.3499999E-03        922.50244E+03  
                  7.4000001E-03        938.45398E+03  
                  7.4499998E-03        953.79767E+03  
                  7.5E-03              968.29327E+03  
                  7.5500002E-03        982.34387E+03  
                  7.5999999E-03        996.68433E+03  
                  7.6500001E-03          1.0118887E+06
                  7.6999998E-03          1.0280341E+06
                  7.75E-03               1.0447258E+06
                  7.7999997E-03          1.0614437E+06
                  7.8499999E-03          1.077948E+06 
                  7.8999996E-03          1.0944602E+06
                  7.9500003E-03          1.111497E+06 
                  8.E-03                 1.1294696E+06
                  8.0500002E-03          1.1483264E+06
                  8.1000004E-03          1.1674964E+06
                  8.1500006E-03          1.1862009E+06
                  8.1999998E-03          1.2039541E+06
                  8.25E-03               1.2209386E+06
                  8.3000002E-03          1.237974E+06 
                  8.3499994E-03          1.2560601E+06
                  8.3999996E-03          1.2757568E+06
                  8.4499998E-03          1.2967999E+06
                  8.5E-03                1.3182334E+06
                  8.5500002E-03          1.3390038E+06
                  8.6000004E-03          1.3586342E+06
                  8.6500006E-03          1.3775123E+06
                  8.6999998E-03          1.3965766E+06
                  8.75E-03               1.4166147E+06
                  8.8000002E-03          1.4376782E+06
                  8.8499994E-03          1.4590489E+06
                  8.8999996E-03          1.479787E+06 
                  8.9499998E-03          1.49946E+06  
                  9.E-03                 1.5184972E+06
                  9.0500002E-03          1.5378882E+06
                  9.1000004E-03          1.5584391E+06
                  9.1500006E-03          1.5801464E+06
                  9.1999998E-03          1.6021634E+06
                  9.25E-03               1.62339E+06  
                  9.3000002E-03          1.643245E+06 
                  9.3500004E-03          1.6620474E+06
                  9.3999996E-03          1.6807384E+06
                  9.4499998E-03          1.7001835E+06
                  9.5E-03                1.7205913E+06
                  9.5499992E-03          1.7414548E+06
                  9.6000004E-03          1.7620085E+06
                  9.6500006E-03          1.7818223E+06
                  9.7000008E-03          1.8010898E+06
                  9.75E-03               1.8204144E+06
                  9.8000002E-03          1.8402746E+06
                  9.8500004E-03          1.8605771E+06
                  9.8999996E-03          1.8806647E+06
                  9.9499998E-03          1.8998141E+06
                 10.E-03                 1.9178798E+06




