
                    X                   _temp_2       

                  0.                     0.           
                 49.999996E-06           2.1118038E+03
                 99.999992E-06           3.5974054E+03
                150.E-06                 4.2108107E+03
                199.99998E-06            4.2104607E+03
                250.E-06                 4.1496253E+03
                300.E-06                 4.4878736E+03
                350.E-06                 5.3017135E+03
                399.99997E-06            6.2888536E+03
                450.E-06                 7.0331488E+03
                500.E-06                 7.3114882E+03
                550.E-06                 7.2176852E+03
                600.E-06                 7.036942E+03 
                650.E-06                 6.9984188E+03
                700.E-06                 7.1138034E+03
                750.E-06                 7.2161603E+03
                799.99994E-06            7.1381054E+03
                850.E-06                 6.867568E+03 
                900.E-06                 6.55865E+03  
                950.E-06                 6.4010963E+03
                  1.E-03                 6.4654074E+03
                  1.05E-03               6.6549397E+03
                  1.1E-03                6.797585E+03 
                  1.15E-03               6.7890973E+03
                  1.2E-03                6.6665778E+03
                  1.25E-03               6.558773E+03 
                  1.3E-03                6.5625081E+03
                  1.35E-03               6.6535921E+03
                  1.4E-03                6.7088475E+03
                  1.4499999E-03          6.6168218E+03
                  1.5E-03                6.377419E+03 
                  1.5500001E-03          6.1023149E+03
                  1.5999999E-03          5.91289E+03  
                  1.65E-03               5.8230004E+03
                  1.7E-03                5.7159648E+03
                  1.75E-03               5.4476223E+03
                  1.8E-03                4.9925442E+03
                  1.85E-03               4.5055556E+03
                  1.9E-03                4.2335167E+03
                  1.9499999E-03          4.331964E+03 
                  2.E-03                 4.7308574E+03
                  2.05E-03               5.1712508E+03
                  2.0999999E-03          5.3972621E+03
                  2.1500001E-03          5.35361E+03  
                  2.2E-03                5.2310753E+03
                  2.25E-03               5.3209801E+03
                  2.3E-03                5.791224E+03 
                  2.3499999E-03          6.5641494E+03
                  2.4000001E-03          7.3908596E+03
                  2.45E-03               8.0461245E+03
                  2.5E-03                8.4740057E+03
                  2.5500002E-03          8.7723637E+03
                  2.5999999E-03          9.0510149E+03
                  2.6499999E-03          9.3100004E+03
                  2.7E-03                9.4566193E+03
                  2.75E-03               9.4320745E+03
                  2.8E-03                9.3063002E+03
                  2.8500001E-03          9.2334528E+03
                  2.8999999E-03          9.2972507E+03
                  2.95E-03               9.3940659E+03
                  3.E-03                 9.2865677E+03
                  3.05E-03               8.8013315E+03
                  3.1000001E-03          7.9969273E+03
                  3.1500001E-03          7.1468778E+03
                  3.1999998E-03          6.5407343E+03
                  3.25E-03               6.2700658E+03
                  3.3E-03                6.1899977E+03
                  3.3499999E-03          6.0846896E+03
                  3.4000001E-03          5.8712459E+03
                  3.45E-03               5.6515479E+03
                  3.5E-03                5.5755305E+03
                  3.55E-03               5.6645107E+03
                  3.5999999E-03          5.785706E+03 
                  3.6500001E-03          5.8071256E+03
                  3.7E-03                5.7644362E+03
                  3.75E-03               5.8564734E+03
                  3.8E-03                6.2580976E+03
                  3.8499999E-03          6.9315443E+03
                  3.8999999E-03          7.6360016E+03
                  3.9499998E-03          8.1317444E+03
                  4.E-03                 8.3719473E+03
                  4.0500002E-03          8.4970837E+03
                  4.0999999E-03          8.6519079E+03
                  4.1500001E-03          8.8307867E+03
                  4.1999998E-03          8.9238539E+03
                  4.25E-03               8.8963957E+03
                  4.3000002E-03          8.874649E+03 
                  4.3499999E-03          9.0189714E+03
                  4.4000001E-03          9.31495E+03  
                  4.4499998E-03          9.5364742E+03
                  4.5E-03                9.4565163E+03
                  4.5500002E-03          9.0856438E+03
                  4.5999999E-03          8.671608E+03 
                  4.6500001E-03          8.4500198E+03
                  4.6999998E-03          8.4208031E+03
                  4.75E-03               8.4063692E+03
                  4.8000002E-03          8.3067236E+03
                  4.8500004E-03          8.2303429E+03
                  4.9000001E-03          8.3407936E+03
                  4.9499998E-03          8.613163E+03 
                  5.E-03                 8.8213997E+03
                  5.0499997E-03          6.6017675E+03
                  5.1000004E-03          4.4360256E+03
                  5.1500001E-03          2.6739872E+03
                  5.1999998E-03          1.4240557E+03
                  5.25E-03             497.30148      
                  5.2999997E-03       -345.04221      
                  5.3500004E-03         -1.1526811E+03
                  5.4000001E-03         -1.8292047E+03
                  5.4500003E-03         -2.3550692E+03
                  5.5E-03               -2.8548403E+03
                  5.5499997E-03         -3.3985934E+03
                  5.5999999E-03         -3.819556E+03 
                  5.6500001E-03         -3.8332839E+03
                  5.7000003E-03         -3.3538313E+03
                  5.75E-03              -2.6139627E+03
                  5.7999997E-03         -1.9248483E+03
                  5.8499999E-03         -1.3823748E+03
                  5.9000001E-03       -883.09546      
                  5.9500003E-03       -393.35901      
                  6.E-03               -68.905785     
                  6.0500002E-03        -36.052406     
                  6.0999999E-03       -145.33551      
                  6.1499996E-03        -71.827126     
                  6.2000003E-03        319.603        
                  6.25E-03             807.29736      
                  6.3000002E-03          1.0726806E+03
                  6.3499999E-03          1.0507392E+03
                  6.3999996E-03        935.59814      
                  6.4500003E-03        871.43317      
                  6.5E-03              769.29169      
                  6.5500002E-03        497.18933      
                  6.5999999E-03        152.29216      
                  6.6500001E-03         16.625057     
                  6.6999998E-03        231.84015      
                  6.75E-03             615.00012      
                  6.8000002E-03        863.34863      
                  6.8499999E-03        879.45142      
                  6.9000001E-03        815.11523      
                  6.9499998E-03        818.88654      
                  7.E-03               846.75391      
                  7.0500002E-03        783.76416      
                  7.0999999E-03        675.73438      
                  7.1500001E-03        724.14197      
                  7.1999998E-03          1.0292331E+03
                  7.25E-03               1.4146714E+03
                  7.3000002E-03          1.5759646E+03
                  7.3499999E-03          1.374693E+03 
                  7.4000001E-03        929.30212      
                  7.4499998E-03        432.14606      
                  7.5E-03              -43.910988     
                  7.5500002E-03       -519.81622      
                  7.5999999E-03       -964.53595      
                  7.6500001E-03         -1.2738872E+03
                  7.6999998E-03         -1.4062462E+03
                  7.75E-03              -1.4679495E+03
                  7.7999997E-03         -1.6127644E+03
                  7.8499999E-03         -1.8878084E+03
                  7.8999996E-03         -2.2233732E+03
                  7.9500003E-03         -2.5487127E+03
                  8.E-03                -2.8420351E+03
                  8.0500002E-03         -3.0422461E+03
                  8.1000004E-03         -2.9866598E+03
                  8.1500006E-03         -2.5286674E+03
                  8.1999998E-03         -1.7275372E+03
                  8.25E-03            -855.29053      
                  8.3000002E-03       -170.90147      
                  8.3499994E-03        287.94052      
                  8.3999996E-03        662.5          
                  8.4499998E-03          1.0605117E+03
                  8.5E-03                1.4574934E+03
                  8.5500002E-03          1.8145534E+03
                  8.6000004E-03          2.2045889E+03
                  8.6500006E-03          2.7366536E+03
                  8.6999998E-03          3.3669467E+03
                  8.75E-03               3.8700209E+03
                  8.8000002E-03          4.0365033E+03
                  8.8499994E-03          3.8526545E+03
                  8.8999996E-03          3.4470005E+03
                  8.9499998E-03          2.9016089E+03
                  9.E-03                 2.1991253E+03
                  9.0500002E-03          1.3676512E+03
                  9.1000004E-03        585.05859      
                  9.1500006E-03         50.902802     
                  9.1999998E-03       -240.97227      
                  9.25E-03            -531.00262      
                  9.3000002E-03         -1.0572418E+03
                  9.3500004E-03         -1.8198185E+03
                  9.3999996E-03         -2.6040556E+03
                  9.4499998E-03         -3.2061117E+03
                  9.5E-03               -3.5852275E+03
                  9.5499992E-03         -3.7956047E+03
                  9.6000004E-03         -3.8406293E+03
                  9.6500006E-03         -3.6571074E+03
                  9.7000008E-03         -3.2312353E+03
                  9.75E-03              -2.6689053E+03
                  9.8000002E-03         -2.1183259E+03
                  9.8500004E-03         -1.6484375E+03
                  9.8999996E-03         -1.2299869E+03
                  9.9499998E-03       -812.18683      
                 10.E-03              -368.78226      




