
                    X                   _temp_2       

                  0.                     0.           
                 49.999996E-06          54.210926E-03 
                 99.999992E-06         200.35336E-03  
                150.E-06               399.25925E-03  
                199.99998E-06          613.09967E-03  
                250.E-06               827.15436E-03  
                300.E-06                 1.0551871    
                350.E-06                 1.3257058    
                399.99997E-06            1.6594138    
                450.E-06                 2.053514     
                500.E-06                 2.4826238    
                550.E-06                 2.9138992    
                600.E-06                 3.3247666    
                650.E-06                 3.711518     
                700.E-06                 4.084847     
                750.E-06                 4.4576826    
                799.99994E-06            4.8347154    
                850.E-06                 5.2098494    
                900.E-06                 5.5710654    
                950.E-06                 5.9073844    
                  1.E-03                 6.2129092    
                  1.05E-03               6.486762     
                  1.1E-03                6.7312422    
                  1.15E-03               6.9509144    
                  1.2E-03                7.153007     
                  1.25E-03               7.3473182    
                  1.3E-03                7.5439801    
                  1.35E-03               7.7497578    
                  1.4E-03                7.96559      
                  1.4499999E-03          8.1877651    
                  1.5E-03                8.4124126    
                  1.5500001E-03          8.6401434    
                  1.5999999E-03          8.877141     
                  1.65E-03               9.1316261    
                  1.7E-03                9.4083414    
                  1.75E-03               9.7055607    
                  1.8E-03               10.017322     
                  1.85E-03              10.339398     
                  1.9E-03               10.674173     
                  1.9499999E-03         11.029994     
                  2.E-03                11.41471      
                  2.05E-03              11.827902     
                  2.0999999E-03         12.25788      
                  2.1500001E-03         12.686374     
                  2.2E-03               13.098152     
                  2.25E-03              13.489058     
                  2.3E-03               13.866973     
                  2.3499999E-03         14.245365     
                  2.4000001E-03         14.634244     
                  2.45E-03              15.034592     
                  2.5E-03               15.439075     
                  2.5500002E-03         15.837053     
                  2.5999999E-03         16.219664     
                  2.6499999E-03         16.582245     
                  2.7E-03               16.924503     
                  2.75E-03              17.250301     
                  2.8E-03               17.567726     
                  2.8500001E-03         17.888004     
                  2.8999999E-03         18.221752     
                  2.95E-03              18.573576     
                  3.E-03                18.938772     
                  3.05E-03              19.305571     
                  3.1000001E-03         19.662535     
                  3.1500001E-03         20.00626      
                  3.1999998E-03         20.34359      
                  3.25E-03              20.686522     
                  3.3E-03               21.043732     
                  3.3499999E-03         21.415346     
                  3.4000001E-03         21.794598     
                  3.45E-03              22.174124     
                  3.5E-03               22.551069     
                  3.55E-03              22.926855     
                  3.5999999E-03         23.302824     
                  3.6500001E-03         23.676643     
                  3.7E-03               24.043196     
                  3.75E-03              24.399101     
                  3.8E-03               24.746405     
                  3.8499999E-03         25.091902     
                  3.8999999E-03         25.442776     
                  3.9499998E-03         25.802387     
                  4.E-03                26.169374     
                  4.0500002E-03         26.539867     
                  4.0999999E-03         26.910191     
                  4.1500001E-03         27.27832      
                  4.1999998E-03         27.644653     
                  4.25E-03              28.01314      
                  4.3000002E-03         28.39204      
                  4.3499999E-03         28.791904     
                  4.4000001E-03         29.220261     
                  4.4499998E-03         29.676458     
                  4.5E-03               30.151596     
                  4.5500002E-03         30.634689     
                  4.5999999E-03         31.120224     
                  4.6500001E-03         31.610411     
                  4.6999998E-03         32.110271     
                  4.75E-03              32.620792     
                  4.8000002E-03         33.136929     
                  4.8500004E-03         33.651836     
                  4.9000001E-03         34.162025     
                  4.9499998E-03         34.667645     
                  5.E-03                35.16806      
                  5.0499997E-03         35.602882     
                  5.1000004E-03         35.914047     
                  5.1500001E-03         36.108547     
                  5.1999998E-03         36.200382     
                  5.25E-03              36.204849     
                  5.2999997E-03         36.134449     
                  5.3500004E-03         35.998726     
                  5.4000001E-03         35.806072     
                  5.4500003E-03         35.564476     
                  5.5E-03               35.281467     
                  5.5499997E-03         34.965725     
                  5.5999999E-03         34.630653     
                  5.6500001E-03         34.296268     
                  5.7000003E-03         33.986046     
                  5.75E-03              33.72031      
                  5.7999997E-03         33.511566     
                  5.8499999E-03         33.364857     
                  5.9000001E-03         33.280972     
                  5.9500003E-03         33.258171     
                  6.E-03                33.291691     
                  6.0500002E-03         33.374008     
                  6.0999999E-03         33.497944     
                  6.1499996E-03         33.660172     
                  6.2000003E-03         33.86071      
                  6.25E-03              34.097832     
                  6.3000002E-03         34.363125     
                  6.3499999E-03         34.641682     
                  6.3999996E-03         34.916821     
                  6.4500003E-03         35.174355     
                  6.5E-03               35.403286     
                  6.5500002E-03         35.594666     
                  6.5999999E-03         35.741947     
                  6.6500001E-03         35.84267      
                  6.6999998E-03         35.898312     
                  6.75E-03              35.911385     
                  6.8000002E-03         35.882927     
                  6.8499999E-03         35.813229     
                  6.9000001E-03         35.704132     
                  6.9499998E-03         35.559288     
                  7.E-03                35.382294     
                  7.0500002E-03         35.176781     
                  7.0999999E-03         34.950214     
                  7.1500001E-03         34.717499     
                  7.1999998E-03         34.498463     
                  7.25E-03              34.309452     
                  7.3000002E-03         34.155991     
                  7.3499999E-03         34.033234     
                  7.4000001E-03         33.933681     
                  7.4499998E-03         33.855221     
                  7.5E-03               33.80312      
                  7.5500002E-03         33.785625     
                  7.5999999E-03         33.807823     
                  7.6500001E-03         33.868813     
                  7.6999998E-03         33.963295     
                  7.75E-03              34.085121     
                  7.7999997E-03         34.229397     
                  7.8499999E-03         34.391483     
                  7.8999996E-03         34.563862     
                  7.9500003E-03         34.733944     
                  8.E-03                34.886082     
                  8.0500002E-03         35.00811      
                  8.1000004E-03         35.098137     
                  8.1500006E-03         35.165287     
                  8.1999998E-03         35.221771     
                  8.25E-03              35.271858     
                  8.3000002E-03         35.307102     
                  8.3499994E-03         35.312363     
                  8.3999996E-03         35.277279     
                  8.4499998E-03         35.20348      
                  8.5E-03               35.102398     
                  8.5500002E-03         34.987354     
                  8.6000004E-03         34.867336     
                  8.6500006E-03         34.746544     
                  8.6999998E-03         34.627922     
                  8.75E-03              34.516552     
                  8.8000002E-03         34.419952     
                  8.8499994E-03         34.345028     
                  8.8999996E-03         34.293583     
                  8.9499998E-03         34.260155     
                  9.E-03                34.235256     
                  9.0500002E-03         34.213364     
                  9.1000004E-03         34.199696     
                  9.1500006E-03         34.208935     
                  9.1999998E-03         34.254871     
                  9.25E-03              34.338696     
                  9.3000002E-03         34.446003     
                  9.3500004E-03         34.555523     
                  9.3999996E-03         34.652252     
                  9.4499998E-03         34.734249     
                  9.5E-03               34.808384     
                  9.5499992E-03         34.880253     
                  9.6000004E-03         34.947861     
                  9.6500006E-03         35.003628     
                  9.7000008E-03         35.041386     
                  9.75E-03              35.061123     
                  9.8000002E-03         35.067581     
                  9.8500004E-03         35.064579     
                  9.8999996E-03         35.050312     
                  9.9499998E-03         35.017853     
                 10.E-03                34.960953     




