
                    X                   _temp_1       

                  0.                     0.           
                 49.999996E-06         652.37292      
                 99.999992E-06           4.7527003E+03
                150.E-06                13.123507E+03 
                199.99998E-06           23.470465E+03 
                250.E-06                32.453888E+03 
                300.E-06                38.662613E+03 
                350.E-06                44.022732E+03 
                399.99997E-06           52.397404E+03 
                450.E-06                66.445534E+03 
                500.E-06                85.273376E+03 
                550.E-06               104.84354E+03  
                600.E-06               120.95863E+03  
                650.E-06               132.53838E+03  
                700.E-06               142.55078E+03  
                750.E-06               155.77022E+03  
                799.99994E-06          175.06807E+03  
                850.E-06               199.08315E+03  
                900.E-06               223.05112E+03  
                950.E-06               242.19185E+03  
                  1.E-03               255.08647E+03  
                  1.05E-03             264.44632E+03  
                  1.1E-03              274.75851E+03  
                  1.15E-03             288.79462E+03  
                  1.2E-03              305.76514E+03  
                  1.25E-03             322.45734E+03  
                  1.3E-03              336.27191E+03  
                  1.35E-03             347.55411E+03  
                  1.4E-03              359.24692E+03  
                  1.4499999E-03        374.21481E+03  
                  1.5E-03              392.60654E+03  
                  1.5500001E-03        411.59277E+03  
                  1.5999999E-03        427.80396E+03  
                  1.65E-03             440.44916E+03  
                  1.7E-03              452.37006E+03  
                  1.75E-03             467.948E+03    
                  1.8E-03              489.4957E+03   
                  1.85E-03             515.13959E+03  
                  1.9E-03              540.06061E+03  
                  1.9499999E-03        560.23773E+03  
                  2.E-03               575.65131E+03  
                  2.05E-03             590.18188E+03  
                  2.0999999E-03        608.2171E+03   
                  2.1500001E-03        630.85321E+03  
                  2.2E-03              654.95038E+03  
                  2.25E-03             675.8894E+03   
                  2.3E-03              691.67395E+03  
                  2.3499999E-03        704.73334E+03  
                  2.4000001E-03        719.73688E+03  
                  2.45E-03             739.3606E+03   
                  2.5E-03              761.83844E+03  
                  2.5500002E-03        782.57587E+03  
                  2.5999999E-03        798.47498E+03  
                  2.6499999E-03        811.02435E+03  
                  2.7E-03              825.16949E+03  
                  2.75E-03             844.88812E+03  
                  2.8E-03              869.53546E+03  
                  2.8500001E-03        894.38434E+03  
                  2.8999999E-03        915.00885E+03  
                  2.95E-03             931.52667E+03  
                  3.E-03               948.62903E+03  
                  3.05E-03             971.24408E+03  
                  3.1000001E-03        999.8949E+03   
                  3.1500001E-03          1.0301461E+06
                  3.1999998E-03          1.0567403E+06
                  3.25E-03               1.0785509E+06
                  3.3E-03                1.0995042E+06
                  3.3499999E-03          1.1245074E+06
                  3.4000001E-03          1.1544373E+06
                  3.45E-03               1.1852252E+06
                  3.5E-03                1.2120389E+06
                  3.55E-03               1.2343845E+06
                  3.5999999E-03          1.2567588E+06
                  3.6500001E-03          1.2839602E+06
                  3.7E-03                1.3158635E+06
                  3.75E-03               1.347208E+06 
                  3.8E-03                1.3729259E+06
                  3.8499999E-03          1.3936188E+06
                  3.8999999E-03          1.4152216E+06
                  3.9499998E-03          1.4429543E+06
                  4.E-03                 1.4759161E+06
                  4.0500002E-03          1.508101E+06 
                  4.0999999E-03          1.5348865E+06
                  4.1500001E-03          1.5580064E+06
                  4.1999998E-03          1.583424E+06 
                  4.25E-03               1.6144605E+06
                  4.3000002E-03          1.6479596E+06
                  4.3499999E-03          1.6778958E+06
                  4.4000001E-03          1.7024344E+06
                  4.4499998E-03          1.7262343E+06
                  4.5E-03                1.7550995E+06
                  4.5500002E-03          1.7891679E+06
                  4.5999999E-03          1.8226469E+06
                  4.6500001E-03          1.8505616E+06
                  4.6999998E-03          1.8746139E+06
                  4.75E-03               1.9010001E+06
                  4.8000002E-03          1.9328023E+06
                  4.8500004E-03          1.9663079E+06
                  4.9000001E-03          1.9958609E+06
                  4.9499998E-03          2.0213156E+06
                  5.E-03                 2.0485601E+06
                  5.0499997E-03          2.0818138E+06
                  5.1000004E-03          2.1167936E+06
                  5.1500001E-03          2.1460044E+06
                  5.1999998E-03          2.1674974E+06
                  5.25E-03               2.1865361E+06
                  5.2999997E-03          2.2081409E+06
                  5.3500004E-03          2.230185E+06 
                  5.4000001E-03          2.2460933E+06
                  5.4500003E-03          2.253581E+06 
                  5.5E-03                2.257612E+06 
                  5.5499997E-03          2.2633841E+06
                  5.5999999E-03          2.2689428E+06
                  5.6500001E-03          2.2676766E+06
                  5.7000003E-03          2.2576075E+06
                  5.75E-03               2.244792E+06 
                  5.7999997E-03          2.2359393E+06
                  5.8499999E-03          2.2302868E+06
                  5.9000001E-03          2.2217388E+06
                  5.9500003E-03          2.2083178E+06
                  6.E-03                 2.1958585E+06
                  6.0500002E-03          2.1906664E+06
                  6.0999999E-03          2.1911914E+06
                  6.1499996E-03          2.1901472E+06
                  6.2000003E-03          2.1844501E+06
                  6.25E-03               2.1795847E+06
                  6.3000002E-03          2.1823394E+06
                  6.3499999E-03          2.1917295E+06
                  6.3999996E-03          2.200207E+06 
                  6.4500003E-03          2.2035053E+06
                  6.5E-03                2.2059107E+06
                  6.5500002E-03          2.2138505E+06
                  6.5999999E-03          2.2265916E+06
                  6.6500001E-03          2.2365501E+06
                  6.6999998E-03          2.2388124E+06
                  6.75E-03               2.2371855E+06
                  6.8000002E-03          2.2387204E+06
                  6.8499999E-03          2.2442877E+06
                  6.9000001E-03          2.2476583E+06
                  6.9499998E-03          2.2438989E+06
                  7.E-03                 2.2356832E+06
                  7.0500002E-03          2.2292626E+06
                  7.0999999E-03          2.2260783E+06
                  7.1500001E-03          2.2213793E+06
                  7.1999998E-03          2.2112646E+06
                  7.25E-03               2.1983056E+06
                  7.3000002E-03          2.1883028E+06
                  7.3499999E-03          2.1830661E+06
                  7.4000001E-03          2.1790323E+06
                  7.4499998E-03          2.1729846E+06
                  7.5E-03                2.1666284E+06
                  7.5500002E-03          2.1639271E+06
                  7.5999999E-03          2.1654701E+06
                  7.6500001E-03          2.1679158E+06
                  7.6999998E-03          2.1690063E+06
                  7.75E-03               2.1708658E+06
                  7.7999997E-03          2.1769691E+06
                  7.8499999E-03          2.1872642E+06
                  7.8999996E-03          2.1982889E+06
                  7.9500003E-03          2.2078304E+06
                  8.E-03                 2.2173197E+06
                  8.0500002E-03          2.2286346E+06
                  8.1000004E-03          2.2402484E+06
                  8.1500006E-03          2.248596E+06 
                  8.1999998E-03          2.2528391E+06
                  8.25E-03               2.2560129E+06
                  8.3000002E-03          2.2605696E+06
                  8.3499994E-03          2.2645652E+06
                  8.3999996E-03          2.2641189E+06
                  8.4499998E-03          2.2589364E+06
                  8.5E-03                2.2530103E+06
                  8.5500002E-03          2.2491562E+06
                  8.6000004E-03          2.2448807E+06
                  8.6500006E-03          2.2355874E+06
                  8.6999998E-03          2.2211752E+06
                  8.75E-03               2.2070527E+06
                  8.8000002E-03          2.1979189E+06
                  8.8499994E-03          2.1924164E+06
                  8.8999996E-03          2.1855683E+06
                  8.9499998E-03          2.1756845E+06
                  9.E-03                 2.1666195E+06
                  9.0500002E-03          2.1625931E+06
                  9.1000004E-03          2.1627321E+06
                  9.1500006E-03          2.162535E+06 
                  9.1999998E-03          2.1600804E+06
                  9.25E-03               2.1586249E+06
                  9.3000002E-03          2.1622581E+06
                  9.3500004E-03          2.1706238E+06
                  9.3999996E-03          2.1796033E+06
                  9.4499998E-03          2.1866896E+06
                  9.5E-03                2.1937034E+06
                  9.5499992E-03          2.2034414E+06
                  9.6000004E-03          2.2152016E+06
                  9.6500006E-03          2.2253375E+06
                  9.7000008E-03          2.2318945E+06
                  9.75E-03               2.2368686E+06
                  9.8000002E-03          2.2431433E+06
                  9.8500004E-03          2.2505147E+06
                  9.8999996E-03          2.2561092E+06
                  9.9499998E-03          2.2581816E+06
                 10.E-03                 2.2579048E+06




