
                    X                   _temp_1       

                  0.                  -540.54059E+03  
                  1.E-06              -452.88535E+03  
                  2.E-06              -232.56273E+03  
                  3.E-06                15.548294E+03 
                  4.E-06               180.40129E+03  
                  5.E-06               202.25824E+03  
                  6.E-06                99.805931E+03 
                  7.E-06               -46.794544E+03 
                  8.E-06              -145.20418E+03  
                  9.000001E-06        -142.99652E+03  
                 10.E-06               -52.905811E+03 
                 11.E-06                61.321198E+03 
                 12.E-06               127.45741E+03  
                 13.E-06               108.78973E+03  
                 14.E-06                23.46274E+03  
                 15.E-06               -70.676903E+03 
                 16.E-06              -114.31815E+03  
                 17.E-06               -83.338112E+03 
                 18.000002E-06          -1.5757793E+03
                 19.E-06                76.755508E+03 
                 20.E-06               102.52175E+03  
                 21.E-06                62.112305E+03 
                 22.E-06               -15.78893E+03  
                 23.E-06               -80.205521E+03 
                 24.E-06               -90.937073E+03 
                 24.999998E-06         -43.42371E+03  
                 26.E-06                29.849987E+03 
                 27.E-06                81.35302E+03  
                 28.E-06                79.154724E+03 
                 29.000002E-06          26.575203E+03 
                 30.E-06               -41.171555E+03 
                 31.E-06               -80.420837E+03 
                 32.E-06               -67.073601E+03 
                 33.E-06               -11.289319E+03 
                 34.E-06                50.044212E+03 
                 35.E-06                77.601799E+03 
                 36.000004E-06          54.745609E+03 
                 37.E-06                -2.5149372E+03
                 38.E-06               -56.638153E+03 
                 38.999996E-06         -73.087952E+03 
                 40.E-06               -42.305367E+03 
                 41.E-06                14.823543E+03 
                 42.E-06                61.074623E+03 
                 43.E-06                67.081802E+03 
                 44.E-06                29.932796E+03 
                 45.E-06               -25.58128E+03  
                 46.E-06               -63.462009E+03 
                 47.000004E-06         -59.801338E+03 
                 48.E-06               -17.831671E+03 
                 49.E-06                34.720924E+03 
                 49.999996E-06          63.915154E+03 
                 51.E-06                51.479118E+03 
                 52.E-06                 6.2138739E+03
                 53.E-06               -42.181648E+03 
                 54.E-06               -62.564709E+03 
                 55.E-06               -42.360134E+03 
                 56.E-06                 4.7118731E+03
                 57.E-06                47.921013E+03 
                 58.000004E-06          59.562687E+03 
                 58.999996E-06          32.697441E+03 
                 60.E-06               -14.748652E+03 
                 60.999996E-06         -51.922031E+03 
                 62.E-06               -55.083363E+03 
                 63.E-06               -22.747887E+03 
                 64.E-06                23.718428E+03 
                 65.E-06                54.197697E+03 
                 66.E-06                49.322594E+03 
                 67.E-06                12.766576E+03 
                 68.E-06               -31.467955E+03 
                 69.E-06               -54.792995E+03 
                 70.E-06               -42.494781E+03 
                 71.E-06                -3.0009916E+03
                 72.000008E-06          37.873428E+03 
                 73.000008E-06          53.785751E+03 
                 74.E-06                34.82922E+03  
                 74.999992E-06          -6.3141284E+03
                 76.E-06               -42.843754E+03 
                 77.E-06               -51.285744E+03 
                 77.999992E-06         -26.565636E+03 
                 79.E-06                14.962357E+03 
                 80.E-06                46.323292E+03 
                 81.E-06                47.432568E+03 
                 82.E-06                17.948792E+03 
                 83.E-06               -22.749908E+03 
                 84.E-06               -48.292339E+03 
                 85.E-06               -42.392014E+03 
                 86.E-06                -9.2230721E+03
                 87.E-06                29.51046E+03  
                 88.E-06                48.768082E+03 
                 89.E-06                36.352463E+03 
                 90.E-06               626.60016      
                 91.E-06               -35.108665E+03 
                 92.E-06               -47.80389E+03  
                 93.E-06               -29.520645E+03 
                 94.000008E-06           7.6137648E+03
                 95.000008E-06          39.44257E+03  
                 96.E-06                45.48695E+03  
                 96.999992E-06          22.115719E+03 
                 98.E-06               -15.287906E+03 
                 99.E-06               -42.445457E+03 
                 99.999992E-06         -41.935486E+03 
                100.99999E-06          -14.363924E+03 
                102.E-06                22.207396E+03 
                103.E-06                44.087017E+03 
                104.E-06                37.2957E+03   
                105.E-06                 6.4927802E+03
                106.E-06               -28.209831E+03 
                107.E-06               -44.373798E+03 
                108.E-06               -31.737541E+03 
                109.E-06                 1.2742739E+03
                110.E-06                33.161888E+03 
                111.E-06                43.347336E+03 
                112.E-06                25.449722E+03 
                113.00001E-06           -8.7236567E+03
                114.E-06               -36.962273E+03 
                115.E-06               -41.082932E+03 
                116.00001E-06          -18.634447E+03 
                117.00001E-06           15.657003E+03 
                117.99999E-06           39.543816E+03 
                118.99999E-06           37.686779E+03 
                120.E-06                11.501787E+03 
                121.E-06               -21.895662E+03 
                121.99999E-06          -40.873844E+03 
                123.E-06               -33.292126E+03 
                124.E-06                -4.2639656E+03
                125.E-06                27.285686E+03 
                126.E-06                40.955376E+03 
                127.00001E-06           28.055883E+03 
                128.E-06                -2.869766E+03 
                129.E-06               -31.700506E+03 
                130.E-06               -39.825279E+03 
                131.E-06               -22.153784E+03 
                132.E-06                 9.6988583E+03
                133.E-06                35.043587E+03 
                134.E-06                37.552254E+03 
                134.99998E-06           15.774289E+03 
                136.E-06               -16.037317E+03 
                137.E-06               -37.25116E+03  
                138.E-06               -34.235363E+03 
                139.E-06                -9.1144466E+03
                140.E-06                21.717299E+03 
                141.E-06                38.292595E+03 
                142.E-06                29.999729E+03 
                142.99998E-06            2.3737729E+03
                144.00002E-06          -26.594091E+03 
                145.E-06               -38.170769E+03 
                146.00002E-06          -24.993196E+03 
                147.E-06                 4.2510991E+03
                148.E-06                30.549086E+03 
                149.E-06                36.920952E+03 
                149.99998E-06           19.381384E+03 
                151.E-06               -10.571743E+03 
                152.E-06               -33.492306E+03 
                153.E-06               -34.608791E+03 
                154.E-06               -13.341956E+03 
                155.E-06                16.413509E+03 
                155.99998E-06           35.365093E+03 
                157.E-06                31.32914E+03  
                158.E-06                 7.0615206E+03
                159.00002E-06          -21.619026E+03 
                160.E-06               -36.140404E+03 
                161.E-06               -27.201761E+03 
                162.E-06              -728.46289      
                163.E-06                26.052858E+03 
                164.E-06                35.822731E+03 
                165.E-06                22.367243E+03 
                166.E-06                -5.4716372E+03
                167.00002E-06          -29.604527E+03 
                168.E-06               -34.447052E+03 
                169.E-06               -16.982002E+03 
                170.E-06                11.364582E+03 
                170.99998E-06           32.197533E+03 
                172.E-06                32.089443E+03 
                173.E-06                11.234964E+03 
                174.E-06               -16.753326E+03 
                175.E-06               -33.724812E+03 
                176.E-06               -28.753086E+03 
                177.E-06                -5.1587496E+03
                178.E-06                21.722908E+03 
                178.99998E-06           34.532871E+03 
                180.E-06                25.134567E+03 
                181.E-06              -165.00113      
                182.E-06               -24.759903E+03 
                183.E-06               -32.522957E+03 
                184.E-06               -18.208233E+03 
                185.E-06                 9.249054E+03 
                186.E-06                32.632198E+03 
                186.99998E-06           37.676758E+03 
                188.00002E-06           22.345591E+03 
                189.E-06                -1.8440042E+03
                190.00002E-06          -17.258022E+03 
                191.E-06               -11.494364E+03 
                192.E-06                14.714299E+03 
                193.E-06                48.129604E+03 
                193.99998E-06           71.705673E+03 
                195.00002E-06           75.675644E+03 
                196.E-06                63.827023E+03 
                197.E-06                50.913841E+03 
                198.E-06                52.908535E+03 
                199.E-06                76.421585E+03 
                199.99998E-06          114.1273E+03   




