
                    X                   _temp_14      

                  0.                     0.           
                  1.E-06              -270.27029E-09  
                  2.E-06              -993.42584E-09  
                  3.E-06                -1.949144E-06 
                  4.E-06                -2.8893142E-06
                  5.E-06                -3.6490827E-06
                  6.E-06                -4.206593E-06 
                  7.E-06                -4.6642976E-06
                  8.E-06                -5.1687965E-06
                  9.000001E-06          -5.8185E-06   
                 10.E-06                -6.6111994E-06
                 11.E-06                -7.4568052E-06
                 12.E-06                -8.2410898E-06
                 13.E-06                -8.8979168E-06
                 14.E-06                -9.4459543E-06
                 15.E-06                -9.9705276E-06
                 16.E-06               -10.56578E-06  
                 17.E-06               -11.27535E-06  
                 18.000002E-06         -12.068256E-06 
                 19.E-06               -12.862741E-06 
                 20.E-06               -13.580468E-06 
                 21.E-06               -14.195674E-06 
                 22.E-06               -14.748768E-06 
                 23.E-06               -15.317652E-06 
                 24.E-06               -15.96674E-06  
                 24.999998E-06         -16.706764E-06 
                 26.E-06               -17.490213E-06 
                 27.E-06               -18.243813E-06 
                 28.E-06               -18.916058E-06 
                 29.000002E-06         -19.50915E-06  
                 30.E-06               -20.075666E-06 
                 31.E-06               -20.683353E-06 
                 32.E-06               -21.371464E-06 
                 33.E-06               -22.126644E-06 
                 34.E-06               -22.893116E-06 
                 35.E-06               -23.609543E-06 
                 36.000004E-06         -24.248369E-06 
                 37.E-06               -24.832447E-06 
                 38.E-06               -25.419043E-06 
                 38.999996E-06         -26.062277E-06 
                 40.E-06               -26.778597E-06 
                 41.E-06               -27.537226E-06 
                 42.E-06               -28.281027E-06 
                 43.E-06               -28.963757E-06 
                 44.E-06               -29.579401E-06 
                 45.E-06               -30.165113E-06 
                 46.E-06               -30.776409E-06 
                 47.000004E-06         -31.451166E-06 
                 48.E-06               -32.185726E-06 
                 49.E-06               -32.938114E-06 
                 49.999996E-06         -33.655781E-06 
                 51.E-06               -34.309536E-06 
                 52.E-06               -34.911808E-06 
                 53.E-06               -35.50787E-06  
                 54.E-06               -36.146111E-06 
                 55.E-06               -36.84692E-06  
                 56.E-06               -37.590088E-06 
                 57.E-06               -38.328541E-06 
                 58.000004E-06         -39.019077E-06 
                 58.999996E-06         -39.650047E-06 
                 60.E-06               -40.248318E-06 
                 60.999996E-06         -40.861343E-06 
                 62.E-06               -41.526287E-06 
                 63.E-06               -42.246315E-06 
                 64.E-06               -42.989094E-06 
                 65.E-06               -43.708149E-06 
                 66.E-06               -44.373009E-06 
                 67.E-06               -44.988548E-06 
                 68.E-06               -45.591316E-06 
                 69.E-06               -46.225555E-06 
                 70.E-06               -46.914589E-06 
                 71.E-06               -47.646114E-06 
                 72.000008E-06         -48.380638E-06 
                 73.000008E-06         -49.077293E-06 
                 74.E-06               -49.720161E-06 
                 74.999992E-06         -50.328201E-06 
                 76.E-06               -50.942554E-06 
                 77.E-06               -51.599751E-06 
                 77.999992E-06         -52.308235E-06 
                 79.E-06               -53.043285E-06 
                 80.E-06               -53.763371E-06 
                 81.E-06               -54.43713E-06  
                 82.E-06               -55.063461E-06 
                 83.E-06               -55.671844E-06 
                 84.E-06               -56.302975E-06 
                 85.E-06               -56.982403E-06 
                 86.E-06               -57.704212E-06 
                 87.E-06               -58.435253E-06 
                 88.E-06               -59.136784E-06 
                 89.E-06               -59.789543E-06 
                 90.E-06               -60.405952E-06 
                 91.E-06               -61.021729E-06 
                 92.E-06               -61.672623E-06 
                 93.E-06               -62.371323E-06 
                 94.000008E-06         -63.099533E-06 
                 95.000008E-06         -63.820137E-06 
                 96.E-06               -64.501297E-06 
                 96.999992E-06         -65.136971E-06 
                 98.E-06               -65.750526E-06 
                 99.E-06               -66.379372E-06 
                 99.999992E-06         -67.050659E-06 
                100.99999E-06          -67.763878E-06 
                102.E-06               -68.49147E-06  
                103.E-06               -69.196854E-06 
                104.E-06               -69.858147E-06 
                105.E-06               -70.482147E-06 
                106.E-06               -71.099655E-06 
                107.E-06               -71.745369E-06 
                108.E-06               -72.435455E-06 
                109.E-06               -73.15728E-06  
                110.E-06               -73.877831E-06 
                111.E-06               -74.565224E-06 
                112.E-06               -75.209267E-06 
                113.00001E-06          -75.827858E-06 
                114.E-06               -76.455185E-06 
                115.E-06               -77.119461E-06 
                116.00001E-06          -77.824821E-06 
                117.00001E-06          -78.54882E-06  
                117.99999E-06          -79.257156E-06 
                118.99999E-06          -79.925949E-06 
                120.E-06               -80.55706E-06  
                121.E-06               -81.176666E-06 
                121.99999E-06          -81.818161E-06 
                123.E-06               -82.500542E-06 
                124.E-06               -83.216209E-06 
                125.E-06               -83.93615E-06  
                126.E-06               -84.628799E-06 
                127.00001E-06          -85.280487E-06 
                128.E-06               -85.904121E-06 
                129.E-06               -86.530624E-06 
                130.E-06               -87.188835E-06 
                131.E-06               -87.886871E-06 
                132.E-06               -88.607048E-06 
                133.E-06               -89.317528E-06 
                134.E-06               -89.992973E-06 
                134.99998E-06          -90.630867E-06 
                136.E-06               -91.252983E-06 
                137.E-06               -91.891129E-06 
                138.E-06               -92.566536E-06 
                139.E-06               -93.276176E-06 
                140.E-06               -93.994934E-06 
                141.E-06               -94.691971E-06 
                142.E-06               -95.350716E-06 
                142.99998E-06          -95.979462E-06 
                144.00002E-06          -96.605827E-06 
                145.E-06               -97.258789E-06 
                146.00002E-06          -97.949928E-06 
                147.E-06               -98.666054E-06 
                148.E-06               -99.377937E-06 
                149.E-06              -100.05927E-06  
                149.99998E-06         -100.70368E-06  
                151.E-06              -101.3287E-06   
                152.E-06              -101.9643E-06   
                153.E-06              -102.63339E-06  
                154.E-06              -103.3371E-06   
                155.E-06              -104.05413E-06  
                155.99998E-06         -104.75476E-06  
                157.E-06              -105.42002E-06  
                158.E-06              -106.05396E-06  
                159.00002E-06         -106.68083E-06  
                160.E-06              -107.32932E-06  
                161.E-06              -108.01395E-06  
                162.E-06              -108.72579E-06  
                163.E-06              -109.43835E-06  
                164.E-06              -110.12486E-06  
                165.E-06              -110.77555E-06  
                166.E-06              -111.40387E-06  
                167.00002E-06         -112.03765E-06  
                168.E-06              -112.70105E-06  
                169.E-06              -113.3989E-06   
                170.E-06              -114.11372E-06  
                170.99998E-06         -114.81718E-06  
                172.E-06              -115.48845E-06  
                173.E-06              -116.12762E-06  
                174.E-06              -116.75555E-06  
                175.E-06              -117.40025E-06  
                176.E-06              -118.07867E-06  
                177.E-06              -118.78584E-06  
                178.E-06              -119.49816E-06  
                178.99998E-06         -120.18877E-06  
                180.E-06              -120.84485E-06  
                181.E-06              -121.47578E-06  
                182.E-06              -122.10688E-06  
                183.E-06              -122.76274E-06  
                184.E-06              -123.45111E-06  
                185.E-06              -124.15771E-06  
                186.E-06              -124.85506E-06  
                186.99998E-06         -125.51977E-06  
                188.00002E-06         -126.1468E-06   
                189.E-06              -126.7515E-06   
                190.00002E-06         -127.35805E-06  
                191.E-06              -127.98184E-06  
                192.E-06              -128.61714E-06  
                193.E-06              -129.2377E-06   
                193.99998E-06         -129.81013E-06  
                195.00002E-06         -130.31088E-06  
                196.E-06              -130.73593E-06  
                197.E-06              -131.09717E-06  
                198.E-06              -131.40749E-06  
                199.E-06              -131.6649E-06   
                199.99998E-06         -131.84587E-06  




