
                    X                   _temp_4       

                  0.                     0.           
                  2.E-06                 0.           
                  4.E-06                 0.           
                  6.E-06                 3.3813131E-21
                  8.E-06               341.92252E-21  
                 10.E-06                 7.2148995E-18
                 12.E-06                75.12455E-18  
                 14.E-06               508.2605E-18   
                 16.E-06                 2.5540972E-15
                 18.000002E-06          10.299003E-15 
                 20.E-06                35.009796E-15 
                 22.E-06               103.76614E-15  
                 24.E-06               274.7196E-15   
                 26.E-06               661.46936E-15  
                 28.E-06                 1.4686575E-12
                 30.E-06                 3.039856E-12 
                 32.E-06                 5.9172139E-12
                 34.E-06                10.91043E-12  
                 36.000004E-06          19.170784E-12 
                 38.E-06                32.264709E-12 
                 40.E-06                52.24094E-12  
                 42.E-06                81.685844E-12 
                 44.E-06               123.76292E-12  
                 46.E-06               182.23401E-12  
                 48.E-06               261.46127E-12  
                 49.999996E-06         366.38956E-12  
                 52.E-06               502.50827E-12  
                 54.E-06               675.7915E-12   
                 56.E-06               892.61218E-12  
                 58.000004E-06           1.1596271E-09
                 60.E-06                 1.4836308E-09
                 62.E-06                 1.8713777E-09
                 64.E-06                 2.3293784E-09
                 66.E-06                 2.8636835E-09
                 68.E-06                 3.4796743E-09
                 70.E-06                 4.181881E-09 
                 72.000008E-06           4.9738512E-09
                 74.E-06                 5.8580923E-09
                 76.E-06                 6.8360872E-09
                 77.999992E-06           7.9083853E-09
                 80.E-06                 9.0747547E-09
                 82.E-06                10.334352E-09 
                 84.E-06                11.685907E-09 
                 86.E-06                13.127851E-09 
                 88.E-06                14.658413E-09 
                 90.E-06                16.275648E-09 
                 92.E-06                17.977427E-09 
                 94.000008E-06          19.76141E-09  
                 96.E-06                21.625053E-09 
                 98.E-06                23.565657E-09 
                 99.999992E-06          25.580498E-09 
                102.E-06                27.667042E-09 
                104.E-06                29.823219E-09 
                106.E-06                32.047691E-09 
                108.E-06                34.340088E-09 
                110.E-06                36.701096E-09 
                112.E-06                39.132469E-09 
                114.E-06                41.636791E-09 
                116.00001E-06           44.217144E-09 
                117.99999E-06           46.876667E-09 
                120.E-06                49.618076E-09 
                121.99999E-06           52.443268E-09 
                124.E-06                55.35305E-09  
                126.E-06                58.347038E-09 
                128.E-06                61.423786E-09 
                130.E-06                64.581024E-09 
                132.E-06                67.815994E-09 
                134.E-06                71.125832E-09 
                136.E-06                74.507813E-09 
                138.E-06                77.959442E-09 
                140.E-06                81.478462E-09 
                142.E-06                85.062607E-09 
                144.00002E-06           88.70929E-09  
                146.00002E-06           92.415298E-09 
                148.E-06                96.176537E-09 
                149.99998E-06           99.987946E-09 
                152.E-06               103.84367E-09  
                154.E-06               107.73725E-09  
                155.99998E-06          111.66216E-09  
                158.E-06               115.61227E-09  
                160.E-06               119.58233E-09  
                162.E-06               123.5682E-09   
                164.E-06               127.56705E-09  
                166.E-06               131.57716E-09  
                168.E-06               135.59767E-09  
                170.E-06               139.62807E-09  
                172.E-06               143.66771E-09  
                174.E-06               147.71536E-09  
                176.E-06               151.76901E-09  
                178.E-06               155.82578E-09  
                180.E-06               159.88205E-09  
                182.E-06               163.93388E-09  
                184.E-06               167.97743E-09  
                186.E-06               172.0094E-09   
                188.00002E-06          176.02733E-09  
                190.00002E-06          180.03E-09     
                192.E-06               184.01741E-09  
                193.99998E-06          187.99051E-09  
                196.E-06               191.95107E-09  
                198.E-06               195.90123E-09  
                199.99998E-06          199.84312E-09  
                201.99998E-06          203.77864E-09  
                204.E-06               207.70921E-09  
                206.E-06               211.63591E-09  
                208.E-06               215.55942E-09  
                210.E-06               219.48051E-09  
                212.E-06               223.40012E-09  
                214.E-06               227.31973E-09  
                216.E-06               231.24152E-09  
                218.E-06               235.16835E-09  
                220.E-06               239.10371E-09  
                222.E-06               243.05139E-09  
                224.E-06               247.01518E-09  
                226.00002E-06          250.99826E-09  
                228.E-06               255.00316E-09  
                230.E-06               259.03113E-09  
                232.00002E-06          263.08224E-09  
                234.00002E-06          267.15543E-09  
                235.99998E-06          271.24875E-09  
                237.99998E-06          275.35974E-09  
                240.E-06               279.48605E-09  
                242.E-06               283.62592E-09  
                243.99998E-06          287.7785E-09   
                246.E-06               291.94437E-09  
                248.E-06               296.12537E-09  
                250.E-06               300.32483E-09  
                252.E-06               304.54694E-09  
                254.00002E-06          308.79672E-09  
                256.E-06               313.07932E-09  
                258.E-06               317.3999E-09   
                260.E-06               321.76324E-09  
                262.E-06               326.17386E-09  
                264.E-06               330.63608E-09  
                266.E-06               335.15421E-09  
                268.E-06               339.73291E-09  
                269.99997E-06          344.3775E-09   
                272.E-06               349.0939E-09   
                274.E-06               353.88885E-09  
                276.E-06               358.76935E-09  
                278.E-06               363.74222E-09  
                280.E-06               368.81384E-09  
                282.E-06               373.98923E-09  
                284.E-06               379.27182E-09  
                285.99997E-06          384.66299E-09  
                288.00003E-06          390.16232E-09  
                290.E-06               395.76758E-09  
                292.00003E-06          401.47531E-09  
                294.E-06               407.28143E-09  
                296.E-06               413.1817E-09   
                298.E-06               419.17236E-09  
                299.99997E-06          425.25037E-09  
                302.E-06               431.41351E-09  
                304.E-06               437.6601E-09   
                306.E-06               443.98901E-09  
                308.E-06               450.39917E-09  
                310.E-06               456.88913E-09  
                311.99997E-06          463.45709E-09  
                314.E-06               470.10059E-09  
                316.E-06               476.81689E-09  
                318.00003E-06          483.60306E-09  
                320.E-06               490.45639E-09  
                322.E-06               497.37476E-09  
                324.E-06               504.35663E-09  
                326.E-06               511.40164E-09  
                328.E-06               518.50983E-09  
                330.E-06               525.68188E-09  
                332.E-06               532.9187E-09   
                334.00003E-06          540.2207E-09   
                336.E-06               547.58795E-09  
                338.E-06               555.01947E-09  
                340.E-06               562.51349E-09  
                341.99997E-06          570.0672E-09   
                344.E-06               577.67725E-09  
                346.E-06               585.33978E-09  
                348.E-06               593.05066E-09  
                350.E-06               600.80609E-09  
                352.E-06               608.60217E-09  
                354.E-06               616.43573E-09  
                356.E-06               624.30341E-09  
                357.99997E-06          632.20258E-09  
                360.E-06               640.13031E-09  
                362.E-06               648.08398E-09  
                364.E-06               656.06055E-09  
                366.E-06               664.05719E-09  
                368.E-06               672.07056E-09  
                370.E-06               680.09741E-09  
                372.E-06               688.13434E-09  
                373.99997E-06          696.17786E-09  
                376.00003E-06          704.22491E-09  
                378.E-06               712.27222E-09  
                380.00003E-06          720.31689E-09  
                382.E-06               728.35632E-09  
                384.E-06               736.38806E-09  
                386.E-06               744.4104E-09   
                387.99997E-06          752.42145E-09  
                390.00003E-06          760.42023E-09  
                392.E-06               768.40588E-09  
                394.E-06               776.37811E-09  
                396.E-06               784.33661E-09  
                398.E-06               792.28162E-09  
                399.99997E-06          800.21338E-09  
                402.E-06               808.13226E-09  
                403.99997E-06          816.039E-09    
                406.00003E-06          823.93457E-09  
                408.E-06               831.82001E-09  
                410.E-06               839.6969E-09   
                412.E-06               847.56732E-09  
                414.E-06               855.43384E-09  
                416.E-06               863.29962E-09  
                418.E-06               871.16803E-09  
                420.E-06               879.04285E-09  
                422.00003E-06          886.92767E-09  
                424.E-06               894.82599E-09  
                426.E-06               902.74091E-09  
                428.E-06               910.67474E-09  
                429.99997E-06          918.62946E-09  
                432.E-06               926.6062E-09   
                434.E-06               934.60608E-09  
                436.E-06               942.62964E-09  
                438.E-06               950.67767E-09  
                440.E-06               958.75104E-09  
                442.E-06               966.85095E-09  
                444.E-06               974.97931E-09  
                445.99997E-06          983.13782E-09  
                448.E-06               991.32898E-09  
                450.E-06               999.55499E-09  
                452.00003E-06            1.0078182E-06
                454.E-06                 1.0161213E-06
                456.E-06                 1.024466E-06 
                458.E-06                 1.0328549E-06
                460.E-06                 1.0412903E-06
                461.99997E-06            1.0497745E-06
                464.00003E-06            1.0583107E-06
                466.E-06                 1.0669022E-06
                468.00003E-06            1.0755526E-06
                470.E-06                 1.0842657E-06
                471.99997E-06            1.0930462E-06
                474.E-06                 1.1018978E-06
                475.99997E-06            1.1108247E-06
                478.E-06                 1.1198304E-06
                480.E-06                 1.1289178E-06
                482.E-06                 1.1380895E-06
                484.E-06                 1.1473477E-06
                486.E-06                 1.1566937E-06
                487.99997E-06            1.1661288E-06
                490.E-06                 1.1756542E-06
                492.E-06                 1.1852707E-06
                494.E-06                 1.1949795E-06
                496.E-06                 1.2047813E-06
                498.E-06                 1.2146767E-06
                500.E-06                 1.2246665E-06




