
                    X                   _temp_1       

                  0.                     0.           
                  2.E-06                39.999996E-06 
                  4.E-06                79.999985E-06 
                  6.E-06               120.00004E-06  
                  8.E-06               159.99998E-06  
                 10.E-06               199.99988E-06  
                 12.E-06               240.00006E-06  
                 14.E-06               280.00006E-06  
                 16.E-06               320.00009E-06  
                 18.000002E-06         360.00009E-06  
                 20.E-06               400.00009E-06  
                 22.E-06               440.00006E-06  
                 24.E-06               480.00018E-06  
                 26.E-06               520.00012E-06  
                 28.E-06               560.00018E-06  
                 30.E-06               599.99908E-06  
                 32.E-06               640.00018E-06  
                 34.E-06               680.00024E-06  
                 36.000004E-06         720.00018E-06  
                 38.E-06               759.99756E-06  
                 40.E-06               800.00024E-06  
                 42.E-06               840.00012E-06  
                 44.E-06               880.00031E-06  
                 46.E-06               920.00018E-06  
                 48.E-06               960.00037E-06  
                 49.999996E-06           1.0000002E-03
                 52.E-06                 1.0400002E-03
                 54.E-06                 1.0800002E-03
                 56.E-06                 1.1200002E-03
                 58.000004E-06           1.1600002E-03
                 60.E-06                 1.2000002E-03
                 62.E-06                 1.2400002E-03
                 64.E-06                 1.2800003E-03
                 66.E-06                 1.3200004E-03
                 68.E-06                 1.3600003E-03
                 70.E-06                 1.4000005E-03
                 72.000008E-06           1.4400003E-03
                 74.E-06                 1.4800004E-03
                 76.E-06                 1.5200002E-03
                 77.999992E-06           1.5600002E-03
                 80.E-06                 1.6000003E-03
                 82.E-06                 1.6400002E-03
                 84.E-06                 1.6800004E-03
                 86.E-06                 1.7200004E-03
                 88.E-06                 1.7600003E-03
                 90.E-06                 1.8000004E-03
                 92.E-06                 1.8400005E-03
                 94.000008E-06           1.8800005E-03
                 96.E-06                 1.9200007E-03
                 98.E-06                 1.9600003E-03
                 99.999992E-06           2.0000005E-03
                102.E-06                 2.0400004E-03
                104.E-06                 2.0800006E-03
                106.E-06                 2.1200006E-03
                108.E-06                 2.1600006E-03
                110.E-06                 2.2000008E-03
                112.E-06                 2.2400007E-03
                114.E-06                 2.2800009E-03
                116.00001E-06            2.3200006E-03
                117.99999E-06            2.3599834E-03
                120.E-06                 2.4000006E-03
                121.99999E-06            2.4400008E-03
                124.E-06                 2.4799826E-03
                126.E-06                 2.5199826E-03
                128.E-06                 2.5599821E-03
                130.E-06                 2.6000192E-03
                132.E-06                 2.6400201E-03
                134.E-06                 2.6800199E-03
                136.E-06                 2.7200203E-03
                138.E-06                 2.7600205E-03
                140.E-06                 2.8000212E-03
                142.E-06                 2.8400214E-03
                144.00002E-06            2.880022E-03 
                146.00002E-06            2.9200225E-03
                148.E-06                 2.9600222E-03
                149.99998E-06            2.9999788E-03
                152.E-06                 3.039979E-03 
                154.E-06                 3.0799787E-03
                155.99998E-06            3.1199782E-03
                158.E-06                 3.1599779E-03
                160.E-06                 3.1999779E-03
                162.E-06                 3.2399774E-03
                164.E-06                 3.2799771E-03
                166.E-06                 3.3199768E-03
                168.E-06                 3.3599765E-03
                170.E-06                 3.3999763E-03
                172.E-06                 3.440026E-03 
                174.E-06                 3.4800262E-03
                176.E-06                 3.5200264E-03
                178.E-06                 3.5600266E-03
                180.E-06                 3.6000271E-03
                182.E-06                 3.6400273E-03
                184.E-06                 3.6800275E-03
                186.E-06                 3.7200284E-03
                188.00002E-06            3.7600286E-03
                190.00002E-06            3.8000288E-03
                192.E-06                 3.840029E-03 
                193.99998E-06            3.8799727E-03
                196.E-06                 3.9199727E-03
                198.E-06                 3.9599724E-03
                199.99998E-06            3.9999723E-03
                201.99998E-06            4.0399718E-03
                204.E-06                 4.0799713E-03
                206.E-06                 4.1199713E-03
                208.E-06                 4.1599712E-03
                210.E-06                 4.1999712E-03
                212.E-06                 4.2399702E-03
                214.E-06                 4.2799702E-03
                216.E-06                 4.3200331E-03
                218.E-06                 4.3600326E-03
                220.E-06                 4.400033E-03 
                222.E-06                 4.4400334E-03
                224.E-06                 4.4800339E-03
                226.00002E-06            4.5200338E-03
                228.E-06                 4.5600348E-03
                230.E-06                 4.6000347E-03
                232.00002E-06            4.6400352E-03
                234.00002E-06            4.6800351E-03
                235.99998E-06            4.7199669E-03
                237.99998E-06            4.7599669E-03
                240.E-06                 4.7999663E-03
                242.E-06                 4.8399668E-03
                243.99998E-06            4.8799663E-03
                246.E-06                 4.9200368E-03
                248.E-06                 4.9600368E-03
                250.E-06                 5.0000377E-03
                252.E-06                 5.0400381E-03
                254.00002E-06            5.0800381E-03
                256.E-06                 5.120038E-03 
                258.E-06                 5.1598887E-03
                260.E-06                 5.2000384E-03
                262.E-06                 5.2398872E-03
                264.E-06                 5.2800403E-03
                266.E-06                 5.3198848E-03
                268.E-06                 5.3600407E-03
                269.99997E-06            5.3998842E-03
                272.E-06                 5.4400411E-03
                274.E-06                 5.4798822E-03
                276.E-06                 5.5200415E-03
                278.E-06                 5.5598803E-03
                280.E-06                 5.6000428E-03
                282.E-06                 5.6400423E-03
                284.E-06                 5.6800427E-03
                285.99997E-06            5.7200432E-03
                288.00003E-06            5.7600436E-03
                290.E-06                 5.8000441E-03
                292.00003E-06            5.840044E-03 
                294.E-06                 5.8800445E-03
                296.E-06                 5.9200439E-03
                298.E-06                 5.9600444E-03
                299.99997E-06            5.9998713E-03
                302.E-06                 6.0400453E-03
                304.E-06                 6.0798693E-03
                306.E-06                 6.1200457E-03
                308.E-06                 6.1598673E-03
                310.E-06                 6.2000465E-03
                311.99997E-06            6.2398658E-03
                314.E-06                 6.2800474E-03
                316.E-06                 6.3198647E-03
                318.00003E-06            6.3600478E-03
                320.E-06                 6.3998613E-03
                322.E-06                 6.4400492E-03
                324.E-06                 6.4800482E-03
                326.E-06                 6.5200491E-03
                328.E-06                 6.5600495E-03
                330.E-06                 6.6000504E-03
                332.E-06                 6.6400504E-03
                334.00003E-06            6.6800499E-03
                336.E-06                 6.7200508E-03
                338.E-06                 6.7600508E-03
                340.E-06                 6.8000507E-03
                341.99997E-06            6.8398523E-03
                344.E-06                 6.8800511E-03
                346.E-06                 6.9198513E-03
                348.E-06                 6.9600525E-03
                350.E-06                 6.9998493E-03
                352.E-06                 7.0400534E-03
                354.E-06                 7.0798483E-03
                356.E-06                 7.1200538E-03
                357.99997E-06            7.1598458E-03
                360.E-06                 7.2000542E-03
                362.E-06                 7.2398438E-03
                364.E-06                 7.2800555E-03
                366.E-06                 7.320055E-03 
                368.E-06                 7.3600554E-03
                370.E-06                 7.4000564E-03
                372.E-06                 7.4400563E-03
                373.99997E-06            7.4800568E-03
                376.00003E-06            7.5200562E-03
                378.E-06                 7.5600567E-03
                380.00003E-06            7.6000571E-03
                382.E-06                 7.6400571E-03
                384.E-06                 7.680058E-03 
                386.E-06                 7.7200575E-03
                387.99997E-06            7.7598333E-03
                390.00003E-06            7.8000588E-03
                392.E-06                 7.8398294E-03
                394.E-06                 7.8800592E-03
                396.E-06                 7.9198294E-03
                398.E-06                 7.9600596E-03
                399.99997E-06            7.9998274E-03
                402.E-06                 8.04006E-03  
                403.99997E-06            8.0798254E-03
                406.00003E-06            8.1200609E-03
                408.E-06                 8.1600609E-03
                410.E-06                 8.2000618E-03
                412.E-06                 8.2400618E-03
                414.E-06                 8.2800617E-03
                416.E-06                 8.3200626E-03
                418.E-06                 8.3600626E-03
                420.E-06                 8.4000626E-03
                422.00003E-06            8.4400635E-03
                424.E-06                 8.4800634E-03
                426.E-06                 8.5200634E-03
                428.E-06                 8.5600634E-03
                429.99997E-06            8.5998154E-03
                432.E-06                 8.6400652E-03
                434.E-06                 8.6798115E-03
                436.E-06                 8.7200651E-03
                438.E-06                 8.7598114E-03
                440.E-06                 8.800066E-03 
                442.E-06                 8.8398094E-03
                444.E-06                 8.8800669E-03
                445.99997E-06            8.9198065E-03
                448.E-06                 8.9600677E-03
                450.E-06                 9.0000668E-03
                452.00003E-06            9.0400677E-03
                454.E-06                 9.0800686E-03
                456.E-06                 9.1200686E-03
                458.E-06                 9.1600685E-03
                460.E-06                 9.2000694E-03
                461.99997E-06            9.2400694E-03
                464.00003E-06            9.2800684E-03
                466.E-06                 9.3200703E-03
                468.00003E-06            9.3600693E-03
                470.E-06                 9.4000702E-03
                471.99997E-06            9.4397964E-03
                474.E-06                 9.4800701E-03
                475.99997E-06            9.5197945E-03
                478.E-06                 9.560071E-03 
                480.E-06                 9.5997925E-03
                482.E-06                 9.6400728E-03
                484.E-06                 9.6797915E-03
                486.E-06                 9.7200727E-03
                487.99997E-06            9.7597895E-03
                490.E-06                 9.8000727E-03
                492.E-06                 9.8400736E-03
                494.E-06                 9.8800735E-03
                496.E-06                 9.9200745E-03
                498.E-06                 9.9600754E-03
                500.E-06                 9.9999981E-03




