
                    X                   _temp_6       

                  0.                     0.           
                  2.E-06                 0.           
                  4.E-06                 0.           
                  6.E-06                23.362585E-15 
                  8.E-06               859.03595E-15  
                 10.E-06                11.552195E-12 
                 12.E-06                89.629166E-12 
                 14.E-06               485.83371E-12  
                 16.E-06                 2.0386972E-09
                 18.000002E-06           7.0494528E-09
                 20.E-06                20.929609E-09 
                 22.E-06                54.907402E-09 
                 24.E-06               129.96896E-09  
                 26.E-06               281.98648E-09  
                 28.E-06               567.67987E-09  
                 30.E-06                 1.0707442E-06
                 32.E-06                 1.9072421E-06
                 34.E-06                 3.2293029E-06
                 36.000004E-06           5.2263255E-06
                 38.E-06                 8.1232557E-06
                 40.E-06                12.175961E-06 
                 42.E-06                17.664215E-06 
                 44.E-06                24.883074E-06 
                 46.E-06                34.133419E-06 
                 48.E-06                45.712234E-06 
                 49.999996E-06          59.902672E-06 
                 52.E-06                76.963501E-06 
                 54.E-06                97.117241E-06 
                 56.E-06               120.53661E-06  
                 58.000004E-06         147.32903E-06  
                 60.E-06               177.52063E-06  
                 62.E-06               211.04173E-06  
                 64.E-06               247.71678E-06  
                 66.E-06               287.26242E-06  
                 68.E-06               329.29575E-06  
                 70.E-06               373.3548E-06   
                 72.000008E-06         418.92902E-06  
                 74.E-06               465.49704E-06  
                 76.E-06               512.56561E-06  
                 77.999992E-06         559.7027E-06   
                 80.E-06               606.55988E-06  
                 82.E-06               652.87823E-06  
                 84.E-06               698.47931E-06  
                 86.E-06               743.24213E-06  
                 88.E-06               787.07562E-06  
                 90.E-06               829.89227E-06  
                 92.E-06               871.59363E-06  
                 94.000008E-06         912.07257E-06  
                 96.E-06               951.23358E-06  
                 98.E-06               989.02765E-06  
                 99.999992E-06           1.0254933E-03
                102.E-06                 1.0607907E-03
                104.E-06                 1.0952193E-03
                106.E-06                 1.1292077E-03
                108.E-06                 1.1632736E-03
                110.E-06                 1.1979574E-03
                112.E-06                 1.2337416E-03
                114.E-06                 1.2709694E-03
                116.00001E-06            1.3097813E-03
                117.99999E-06            1.3500847E-03
                120.E-06                 1.3915634E-03
                121.99999E-06            1.4337292E-03
                124.E-06                 1.476002E-03 
                126.E-06                 1.5178058E-03
                128.E-06                 1.5586582E-03
                130.E-06                 1.5982322E-03
                132.E-06                 1.636381E-03 
                134.E-06                 1.673116E-03 
                136.E-06                 1.7085478E-03
                138.E-06                 1.7428035E-03
                140.E-06                 1.7759414E-03
                142.E-06                 1.8078856E-03
                144.00002E-06            1.8383981E-03
                146.00002E-06            1.8670951E-03
                148.E-06                 1.8935081E-03
                149.99998E-06            1.9171741E-03
                152.E-06                 1.9377351E-03
                154.E-06                 1.955025E-03 
                155.99998E-06            1.9691186E-03
                158.E-06                 1.9803364E-03
                160.E-06                 1.9891942E-03
                162.E-06                 1.9963144E-03
                164.E-06                 2.0023153E-03
                166.E-06                 2.0076973E-03
                168.E-06                 2.0127606E-03
                170.E-06                 2.0175607E-03
                172.E-06                 2.0219185E-03
                174.E-06                 2.02548E-03  
                176.E-06                 2.0278101E-03
                178.E-06                 2.0285029E-03
                180.E-06                 2.0272837E-03
                182.E-06                 2.02408E-03  
                184.E-06                 2.0190539E-03
                186.E-06                 2.0125813E-03
                188.00002E-06            2.0051932E-03
                190.00002E-06            1.9974883E-03
                192.E-06                 1.9900359E-03
                193.99998E-06            1.9832915E-03
                196.E-06                 1.9775412E-03
                198.E-06                 1.9728823E-03
                199.99998E-06            1.9692453E-03
                201.99998E-06            1.9664469E-03
                204.E-06                 1.9642643E-03
                206.E-06                 1.962512E-03 
                208.E-06                 1.9611062E-03
                210.E-06                 1.9601007E-03
                212.E-06                 1.9596925E-03
                214.E-06                 1.9601898E-03
                216.E-06                 1.9619523E-03
                218.E-06                 1.9653176E-03
                220.E-06                 1.9705217E-03
                222.E-06                 1.977636E-03 
                224.E-06                 1.9865309E-03
                226.00002E-06            1.9968736E-03
                228.E-06                 2.0081637E-03
                230.E-06                 2.0198002E-03
                232.00002E-06            2.0311751E-03
                234.00002E-06            2.0417678E-03
                235.99998E-06            2.0512342E-03
                237.99998E-06            2.0594687E-03
                240.E-06                 2.0666292E-03
                242.E-06                 2.0731192E-03
                243.99998E-06            2.0795295E-03
                246.E-06                 2.0865512E-03
                248.E-06                 2.0948765E-03
                250.E-06                 2.1051016E-03
                252.E-06                 2.1176565E-03
                254.00002E-06            2.1327698E-03
                256.E-06                 2.1504812E-03
                258.E-06                 2.1706874E-03
                260.E-06                 2.193222E-03 
                262.E-06                 2.2179425E-03
                264.E-06                 2.2448025E-03
                266.E-06                 2.2738996E-03
                268.E-06                 2.3054731E-03
                269.99997E-06            2.3398616E-03
                272.E-06                 2.3774183E-03
                274.E-06                 2.418411E-03 
                276.E-06                 2.46292E-03  
                278.E-06                 2.510766E-03 
                280.E-06                 2.5614812E-03
                282.E-06                 2.6143341E-03
                284.E-06                 2.6684072E-03
                285.99997E-06            2.722713E-03 
                288.00003E-06            2.7763233E-03
                290.E-06                 2.8284898E-03
                292.00003E-06            2.8787289E-03
                294.E-06                 2.9268556E-03
                296.E-06                 2.9729621E-03
                298.E-06                 3.017343E-03 
                299.99997E-06            3.0603955E-03
                302.E-06                 3.1025045E-03
                304.E-06                 3.1439483E-03
                306.E-06                 3.1848428E-03
                308.E-06                 3.2251294E-03
                310.E-06                 3.264612E-03 
                311.99997E-06            3.3030276E-03
                314.E-06                 3.3401365E-03
                316.E-06                 3.3757999E-03
                318.00003E-06            3.4100363E-03
                320.E-06                 3.4430356E-03
                322.E-06                 3.4751303E-03
                324.E-06                 3.5067339E-03
                326.E-06                 3.538255E-03 
                328.E-06                 3.5700111E-03
                330.E-06                 3.6021636E-03
                332.E-06                 3.6346807E-03
                334.00003E-06            3.6673422E-03
                336.E-06                 3.6997764E-03
                338.E-06                 3.7315276E-03
                340.E-06                 3.7621307E-03
                341.99997E-06            3.7911828E-03
                344.E-06                 3.8183939E-03
                346.E-06                 3.8436127E-03
                348.E-06                 3.8668206E-03
                350.E-06                 3.888103E-03 
                352.E-06                 3.9076068E-03
                354.E-06                 3.925493E-03 
                356.E-06                 3.9418974E-03
                357.99997E-06            3.9569023E-03
                360.E-06                 3.9705298E-03
                362.E-06                 3.9827502E-03
                364.E-06                 3.9934964E-03
                366.E-06                 4.002687E-03 
                368.E-06                 4.0102491E-03
                370.E-06                 4.0161352E-03
                372.E-06                 4.02033E-03  
                373.99997E-06            4.0228572E-03
                376.00003E-06            4.0237746E-03
                378.E-06                 4.0231752E-03
                380.00003E-06            4.0211797E-03
                382.E-06                 4.0179386E-03
                384.E-06                 4.0136223E-03
                386.E-06                 4.0084214E-03
                387.99997E-06            4.0025339E-03
                390.00003E-06            3.9961603E-03
                392.E-06                 3.989486E-03 
                394.E-06                 3.9826753E-03
                396.E-06                 3.9758627E-03
                398.E-06                 3.9691529E-03
                399.99997E-06            3.9626327E-03
                402.E-06                 3.9563854E-03
                403.99997E-06            3.9505103E-03
                406.00003E-06            3.9451392E-03
                408.E-06                 3.9404519E-03
                410.E-06                 3.9366732E-03
                412.E-06                 3.9340575E-03
                414.E-06                 3.932864E-03 
                416.E-06                 3.9333165E-03
                418.E-06                 3.9355707E-03
                420.E-06                 3.9396822E-03
                422.00003E-06            3.9455914E-03
                424.E-06                 3.95313E-03  
                426.E-06                 3.9620438E-03
                428.E-06                 3.9720325E-03
                429.99997E-06            3.9828019E-03
                432.E-06                 3.9941106E-03
                434.E-06                 4.0058045E-03
                436.E-06                 4.0178399E-03
                438.E-06                 4.0302758E-03
                440.E-06                 4.0432534E-03
                442.E-06                 4.0569601E-03
                444.E-06                 4.0715814E-03
                445.99997E-06            4.0872712E-03
                448.E-06                 4.1041265E-03
                450.E-06                 4.1221786E-03
                452.00003E-06            4.1414127E-03
                454.E-06                 4.1617899E-03
                456.E-06                 4.1832848E-03
                458.E-06                 4.2059135E-03
                460.E-06                 4.2297564E-03
                461.99997E-06            4.2549553E-03
                464.00003E-06            4.281702E-03 
                466.E-06                 4.3102031E-03
                468.00003E-06            4.3406434E-03
                470.E-06                 4.3731494E-03
                471.99997E-06            4.4077573E-03
                474.E-06                 4.4444036E-03
                475.99997E-06            4.4829311E-03
                478.E-06                 4.5231085E-03
                480.E-06                 4.5646715E-03
                482.E-06                 4.6073518E-03
                484.E-06                 4.6509194E-03
                486.E-06                 4.6951928E-03
                487.99997E-06            4.7400537E-03
                490.E-06                 4.7854319E-03
                492.E-06                 4.8312855E-03
                494.E-06                 4.8775787E-03
                496.E-06                 4.9242606E-03
                498.E-06                 4.9712481E-03
                500.E-06                 5.0184255E-03




