
                    X                   _temp_6       

                  0.                     0.           
                  2.E-06                 0.           
                  4.E-06                 0.           
                  6.E-06                 0.           
                  8.E-06                 0.           
                 10.E-06                 0.           
                 12.E-06              -815.28638E-12  
                 14.E-06                -4.8091397E-09
                 16.E-06               -11.661761E-09 
                 18.000002E-06         -20.838123E-09 
                 20.E-06               -31.652008E-09 
                 22.E-06               -43.346931E-09 
                 24.E-06               -55.183155E-09 
                 26.E-06               -66.519478E-09 
                 28.E-06               -76.879196E-09 
                 30.E-06               -85.992218E-09 
                 32.E-06               -93.808517E-09 
                 34.E-06              -100.48242E-09  
                 36.000004E-06        -106.33094E-09  
                 38.E-06              -111.77305E-09  
                 40.E-06              -117.25923E-09  
                 42.E-06              -123.20146E-09  
                 44.E-06              -129.91335E-09  
                 46.E-06              -137.56871E-09  
                 48.E-06              -146.18336E-09  
                 49.999996E-06        -155.62154E-09  
                 52.E-06              -165.62503E-09  
                 54.E-06              -175.85936E-09  
                 56.E-06              -185.96938E-09  
                 58.000004E-06        -195.63562E-09  
                 60.E-06              -204.62236E-09  
                 62.E-06              -212.81113E-09  
                 64.E-06              -220.21437E-09  
                 66.E-06              -226.96848E-09  
                 68.E-06              -233.30775E-09  
                 70.E-06              -239.5239E-09   
                 72.000008E-06        -245.91823E-09  
                 74.E-06              -252.7538E-09   
                 76.E-06              -260.21512E-09  
                 77.999992E-06        -265.95239E-09  
                 80.E-06              -269.31091E-09  
                 82.E-06              -270.5842E-09   
                 84.E-06              -270.17111E-09  
                 86.E-06              -268.53983E-09  
                 88.E-06              -266.18542E-09  
                 90.E-06              -263.58575E-09  
                 92.E-06              -261.16061E-09  
                 94.000008E-06        -259.23819E-09  
                 96.E-06              -258.03229E-09  
                 98.E-06              -257.63254E-09  
                 99.999992E-06        -258.00845E-09  
                102.E-06              -259.02667E-09  
                104.E-06              -260.47818E-09  
                106.E-06              -262.1127E-09   
                108.E-06              -263.67569E-09  
                110.E-06              -264.94308E-09  
                112.E-06              -265.74957E-09  
                114.E-06              -266.00754E-09  
                116.00001E-06         -265.71426E-09  
                117.99999E-06         -264.94696E-09  
                120.E-06              -263.84744E-09  
                121.99999E-06         -262.59818E-09  
                124.E-06              -261.39401E-09  
                126.E-06              -260.41327E-09  
                128.E-06              -259.7926E-09   
                130.E-06              -259.60907E-09  
                132.E-06              -259.87109E-09  
                134.E-06              -260.5202E-09   
                136.E-06              -261.44232E-09  
                138.E-06              -262.48669E-09  
                140.E-06              -263.48975E-09  
                142.E-06              -264.30014E-09  
                144.00002E-06         -264.80075E-09  
                146.00002E-06         -264.92548E-09  
                148.E-06              -264.6673E-09   
                149.99998E-06         -264.07785E-09  
                152.E-06              -263.25748E-09  
                154.E-06              -262.33896E-09  
                155.99998E-06         -261.46603E-09  
                158.E-06              -260.77115E-09  
                160.E-06              -260.35571E-09  
                162.E-06              -260.27475E-09  
                164.E-06              -260.52963E-09  
                166.E-06              -261.06897E-09  
                168.E-06              -261.797E-09    
                170.E-06              -262.58923E-09  
                172.E-06              -263.31131E-09  
                174.E-06              -263.83899E-09  
                176.E-06              -264.07645E-09  
                178.E-06              -263.96851E-09  
                180.E-06              -263.50699E-09  
                182.E-06              -262.72852E-09  
                184.E-06              -261.70535E-09  
                186.E-06              -260.52997E-09  
                188.00002E-06         -259.29636E-09  
                190.00002E-06         -258.08057E-09  
                192.E-06              -256.92349E-09  
                193.99998E-06         -255.81863E-09  
                196.E-06              -254.7065E-09   
                198.E-06              -253.47659E-09  
                199.99998E-06         -251.97592E-09  
                201.99998E-06         -250.02396E-09  
                204.E-06              -247.43005E-09  
                206.E-06              -244.01212E-09  
                208.E-06              -239.61314E-09  
                210.E-06              -234.1133E-09   
                212.E-06              -227.43634E-09  
                214.E-06              -219.54961E-09  
                216.E-06              -210.45818E-09  
                218.E-06              -200.19455E-09  
                220.E-06              -188.80609E-09  
                222.E-06              -176.34276E-09  
                224.E-06              -162.8472E-09   
                226.00002E-06         -148.34962E-09  
                228.E-06              -132.86794E-09  
                230.E-06              -116.41366E-09  
                232.00002E-06          -99.002594E-09 
                234.00002E-06          -80.668335E-09 
                235.99998E-06          -61.476349E-09 
                237.99998E-06          -41.535885E-09 
                240.E-06               -21.00738E-09  
                242.E-06              -103.42838E-12  
                243.99998E-06           20.917551E-09 
                246.E-06                41.764843E-09 
                248.E-06                62.134888E-09 
                250.E-06                81.734512E-09 
                252.E-06               100.30512E-09  
                254.00002E-06          117.64477E-09  
                256.E-06               133.6252E-09   
                258.E-06               148.20166E-09  
                260.E-06               161.41397E-09  
                262.E-06               173.37865E-09  
                264.E-06               184.27299E-09  
                266.E-06               194.31271E-09  
                268.E-06               203.72635E-09  
                269.99997E-06          212.72858E-09  
                272.E-06               221.49634E-09  
                274.E-06               230.1499E-09   
                276.E-06               238.74057E-09  
                278.E-06               247.24664E-09  
                280.E-06               255.57709E-09  
                282.E-06               263.5824E-09   
                284.E-06               271.07062E-09  
                285.99997E-06          277.82712E-09  
                288.00003E-06          283.63516E-09  
                290.E-06               288.29599E-09  
                292.00003E-06          291.64627E-09  
                294.E-06               293.57172E-09  
                296.E-06               294.01691E-09  
                298.E-06               292.99069E-09  
                299.99997E-06          290.5675E-09   
                302.E-06               286.8858E-09   
                304.E-06               282.14297E-09  
                306.E-06               276.5885E-09   
                308.E-06               270.5145E-09   
                310.E-06               264.24417E-09  
                311.99997E-06          258.11832E-09  
                314.E-06               252.47865E-09  
                316.E-06               247.65038E-09  
                318.00003E-06          243.92175E-09  
                320.E-06               241.52399E-09  
                322.E-06               240.61154E-09  
                324.E-06               241.24562E-09  
                326.E-06               243.3824E-09   
                328.E-06               246.86839E-09  
                330.E-06               251.4444E-09   
                332.E-06               256.75955E-09  
                334.00003E-06          262.39435E-09  
                336.E-06               267.89282E-09  
                338.E-06               272.80048E-09  
                340.E-06               276.70496E-09  
                341.99997E-06          279.27545E-09  
                344.E-06               280.29645E-09  
                346.E-06               279.69165E-09  
                348.E-06               277.53485E-09  
                350.E-06               274.04645E-09  
                352.E-06               269.57361E-09  
                354.E-06               264.55743E-09  
                356.E-06               259.48929E-09  
                357.99997E-06          254.86046E-09  
                360.E-06               251.11127E-09  
                362.E-06               248.58478E-09  
                364.E-06               247.49091E-09  
                366.E-06               247.88445E-09  
                368.E-06               249.66022E-09  
                370.E-06               252.56538E-09  
                372.E-06               256.22821E-09  
                373.99997E-06          260.19934E-09  
                376.00003E-06          264.00116E-09  
                378.E-06               267.17917E-09  
                380.00003E-06          269.34964E-09  
                382.E-06               270.23816E-09  
                384.E-06               269.70428E-09  
                386.E-06               267.75037E-09  
                387.99997E-06          264.513E-09    
                390.00003E-06          260.23978E-09  
                392.E-06               255.25299E-09  
                394.E-06               249.9061E-09   
                396.E-06               244.53792E-09  
                398.E-06               239.42969E-09  
                399.99997E-06          234.77048E-09  
                402.E-06               230.63452E-09  
                403.99997E-06          226.97267E-09  
                406.00003E-06          223.61832E-09  
                408.E-06               220.30681E-09  
                410.E-06               216.70549E-09  
                412.E-06               212.44989E-09  
                414.E-06               207.18257E-09  
                416.E-06               200.58902E-09  
                418.E-06               192.42764E-09  
                420.E-06               182.55011E-09  
                422.00003E-06          170.91086E-09  
                424.E-06               157.56526E-09  
                426.E-06               142.65749E-09  
                428.E-06               126.40054E-09  
                429.99997E-06          109.05113E-09  
                432.E-06                90.882805E-09 
                434.E-06                72.160698E-09 
                436.E-06                53.120518E-09 
                438.E-06                33.953949E-09 
                440.E-06                14.801486E-09 
                442.E-06                -4.2471838E-09
                444.E-06               -23.146044E-09 
                445.99997E-06          -41.880486E-09 
                448.E-06               -60.451839E-09 
                450.E-06               -78.861076E-09 
                452.00003E-06          -97.093834E-09 
                454.E-06              -115.10853E-09  
                456.E-06              -132.82907E-09  
                458.E-06              -150.14267E-09  
                460.E-06              -166.90332E-09  
                461.99997E-06         -182.93982E-09  
                464.00003E-06         -198.06775E-09  
                466.E-06              -212.1042E-09   
                468.00003E-06         -224.88303E-09  
                470.E-06              -236.26971E-09  
                471.99997E-06         -246.17409E-09  
                474.E-06              -254.55934E-09  
                475.99997E-06         -261.44717E-09  
                478.E-06              -266.91751E-09  
                480.E-06              -271.10327E-09  
                482.E-06              -274.18127E-09  
                484.E-06              -276.35815E-09  
                486.E-06              -277.85403E-09  
                487.99997E-06         -278.88538E-09  
                490.E-06              -279.64685E-09  
                492.E-06              -280.29633E-09  
                494.E-06              -280.94238E-09  
                496.E-06              -281.63699E-09  
                498.E-06              -282.37305E-09  
                500.E-06              -283.08875E-09  




