
                    X                   _temp_7       

                  0.                     0.           
                  2.E-06                 0.           
                  4.E-06                 0.           
                  6.E-06                 0.           
                  8.E-06                 0.           
                 10.E-06                 0.           
                 12.E-06                 0.           
                 14.E-06                 0.           
                 16.E-06                 0.           
                 18.000002E-06          -4.6128206E-06
                 20.E-06              -157.47801E-06  
                 22.E-06                -2.0767193E-03
                 24.E-06               -16.300217E-03 
                 26.E-06               -91.107117E-03 
                 28.E-06              -399.15002E-03  
                 30.E-06                -1.4532828    
                 32.E-06                -4.5707865    
                 34.E-06               -12.758739     
                 36.000004E-06         -32.238033     
                 38.E-06               -74.838547     
                 40.E-06              -161.459        
                 42.E-06              -326.67047      
                 44.E-06              -624.34015      
                 46.E-06                -1.1338661E+03
                 48.E-06                -1.9662706E+03
                 49.999996E-06          -3.2690485E+03
                 52.E-06                -5.2283802E+03
                 54.E-06                -8.0671721E+03
                 56.E-06               -12.037463E+03 
                 58.000004E-06         -17.406107E+03 
                 60.E-06               -24.433296E+03 
                 62.E-06               -33.344452E+03 
                 64.E-06               -44.297153E+03 
                 66.E-06               -57.345985E+03 
                 68.E-06               -72.409279E+03 
                 70.E-06               -89.242439E+03 
                 72.000008E-06        -107.42282E+03  
                 74.E-06              -126.3507E+03   
                 76.E-06              -145.26958E+03  
                 77.999992E-06        -163.30728E+03  
                 80.E-06              -179.53687E+03  
                 82.E-06              -193.05345E+03  
                 84.E-06              -203.06064E+03  
                 86.E-06              -208.9575E+03   
                 88.E-06              -210.41637E+03  
                 90.E-06              -207.44086E+03  
                 92.E-06              -200.39491E+03  
                 94.000008E-06        -189.99594E+03  
                 96.E-06              -177.26926E+03  
                 98.E-06              -163.46472E+03  
                 99.999992E-06        -149.94215E+03  
                102.E-06              -138.0356E+03   
                104.E-06              -128.91075E+03  
                106.E-06              -123.43169E+03  
                108.E-06              -122.05264E+03  
                110.E-06              -124.74946E+03  
                112.E-06              -131.00107E+03  
                114.E-06              -139.82578E+03  
                116.00001E-06         -149.87155E+03  
                117.99999E-06         -159.55188E+03  
                120.E-06              -167.2142E+03   
                121.99999E-06         -171.32243E+03  
                124.E-06              -170.63338E+03  
                126.E-06              -164.34642E+03  
                128.E-06              -152.20914E+03  
                130.E-06              -134.56538E+03  
                132.E-06              -112.33955E+03  
                134.E-06               -86.958E+03    
                136.E-06               -60.215778E+03 
                138.E-06               -34.103317E+03 
                140.E-06               -10.612563E+03 
                142.E-06                 8.4558506E+03
                144.00002E-06           21.663044E+03 
                146.00002E-06           28.061495E+03 
                148.E-06                27.270514E+03 
                149.99998E-06           19.490948E+03 
                152.E-06                 5.4596453E+03
                154.E-06               -13.648539E+03 
                155.99998E-06          -36.357822E+03 
                158.E-06               -61.050026E+03 
                160.E-06               -86.125412E+03 
                162.E-06              -110.14751E+03  
                164.E-06              -131.95639E+03  
                166.E-06              -150.74016E+03  
                168.E-06              -166.05971E+03  
                170.E-06              -177.82855E+03  
                172.E-06              -186.25475E+03  
                174.E-06              -191.75632E+03  
                176.E-06              -194.86392E+03  
                178.E-06              -196.12556E+03  
                180.E-06              -196.02568E+03  
                182.E-06              -194.92876E+03  
                184.E-06              -193.05246E+03  
                186.E-06              -190.47137E+03  
                188.00002E-06         -187.14702E+03  
                190.00002E-06         -182.97673E+03  
                192.E-06              -177.85161E+03  
                193.99998E-06         -171.71254E+03  
                196.E-06              -164.59482E+03  
                198.E-06              -156.65335E+03  
                199.99998E-06         -148.1647E+03   
                201.99998E-06         -139.5051E+03   
                204.E-06              -131.10751E+03  
                206.E-06              -123.40466E+03  
                208.E-06              -116.76581E+03  
                210.E-06              -111.43716E+03  
                212.E-06              -107.49448E+03  
                214.E-06              -104.81525E+03  
                216.E-06              -103.07513E+03  
                218.E-06              -101.76996E+03  
                220.E-06              -100.26198E+03  
                222.E-06               -97.844986E+03 
                224.E-06               -93.821838E+03 
                226.00002E-06          -87.585373E+03 
                228.E-06               -78.694115E+03 
                230.E-06               -66.934105E+03 
                232.00002E-06          -52.35997E+03  
                234.00002E-06          -35.310455E+03 
                235.99998E-06          -16.396034E+03 
                237.99998E-06            3.5409687E+03
                240.E-06                23.490715E+03 
                242.E-06                42.359413E+03 
                243.99998E-06           59.065075E+03 
                246.E-06                72.637077E+03 
                248.E-06                82.310951E+03 
                250.E-06                87.609505E+03 
                252.E-06                88.402718E+03 
                254.00002E-06           84.939812E+03 
                256.E-06                77.84935E+03  
                258.E-06                68.105415E+03 
                260.E-06                56.960789E+03 
                262.E-06                45.851261E+03 
                264.E-06                36.277618E+03 
                266.E-06                29.674891E+03 
                268.E-06                27.280012E+03 
                269.99997E-06           30.010206E+03 
                272.E-06                38.364376E+03 
                274.E-06                52.358322E+03 
                276.E-06                71.502258E+03 
                278.E-06                94.82515E+03  
                280.E-06               120.94616E+03  
                282.E-06               148.18834E+03  
                284.E-06               174.7252E+03   
                285.99997E-06          198.74631E+03  
                288.00003E-06          218.62581E+03  
                290.E-06               233.07605E+03  
                292.00003E-06          241.26968E+03  
                294.E-06               242.91629E+03  
                296.E-06               238.28433E+03  
                298.E-06               228.16478E+03  
                299.99997E-06          213.78009E+03  
                302.E-06               196.64769E+03  
                304.E-06               178.41353E+03  
                306.E-06               160.67465E+03  
                308.E-06               144.8112E+03   
                310.E-06               131.84781E+03  
                311.99997E-06          122.36037E+03  
                314.E-06               116.43881E+03  
                316.E-06               113.70991E+03  
                318.00003E-06          113.41577E+03  
                320.E-06               114.53757E+03  
                322.E-06               115.94737E+03  
                324.E-06               116.56818E+03  
                326.E-06               115.52083E+03  
                328.E-06               112.23867E+03  
                330.E-06               106.53545E+03  
                332.E-06                98.618217E+03 
                334.00003E-06           89.04483E+03  
                336.E-06                78.633316E+03 
                338.E-06                68.336937E+03 
                340.E-06                59.103523E+03 
                341.99997E-06           51.739769E+03 
                344.E-06                46.800201E+03 
                346.E-06                44.516895E+03 
                348.E-06                44.779919E+03 
                350.E-06                47.17107E+03  
                352.E-06                51.045502E+03 
                354.E-06                55.648743E+03 
                356.E-06                60.251202E+03 
                357.99997E-06           64.279503E+03 
                360.E-06                67.424164E+03 
                362.E-06                69.706329E+03 
                364.E-06                71.492096E+03 
                366.E-06                73.450401E+03 
                368.E-06                76.458817E+03 
                370.E-06                81.469246E+03 
                372.E-06                89.351616E+03 
                373.99997E-06          100.73762E+03  
                376.00003E-06          115.88682E+03  
                378.E-06               134.59528E+03  
                380.00003E-06          156.16124E+03  
                382.E-06               179.41515E+03  
                384.E-06               202.81264E+03  
                386.E-06               224.58075E+03  
                387.99997E-06          242.90027E+03  
                390.00003E-06          256.10233E+03  
                392.E-06               262.85516E+03  
                394.E-06               262.31802E+03  
                396.E-06               254.24332E+03  
                398.E-06               239.0144E+03   
                399.99997E-06          217.61501E+03  
                402.E-06               191.53351E+03  
                403.99997E-06          162.6147E+03   
                406.00003E-06          132.87604E+03  
                408.E-06               104.31056E+03  
                410.E-06                78.698509E+03 
                412.E-06                57.448025E+03 
                414.E-06                41.481258E+03 
                416.E-06                31.175661E+03 
                418.E-06                26.363499E+03 
                420.E-06                26.385763E+03 
                422.00003E-06           30.190601E+03 
                424.E-06                36.462311E+03 
                426.E-06                43.764668E+03 
                428.E-06                50.682365E+03 
                429.99997E-06           55.94643E+03  
                432.E-06                58.532776E+03 
                434.E-06                57.727604E+03 
                436.E-06                53.157734E+03 
                438.E-06                44.788116E+03 
                440.E-06                32.89193E+03  
                442.E-06                18.000393E+03 
                444.E-06               840.19922      
                445.99997E-06          -17.734293E+03 
                448.E-06               -36.808258E+03 
                450.E-06               -55.468998E+03 
                452.00003E-06          -72.861725E+03 
                454.E-06               -88.237679E+03 
                456.E-06              -100.99455E+03  
                458.E-06              -110.7093E+03   
                460.E-06              -117.16296E+03  
                461.99997E-06         -120.35641E+03  
                464.00003E-06         -120.51515E+03  
                466.E-06              -118.08096E+03  
                468.00003E-06         -113.68845E+03  
                470.E-06              -108.12517E+03  
                471.99997E-06         -102.2762E+03   
                474.E-06               -97.055595E+03 
                475.99997E-06          -93.329552E+03 
                478.E-06               -91.838493E+03 
                480.E-06               -93.125938E+03 
                482.E-06               -97.482803E+03 
                484.E-06              -104.91451E+03  
                486.E-06              -115.13627E+03  
                487.99997E-06         -127.59836E+03  
                490.E-06              -141.54008E+03  
                492.E-06              -156.06635E+03  
                494.E-06              -170.23833E+03  
                496.E-06              -183.16684E+03  
                498.E-06              -194.09683E+03  
                500.E-06              -202.47211E+03  




