
                  X               _temp_6     

                0.                 0.         
              174.816E-06        972.89       
              349.633E-06          1.70063E+03
              524.331E-06          2.15539E+03
              698.78E-06           2.52886E+03
              872.938E-06          3.0161E+03 
                1.04685E-03        3.60467E+03
                1.22056E-03        4.08626E+03
                1.394E-03          4.27043E+03
                1.56702E-03        4.17303E+03
                1.73945E-03        3.98917E+03
                1.91124E-03        3.88946E+03
                2.08239E-03        3.85932E+03
                2.25291E-03        3.74376E+03
                2.42273E-03        3.43598E+03
                2.59173E-03        3.00652E+03
                2.75984E-03        2.64362E+03
                2.92707E-03        2.47301E+03
                3.09351E-03        2.44571E+03
                3.25923E-03        2.40548E+03
                3.42422E-03        2.26068E+03
                3.58787E-03        2.08447E+03
                3.75017E-03        2.03947E+03
                3.91112E-03        2.21164E+03
                4.07072E-03        2.52333E+03
                4.22897E-03        2.80913E+03
                4.38588E-03        2.97082E+03
                4.54143E-03        3.05812E+03
                4.69564E-03        3.20532E+03
                4.84849E-03        3.49134E+03
                5.E-03             3.85877E+03




