
                  X               _temp_1     

                0.                 0.         
              174.816E-06          0.         
              349.633E-06         29.7322E-06 
              524.331E-06        111.365E-06  
              698.78E-06         258.521E-06  
              872.938E-06        482.199E-06  
                1.04685E-03      796.854E-06  
                1.22056E-03        1.21997E-03
                1.394E-03          1.76546E-03
                1.56702E-03        2.43759E-03
                1.73945E-03        3.23175E-03
                1.91124E-03        4.14087E-03
                2.08239E-03        5.16077E-03
                2.25291E-03        6.28933E-03
                2.42273E-03        7.52145E-03
                2.59173E-03        8.84602E-03
                2.75984E-03       10.2488E-03 
                2.92707E-03       11.7183E-03 
                3.09351E-03       13.2496E-03 
                3.25923E-03       14.8416E-03 
                3.42422E-03       16.4922E-03 
                3.58787E-03       18.1902E-03 
                3.75017E-03       19.9292E-03 
                3.91112E-03       21.7069E-03 
                4.07072E-03       23.5263E-03 
                4.22897E-03       25.3937E-03 
                4.38588E-03       27.3147E-03 
                4.54143E-03       29.2914E-03 
                4.69564E-03       31.3239E-03 
                4.84849E-03       33.4139E-03 
                5.E-03            35.566E-03  




