
                  X               _temp_2     

                0.                 0.         
              174.816E-06          0.         
              349.633E-06          0.         
              524.331E-06          0.         
              698.78E-06           0.         
              872.938E-06          0.         
                1.04685E-03        0.         
                1.22056E-03     -207.245E-03  
                1.394E-03         -2.05271    
                1.56702E-03      -10.2854     
                1.73945E-03      -34.3761     
                1.91124E-03      -85.1649     
                2.08239E-03     -164.17       
                2.25291E-03     -250.2        
                2.42273E-03     -296.266      
                2.59173E-03     -249.057      
                2.75984E-03      -86.2321     
                2.92707E-03      156.101      
                3.09351E-03      398.272      
                3.25923E-03      581.977      
                3.42422E-03      750.943      
                3.58787E-03        1.08173E+03
                3.75017E-03        1.81745E+03
                3.91112E-03        3.1299E+03 
                4.07072E-03        5.00161E+03
                4.22897E-03        7.22116E+03
                4.38588E-03        9.51897E+03
                4.54143E-03       11.7713E+03 
                4.69564E-03       14.1392E+03 
                4.84849E-03       17.0376E+03 
                5.E-03            20.9321E+03 




