********************************************************************************
Field Output Report, written Mon May 07 12:55:41 2012

Source 1
---------

   ODB: E:/Simulações/Renato/beam_20x1x1.odb
   Step: Step-1
   Frame: Increment      1: Step Time =    1.000

Loc 1 : Nodal values from source 1

Output sorted by column "Node Label".

Field Output reported at nodes for part: BEAM-1

            Node            U.U1            U.U2            U.U3
           Label          @Loc 1          @Loc 1          @Loc 1
-----------------------------------------------------------------
               1     9.07556E-06    -241.289E-06    -484.165E-09
               2    -9.06719E-06    -241.309E-06     479.573E-09
               3     9.07378E-06    -242.302E-06    -488.934E-09
               4    -9.07841E-06    -242.259E-06     484.165E-09
               5     9.04874E-06    -223.188E-06     -456.58E-09
               6    -9.05063E-06    -223.186E-06     458.857E-09
               7     9.05128E-06    -224.107E-06    -470.334E-09
               8    -9.05106E-06    -224.116E-06      469.58E-09
               9     8.98289E-06    -205.162E-06    -426.138E-09
              10    -8.98235E-06    -205.161E-06     425.077E-09
              11     8.98202E-06     -206.04E-06    -451.325E-09
              12    -8.98182E-06    -206.038E-06     452.138E-09
              13     8.86833E-06    -187.319E-06    -394.639E-09
              14    -8.86852E-06    -187.319E-06     395.119E-09
              15     8.86852E-06    -188.147E-06    -434.079E-09
              16    -8.86865E-06    -188.148E-06     433.639E-09
              17      8.7093E-06    -169.749E-06    -364.111E-09
              18    -8.70923E-06    -169.749E-06     363.897E-09
              19     8.70928E-06     -170.53E-06    -415.903E-09
              20    -8.70921E-06    -170.529E-06     416.111E-09
              21     8.50449E-06    -152.544E-06    -333.076E-09
              22    -8.50452E-06    -152.544E-06     333.171E-09
              23     8.50449E-06    -153.275E-06     -398.17E-09
              24    -8.50452E-06    -153.275E-06     398.076E-09
              25     8.25426E-06    -135.793E-06    -302.271E-09
              26    -8.25425E-06    -135.793E-06     302.229E-09
              27     8.25426E-06    -136.476E-06    -380.229E-09
              28    -8.25425E-06    -136.476E-06     380.271E-09
              29      7.9585E-06    -119.588E-06    -271.366E-09
              30    -7.95851E-06    -119.589E-06     271.384E-09
              31      7.9585E-06    -120.222E-06    -362.384E-09
              32    -7.95851E-06    -120.222E-06     362.366E-09
              33     7.61726E-06    -104.021E-06    -240.504E-09
              34    -7.61725E-06    -104.021E-06     240.496E-09
              35     7.61726E-06    -104.606E-06    -344.496E-09
              36    -7.61725E-06    -104.606E-06     344.504E-09
              37      7.2305E-06    -89.1812E-06    -209.623E-09
              38    -7.23051E-06    -89.1812E-06     209.627E-09
              39      7.2305E-06    -89.7175E-06    -326.627E-09
              40    -7.23051E-06    -89.7175E-06     326.623E-09
              41     6.79825E-06    -75.1606E-06    -178.751E-09
              42    -6.79825E-06    -75.1606E-06     178.749E-09
              43     6.79825E-06    -75.6481E-06    -308.749E-09
              44    -6.79825E-06    -75.6481E-06     308.751E-09
              45      6.3205E-06      -62.05E-06    -147.875E-09
              46    -6.32051E-06      -62.05E-06     147.875E-09
              47      6.3205E-06    -62.4887E-06    -290.875E-09
              48    -6.32051E-06    -62.4887E-06     290.875E-09
              49     5.79726E-06    -49.9403E-06       -117.E-09
              50    -5.79725E-06    -49.9403E-06        117.E-09
              51     5.79726E-06    -50.3303E-06       -273.E-09
              52    -5.79725E-06    -50.3303E-06        273.E-09
              53      5.2285E-06    -38.9227E-06    -86.1245E-09
              54     -5.2285E-06    -38.9227E-06     86.1247E-09
              55      5.2285E-06    -39.2639E-06    -255.125E-09
              56     -5.2285E-06    -39.2639E-06     255.125E-09
              57     4.61425E-06    -29.0881E-06    -55.2524E-09
              58    -4.61425E-06    -29.0881E-06     55.2524E-09
              59     4.61425E-06    -29.3806E-06    -237.248E-09
              60    -4.61425E-06    -29.3806E-06     237.248E-09
              61      3.9545E-06    -20.5274E-06    -24.3601E-09
              62     -3.9545E-06    -20.5274E-06     24.3602E-09
              63      3.9545E-06    -20.7712E-06     -219.39E-09
              64     -3.9545E-06    -20.7712E-06      219.39E-09
              65     3.24927E-06    -13.3318E-06     6.40881E-09
              66    -3.24927E-06    -13.3318E-06    -6.40883E-09
              67     3.24927E-06    -13.5268E-06    -201.409E-09
              68    -3.24927E-06    -13.5268E-06     201.409E-09
              69     2.49839E-06    -7.59224E-06     37.9353E-09
              70    -2.49839E-06    -7.59224E-06    -37.9353E-09
              71     2.49839E-06    -7.73849E-06    -184.185E-09
              72    -2.49839E-06    -7.73849E-06     184.185E-09
              73     1.70296E-06    -3.39902E-06     64.8073E-09
              74    -1.70296E-06    -3.39902E-06    -64.8073E-09
              75     1.70296E-06    -3.49652E-06    -162.307E-09
              76    -1.70296E-06    -3.49652E-06     162.307E-09
              77     856.152E-09    -848.027E-09     120.281E-09
              78    -856.152E-09    -848.027E-09    -120.281E-09
              79     856.152E-09    -896.777E-09    -169.031E-09
              80    -856.152E-09    -896.777E-09     169.031E-09
              81        125.E-36     -1.5625E-36     23.6918E-36
              82       -125.E-36     -1.5625E-36    -23.6918E-36
              83        125.E-36     -4.6875E-36    -26.8168E-36
              84       -125.E-36     -4.6875E-36     26.8168E-36


  Minimum           -9.07841E-06    -242.302E-06    -488.934E-09
         At Node               4               3               3

  Maximum            9.07556E-06     -1.5625E-36     484.165E-09
         At Node               1              82               4

           Total     2.59752E-09    -7.73530E-03    -8.05097E-09


