********************************************************************************
Field Output Report, written Mon May 07 12:50:03 2012

Source 1
---------

   ODB: E:/Simulações/Renato/beam_40x2x2.odb
   Step: Step-1
   Frame: Increment      1: Step Time =    1.000

Loc 1 : Nodal values from source 1

Output sorted by column "Node Label".

Field Output reported at nodes for part: BEAM-1

            Node            U.U1            U.U2            U.U3
           Label          @Loc 1          @Loc 1          @Loc 1
-----------------------------------------------------------------
               1     7.35407E-06    -195.929E-06    -474.306E-09
               2    -1.84061E-09    -195.922E-06    -2.29299E-09
               3     -7.3577E-06    -195.925E-06     482.541E-09
               4     7.36741E-06    -196.395E-06    -484.069E-09
               5      108.21E-12     -196.41E-06     4.37397E-09
               6    -7.35926E-06    -196.408E-06     479.383E-09
               7     7.37997E-06    -196.978E-06     -498.68E-09
               8     -9.1248E-09    -196.891E-06     9.61517E-09
               9    -7.35614E-06     -196.88E-06     474.306E-09
              10     7.35589E-06    -188.569E-06    -476.938E-09
              11     955.066E-12    -188.567E-06    -672.571E-12
              12    -7.35572E-06    -188.569E-06     476.816E-09
              13     7.35621E-06    -189.045E-06    -474.828E-09
              14    -1.20507E-09    -189.043E-06       992.6E-12
              15    -7.35698E-06    -189.046E-06     475.464E-09
              16     7.36259E-06    -189.509E-06    -479.324E-09
              17     -3.8277E-09    -189.521E-06     417.097E-12
              18    -7.35696E-06     -189.52E-06      472.55E-09
              19     7.34249E-06    -181.222E-06    -466.009E-09
              20    -222.536E-12     -181.22E-06     294.081E-12
              21    -7.34296E-06    -181.223E-06     466.352E-09
              22      7.3445E-06    -181.687E-06    -464.094E-09
              23     307.862E-12    -181.684E-06     -439.23E-12
              24    -7.34432E-06    -181.688E-06     463.636E-09
              25     7.34264E-06     -182.15E-06    -458.639E-09
              26     1.29103E-09    -182.144E-06     543.073E-12
              27    -7.34488E-06     -182.15E-06     459.967E-09
              28     7.32068E-06    -173.895E-06    -456.126E-09
              29     94.4256E-12     -173.89E-06    -164.458E-12
              30    -7.32051E-06    -173.895E-06     455.887E-09
              31     7.32072E-06    -174.348E-06    -450.637E-09
              32    -19.1113E-12    -174.343E-06     143.524E-12
              33    -7.32084E-06    -174.348E-06     450.836E-09
              34     7.32046E-06    -174.796E-06    -446.489E-09
              35    -182.139E-12    -174.792E-06    -243.909E-12
              36    -7.32012E-06    -174.796E-06     446.378E-09
              37     7.28809E-06    -166.595E-06     -445.05E-09
              38      -31.95E-12    -166.588E-06     73.4004E-12
              39    -7.28812E-06    -166.595E-06     445.153E-09
              40     7.28865E-06    -167.037E-06    -438.877E-09
              41    -11.7238E-12     -167.03E-06    -43.7021E-12
              42    -7.28863E-06    -167.037E-06     438.802E-09
              43     7.28816E-06    -167.473E-06    -432.171E-09
              44     14.1749E-12    -167.466E-06     64.3523E-12
              45    -7.28815E-06    -167.473E-06     432.178E-09
              46     7.24664E-06    -159.332E-06    -434.669E-09
              47     9.21062E-12    -159.324E-06    -23.8673E-12
              48    -7.24664E-06    -159.332E-06     434.635E-09
              49     7.24711E-06    -159.762E-06    -426.508E-09
              50      4.6278E-12    -159.754E-06     13.8604E-12
              51     -7.2471E-06    -159.762E-06     426.535E-09
              52      7.2466E-06    -160.185E-06    -418.568E-09
              53    -4.77886E-12    -160.177E-06    -18.6494E-12
              54    -7.24662E-06    -160.185E-06     418.555E-09
              55      7.1959E-06    -152.115E-06    -424.021E-09
              56    -3.32621E-12    -152.105E-06     6.89612E-12
              57     -7.1959E-06    -152.115E-06     424.031E-09
              58     7.19639E-06    -152.534E-06    -414.396E-09
              59      -783.3E-15    -152.524E-06    -4.72031E-12
              60    -7.19639E-06    -152.534E-06     414.386E-09
              61     7.19592E-06    -152.943E-06    -404.683E-09
              62     3.00904E-12    -152.934E-06     6.87063E-12
              63    -7.19591E-06    -152.943E-06     404.692E-09
              64     7.13596E-06    -144.953E-06    -413.472E-09
              65     1.36354E-12    -144.942E-06    -2.24918E-12
              66    -7.13596E-06    -144.953E-06     413.468E-09
              67     7.13644E-06    -145.361E-06    -402.179E-09
              68    -4.77642E-15    -145.349E-06      1.6755E-12
              69    -7.13644E-06    -145.361E-06     402.183E-09
              70     7.13596E-06    -145.757E-06    -390.922E-09
              71    -1.29138E-12    -145.746E-06    -2.54057E-12
              72    -7.13596E-06    -145.757E-06     390.918E-09
              73     7.06679E-06    -137.856E-06    -402.884E-09
              74    -505.274E-15    -137.843E-06     836.816E-15
              75    -7.06679E-06    -137.856E-06     402.885E-09
              76     7.06727E-06    -138.252E-06    -390.003E-09
              77     42.0026E-15    -138.239E-06    -598.372E-15
              78    -7.06727E-06    -138.252E-06     390.002E-09
              79     7.06679E-06    -138.636E-06    -377.109E-09
              80      481.09E-15    -138.623E-06     886.296E-15
              81    -7.06679E-06    -138.636E-06      377.11E-09
              82      6.9884E-06    -130.832E-06    -392.312E-09
              83      171.14E-15    -130.818E-06    -310.618E-15
              84     -6.9884E-06    -130.832E-06     392.312E-09
              85     6.98888E-06    -131.217E-06    -377.811E-09
              86    -12.5077E-15    -131.203E-06     213.359E-15
              87    -6.98888E-06    -131.217E-06     377.812E-09
              88      6.9884E-06    -131.588E-06    -363.316E-09
              89    -174.069E-15    -131.573E-06    -307.351E-15
              90     -6.9884E-06    -131.588E-06     363.316E-09
              91     6.90079E-06    -123.892E-06    -381.734E-09
              92    -58.3756E-15    -123.876E-06     111.489E-15
              93    -6.90079E-06    -123.892E-06     381.734E-09
              94     6.90127E-06    -124.266E-06    -365.626E-09
              95     1.67341E-15    -124.249E-06    -75.0014E-15
              96    -6.90127E-06    -124.266E-06     365.625E-09
              97     6.90079E-06    -124.623E-06    -349.515E-09
              98     61.4061E-15    -124.607E-06      109.57E-15
              99    -6.90079E-06    -124.623E-06     349.516E-09
             100     6.80395E-06    -117.044E-06    -371.158E-09
             101     20.7361E-15    -117.026E-06    -38.7063E-15
             102    -6.80395E-06    -117.044E-06     371.158E-09
             103     6.80444E-06    -117.406E-06    -353.437E-09
             104     110.968E-18    -117.388E-06     27.0271E-15
             105    -6.80444E-06    -117.406E-06     353.437E-09
             106     6.80395E-06    -117.751E-06    -335.718E-09
             107    -21.2173E-15    -117.733E-06     -38.548E-15
             108    -6.80395E-06    -117.751E-06     335.718E-09
             109     6.69789E-06    -110.297E-06    -360.581E-09
             110    -7.49997E-15    -110.278E-06     14.1377E-15
             111    -6.69789E-06    -110.297E-06     360.581E-09
             112     6.69838E-06    -110.648E-06     -341.25E-09
             113    -115.378E-18    -110.629E-06    -9.09417E-15
             114    -6.69838E-06    -110.648E-06      341.25E-09
             115     6.69789E-06     -110.98E-06    -321.919E-09
             116     7.42103E-15     -110.96E-06     14.1326E-15
             117    -6.69789E-06     -110.98E-06     321.919E-09
             118     6.58261E-06    -103.661E-06    -350.004E-09
             119     2.64243E-15     -103.64E-06    -4.56418E-15
             120    -6.58261E-06    -103.661E-06     350.004E-09
             121      6.5831E-06    -104.001E-06    -329.063E-09
             122     26.6971E-18     -103.98E-06     3.66792E-15
             123     -6.5831E-06    -104.001E-06     329.063E-09
             124     6.58261E-06    -104.319E-06    -308.121E-09
             125    -2.60643E-15    -104.298E-06    -4.55469E-15
             126    -6.58261E-06    -104.319E-06     308.121E-09
             127     6.45811E-06    -97.1451E-06    -339.428E-09
             128    -962.281E-18    -97.1223E-06     2.03508E-15
             129    -6.45811E-06    -97.1451E-06     339.428E-09
             130     6.45859E-06    -97.4733E-06    -316.875E-09
             131    -3.97052E-18    -97.4504E-06    -882.129E-18
             132    -6.45859E-06    -97.4733E-06     316.875E-09
             133     6.45811E-06    -97.7788E-06    -294.322E-09
             134     955.938E-18     -97.756E-06     2.03343E-15
             135    -6.45811E-06    -97.7788E-06     294.322E-09
             136     6.32439E-06    -90.7581E-06    -328.851E-09
             137     312.205E-18    -90.7336E-06    -329.236E-18
             138    -6.32439E-06    -90.7581E-06     328.851E-09
             139     6.32487E-06    -91.0749E-06    -304.688E-09
             140    -1.72854E-18    -91.0504E-06     704.248E-18
             141    -6.32487E-06    -91.0749E-06     304.688E-09
             142     6.32439E-06    -91.3675E-06    -280.524E-09
             143    -315.377E-18     -91.343E-06    -329.981E-18
             144    -6.32439E-06    -91.3675E-06     280.524E-09
             145     6.18144E-06    -84.5094E-06    -318.275E-09
             146    -137.935E-18    -84.4833E-06     482.342E-18
             147    -6.18144E-06    -84.5094E-06     318.275E-09
             148     6.18192E-06    -84.8148E-06      -292.5E-09
             149    -865.522E-21    -84.7887E-06     115.842E-18
             150    -6.18192E-06    -84.8148E-06       292.5E-09
             151     6.18144E-06    -85.0944E-06    -266.726E-09
             152     135.898E-18    -85.0683E-06     482.602E-18
             153    -6.18144E-06    -85.0944E-06     266.726E-09
             154     6.02927E-06    -78.4083E-06    -307.698E-09
             155      22.322E-18    -78.3806E-06     169.199E-18
             156    -6.02927E-06    -78.4083E-06     307.698E-09
             157     6.02975E-06    -78.7023E-06    -280.313E-09
             158    -1.14723E-18    -78.6746E-06     299.028E-18
             159    -6.02975E-06    -78.7023E-06     280.313E-09
             160     6.02927E-06    -78.9689E-06    -252.927E-09
             161    -24.5585E-18    -78.9412E-06     169.159E-18
             162    -6.02927E-06    -78.9689E-06     252.927E-09
             163     5.86788E-06     -72.464E-06    -297.121E-09
             164    -33.7904E-18    -72.4346E-06     255.486E-18
             165    -5.86788E-06     -72.464E-06     297.121E-09
             166     5.86836E-06    -72.7466E-06    -268.125E-09
             167    -1.04802E-18    -72.7172E-06     209.322E-18
             168    -5.86836E-06    -72.7466E-06     268.125E-09
             169     5.86788E-06    -73.0002E-06    -239.129E-09
             170     31.6974E-18    -72.9708E-06     255.459E-18
             171    -5.86788E-06    -73.0002E-06     239.129E-09
             172     5.69726E-06    -66.6856E-06    -286.545E-09
             173     -13.164E-18    -66.6546E-06     200.779E-18
             174    -5.69726E-06    -66.6856E-06     286.545E-09
             175     5.69774E-06    -66.9569E-06    -255.937E-09
             176    -991.912E-21    -66.9259E-06        217.E-18
             177    -5.69774E-06    -66.9569E-06     255.937E-09
             178     5.69726E-06    -67.1975E-06     -225.33E-09
             179      11.167E-18    -67.1665E-06      200.75E-18
             180    -5.69726E-06    -67.1975E-06      225.33E-09
             181     5.51742E-06    -61.0825E-06    -275.968E-09
             182    -19.7414E-18    -61.0499E-06     196.721E-18
             183    -5.51742E-06    -61.0825E-06     275.968E-09
             184     5.51791E-06    -61.3424E-06     -243.75E-09
             185    -959.856E-21    -61.3098E-06      190.83E-18
             186    -5.51791E-06    -61.3424E-06      243.75E-09
             187     5.51742E-06      -61.57E-06    -211.532E-09
             188     17.8514E-18    -61.5374E-06     196.694E-18
             189    -5.51742E-06      -61.57E-06     211.532E-09
             190     5.32836E-06    -55.6639E-06    -265.392E-09
             191    -16.6524E-18    -55.6296E-06     175.385E-18
             192    -5.32836E-06    -55.6639E-06     265.392E-09
             193     5.32885E-06    -55.9123E-06    -231.563E-09
             194    -909.541E-21    -55.8781E-06     177.326E-18
             195    -5.32885E-06    -55.9123E-06     231.563E-09
             196     5.32836E-06     -56.127E-06    -197.734E-09
             197     14.8355E-18    -56.0927E-06     175.354E-18
             198    -5.32836E-06     -56.127E-06     197.734E-09
             199     5.13008E-06    -50.4389E-06    -254.815E-09
             200    -16.9694E-18     -50.403E-06     160.861E-18
             201    -5.13008E-06    -50.4389E-06     254.815E-09
             202     5.13056E-06     -50.676E-06    -219.375E-09
             203    -852.646E-21    -50.6401E-06     160.027E-18
             204    -5.13056E-06     -50.676E-06     219.375E-09
             205     5.13008E-06    -50.8776E-06    -183.935E-09
             206     15.2585E-18    -50.8417E-06      160.84E-18
             207    -5.13008E-06    -50.8776E-06     183.935E-09
             208     4.92258E-06    -45.4168E-06    -244.238E-09
             209    -16.0318E-18    -45.3793E-06     144.676E-18
             210    -4.92258E-06    -45.4168E-06     244.238E-09
             211     4.92306E-06    -45.6425E-06    -207.188E-09
             212    -814.343E-21     -45.605E-06     144.813E-18
             213    -4.92306E-06    -45.6425E-06     207.188E-09
             214     4.92258E-06    -45.8311E-06    -170.137E-09
             215     14.4201E-18    -45.7936E-06     144.639E-18
             216    -4.92258E-06    -45.8311E-06     170.137E-09
             217     4.70585E-06    -40.6068E-06    -233.662E-09
             218    -15.4987E-18    -40.5676E-06     129.845E-18
             219    -4.70585E-06    -40.6068E-06     233.662E-09
             220     4.70633E-06    -40.8211E-06       -195.E-09
             221     -760.59E-21     -40.782E-06     129.623E-18
             222    -4.70633E-06    -40.8211E-06        195.E-09
             223     4.70585E-06    -40.9968E-06    -156.338E-09
             224       13.97E-18    -40.9576E-06     129.804E-18
             225    -4.70585E-06    -40.9968E-06     156.338E-09
             226      4.4799E-06    -36.0182E-06    -223.085E-09
             227    -14.7761E-18    -35.9774E-06     115.355E-18
             228     -4.4799E-06    -36.0182E-06     223.085E-09
             229     4.48038E-06    -36.2211E-06    -182.813E-09
             230    -715.637E-21    -36.1803E-06     115.249E-18
             231    -4.48038E-06    -36.2211E-06     182.813E-09
             232      4.4799E-06    -36.3838E-06     -142.54E-09
             233     13.3497E-18     -36.343E-06     115.319E-18
             234     -4.4799E-06    -36.3838E-06      142.54E-09
             235     4.24473E-06    -31.6601E-06    -212.509E-09
             236    -14.0675E-18    -31.6177E-06     101.617E-18
             237    -4.24473E-06    -31.6601E-06     212.509E-09
             238     4.24521E-06    -31.8516E-06    -170.625E-09
             239    -671.404E-21    -31.8092E-06     101.471E-18
             240    -4.24521E-06    -31.8516E-06     170.625E-09
             241     4.24473E-06    -32.0013E-06    -128.742E-09
             242     12.7245E-18    -31.9589E-06     101.596E-18
             243    -4.24473E-06    -32.0013E-06     128.742E-09
             244     4.00033E-06    -27.5418E-06    -201.932E-09
             245    -13.2918E-18    -27.4977E-06     88.5509E-18
             246    -4.00033E-06    -27.5418E-06     201.932E-09
             247     4.00082E-06     -27.722E-06    -158.438E-09
             248    -619.208E-21    -27.6779E-06     88.4065E-18
             249    -4.00082E-06     -27.722E-06     158.438E-09
             250     4.00033E-06    -27.8586E-06    -114.943E-09
             251     12.0457E-18    -27.8146E-06     88.5172E-18
             252    -4.00033E-06    -27.8586E-06     114.943E-09
             253     3.74672E-06    -23.6725E-06    -191.355E-09
             254    -12.4733E-18    -23.6268E-06     76.2298E-18
             255    -3.74672E-06    -23.6725E-06     191.355E-09
             256      3.7472E-06    -23.8413E-06     -146.25E-09
             257    -573.865E-21    -23.7956E-06     76.0754E-18
             258     -3.7472E-06    -23.8413E-06      146.25E-09
             259     3.74672E-06     -23.965E-06    -101.145E-09
             260     11.3321E-18    -23.9193E-06     76.2077E-18
             261    -3.74672E-06     -23.965E-06     101.145E-09
             262     3.48388E-06    -20.0614E-06    -180.779E-09
             263    -11.6156E-18    -20.0141E-06     64.7042E-18
             264    -3.48388E-06    -20.0614E-06     180.779E-09
             265     3.48436E-06    -20.2188E-06    -134.063E-09
             266    -525.557E-21    -20.1715E-06      64.542E-18
             267    -3.48436E-06    -20.2188E-06     134.063E-09
             268     3.48388E-06    -20.3295E-06    -87.3459E-09
             269     10.5715E-18    -20.2822E-06     64.6735E-18
             270    -3.48388E-06    -20.3295E-06     87.3459E-09
             271     3.21182E-06    -16.7178E-06    -170.201E-09
             272    -10.7211E-18    -16.6689E-06     54.0087E-18
             273    -3.21182E-06    -16.7178E-06     170.201E-09
             274      3.2123E-06    -16.8638E-06    -121.875E-09
             275    -476.046E-21    -16.8149E-06      53.842E-18
             276     -3.2123E-06    -16.8638E-06     121.875E-09
             277     3.21182E-06    -16.9616E-06    -73.5489E-09
             278     9.76651E-18    -16.9126E-06     53.9795E-18
             279    -3.21182E-06    -16.9616E-06     73.5489E-09
             280     2.93053E-06    -13.6509E-06    -159.628E-09
             281    -9.78562E-18    -13.6003E-06     44.1819E-18
             282    -2.93053E-06    -13.6509E-06     159.628E-09
             283     2.93101E-06    -13.7855E-06    -109.688E-09
             284    -425.912E-21     -13.735E-06     44.0089E-18
             285    -2.93101E-06    -13.7855E-06     109.688E-09
             286     2.93053E-06    -13.8702E-06    -59.7465E-09
             287     8.93129E-18    -13.8197E-06     44.1562E-18
             288    -2.93053E-06    -13.8702E-06     59.7465E-09
             289     2.64003E-06    -10.8698E-06    -149.041E-09
             290     -8.8192E-18    -10.8176E-06      35.258E-18
             291    -2.64003E-06    -10.8698E-06     149.041E-09
             292     2.64051E-06    -10.9931E-06       -97.5E-09
             293    -379.143E-21    -10.9409E-06      35.079E-18
             294    -2.64051E-06    -10.9931E-06        97.5E-09
             295     2.64003E-06    -11.0648E-06    -45.9594E-09
             296     8.06204E-18    -11.0126E-06     35.2301E-18
             297    -2.64003E-06    -11.0648E-06     45.9594E-09
             298     2.34029E-06    -8.38392E-06    -138.496E-09
             299    -7.82085E-18    -8.33005E-06     27.2727E-18
             300    -2.34029E-06    -8.38392E-06     138.496E-09
             301     2.34076E-06    -8.49582E-06    -85.3125E-09
             302    -331.878E-21    -8.44194E-06     27.0858E-18
             303    -2.34076E-06    -8.49582E-06     85.3125E-09
             304     2.34029E-06    -8.55454E-06    -32.1292E-09
             305     7.15767E-18    -8.50067E-06     27.2415E-18
             306    -2.34029E-06    -8.55454E-06     32.1292E-09
             307     2.03135E-06    -6.20224E-06     -127.83E-09
             308    -6.79261E-18    -6.14692E-06     20.2517E-18
             309    -2.03135E-06    -6.20224E-06      127.83E-09
             310     2.03188E-06    -6.30272E-06     -73.125E-09
             311    -284.052E-21    -6.24743E-06     20.0604E-18
             312    -2.03188E-06    -6.30272E-06      73.125E-09
             313     2.03135E-06    -6.34849E-06    -18.4205E-09
             314     6.22308E-18    -6.29317E-06     20.2209E-18
             315    -2.03135E-06    -6.34849E-06     18.4205E-09
             316     1.71315E-06    -4.33447E-06    -117.504E-09
             317    -5.72985E-18      -4.277E-06     14.2287E-18
             318    -1.71315E-06    -4.33447E-06     117.504E-09
             319     1.71351E-06    -4.42368E-06    -60.9375E-09
             320    -235.574E-21    -4.36614E-06      14.031E-18
             321    -1.71351E-06    -4.42368E-06     60.9375E-09
             322     1.71315E-06    -4.45635E-06    -4.37135E-09
             323     5.25729E-18    -4.39888E-06     14.2003E-18
             324    -1.71315E-06    -4.45635E-06     4.37135E-09
             325     1.38584E-06    -2.78852E-06    -106.236E-09
             326    -4.63851E-18    -2.73088E-06     9.23023E-18
             327    -1.38584E-06    -2.78852E-06     106.236E-09
             328     1.38667E-06    -2.86602E-06      -48.75E-09
             329    -187.457E-21     -2.8086E-06     9.03248E-18
             330    -1.38667E-06    -2.86602E-06       48.75E-09
             331     1.38584E-06    -2.88602E-06     8.73624E-09
             332     4.26254E-18    -2.82838E-06     9.20265E-18
             333    -1.38584E-06    -2.88602E-06    -8.73624E-09
             334     1.04907E-06    -1.57733E-06    -97.5687E-09
             335    -3.50756E-18     -1.5139E-06     5.30665E-18
             336    -1.04907E-06    -1.57733E-06     97.5687E-09
             337      1.0484E-06    -1.64435E-06    -36.5625E-09
             338    -139.889E-21    -1.58035E-06     5.08755E-18
             339     -1.0484E-06    -1.64435E-06     36.5625E-09
             340     1.04907E-06    -1.65045E-06     24.4437E-09
             341     3.22835E-18    -1.58702E-06     5.27824E-18
             342    -1.04907E-06    -1.65045E-06    -24.4437E-09
             343     703.219E-09    -699.271E-09    -81.4084E-09
             344    -2.36799E-18    -646.286E-09      2.4399E-18
             345    -703.219E-09    -699.271E-09     81.4084E-09
             346     707.691E-09    -752.924E-09     -24.375E-09
             347    -93.0489E-21     -700.94E-09     2.25924E-18
             348    -707.691E-09    -752.924E-09      24.375E-09
             349     703.219E-09    -748.021E-09     32.6585E-09
             350     2.18385E-18    -695.036E-09     2.41192E-18
             351    -703.219E-09    -748.021E-09    -32.6585E-09
             352     348.282E-09    -195.757E-09    -89.1804E-09
             353    -1.13038E-18    -105.884E-09     795.271E-21
             354    -348.282E-09    -195.757E-09     89.1804E-09
             355     337.849E-09    -241.116E-09    -12.1875E-09
             356    -39.0032E-21    -151.499E-09      489.61E-21
             357    -337.849E-09    -241.116E-09     12.1875E-09
             358     348.282E-09    -220.132E-09     64.8054E-09
             359      1.0446E-18    -130.259E-09     760.612E-21
             360    -348.282E-09    -220.132E-09    -64.8054E-09
             361     64.3054E-36    -8.96532E-36       -10.6E-36
             362             -0.     21.0659E-36              0.
             363    -64.3054E-36    -8.96532E-36        10.6E-36
             364     121.389E-36    -22.8613E-36     -1.5625E-36
             365             -0.     33.2021E-36             -0.
             366    -121.389E-36    -22.8613E-36      1.5625E-36
             367     64.3054E-36    -10.5278E-36     9.03748E-36
             368              0.     17.9409E-36              0.
             369    -64.3054E-36    -10.5278E-36    -9.03748E-36


  Minimum           -7.35926E-06    -196.978E-06     -498.68E-09
         At Node               6               7               7

  Maximum            7.37997E-06     33.2021E-36     482.541E-09
         At Node               7             365               3

           Total     17.5575E-09    -27.3916E-03    -13.3608E-09


