
                    X                   _temp_2       

                  0.                     0.           
                  5.25E-06              66.955742E-12 
                 10.25E-06             499.10876E-12  
                 15.249999E-06           1.6441898E-09
                 20.25E-06               3.8497832E-09
                 25.249998E-06           7.4632549E-09
                 30.25E-06              12.831679E-09 
                 35.25E-06              20.301775E-09 
                 40.25E-06              30.21982E-09  
                 45.25E-06              42.931595E-09 
                 50.25E-06              58.782318E-09 
                 55.25E-06              78.116539E-09 
                 60.25E-06             101.27813E-09  
                 65.25E-06             128.61014E-09  
                 70.25E-06             160.4548E-09   
                 75.25E-06             197.15344E-09  
                 80.25E-06             239.0464E-09   
                 85.250008E-06         286.4729E-09   
                 90.25E-06             339.77106E-09  
                 95.249992E-06         399.27798E-09  
                100.25E-06             465.32935E-09  
                105.25E-06             538.25958E-09  
                110.25E-06             618.40179E-09  
                115.25E-06             706.0874E-09   
                120.25E-06             801.64679E-09  
                125.E-06               900.02051E-09  
                130.25E-06               1.0176994E-06
                134.99998E-06            1.1325723E-06
                140.25002E-06            1.2691686E-06
                145.E-06                 1.4017705E-06
                150.24998E-06            1.558636E-06 
                155.E-06                 1.7101831E-06
                160.25E-06               1.8886541E-06
                165.25E-06               2.0696588E-06
                170.25E-06               2.2617443E-06
                175.25E-06               2.4652207E-06
                180.25E-06               2.6803961E-06
                185.25E-06               2.9075758E-06
                190.25E-06               3.147064E-06 
                195.25E-06               3.3991621E-06
                200.25E-06               3.6641691E-06
                205.25002E-06            3.9423816E-06
                210.25E-06               4.2340941E-06
                215.25E-06               4.5395994E-06
                220.25002E-06            4.8591862E-06
                225.24998E-06            5.1931424E-06
                230.25E-06               5.5417523E-06
                235.25E-06               5.9052987E-06
                240.24998E-06            6.2840605E-06
                245.25E-06               6.6783147E-06
                250.E-06                 7.0674572E-06
                255.25E-06               7.5143991E-06
                260.25E-06               7.9567695E-06
                265.25E-06               8.4157162E-06
                269.99997E-06            8.8673086E-06
                275.25E-06               9.3843889E-06
                280.25E-06               9.8946352E-06
                285.24997E-06           10.422499E-06 
                290.E-06                10.940517E-06 
                295.25E-06              11.532085E-06 
                300.25E-06              12.114307E-06 
                305.25E-06              12.715142E-06 
                310.E-06                13.303398E-06 
                315.25E-06              13.973622E-06 
                320.25E-06              14.631745E-06 
                325.25E-06              15.309437E-06 
                330.25003E-06           16.006926E-06 
                334.99997E-06           16.688093E-06 
                340.25E-06              17.462225E-06 
                345.25E-06              18.220484E-06 
                350.24997E-06           18.999443E-06 
                355.E-06                19.758827E-06 
                360.25E-06              20.62034E-06  
                365.25E-06              21.462709E-06 
                370.25E-06              22.326637E-06 
                375.E-06                23.167532E-06 
                380.25E-06              24.120012E-06 
                385.25E-06              25.049868E-06 
                390.25E-06              26.002104E-06 
                395.E-06                26.927639E-06 
                400.25E-06              27.97451E-06  
                405.25E-06              28.995073E-06 
                410.25E-06              30.038795E-06 
                415.25E-06              31.105869E-06 
                420.25E-06              32.19648E-06  
                425.25E-06              33.310814E-06 
                430.25E-06              34.449055E-06 
                435.24997E-06           35.611382E-06 
                440.25E-06              36.797974E-06 
                445.25E-06              38.009007E-06 
                450.25E-06              39.244652E-06 
                455.25E-06              40.505085E-06 
                460.25003E-06           41.790478E-06 
                465.25E-06              43.100998E-06 
                470.25E-06              44.436813E-06 
                475.25E-06              45.798084E-06 
                480.25E-06              47.184978E-06 
                485.25E-06              48.597656E-06 
                490.25003E-06           50.036278E-06 
                494.99997E-06           51.427139E-06 
                500.E-06                52.916805E-06 
                505.E-06                54.43288E-06  
                510.24997E-06           56.053341E-06 
                515.25E-06              57.624027E-06 
                520.25E-06              59.221584E-06 
                525.24994E-06           60.846165E-06 
                530.25E-06              62.497913E-06 
                535.E-06                64.092377E-06 
                539.99994E-06           65.797531E-06 
                545.E-06                67.530296E-06 
                550.25E-06              69.379562E-06 
                555.25E-06              71.169365E-06 
                560.25006E-06           72.987206E-06 
                565.25E-06              74.833229E-06 
                570.25E-06              76.707581E-06 
                575.25E-06              78.61039E-06  
                580.E-06                80.444565E-06 
                585.E-06                82.40329E-06  
                590.25E-06              84.491028E-06 
                595.25E-06              86.509109E-06 
                600.24994E-06           88.556343E-06 
                605.25E-06              90.632874E-06 
                610.25E-06              92.738838E-06 
                615.25006E-06           94.874374E-06 
                620.E-06                96.930656E-06 
                625.E-06                99.124245E-06 
                630.25006E-06          101.45979E-06  
                635.25006E-06          103.71498E-06  
                640.24994E-06          106.00043E-06  
                645.25E-06             108.31626E-06  
                650.25E-06             110.66264E-06  
                655.25E-06             113.03967E-06  
                660.25E-06             115.44751E-06  
                665.E-06               117.7636E-06   
                669.99994E-06          120.2319E-06   
                675.25E-06             122.85719E-06  
                680.25E-06             125.38962E-06  
                685.25E-06             127.95353E-06  
                690.25006E-06          130.54909E-06  
                695.25E-06             133.17641E-06  
                700.25E-06             135.83563E-06  
                705.00006E-06          138.3916E-06   
                710.E-06               141.11346E-06  
                715.24994E-06          144.00623E-06  
                720.25E-06             146.79451E-06  
                725.25E-06             149.61542E-06  
                730.25E-06             152.46912E-06  
                735.25E-06             155.35573E-06  
                740.25E-06             158.27538E-06  
                745.25006E-06          161.22826E-06  
                750.E-06               164.06436E-06  
                755.25E-06             167.23418E-06  
                760.25006E-06          170.28757E-06  
                765.25E-06             173.37473E-06  
                770.24994E-06          176.49588E-06  
                775.25E-06             179.65111E-06  
                780.25E-06             182.84062E-06  
                785.25E-06             186.06453E-06  
                790.E-06               189.15926E-06  
                795.25E-06             192.61623E-06  
                800.25E-06             195.94432E-06  
                805.25006E-06          199.30745E-06  
                810.25E-06             202.70578E-06  
                815.25E-06             206.1395E-06   
                820.25006E-06          209.60873E-06  
                825.25E-06             213.11363E-06  
                830.24994E-06          216.65442E-06  
                835.25E-06             220.2312E-06   
                840.25E-06             223.84418E-06  
                845.24994E-06          227.49348E-06  
                850.25E-06             231.17932E-06  
                855.25E-06             234.90184E-06  
                860.25E-06             238.66121E-06  
                865.25E-06             242.45763E-06  
                870.25E-06             246.29121E-06  
                875.25006E-06          250.16222E-06  
                880.25006E-06          254.07072E-06  
                885.25E-06             258.017E-06    
                890.25E-06             262.00116E-06  
                895.25E-06             266.02338E-06  
                900.24994E-06          270.08383E-06  
                905.25E-06             274.18277E-06  
                910.25E-06             278.32028E-06  
                915.25E-06             282.49661E-06  
                920.25E-06             286.71188E-06  
                925.25E-06             290.96631E-06  
                930.25E-06             295.26007E-06  
                935.25006E-06          299.59338E-06  
                940.25E-06             303.96637E-06  
                945.25E-06             308.37927E-06  
                950.25E-06             312.83221E-06  
                955.25E-06             317.32541E-06  
                960.24994E-06          321.85907E-06  
                965.25E-06             326.43332E-06  
                970.25E-06             331.04846E-06  
                975.24994E-06          335.70453E-06  
                980.24994E-06          340.40182E-06  
                985.00006E-06          344.90259E-06  
                989.99994E-06          349.68073E-06  
                995.E-06               354.50058E-06  
                  1.E-03               359.3624E-06   
                  1.005E-03            364.26633E-06  
                  1.01E-03             369.21259E-06  
                  1.0150001E-03        374.20129E-06  
                  1.0202501E-03        379.48544E-06  
                  1.02525E-03          384.56183E-06  
                  1.03025E-03          389.68134E-06  
                  1.0352501E-03        394.84409E-06  
                  1.0402499E-03        400.05026E-06  
                  1.0452499E-03        405.30008E-06  
                  1.0502501E-03        410.59369E-06  
                  1.0552499E-03        415.9313E-06   
                  1.0602499E-03        421.31311E-06  
                  1.06525E-03          426.73929E-06  
                  1.0700001E-03        431.93539E-06  
                  1.075E-03            437.44858E-06  
                  1.0799999E-03        443.00668E-06  
                  1.085E-03            448.60989E-06  
                  1.09E-03             454.25833E-06  
                  1.0949999E-03        459.95224E-06  
                  1.10025E-03          465.97989E-06  
                  1.10525E-03          471.76752E-06  
                  1.11025E-03          477.6011E-06   
                  1.1152501E-03        483.48087E-06  
                  1.12025E-03          489.40692E-06  
                  1.12525E-03          495.37952E-06  
                  1.1302501E-03        501.3988E-06   
                  1.13525E-03          507.46487E-06  
                  1.14025E-03          513.578E-06    
                  1.1452501E-03        519.73834E-06  
                  1.15025E-03          525.94592E-06  
                  1.155E-03            531.88715E-06  
                  1.16E-03             538.18756E-06  
                  1.1650001E-03        544.53583E-06  
                  1.17E-03             550.93201E-06  
                  1.175E-03            557.37634E-06  
                  1.1802499E-03        564.19489E-06  
                  1.18525E-03          570.73834E-06  
                  1.19025E-03          577.33032E-06  
                  1.1952499E-03        583.97113E-06  
                  1.20025E-03          590.66089E-06  
                  1.20525E-03          597.39954E-06  
                  1.2102499E-03        604.18744E-06  
                  1.21525E-03          611.0246E-06   
                  1.22025E-03          617.91119E-06  
                  1.22525E-03          624.84741E-06  
                  1.23025E-03          631.83331E-06  
                  1.23525E-03          638.86902E-06  
                  1.24E-03             645.59924E-06  
                  1.245E-03            652.73254E-06  
                  1.25E-03             659.91602E-06  
                  1.255E-03            667.14978E-06  
                  1.26025E-03          674.79956E-06  
                  1.2652501E-03        682.13684E-06  
                  1.27025E-03          689.52484E-06  
                  1.27525E-03          696.9635E-06   
                  1.2802501E-03        704.45319E-06  
                  1.2852499E-03        711.99371E-06  
                  1.2902499E-03        719.58539E-06  
                  1.2952501E-03        727.22815E-06  
                  1.3002499E-03        734.92224E-06  
                  1.3052499E-03        742.66766E-06  
                  1.31025E-03          750.46454E-06  
                  1.3152499E-03        758.31293E-06  
                  1.32025E-03          766.21295E-06  
                  1.3249999E-03        773.76587E-06  
                  1.33E-03             781.76666E-06  
                  1.335E-03            789.81934E-06  
                  1.3399999E-03        797.92395E-06  
                  1.34525E-03          806.48962E-06  
                  1.35025E-03          814.70087E-06  
                  1.35525E-03          822.96411E-06  
                  1.36025E-03          831.27954E-06  
                  1.36525E-03          839.64709E-06  
                  1.37025E-03          848.06696E-06  
                  1.3752501E-03        856.53912E-06  
                  1.38025E-03          865.0636E-06   
                  1.38525E-03          873.6405E-06   
                  1.3902501E-03        882.26971E-06  
                  1.39525E-03          890.9516E-06   
                  1.40025E-03          899.68579E-06  
                  1.4052501E-03        908.47253E-06  
                  1.4100001E-03        916.86865E-06  
                  1.415E-03            925.75787E-06  
                  1.42E-03             934.69965E-06  
                  1.4252499E-03        944.1452E-06   
                  1.43025E-03          953.19489E-06  
                  1.43525E-03          962.29712E-06  
                  1.4402499E-03        971.45209E-06  
                  1.44525E-03          980.65961E-06  
                  1.45025E-03          989.91992E-06  
                  1.4552499E-03        999.23279E-06  
                  1.46025E-03            1.0085982E-03
                  1.46525E-03            1.0180163E-03
                  1.47025E-03            1.0274873E-03
                  1.47525E-03            1.0370106E-03
                  1.48025E-03            1.0465865E-03
                  1.48525E-03            1.056215E-03 
                  1.49025E-03            1.0658963E-03
                  1.495E-03              1.0751419E-03
                  1.5E-03                1.0849255E-03
                  1.50525E-03            1.0952547E-03
                  1.5102501E-03          1.1051458E-03
                  1.51525E-03            1.1150893E-03
                  1.52025E-03            1.1250852E-03
                  1.5252501E-03          1.1351335E-03
                  1.53025E-03            1.1452341E-03
                  1.5352499E-03          1.155387E-03 
                  1.5402501E-03          1.1655921E-03
                  1.5452499E-03          1.1758493E-03
                  1.5502499E-03          1.1861588E-03
                  1.55525E-03            1.1965203E-03
                  1.5602499E-03          1.2069339E-03
                  1.56525E-03            1.2173994E-03
                  1.57025E-03            1.2279168E-03
                  1.5752499E-03          1.2384861E-03
                  1.58E-03               1.2485749E-03
                  1.58525E-03            1.25978E-03  
                  1.5902499E-03          1.2705046E-03
                  1.59525E-03            1.2812806E-03
                  1.60025E-03            1.2921083E-03
                  1.60525E-03            1.3029875E-03
                  1.61025E-03            1.313918E-03 
                  1.61525E-03            1.3248999E-03
                  1.6202501E-03          1.3359331E-03
                  1.62525E-03            1.3470175E-03
                  1.63025E-03            1.3581531E-03
                  1.6352501E-03          1.3693396E-03
                  1.64025E-03            1.3805771E-03
                  1.64525E-03            1.3918654E-03
                  1.6502501E-03          1.4032047E-03
                  1.65525E-03            1.4145945E-03
                  1.6602501E-03          1.4260352E-03
                  1.665E-03              1.4369506E-03
                  1.6702499E-03          1.449068E-03 
                  1.6752501E-03          1.4606599E-03
                  1.68025E-03            1.4723022E-03
                  1.6852499E-03          1.4839948E-03
                  1.69025E-03            1.4957376E-03
                  1.69525E-03            1.5075303E-03
                  1.7002499E-03          1.5193732E-03
                  1.70525E-03            1.5312657E-03
                  1.71025E-03            1.5432081E-03
                  1.71525E-03            1.5552003E-03
                  1.72025E-03            1.567242E-03 
                  1.72525E-03            1.5793334E-03
                  1.73025E-03            1.5914742E-03
                  1.73525E-03            1.6036644E-03
                  1.74025E-03            1.6159037E-03
                  1.74525E-03            1.6281923E-03
                  1.75025E-03            1.64053E-03  
                  1.75525E-03            1.6529167E-03
                  1.76025E-03            1.6653523E-03
                  1.76525E-03            1.6778368E-03
                  1.7702501E-03          1.6903701E-03
                  1.77525E-03            1.7029519E-03
                  1.78025E-03            1.7155824E-03
                  1.7852501E-03          1.7282612E-03
                  1.7902499E-03          1.7409886E-03
                  1.7952499E-03          1.7537643E-03
                  1.8002501E-03          1.7665881E-03
                  1.8052499E-03          1.7794601E-03
                  1.81025E-03            1.7923802E-03
                  1.81525E-03            1.8053483E-03
                  1.8202499E-03          1.8183643E-03
                  1.82525E-03            1.8314282E-03
                  1.83025E-03            1.8445396E-03
                  1.8352499E-03          1.8576988E-03
                  1.84025E-03            1.8709056E-03
                  1.84525E-03            1.8841599E-03
                  1.8502499E-03          1.8974615E-03
                  1.85525E-03            1.9108106E-03
                  1.86025E-03            1.9242069E-03
                  1.86525E-03            1.9376502E-03
                  1.87025E-03            1.9511409E-03
                  1.87525E-03            1.9646785E-03
                  1.8802501E-03          1.978263E-03 
                  1.88525E-03            1.9918946E-03
                  1.89025E-03            2.0055728E-03
                  1.8952501E-03          2.0192981E-03
                  1.90025E-03            2.0330696E-03
                  1.9052501E-03          2.0468881E-03
                  1.9102501E-03          2.0607529E-03
                  1.9152499E-03          2.0746641E-03
                  1.9202501E-03          2.0886219E-03
                  1.9252501E-03          2.1026263E-03
                  1.9302499E-03          2.1166766E-03
                  1.93525E-03            2.1307731E-03
                  1.94025E-03            2.1449161E-03
                  1.9452499E-03          2.1591048E-03
                  1.95025E-03            2.1733398E-03
                  1.95525E-03            2.1876209E-03
                  1.9602501E-03          2.2019477E-03
                  1.9652499E-03          2.2163203E-03
                  1.9700001E-03          2.2300167E-03
                  1.9749999E-03          2.2444787E-03
                  1.9799999E-03          2.2589865E-03
                  1.985E-03              2.2735398E-03
                  1.99E-03               2.2881386E-03
                  1.995E-03              2.302783E-03 
                  2.E-03                 2.3174732E-03
                  2.00525E-03            2.3329463E-03
                  2.01E-03               2.3469892E-03
                  2.01525E-03            2.3625576E-03
                  2.02E-03               2.3766868E-03
                  2.0252502E-03          2.3923504E-03
                  2.0300002E-03          2.4065652E-03
                  2.0352499E-03          2.4223237E-03
                  2.0402501E-03          2.4373779E-03
                  2.0452499E-03          2.4524775E-03
                  2.0502501E-03          2.4676218E-03
                  2.0550001E-03          2.4820509E-03
                  2.0600002E-03          2.4972827E-03
                  2.0649998E-03          2.5125597E-03
                  2.0699999E-03          2.5278814E-03
                  2.075E-03              2.5432479E-03
                  2.0799999E-03          2.5586596E-03
                  2.085E-03              2.5741155E-03
                  2.09025E-03            2.5903926E-03
                  2.0949998E-03          2.6051617E-03
                  2.10025E-03            2.6215322E-03
                  2.105E-03              2.6363862E-03
                  2.11025E-03            2.6528502E-03
                  2.1152501E-03          2.6685758E-03
                  2.12025E-03            2.6843462E-03
                  2.1252499E-03          2.7001605E-03
                  2.13025E-03            2.7160196E-03
                  2.1352501E-03          2.7319226E-03
                  2.1400001E-03          2.7470717E-03
                  2.145E-03              2.763061E-03 
                  2.1500001E-03          2.7790947E-03
                  2.1550002E-03          2.7951725E-03
                  2.1599998E-03          2.8112943E-03
                  2.165E-03              2.8274603E-03
                  2.1700001E-03          2.8436701E-03
                  2.1752501E-03          2.860738E-03 
                  2.1800001E-03          2.8762219E-03
                  2.18525E-03            2.8933818E-03
                  2.1899998E-03          2.9089494E-03
                  2.19525E-03            2.9262011E-03
                  2.2002501E-03          2.9426763E-03
                  2.20525E-03            2.9591954E-03
                  2.2102499E-03          2.9757578E-03
                  2.21525E-03            2.9923642E-03
                  2.2202499E-03          3.0090141E-03
                  2.2249999E-03          3.0248713E-03
                  2.23E-03               3.0416062E-03
                  2.2350001E-03          3.0583839E-03
                  2.24E-03               3.0752053E-03
                  2.2450001E-03          3.0920699E-03
                  2.25E-03               3.1089778E-03
                  2.2549999E-03          3.1259289E-03
                  2.2602501E-03          3.1437738E-03
                  2.2650001E-03          3.1599603E-03
                  2.2702501E-03          3.1778958E-03
                  2.2750001E-03          3.1941636E-03
                  2.2802501E-03          3.212189E-03 
                  2.2852499E-03          3.2294002E-03
                  2.2902501E-03          3.246654E-03 
                  2.2952502E-03          3.2639503E-03
                  2.3002501E-03          3.2812896E-03
                  2.3052499E-03          3.2986712E-03
                  2.3099999E-03          3.3152232E-03
                  2.3149998E-03          3.3326876E-03
                  2.3199999E-03          3.3501945E-03
                  2.325E-03              3.3677435E-03
                  2.3300002E-03          3.3853347E-03
                  2.335E-03              3.4029682E-03
                  2.3399999E-03          3.4206438E-03
                  2.3452499E-03          3.4392481E-03
                  2.3499999E-03          3.4561205E-03
                  2.3552501E-03          3.4748125E-03
                  2.36025E-03            3.4926574E-03
                  2.3652499E-03          3.5105438E-03
                  2.37025E-03            3.5284717E-03
                  2.3752501E-03          3.5464416E-03
                  2.38025E-03            3.5644522E-03
                  2.3852501E-03          3.582504E-03 
                  2.3902502E-03          3.6005974E-03
                  2.395E-03              3.6178241E-03
                  2.4000001E-03          3.6359973E-03
                  2.405E-03              3.6542113E-03
                  2.4099998E-03          3.672466E-03 
                  2.415E-03              3.6907616E-03
                  2.4200001E-03          3.7090976E-03
                  2.4250002E-03          3.727474E-03 
                  2.4302499E-03          3.7468126E-03
                  2.4349999E-03          3.7643478E-03
                  2.4402499E-03          3.783771E-03 
                  2.44525E-03            3.8023102E-03
                  2.4502501E-03          3.8208892E-03
                  2.4552498E-03          3.8395081E-03
                  2.4602499E-03          3.8581665E-03
                  2.46525E-03            3.8768647E-03
                  2.4702499E-03          3.895602E-03 
                  2.47525E-03            3.9143786E-03
                  2.48E-03               3.9322529E-03
                  2.4850001E-03          3.9511058E-03
                  2.49E-03               3.9699976E-03
                  2.4949999E-03          3.9889281E-03
                  2.5E-03                4.0078974E-03
                  2.5049999E-03          4.0269051E-03
                  2.51E-03               4.0459518E-03
                  2.51525E-03            4.0659909E-03
                  2.5202498E-03          4.0851154E-03
                  2.52525E-03            4.1042781E-03
                  2.5302501E-03          4.1234784E-03
                  2.5352499E-03          4.1427159E-03
                  2.5402501E-03          4.1619916E-03
                  2.5452502E-03          4.1813045E-03
                  2.5502498E-03          4.2006545E-03
                  2.5552499E-03          4.2200418E-03
                  2.56025E-03            4.2394662E-03
                  2.5650001E-03          4.2579532E-03
                  2.57025E-03            4.2784252E-03
                  2.575E-03              4.2969818E-03
                  2.58025E-03            4.3175302E-03
                  2.5849998E-03          4.3361554E-03
                  2.59025E-03            4.3567796E-03
                  2.595E-03              4.3754735E-03
                  2.60025E-03            4.396173E-03 
                  2.6052501E-03          4.4159236E-03
                  2.61025E-03            4.435709E-03 
                  2.6152499E-03          4.4555302E-03
                  2.62025E-03            4.4753861E-03
                  2.6252501E-03          4.4952774E-03
                  2.63025E-03            4.5152035E-03
                  2.6352501E-03          4.5351648E-03
                  2.64025E-03            4.5551596E-03
                  2.6452498E-03          4.5751896E-03
                  2.6499999E-03          4.5942492E-03
                  2.6552501E-03          4.6153512E-03
                  2.6600001E-03          4.6344757E-03
                  2.6652501E-03          4.6556487E-03
                  2.6700001E-03          4.6748371E-03
                  2.6752501E-03          4.6960807E-03
                  2.6799998E-03          4.7153325E-03
                  2.68525E-03            4.7366457E-03
                  2.6902502E-03          4.7569771E-03
                  2.69525E-03            4.7773418E-03
                  2.7002499E-03          4.7977395E-03
                  2.70525E-03            4.8181696E-03
                  2.7102499E-03          4.8386321E-03
                  2.71525E-03            4.8591261E-03
                  2.7202501E-03          4.8796525E-03
                  2.72525E-03            4.9002109E-03
                  2.7302499E-03          4.9208012E-03
                  2.7350001E-03          4.9403911E-03
                  2.7402499E-03          4.9620762E-03
                  2.7449999E-03          4.9817257E-03
                  2.7502501E-03          5.0034761E-03
                  2.7550001E-03          5.0231843E-03
                  2.7602499E-03          5.0449996E-03
                  2.76525E-03            5.0658078E-03
                  2.7702501E-03          5.0866461E-03
                  2.77525E-03            5.1075149E-03
                  2.7802501E-03          5.1284137E-03
                  2.7852502E-03          5.1493435E-03
                  2.7902498E-03          5.1703024E-03
                  2.7952499E-03          5.1912918E-03
                  2.8002501E-03          5.2123103E-03
                  2.8052499E-03          5.2333584E-03
                  2.81025E-03            5.2544365E-03
                  2.8152502E-03          5.2755432E-03
                  2.8200002E-03          5.2956219E-03
                  2.8252499E-03          5.3178444E-03
                  2.8299999E-03          5.3379779E-03
                  2.8352499E-03          5.360261E-03 
                  2.8399999E-03          5.3804493E-03
                  2.8452501E-03          5.4027925E-03
                  2.85025E-03            5.4241004E-03
                  2.8552499E-03          5.445437E-03 
                  2.86025E-03            5.4668016E-03
                  2.8652499E-03          5.4881945E-03
                  2.87025E-03            5.5096149E-03
                  2.8752501E-03          5.5310631E-03
                  2.8802502E-03          5.5525398E-03
                  2.8852499E-03          5.5740433E-03
                  2.89025E-03            5.5955744E-03
                  2.8952501E-03          5.6171327E-03
                  2.90025E-03            5.6387186E-03
                  2.905E-03              5.6592503E-03
                  2.9102502E-03          5.6819715E-03
                  2.915E-03              5.7025542E-03
                  2.9202499E-03          5.7253323E-03
                  2.925E-03              5.745966E-03 
                  2.9302499E-03          5.7687998E-03
                  2.93525E-03            5.7905736E-03
                  2.9402502E-03          5.8123741E-03
                  2.9452498E-03          5.8342004E-03
                  2.9502499E-03          5.8560534E-03
                  2.95525E-03            5.877933E-03 
                  2.9602499E-03          5.899838E-03 
                  2.96525E-03            5.9217701E-03
                  2.9702501E-03          5.943727E-03 
                  2.97525E-03            5.9657111E-03
                  2.9802499E-03          5.98772E-03  
                  2.98525E-03            6.0097556E-03
                  2.99E-03               6.0307126E-03
                  2.99525E-03            6.0539031E-03
                  3.E-03                 6.0749092E-03
                  3.00525E-03            6.0981531E-03
                  3.0102499E-03          6.120316E-03 
                  3.01525E-03            6.1425052E-03
                  3.0202501E-03          6.1647191E-03
                  3.02525E-03            6.1869583E-03
                  3.0302501E-03          6.2092233E-03
                  3.0352499E-03          6.231513E-03 
                  3.0402498E-03          6.253828E-03 
                  3.0452499E-03          6.2761679E-03
                  3.0502501E-03          6.2985334E-03
                  3.0552499E-03          6.3209238E-03
                  3.06025E-03            6.343339E-03 
                  3.0652502E-03          6.3657799E-03
                  3.07025E-03            6.3882451E-03
                  3.0749998E-03          6.4096103E-03
                  3.08025E-03            6.4332504E-03
                  3.085E-03              6.4546628E-03
                  3.09025E-03            6.4783554E-03
                  3.0952501E-03          6.5009451E-03
                  3.10025E-03            6.5235596E-03
                  3.1052499E-03          6.5461984E-03
                  3.11025E-03            6.5688624E-03
                  3.1152501E-03          6.5915508E-03
                  3.12025E-03            6.6142645E-03
                  3.1252501E-03          6.6370025E-03
                  3.13025E-03            6.6597652E-03
                  3.1352499E-03          6.6825523E-03
                  3.14025E-03            6.7053642E-03
                  3.1452501E-03          6.7282014E-03
                  3.15025E-03            6.7510624E-03
                  3.1552501E-03          6.7739482E-03
                  3.1600001E-03          6.7957125E-03
                  3.1652501E-03          6.8197937E-03
                  3.1702499E-03          6.8427529E-03
                  3.1752501E-03          6.8657374E-03
                  3.1802502E-03          6.8887463E-03
                  3.18525E-03            6.9117794E-03
                  3.1902499E-03          6.9348373E-03
                  3.19525E-03            6.9579196E-03
                  3.2002499E-03          6.9810271E-03
                  3.20525E-03            7.004159E-03 
                  3.2102501E-03          7.0273151E-03
                  3.21525E-03            7.0504961E-03
                  3.2202499E-03          7.0737014E-03
                  3.22525E-03            7.0969315E-03
                  3.2302499E-03          7.1201859E-03
                  3.23525E-03            7.1434655E-03
                  3.2402501E-03          7.1667695E-03
                  3.2450001E-03          7.1889305E-03
                  3.2502499E-03          7.2134509E-03
                  3.25525E-03            7.2368283E-03
                  3.2602499E-03          7.260231E-03 
                  3.26525E-03            7.283658E-03 
                  3.2702501E-03          7.3071094E-03
                  3.2752502E-03          7.330586E-03 
                  3.2802498E-03          7.3540869E-03
                  3.2852499E-03          7.3776126E-03
                  3.2902501E-03          7.4011626E-03
                  3.2952499E-03          7.4247379E-03
                  3.3002501E-03          7.4483376E-03
                  3.3052502E-03          7.471962E-03 
                  3.3102498E-03          7.4956112E-03
                  3.3152499E-03          7.5192847E-03
                  3.32025E-03            7.5429835E-03
                  3.3252499E-03          7.5667067E-03
                  3.3299999E-03          7.5892668E-03
                  3.3352501E-03          7.6142273E-03
                  3.34025E-03            7.6380253E-03
                  3.3452499E-03          7.6618476E-03
                  3.35025E-03            7.6856942E-03
                  3.3552499E-03          7.7095661E-03
                  3.36025E-03            7.7334623E-03
                  3.3652501E-03          7.7573838E-03
                  3.3702502E-03          7.7813301E-03
                  3.3752499E-03          7.8053007E-03
                  3.38025E-03            7.8292966E-03
                  3.3852501E-03          7.8533173E-03
                  3.39025E-03            7.8773618E-03
                  3.3952501E-03          7.901432E-03 
                  3.4002502E-03          7.9255271E-03
                  3.4052498E-03          7.9496465E-03
                  3.4102499E-03          7.9737902E-03
                  3.4152501E-03          7.9979601E-03
                  3.4202499E-03          8.0221539E-03
                  3.4252501E-03          8.0463715E-03
                  3.4302502E-03          8.0706148E-03
                  3.4352498E-03          8.0948839E-03
                  3.4402499E-03          8.1191759E-03
                  3.44525E-03            8.1434937E-03
                  3.4502499E-03          8.1678362E-03
                  3.45525E-03            8.1922026E-03
                  3.4602501E-03          8.2165956E-03
                  3.46525E-03            8.2410116E-03
                  3.4702499E-03          8.2654524E-03
                  3.47525E-03            8.2899179E-03
                  3.4802501E-03          8.3144083E-03
                  3.48525E-03            8.3389235E-03
                  3.4902501E-03          8.3634644E-03
                  3.49525E-03            8.3880272E-03
                  3.5002499E-03          8.4126177E-03
                  3.50525E-03            8.4372301E-03
                  3.5102501E-03          8.4618683E-03
                  3.51525E-03            8.4865303E-03
                  3.5202501E-03          8.5112181E-03
                  3.52525E-03            8.5359297E-03
                  3.5302498E-03          8.5606661E-03
                  3.5352499E-03          8.5854273E-03
                  3.5402501E-03          8.6102114E-03
                  3.5452499E-03          8.6350212E-03
                  3.5502501E-03          8.6598558E-03
                  3.5552499E-03          8.6847134E-03
                  3.56025E-03            8.7095957E-03
                  3.5652499E-03          8.7345028E-03
                  3.57025E-03            8.7594337E-03
                  3.5752501E-03          8.7843895E-03
                  3.58025E-03            8.8093691E-03
                  3.5852499E-03          8.8343725E-03
                  3.59025E-03            8.8594007E-03
                  3.5952499E-03          8.8844528E-03
                  3.60025E-03            8.9095287E-03
                  3.6052501E-03          8.9346294E-03
                  3.61025E-03            8.959754E-03 
                  3.6152501E-03          8.9849033E-03
                  3.62025E-03            9.0100746E-03
                  3.6252499E-03          9.0352716E-03
                  3.63025E-03            9.0604916E-03
                  3.6352501E-03          9.0857363E-03
                  3.64025E-03            9.1110039E-03
                  3.6452501E-03          9.1362963E-03
                  3.65025E-03            9.1616116E-03
                  3.6552498E-03          9.1869516E-03
                  3.6602499E-03          9.2123146E-03
                  3.6652501E-03          9.2377024E-03
                  3.6702502E-03          9.2631121E-03
                  3.6752501E-03          9.2885466E-03
                  3.6802499E-03          9.3140049E-03
                  3.68525E-03            9.3394861E-03
                  3.6902499E-03          9.3649912E-03
                  3.69525E-03            9.3905201E-03
                  3.7002501E-03          9.4160728E-03
                  3.70525E-03            9.4416475E-03
                  3.7102499E-03          9.467247E-03 
                  3.71525E-03            9.4928694E-03
                  3.7202499E-03          9.5185156E-03
                  3.72525E-03            9.5441847E-03
                  3.7302501E-03          9.5698767E-03
                  3.73525E-03            9.5955935E-03
                  3.7402499E-03          9.6213322E-03
                  3.74525E-03            9.6470947E-03
                  3.7502499E-03          9.6728802E-03
                  3.75525E-03            9.6986895E-03
                  3.7602501E-03          9.7245216E-03
                  3.7652502E-03          9.7503767E-03
                  3.7702498E-03          9.7762547E-03
                  3.77525E-03            9.8021574E-03
                  3.7802501E-03          9.8280811E-03
                  3.7852499E-03          9.8540297E-03
                  3.7902501E-03          9.8800011E-03
                  3.7952502E-03          9.9059944E-03
                  3.8002498E-03          9.9320116E-03
                  3.8052499E-03          9.9580517E-03
                  3.81025E-03            9.9841156E-03
                  3.8152499E-03         10.010201E-03 
                  3.82025E-03           10.03631E-03  
                  3.8252501E-03         10.062443E-03 
                  3.8302498E-03         10.088598E-03 
                  3.8352499E-03         10.114777E-03 
                  3.84025E-03           10.140978E-03 
                  3.8452499E-03         10.167203E-03 
                  3.85025E-03           10.19345E-03  
                  3.8552501E-03         10.219721E-03 
                  3.86025E-03           10.246015E-03 
                  3.8652499E-03         10.272331E-03 
                  3.87025E-03           10.298671E-03 
                  3.8752501E-03         10.325034E-03 
                  3.88025E-03           10.35142E-03  
                  3.8852501E-03         10.377829E-03 
                  3.8902502E-03         10.404262E-03 
                  3.8952498E-03         10.430717E-03 
                  3.90025E-03           10.457195E-03 
                  3.9052501E-03         10.483698E-03 
                  3.9102499E-03         10.510223E-03 
                  3.9149997E-03         10.535443E-03 
                  3.9202502E-03         10.563343E-03 
                  3.9252498E-03         10.589937E-03 
                  3.9302502E-03         10.616557E-03 
                  3.9349999E-03         10.641866E-03 
                  3.9400003E-03         10.66853E-03  
                  3.9449999E-03         10.695218E-03 
                  3.9502499E-03         10.723265E-03 
                  3.9550002E-03         10.748664E-03 
                  3.9599998E-03         10.775423E-03 
                  3.9650002E-03         10.802205E-03 
                  3.9702501E-03         10.830351E-03 
                  3.9750001E-03         10.855841E-03 
                  3.98E-03              10.882693E-03 
                  3.9849999E-03         10.909572E-03 
                  3.9902501E-03         10.937819E-03 
                  3.99525E-03           10.964746E-03 
                  4.E-03                10.990348E-03 
                  4.00525E-03           11.018671E-03 
                  4.0102501E-03         11.045671E-03 
                  4.0152502E-03         11.072695E-03 
                  4.02E-03              11.09839E-03  
                  4.0250001E-03         11.125462E-03 
                  4.0299997E-03         11.152557E-03 
                  4.0352497E-03         11.181034E-03 
                  4.04E-03              11.206823E-03 
                  4.0449996E-03         11.233994E-03 
                  4.0500002E-03         11.261189E-03 
                  4.0552502E-03         11.289771E-03 
                  4.0600004E-03         11.315654E-03 
                  4.0650001E-03         11.342925E-03 
                  4.0699997E-03         11.370221E-03 
                  4.0752501E-03         11.398909E-03 
                  4.0802498E-03         11.426257E-03 
                  4.085E-03             11.452261E-03 
                  4.09025E-03           11.48103E-03  
                  4.0952497E-03         11.508455E-03 
                  4.1002502E-03         11.535906E-03 
                  4.105E-03             11.56201E-03  
                  4.1100001E-03         11.589511E-03 
                  4.1149998E-03         11.617041E-03 
                  4.1202502E-03         11.645973E-03 
                  4.125E-03             11.672176E-03 
                  4.1299996E-03         11.699784E-03 
                  4.1350002E-03         11.727419E-03 
                  4.1402497E-03         11.756465E-03 
                  4.1452503E-03         11.784154E-03 
                  4.1500001E-03         11.810485E-03 
                  4.1550002E-03         11.838228E-03 
                  4.1602502E-03         11.867388E-03 
                  4.1652498E-03         11.895187E-03 
                  4.1700001E-03         11.921623E-03 
                  4.1752501E-03         11.95087E-03  
                  4.1802502E-03         11.978752E-03 
                  4.1852498E-03         12.006662E-03 
                  4.1899996E-03         12.033204E-03 
                  4.1950002E-03         12.061172E-03 
                  4.1999998E-03         12.089166E-03 
                  4.2052503E-03         12.118591E-03 
                  4.21E-03              12.145241E-03 
                  4.2150002E-03         12.173321E-03 
                  4.2199998E-03         12.201431E-03 
                  4.2252498E-03         12.230978E-03 
                  4.2302504E-03         12.259148E-03 
                  4.2349997E-03         12.285937E-03 
                  4.2400002E-03         12.314165E-03 
                  4.2452502E-03         12.343836E-03 
                  4.2502499E-03         12.372125E-03 
                  4.2550001E-03         12.399027E-03 
                  4.2602501E-03         12.428793E-03 
                  4.2652502E-03         12.457172E-03 
                  4.2702498E-03         12.485582E-03 
                  4.2750001E-03         12.5126E-03   
                  4.2800002E-03         12.541071E-03 
                  4.2849998E-03         12.569571E-03 
                  4.2902503E-03         12.59953E-03  
                  4.2950001E-03         12.626667E-03 
                  4.3000002E-03         12.655262E-03 
                  4.3049998E-03         12.683888E-03 
                  4.3102498E-03         12.71398E-03  
                  4.3152499E-03         12.742671E-03 
                  4.3199997E-03         12.769958E-03 
                  4.3250003E-03         12.798712E-03 
                  4.3302498E-03         12.828938E-03 
                  4.3352499E-03         12.857759E-03 
                  4.3400002E-03         12.885168E-03 
                  4.3452497E-03         12.915498E-03 
                  4.3502502E-03         12.944416E-03 
                  4.3552499E-03         12.973368E-03 
                  4.3600001E-03         13.000903E-03 
                  4.3649998E-03         13.02992E-03  
                  4.3700004E-03         13.058969E-03 
                  4.3752499E-03         13.089508E-03 
                  4.3799996E-03         13.117171E-03 
                  4.3850002E-03         13.146321E-03 
                  4.3899999E-03         13.175508E-03 
                  4.3952503E-03         13.206188E-03 
                  4.40025E-03           13.235443E-03 
                  4.4049997E-03         13.263268E-03 
                  4.4099998E-03         13.292591E-03 
                  4.4152498E-03         13.323417E-03 
                  4.4202504E-03         13.352811E-03 
                  4.4249997E-03         13.380768E-03 
                  4.4302497E-03         13.411703E-03 
                  4.4352503E-03         13.441203E-03 
                  4.4402499E-03         13.470737E-03 
                  4.4450002E-03         13.498828E-03 
                  4.4499998E-03         13.528432E-03 
                  4.4549999E-03         13.558071E-03 
                  4.4602499E-03         13.589231E-03 
                  4.4649997E-03         13.617457E-03 
                  4.4700003E-03         13.647205E-03 
                  4.4749999E-03         13.676989E-03 
                  4.4802504E-03         13.708301E-03 
                  4.48525E-03           13.738159E-03 
                  4.4900002E-03         13.766558E-03 
                  4.4949999E-03         13.796488E-03 
                  4.5002499E-03         13.827952E-03 
                  4.50525E-03           13.857958E-03 
                  4.5099998E-03         13.886497E-03 
                  4.5152502E-03         13.918078E-03 
                  4.5202498E-03         13.948195E-03 
                  4.52525E-03           13.978348E-03 
                  4.5300002E-03         14.007029E-03 
                  4.5349998E-03         14.037255E-03 
                  4.54E-03              14.067518E-03 
                  4.5452499E-03         14.099337E-03 
                  4.5500002E-03         14.12816E-03  
                  4.5549998E-03         14.158538E-03 
                  4.5599999E-03         14.188952E-03 
                  4.5652499E-03         14.220929E-03 
                  4.57025E-03           14.251422E-03 
                  4.5750003E-03         14.280426E-03 
                  4.5799999E-03         14.310994E-03 
                  4.5852499E-03         14.343131E-03 
                  4.59025E-03           14.373778E-03 
                  4.5949998E-03         14.402927E-03 
                  4.6002502E-03         14.435187E-03 
                  4.6052499E-03         14.465949E-03 
                  4.61025E-03           14.49675E-03  
                  4.6149998E-03         14.526047E-03 
                  4.6199999E-03         14.556924E-03 
                  4.625E-03             14.58784E-03  
                  4.63025E-03           14.620343E-03 
                  4.6352501E-03         14.65134E-03  
                  4.6399999E-03         14.680821E-03 
                  4.645E-03             14.711894E-03 
                  4.65025E-03           14.744562E-03 
                  4.6552501E-03         14.775716E-03 
                  4.6600003E-03         14.805347E-03 
                  4.665E-03             14.836577E-03 
                  4.6702504E-03         14.869411E-03 
                  4.6752501E-03         14.900723E-03 
                  4.6799998E-03         14.930505E-03 
                  4.6852503E-03         14.963464E-03 
                  4.6902499E-03         14.994894E-03 
                  4.69525E-03           15.026363E-03 
                  4.6999998E-03         15.056297E-03 
                  4.7050004E-03         15.087845E-03 
                  4.71E-03              15.119432E-03 
                  4.71525E-03           15.152643E-03 
                  4.7202501E-03         15.184313E-03 
                  4.7249999E-03         15.214437E-03 
                  4.73E-03              15.246185E-03 
                  4.73525E-03           15.279564E-03 
                  4.7402496E-03         15.311395E-03 
                  4.7449999E-03         15.341671E-03 
                  4.75E-03              15.373581E-03 
                  4.75525E-03           15.407129E-03 
                  4.7602501E-03         15.439121E-03 
                  4.7650003E-03         15.469552E-03 
                  4.7702498E-03         15.503227E-03 
                  4.77525E-03           15.535341E-03 
                  4.7802501E-03         15.567496E-03 
                  4.7849998E-03         15.598081E-03 
                  4.79E-03              15.630314E-03 
                  4.7950001E-03         15.66259E-03  
                  4.8002501E-03         15.696522E-03 
                  4.8052502E-03         15.72888E-03  
                  4.8099999E-03         15.759658E-03 
                  4.8150001E-03         15.792098E-03 
                  4.82025E-03           15.826201E-03 
                  4.8252497E-03         15.858725E-03 
                  4.8299999E-03         15.889658E-03 
                  4.8349996E-03         15.922261E-03 
                  4.84025E-03           15.956538E-03 
                  4.8452501E-03         15.989225E-03 
                  4.8500004E-03         16.020315E-03 
                  4.8552499E-03         16.054722E-03 
                  4.86025E-03           16.087534E-03 
                  4.8652501E-03         16.120386E-03 
                  4.8699999E-03         16.151632E-03 
                  4.875E-03             16.184566E-03 
                  4.8800001E-03         16.217541E-03 
                  4.8852496E-03         16.252211E-03 
                  4.8902502E-03         16.285271E-03 
                  4.895E-03             16.316715E-03 
                  4.9000001E-03         16.349857E-03 
                  4.9052501E-03         16.384701E-03 
                  4.9102502E-03         16.417929E-03 
                  4.915E-03             16.449532E-03 
                  4.9200001E-03         16.482841E-03 
                  4.9252501E-03         16.51786E-03  
                  4.9302497E-03         16.551256E-03 
                  4.9349999E-03         16.583021E-03 
                  4.9402499E-03         16.618174E-03 
                  4.94525E-03           16.651695E-03 
                  4.9502501E-03         16.685261E-03 
                  4.9549999E-03         16.717184E-03 
                  4.96E-03              16.750834E-03 
                  4.9649997E-03         16.784521E-03 
                  4.9702501E-03         16.819941E-03 
                  4.9752498E-03         16.853718E-03 
                  4.98E-03              16.885847E-03 
                  4.9850001E-03         16.919706E-03 
                  4.9902496E-03         16.955307E-03 
                  4.9952502E-03         16.989256E-03 
                  5.E-03                17.021545E-03 




