
                    X                   _temp_1       

                  0.                     0.           
                  5.25E-06             210.E-03       
                 10.25E-06             410.E-03       
                 15.249999E-06         610.E-03       
                 20.25E-06             810.E-03       
                 25.249998E-06           1.01         
                 30.25E-06               1.21         
                 35.25E-06               1.41         
                 40.25E-06               1.61         
                 45.25E-06               1.8099999    
                 50.25E-06               2.01         
                 55.25E-06               2.21         
                 60.25E-06               2.4100001    
                 65.25E-06               2.6099999    
                 70.25E-06               2.8099999    
                 75.25E-06               3.01         
                 80.25E-06               3.21         
                 85.250008E-06           3.4100001    
                 90.25E-06               3.6099999    
                 95.249992E-06           3.8099999    
                100.25E-06               4.0100002    
                105.25E-06               4.21         
                110.25E-06               4.4099998    
                115.25E-06               4.6100001    
                120.25E-06               4.8099999    
                125.E-06                 5.           
                130.25E-06               5.21         
                134.99998E-06            5.4000001    
                140.25002E-06            5.6100001    
                145.E-06                 5.8000002    
                150.24998E-06            6.0100002    
                155.E-06                 6.1999998    
                160.25E-06               6.4099998    
                165.25E-06               6.6100001    
                170.25E-06               6.8099999    
                175.25E-06               7.0100002    
                180.25E-06               7.21         
                185.25E-06               7.4099998    
                190.25E-06               7.6100001    
                195.25E-06               7.8099999    
                200.25E-06               8.0100002    
                205.25002E-06            8.21         
                210.25E-06               8.4099998    
                215.25E-06               8.6099997    
                220.25002E-06            8.8100004    
                225.24998E-06            9.0100002    
                230.25E-06               9.21         
                235.25E-06               9.4099998    
                240.24998E-06            9.6099997    
                245.25E-06               9.8100004    
                250.E-06                10.           
                255.25E-06              10.21         
                260.25E-06              10.41         
                265.25E-06              10.61         
                269.99997E-06           10.8          
                275.25E-06              11.01         
                280.25E-06              11.21         
                285.24997E-06           11.41         
                290.E-06                11.6          
                295.25E-06              11.81         
                300.25E-06              12.01         
                305.25E-06              12.21         
                310.E-06                12.4          
                315.25E-06              12.61         
                320.25E-06              12.81         
                325.25E-06              13.01         
                330.25003E-06           13.21         
                334.99997E-06           13.4          
                340.25E-06              13.61         
                345.25E-06              13.81         
                350.24997E-06           14.01         
                355.E-06                14.2          
                360.25E-06              14.41         
                365.25E-06              14.61         
                370.25E-06              14.81         
                375.E-06                15.           
                380.25E-06              15.21         
                385.25E-06              15.41         
                390.25E-06              15.61         
                395.E-06                15.8          
                400.25E-06              16.01         
                405.25E-06              16.209999     
                410.25E-06              16.41         
                415.25E-06              16.610001     
                420.25E-06              16.809999     
                425.25E-06              17.01         
                430.25E-06              17.209999     
                435.24997E-06           17.41         
                440.25E-06              17.610001     
                445.25E-06              17.809999     
                450.25E-06              18.01         
                455.25E-06              18.209999     
                460.25003E-06           18.41         
                465.25E-06              18.610001     
                470.25E-06              18.809999     
                475.25E-06              19.01         
                480.25E-06              19.209999     
                485.25E-06              19.41         
                490.25003E-06           19.610001     
                494.99997E-06           19.799999     
                500.E-06                20.           
                505.E-06                20.200001     
                510.24997E-06           20.41         
                515.25E-06              20.610001     
                520.25E-06              20.809999     
                525.24994E-06           21.01         
                530.25E-06              21.209999     
                535.E-06                21.4          
                539.99994E-06           21.6          
                545.E-06                21.799999     
                550.25E-06              22.01         
                555.25E-06              22.209999     
                560.25006E-06           22.41         
                565.25E-06              22.610001     
                570.25E-06              22.809999     
                575.25E-06              23.01         
                580.E-06                23.200001     
                585.E-06                23.4          
                590.25E-06              23.610001     
                595.25E-06              23.809999     
                600.24994E-06           24.01         
                605.25E-06              24.209999     
                610.25E-06              24.41         
                615.25006E-06           24.610001     
                620.E-06                24.799999     
                625.E-06                25.           
                630.25006E-06           25.209999     
                635.25006E-06           25.41         
                640.24994E-06           25.610001     
                645.25E-06              25.809999     
                650.25E-06              26.01         
                655.25E-06              26.209999     
                660.25E-06              26.41         
                665.E-06                26.6          
                669.99994E-06           26.799999     
                675.25E-06              27.01         
                680.25E-06              27.209999     
                685.25E-06              27.41         
                690.25006E-06           27.610001     
                695.25E-06              27.809999     
                700.25E-06              28.01         
                705.00006E-06           28.200001     
                710.E-06                28.4          
                715.24994E-06           28.610001     
                720.25E-06              28.809999     
                725.25E-06              29.01         
                730.25E-06              29.209999     
                735.25E-06              29.41         
                740.25E-06              29.610001     
                745.25006E-06           29.809999     
                750.E-06                30.           
                755.25E-06              30.209999     
                760.25006E-06           30.41         
                765.25E-06              30.610001     
                770.24994E-06           30.809999     
                775.25E-06              31.01         
                780.25E-06              31.209999     
                785.25E-06              31.41         
                790.E-06                31.6          
                795.25E-06              31.809999     
                800.25E-06              32.009998     
                805.25006E-06           32.209999     
                810.25E-06              32.41         
                815.25E-06              32.610001     
                820.25006E-06           32.810001     
                825.25E-06              33.009998     
                830.24994E-06           33.209999     
                835.25E-06              33.41         
                840.25E-06              33.610001     
                845.24994E-06           33.810001     
                850.25E-06              34.009998     
                855.25E-06              34.209999     
                860.25E-06              34.41         
                865.25E-06              34.610001     
                870.25E-06              34.810001     
                875.25006E-06           35.009998     
                880.25006E-06           35.209999     
                885.25E-06              35.41         
                890.25E-06              35.610001     
                895.25E-06              35.810001     
                900.24994E-06           36.009998     
                905.25E-06              36.209999     
                910.25E-06              36.41         
                915.25E-06              36.610001     
                920.25E-06              36.810001     
                925.25E-06              37.009998     
                930.25E-06              37.209999     
                935.25006E-06           37.41         
                940.25E-06              37.610001     
                945.25E-06              37.810001     
                950.25E-06              38.009998     
                955.25E-06              38.209999     
                960.24994E-06           38.41         
                965.25E-06              38.610001     
                970.25E-06              38.810001     
                975.24994E-06           39.009998     
                980.24994E-06           39.209999     
                985.00006E-06           39.400002     
                989.99994E-06           39.599998     
                995.E-06                39.799999     
                  1.E-03                40.           
                  1.005E-03             40.200001     
                  1.01E-03              40.400002     
                  1.0150001E-03         40.599998     
                  1.0202501E-03         40.810001     
                  1.02525E-03           41.009998     
                  1.03025E-03           41.209999     
                  1.0352501E-03         41.41         
                  1.0402499E-03         41.610001     
                  1.0452499E-03         41.810001     
                  1.0502501E-03         42.009998     
                  1.0552499E-03         42.209999     
                  1.0602499E-03         42.41         
                  1.06525E-03           42.610001     
                  1.0700001E-03         42.799999     
                  1.075E-03             43.           
                  1.0799999E-03         43.200001     
                  1.085E-03             43.400002     
                  1.09E-03              43.599998     
                  1.0949999E-03         43.799999     
                  1.10025E-03           44.009998     
                  1.10525E-03           44.209999     
                  1.11025E-03           44.41         
                  1.1152501E-03         44.610001     
                  1.12025E-03           44.810001     
                  1.12525E-03           45.009998     
                  1.1302501E-03         45.209999     
                  1.13525E-03           45.41         
                  1.14025E-03           45.610001     
                  1.1452501E-03         45.810001     
                  1.15025E-03           46.009998     
                  1.155E-03             46.200001     
                  1.16E-03              46.400002     
                  1.1650001E-03         46.599998     
                  1.17E-03              46.799999     
                  1.175E-03             47.           
                  1.1802499E-03         47.209999     
                  1.18525E-03           47.41         
                  1.19025E-03           47.610001     
                  1.1952499E-03         47.810001     
                  1.20025E-03           48.009998     
                  1.20525E-03           48.209999     
                  1.2102499E-03         48.41         
                  1.21525E-03           48.610001     
                  1.22025E-03           48.810001     
                  1.22525E-03           49.009998     
                  1.23025E-03           49.209999     
                  1.23525E-03           49.41         
                  1.24E-03              49.599998     
                  1.245E-03             49.799999     
                  1.25E-03              50.           
                  1.255E-03             50.200001     
                  1.26025E-03           50.41         
                  1.2652501E-03         50.610001     
                  1.27025E-03           50.810001     
                  1.27525E-03           51.009998     
                  1.2802501E-03         51.209999     
                  1.2852499E-03         51.41         
                  1.2902499E-03         51.610001     
                  1.2952501E-03         51.810001     
                  1.3002499E-03         52.009998     
                  1.3052499E-03         52.209999     
                  1.31025E-03           52.41         
                  1.3152499E-03         52.610001     
                  1.32025E-03           52.810001     
                  1.3249999E-03         53.           
                  1.33E-03              53.200001     
                  1.335E-03             53.400002     
                  1.3399999E-03         53.599998     
                  1.34525E-03           53.810001     
                  1.35025E-03           54.009998     
                  1.35525E-03           54.209999     
                  1.36025E-03           54.41         
                  1.36525E-03           54.610001     
                  1.37025E-03           54.810001     
                  1.3752501E-03         55.009998     
                  1.38025E-03           55.209999     
                  1.38525E-03           55.41         
                  1.3902501E-03         55.610001     
                  1.39525E-03           55.810001     
                  1.40025E-03           56.009998     
                  1.4052501E-03         56.209999     
                  1.4100001E-03         56.400002     
                  1.415E-03             56.599998     
                  1.42E-03              56.799999     
                  1.4252499E-03         57.009998     
                  1.43025E-03           57.209999     
                  1.43525E-03           57.41         
                  1.4402499E-03         57.610001     
                  1.44525E-03           57.810001     
                  1.45025E-03           58.009998     
                  1.4552499E-03         58.209999     
                  1.46025E-03           58.41         
                  1.46525E-03           58.610001     
                  1.47025E-03           58.810001     
                  1.47525E-03           59.009998     
                  1.48025E-03           59.209999     
                  1.48525E-03           59.41         
                  1.49025E-03           59.610001     
                  1.495E-03             59.799999     
                  1.5E-03               60.           
                  1.50525E-03           60.209999     
                  1.5102501E-03         60.41         
                  1.51525E-03           60.610001     
                  1.52025E-03           60.810001     
                  1.5252501E-03         61.009998     
                  1.53025E-03           61.209999     
                  1.5352499E-03         61.41         
                  1.5402501E-03         61.610001     
                  1.5452499E-03         61.810001     
                  1.5502499E-03         62.009998     
                  1.55525E-03           62.209999     
                  1.5602499E-03         62.41         
                  1.56525E-03           62.610001     
                  1.57025E-03           62.810001     
                  1.5752499E-03         63.009998     
                  1.58E-03              63.200001     
                  1.58525E-03           63.41         
                  1.5902499E-03         63.610001     
                  1.59525E-03           63.810001     
                  1.60025E-03           64.010002     
                  1.60525E-03           64.209999     
                  1.61025E-03           64.410004     
                  1.61525E-03           64.610001     
                  1.6202501E-03         64.809998     
                  1.62525E-03           65.010002     
                  1.63025E-03           65.209999     
                  1.6352501E-03         65.410004     
                  1.64025E-03           65.610001     
                  1.64525E-03           65.809998     
                  1.6502501E-03         66.010002     
                  1.65525E-03           66.209999     
                  1.6602501E-03         66.410004     
                  1.665E-03             66.599998     
                  1.6702499E-03         66.809998     
                  1.6752501E-03         67.010002     
                  1.68025E-03           67.209999     
                  1.6852499E-03         67.410004     
                  1.69025E-03           67.610001     
                  1.69525E-03           67.809998     
                  1.7002499E-03         68.010002     
                  1.70525E-03           68.209999     
                  1.71025E-03           68.410004     
                  1.71525E-03           68.610001     
                  1.72025E-03           68.809998     
                  1.72525E-03           69.010002     
                  1.73025E-03           69.209999     
                  1.73525E-03           69.410004     
                  1.74025E-03           69.610001     
                  1.74525E-03           69.809998     
                  1.75025E-03           70.010002     
                  1.75525E-03           70.209999     
                  1.76025E-03           70.410004     
                  1.76525E-03           70.610001     
                  1.7702501E-03         70.809998     
                  1.77525E-03           71.010002     
                  1.78025E-03           71.209999     
                  1.7852501E-03         71.410004     
                  1.7902499E-03         71.610001     
                  1.7952499E-03         71.809998     
                  1.8002501E-03         72.010002     
                  1.8052499E-03         72.209999     
                  1.81025E-03           72.410004     
                  1.81525E-03           72.610001     
                  1.8202499E-03         72.809998     
                  1.82525E-03           73.010002     
                  1.83025E-03           73.209999     
                  1.8352499E-03         73.410004     
                  1.84025E-03           73.610001     
                  1.84525E-03           73.809998     
                  1.8502499E-03         74.010002     
                  1.85525E-03           74.209999     
                  1.86025E-03           74.410004     
                  1.86525E-03           74.610001     
                  1.87025E-03           74.809998     
                  1.87525E-03           75.010002     
                  1.8802501E-03         75.209999     
                  1.88525E-03           75.410004     
                  1.89025E-03           75.610001     
                  1.8952501E-03         75.809998     
                  1.90025E-03           76.010002     
                  1.9052501E-03         76.209999     
                  1.9102501E-03         76.410004     
                  1.9152499E-03         76.610001     
                  1.9202501E-03         76.809998     
                  1.9252501E-03         77.010002     
                  1.9302499E-03         77.209999     
                  1.93525E-03           77.410004     
                  1.94025E-03           77.610001     
                  1.9452499E-03         77.809998     
                  1.95025E-03           78.010002     
                  1.95525E-03           78.209999     
                  1.9602501E-03         78.410004     
                  1.9652499E-03         78.610001     
                  1.9700001E-03         78.800003     
                  1.9749999E-03         79.           
                  1.9799999E-03         79.199997     
                  1.985E-03             79.400002     
                  1.99E-03              79.599998     
                  1.995E-03             79.800003     
                  2.E-03                80.           
                  2.00525E-03           80.209999     
                  2.01E-03              80.400002     
                  2.01525E-03           80.610001     
                  2.02E-03              80.800003     
                  2.0252502E-03         81.010002     
                  2.0300002E-03         81.199997     
                  2.0352499E-03         81.410004     
                  2.0402501E-03         81.610001     
                  2.0452499E-03         81.809998     
                  2.0502501E-03         82.010002     
                  2.0550001E-03         82.199997     
                  2.0600002E-03         82.400002     
                  2.0649998E-03         82.599998     
                  2.0699999E-03         82.800003     
                  2.075E-03             83.           
                  2.0799999E-03         83.199997     
                  2.085E-03             83.400002     
                  2.09025E-03           83.610001     
                  2.0949998E-03         83.800003     
                  2.10025E-03           84.010002     
                  2.105E-03             84.199997     
                  2.11025E-03           84.410004     
                  2.1152501E-03         84.610001     
                  2.12025E-03           84.809998     
                  2.1252499E-03         85.010002     
                  2.13025E-03           85.209999     
                  2.1352501E-03         85.410004     
                  2.1400001E-03         85.599998     
                  2.145E-03             85.800003     
                  2.1500001E-03         86.           
                  2.1550002E-03         86.199997     
                  2.1599998E-03         86.400002     
                  2.165E-03             86.599998     
                  2.1700001E-03         86.800003     
                  2.1752501E-03         87.010002     
                  2.1800001E-03         87.199997     
                  2.18525E-03           87.410004     
                  2.1899998E-03         87.599998     
                  2.19525E-03           87.809998     
                  2.2002501E-03         88.010002     
                  2.20525E-03           88.209999     
                  2.2102499E-03         88.410004     
                  2.21525E-03           88.610001     
                  2.2202499E-03         88.809998     
                  2.2249999E-03         89.           
                  2.23E-03              89.199997     
                  2.2350001E-03         89.400002     
                  2.24E-03              89.599998     
                  2.2450001E-03         89.800003     
                  2.25E-03              90.           
                  2.2549999E-03         90.199997     
                  2.2602501E-03         90.410004     
                  2.2650001E-03         90.599998     
                  2.2702501E-03         90.809998     
                  2.2750001E-03         91.           
                  2.2802501E-03         91.209999     
                  2.2852499E-03         91.410004     
                  2.2902501E-03         91.610001     
                  2.2952502E-03         91.809998     
                  2.3002501E-03         92.010002     
                  2.3052499E-03         92.209999     
                  2.3099999E-03         92.400002     
                  2.3149998E-03         92.599998     
                  2.3199999E-03         92.800003     
                  2.325E-03             93.           
                  2.3300002E-03         93.199997     
                  2.335E-03             93.400002     
                  2.3399999E-03         93.599998     
                  2.3452499E-03         93.809998     
                  2.3499999E-03         94.           
                  2.3552501E-03         94.209999     
                  2.36025E-03           94.410004     
                  2.3652499E-03         94.610001     
                  2.37025E-03           94.809998     
                  2.3752501E-03         95.010002     
                  2.38025E-03           95.209999     
                  2.3852501E-03         95.410004     
                  2.3902502E-03         95.610001     
                  2.395E-03             95.800003     
                  2.4000001E-03         96.           
                  2.405E-03             96.199997     
                  2.4099998E-03         96.400002     
                  2.415E-03             96.599998     
                  2.4200001E-03         96.800003     
                  2.4250002E-03         97.           
                  2.4302499E-03         97.209999     
                  2.4349999E-03         97.400002     
                  2.4402499E-03         97.610001     
                  2.44525E-03           97.809998     
                  2.4502501E-03         98.010002     
                  2.4552498E-03         98.209999     
                  2.4602499E-03         98.410004     
                  2.46525E-03           98.610001     
                  2.4702499E-03         98.809998     
                  2.47525E-03           99.010002     
                  2.48E-03              99.199997     
                  2.4850001E-03         99.400002     
                  2.49E-03              99.599998     
                  2.4949999E-03         99.800003     
                  2.5E-03              100.           
                  2.5049999E-03        100.2          
                  2.51E-03             100.4          
                  2.51525E-03          100.61         
                  2.5202498E-03        100.81         
                  2.52525E-03          101.01         
                  2.5302501E-03        101.21         
                  2.5352499E-03        101.41         
                  2.5402501E-03        101.61         
                  2.5452502E-03        101.81         
                  2.5502498E-03        102.01         
                  2.5552499E-03        102.21         
                  2.56025E-03          102.41         
                  2.5650001E-03        102.6          
                  2.57025E-03          102.81         
                  2.575E-03            103.           
                  2.58025E-03          103.21         
                  2.5849998E-03        103.4          
                  2.59025E-03          103.61         
                  2.595E-03            103.8          
                  2.60025E-03          104.01         
                  2.6052501E-03        104.21         
                  2.61025E-03          104.41         
                  2.6152499E-03        104.61         
                  2.62025E-03          104.81         
                  2.6252501E-03        105.01         
                  2.63025E-03          105.21         
                  2.6352501E-03        105.41         
                  2.64025E-03          105.61         
                  2.6452498E-03        105.81         
                  2.6499999E-03        106.           
                  2.6552501E-03        106.21         
                  2.6600001E-03        106.4          
                  2.6652501E-03        106.61         
                  2.6700001E-03        106.8          
                  2.6752501E-03        107.01         
                  2.6799998E-03        107.2          
                  2.68525E-03          107.41         
                  2.6902502E-03        107.61         
                  2.69525E-03          107.81         
                  2.7002499E-03        108.01         
                  2.70525E-03          108.21         
                  2.7102499E-03        108.41         
                  2.71525E-03          108.61         
                  2.7202501E-03        108.81         
                  2.72525E-03          109.01         
                  2.7302499E-03        109.21         
                  2.7350001E-03        109.4          
                  2.7402499E-03        109.61         
                  2.7449999E-03        109.8          
                  2.7502501E-03        110.01         
                  2.7550001E-03        110.2          
                  2.7602499E-03        110.41         
                  2.76525E-03          110.61         
                  2.7702501E-03        110.81         
                  2.77525E-03          111.01         
                  2.7802501E-03        111.21         
                  2.7852502E-03        111.41         
                  2.7902498E-03        111.61         
                  2.7952499E-03        111.81         
                  2.8002501E-03        112.01         
                  2.8052499E-03        112.21         
                  2.81025E-03          112.41         
                  2.8152502E-03        112.61         
                  2.8200002E-03        112.8          
                  2.8252499E-03        113.01         
                  2.8299999E-03        113.2          
                  2.8352499E-03        113.41         
                  2.8399999E-03        113.6          
                  2.8452501E-03        113.81         
                  2.85025E-03          114.01         
                  2.8552499E-03        114.21         
                  2.86025E-03          114.41         
                  2.8652499E-03        114.61         
                  2.87025E-03          114.81         
                  2.8752501E-03        115.01         
                  2.8802502E-03        115.21         
                  2.8852499E-03        115.41         
                  2.89025E-03          115.61         
                  2.8952501E-03        115.81         
                  2.90025E-03          116.01         
                  2.905E-03            116.2          
                  2.9102502E-03        116.41         
                  2.915E-03            116.6          
                  2.9202499E-03        116.81         
                  2.925E-03            117.           
                  2.9302499E-03        117.21         
                  2.93525E-03          117.41         
                  2.9402502E-03        117.61         
                  2.9452498E-03        117.81         
                  2.9502499E-03        118.01         
                  2.95525E-03          118.21         
                  2.9602499E-03        118.41         
                  2.96525E-03          118.61         
                  2.9702501E-03        118.81         
                  2.97525E-03          119.01         
                  2.9802499E-03        119.21         
                  2.98525E-03          119.41         
                  2.99E-03             119.6          
                  2.99525E-03          119.81         
                  3.E-03               120.           
                  3.00525E-03          120.21         
                  3.0102499E-03        120.41         
                  3.01525E-03          120.61         
                  3.0202501E-03        120.81         
                  3.02525E-03          121.01         
                  3.0302501E-03        121.21         
                  3.0352499E-03        121.41         
                  3.0402498E-03        121.61         
                  3.0452499E-03        121.81         
                  3.0502501E-03        122.01         
                  3.0552499E-03        122.21         
                  3.06025E-03          122.41         
                  3.0652502E-03        122.61         
                  3.07025E-03          122.81         
                  3.0749998E-03        123.           
                  3.08025E-03          123.21         
                  3.085E-03            123.4          
                  3.09025E-03          123.61         
                  3.0952501E-03        123.81         
                  3.10025E-03          124.01         
                  3.1052499E-03        124.21         
                  3.11025E-03          124.41         
                  3.1152501E-03        124.61         
                  3.12025E-03          124.81         
                  3.1252501E-03        125.01         
                  3.13025E-03          125.21         
                  3.1352499E-03        125.41         
                  3.14025E-03          125.61         
                  3.1452501E-03        125.81         
                  3.15025E-03          126.01         
                  3.1552501E-03        126.21         
                  3.1600001E-03        126.4          
                  3.1652501E-03        126.61         
                  3.1702499E-03        126.81         
                  3.1752501E-03        127.01         
                  3.1802502E-03        127.21         
                  3.18525E-03          127.41         
                  3.1902499E-03        127.61         
                  3.19525E-03          127.81         
                  3.2002499E-03        128.00999      
                  3.20525E-03          128.21001      
                  3.2102501E-03        128.41         
                  3.21525E-03          128.61         
                  3.2202499E-03        128.81         
                  3.22525E-03          129.00999      
                  3.2302499E-03        129.21001      
                  3.23525E-03          129.41         
                  3.2402501E-03        129.61         
                  3.2450001E-03        129.8          
                  3.2502499E-03        130.00999      
                  3.25525E-03          130.21001      
                  3.2602499E-03        130.41         
                  3.26525E-03          130.61         
                  3.2702501E-03        130.81         
                  3.2752502E-03        131.00999      
                  3.2802498E-03        131.21001      
                  3.2852499E-03        131.41         
                  3.2902501E-03        131.61         
                  3.2952499E-03        131.81         
                  3.3002501E-03        132.00999      
                  3.3052502E-03        132.21001      
                  3.3102498E-03        132.41         
                  3.3152499E-03        132.61         
                  3.32025E-03          132.81         
                  3.3252499E-03        133.00999      
                  3.3299999E-03        133.2          
                  3.3352501E-03        133.41         
                  3.34025E-03          133.61         
                  3.3452499E-03        133.81         
                  3.35025E-03          134.00999      
                  3.3552499E-03        134.21001      
                  3.36025E-03          134.41         
                  3.3652501E-03        134.61         
                  3.3702502E-03        134.81         
                  3.3752499E-03        135.00999      
                  3.38025E-03          135.21001      
                  3.3852501E-03        135.41         
                  3.39025E-03          135.61         
                  3.3952501E-03        135.81         
                  3.4002502E-03        136.00999      
                  3.4052498E-03        136.21001      
                  3.4102499E-03        136.41         
                  3.4152501E-03        136.61         
                  3.4202499E-03        136.81         
                  3.4252501E-03        137.00999      
                  3.4302502E-03        137.21001      
                  3.4352498E-03        137.41         
                  3.4402499E-03        137.61         
                  3.44525E-03          137.81         
                  3.4502499E-03        138.00999      
                  3.45525E-03          138.21001      
                  3.4602501E-03        138.41         
                  3.46525E-03          138.61         
                  3.4702499E-03        138.81         
                  3.47525E-03          139.00999      
                  3.4802501E-03        139.21001      
                  3.48525E-03          139.41         
                  3.4902501E-03        139.61         
                  3.49525E-03          139.81         
                  3.5002499E-03        140.00999      
                  3.50525E-03          140.21001      
                  3.5102501E-03        140.41         
                  3.51525E-03          140.61         
                  3.5202501E-03        140.81         
                  3.52525E-03          141.00999      
                  3.5302498E-03        141.21001      
                  3.5352499E-03        141.41         
                  3.5402501E-03        141.61         
                  3.5452499E-03        141.81         
                  3.5502501E-03        142.00999      
                  3.5552499E-03        142.21001      
                  3.56025E-03          142.41         
                  3.5652499E-03        142.61         
                  3.57025E-03          142.81         
                  3.5752501E-03        143.00999      
                  3.58025E-03          143.21001      
                  3.5852499E-03        143.41         
                  3.59025E-03          143.61         
                  3.5952499E-03        143.81         
                  3.60025E-03          144.00999      
                  3.6052501E-03        144.21001      
                  3.61025E-03          144.41         
                  3.6152501E-03        144.61         
                  3.62025E-03          144.81         
                  3.6252499E-03        145.00999      
                  3.63025E-03          145.21001      
                  3.6352501E-03        145.41         
                  3.64025E-03          145.61         
                  3.6452501E-03        145.81         
                  3.65025E-03          146.00999      
                  3.6552498E-03        146.21001      
                  3.6602499E-03        146.41         
                  3.6652501E-03        146.61         
                  3.6702502E-03        146.81         
                  3.6752501E-03        147.00999      
                  3.6802499E-03        147.21001      
                  3.68525E-03          147.41         
                  3.6902499E-03        147.61         
                  3.69525E-03          147.81         
                  3.7002501E-03        148.00999      
                  3.70525E-03          148.21001      
                  3.7102499E-03        148.41         
                  3.71525E-03          148.61         
                  3.7202499E-03        148.81         
                  3.72525E-03          149.00999      
                  3.7302501E-03        149.21001      
                  3.73525E-03          149.41         
                  3.7402499E-03        149.61         
                  3.74525E-03          149.81         
                  3.7502499E-03        150.00999      
                  3.75525E-03          150.21001      
                  3.7602501E-03        150.41         
                  3.7652502E-03        150.61         
                  3.7702498E-03        150.81         
                  3.77525E-03          151.00999      
                  3.7802501E-03        151.21001      
                  3.7852499E-03        151.41         
                  3.7902501E-03        151.61         
                  3.7952502E-03        151.81         
                  3.8002498E-03        152.00999      
                  3.8052499E-03        152.21001      
                  3.81025E-03          152.41         
                  3.8152499E-03        152.61         
                  3.82025E-03          152.81         
                  3.8252501E-03        153.00999      
                  3.8302498E-03        153.21001      
                  3.8352499E-03        153.41         
                  3.84025E-03          153.61         
                  3.8452499E-03        153.81         
                  3.85025E-03          154.00999      
                  3.8552501E-03        154.21001      
                  3.86025E-03          154.41         
                  3.8652499E-03        154.61         
                  3.87025E-03          154.81         
                  3.8752501E-03        155.00999      
                  3.88025E-03          155.21001      
                  3.8852501E-03        155.41         
                  3.8902502E-03        155.61         
                  3.8952498E-03        155.81         
                  3.90025E-03          156.00999      
                  3.9052501E-03        156.21001      
                  3.9102499E-03        156.41         
                  3.9149997E-03        156.60001      
                  3.9202502E-03        156.81         
                  3.9252498E-03        157.00999      
                  3.9302502E-03        157.21001      
                  3.9349999E-03        157.39999      
                  3.9400003E-03        157.60001      
                  3.9449999E-03        157.8          
                  3.9502499E-03        158.00999      
                  3.9550002E-03        158.2          
                  3.9599998E-03        158.39999      
                  3.9650002E-03        158.60001      
                  3.9702501E-03        158.81         
                  3.9750001E-03        159.           
                  3.98E-03             159.2          
                  3.9849999E-03        159.39999      
                  3.9902501E-03        159.61         
                  3.99525E-03          159.81         
                  4.E-03               160.           
                  4.00525E-03          160.21001      
                  4.0102501E-03        160.41         
                  4.0152502E-03        160.61         
                  4.02E-03             160.8          
                  4.0250001E-03        161.           
                  4.0299997E-03        161.2          
                  4.0352497E-03        161.41         
                  4.04E-03             161.60001      
                  4.0449996E-03        161.8          
                  4.0500002E-03        162.           
                  4.0552502E-03        162.21001      
                  4.0600004E-03        162.39999      
                  4.0650001E-03        162.60001      
                  4.0699997E-03        162.8          
                  4.0752501E-03        163.00999      
                  4.0802498E-03        163.21001      
                  4.085E-03            163.39999      
                  4.09025E-03          163.61         
                  4.0952497E-03        163.81         
                  4.1002502E-03        164.00999      
                  4.105E-03            164.2          
                  4.1100001E-03        164.39999      
                  4.1149998E-03        164.60001      
                  4.1202502E-03        164.81         
                  4.125E-03            165.           
                  4.1299996E-03        165.2          
                  4.1350002E-03        165.39999      
                  4.1402497E-03        165.61         
                  4.1452503E-03        165.81         
                  4.1500001E-03        166.           
                  4.1550002E-03        166.2          
                  4.1602502E-03        166.41         
                  4.1652498E-03        166.61         
                  4.1700001E-03        166.8          
                  4.1752501E-03        167.00999      
                  4.1802502E-03        167.21001      
                  4.1852498E-03        167.41         
                  4.1899996E-03        167.60001      
                  4.1950002E-03        167.8          
                  4.1999998E-03        168.           
                  4.2052503E-03        168.21001      
                  4.21E-03             168.39999      
                  4.2150002E-03        168.60001      
                  4.2199998E-03        168.8          
                  4.2252498E-03        169.00999      
                  4.2302504E-03        169.21001      
                  4.2349997E-03        169.39999      
                  4.2400002E-03        169.60001      
                  4.2452502E-03        169.81         
                  4.2502499E-03        170.00999      
                  4.2550001E-03        170.2          
                  4.2602501E-03        170.41         
                  4.2652502E-03        170.61         
                  4.2702498E-03        170.81         
                  4.2750001E-03        171.           
                  4.2800002E-03        171.2          
                  4.2849998E-03        171.39999      
                  4.2902503E-03        171.61         
                  4.2950001E-03        171.8          
                  4.3000002E-03        172.           
                  4.3049998E-03        172.2          
                  4.3102498E-03        172.41         
                  4.3152499E-03        172.61         
                  4.3199997E-03        172.8          
                  4.3250003E-03        173.           
                  4.3302498E-03        173.21001      
                  4.3352499E-03        173.41         
                  4.3400002E-03        173.60001      
                  4.3452497E-03        173.81         
                  4.3502502E-03        174.00999      
                  4.3552499E-03        174.21001      
                  4.3600001E-03        174.39999      
                  4.3649998E-03        174.60001      
                  4.3700004E-03        174.8          
                  4.3752499E-03        175.00999      
                  4.3799996E-03        175.2          
                  4.3850002E-03        175.39999      
                  4.3899999E-03        175.60001      
                  4.3952503E-03        175.81         
                  4.40025E-03          176.00999      
                  4.4049997E-03        176.2          
                  4.4099998E-03        176.39999      
                  4.4152498E-03        176.61         
                  4.4202504E-03        176.81         
                  4.4249997E-03        177.           
                  4.4302497E-03        177.21001      
                  4.4352503E-03        177.41         
                  4.4402499E-03        177.61         
                  4.4450002E-03        177.8          
                  4.4499998E-03        178.           
                  4.4549999E-03        178.2          
                  4.4602499E-03        178.41         
                  4.4649997E-03        178.60001      
                  4.4700003E-03        178.8          
                  4.4749999E-03        179.           
                  4.4802504E-03        179.21001      
                  4.48525E-03          179.41         
                  4.4900002E-03        179.60001      
                  4.4949999E-03        179.8          
                  4.5002499E-03        180.00999      
                  4.50525E-03          180.21001      
                  4.5099998E-03        180.39999      
                  4.5152502E-03        180.61         
                  4.5202498E-03        180.81         
                  4.52525E-03          181.00999      
                  4.5300002E-03        181.2          
                  4.5349998E-03        181.39999      
                  4.54E-03             181.60001      
                  4.5452499E-03        181.81         
                  4.5500002E-03        182.           
                  4.5549998E-03        182.2          
                  4.5599999E-03        182.39999      
                  4.5652499E-03        182.61         
                  4.57025E-03          182.81         
                  4.5750003E-03        183.           
                  4.5799999E-03        183.2          
                  4.5852499E-03        183.41         
                  4.59025E-03          183.61         
                  4.5949998E-03        183.8          
                  4.6002502E-03        184.00999      
                  4.6052499E-03        184.21001      
                  4.61025E-03          184.41         
                  4.6149998E-03        184.60001      
                  4.6199999E-03        184.8          
                  4.625E-03            185.           
                  4.63025E-03          185.21001      
                  4.6352501E-03        185.41         
                  4.6399999E-03        185.60001      
                  4.645E-03            185.8          
                  4.65025E-03          186.00999      
                  4.6552501E-03        186.21001      
                  4.6600003E-03        186.39999      
                  4.665E-03            186.60001      
                  4.6702504E-03        186.81         
                  4.6752501E-03        187.00999      
                  4.6799998E-03        187.2          
                  4.6852503E-03        187.41         
                  4.6902499E-03        187.61         
                  4.69525E-03          187.81         
                  4.6999998E-03        188.           
                  4.7050004E-03        188.2          
                  4.71E-03             188.39999      
                  4.71525E-03          188.61         
                  4.7202501E-03        188.81         
                  4.7249999E-03        189.           
                  4.73E-03             189.2          
                  4.73525E-03          189.41         
                  4.7402496E-03        189.61         
                  4.7449999E-03        189.8          
                  4.75E-03             190.           
                  4.75525E-03          190.21001      
                  4.7602501E-03        190.41         
                  4.7650003E-03        190.60001      
                  4.7702498E-03        190.81         
                  4.77525E-03          191.00999      
                  4.7802501E-03        191.21001      
                  4.7849998E-03        191.39999      
                  4.79E-03             191.60001      
                  4.7950001E-03        191.8          
                  4.8002501E-03        192.00999      
                  4.8052502E-03        192.21001      
                  4.8099999E-03        192.39999      
                  4.8150001E-03        192.60001      
                  4.82025E-03          192.81         
                  4.8252497E-03        193.00999      
                  4.8299999E-03        193.2          
                  4.8349996E-03        193.39999      
                  4.84025E-03          193.61         
                  4.8452501E-03        193.81         
                  4.8500004E-03        194.           
                  4.8552499E-03        194.21001      
                  4.86025E-03          194.41         
                  4.8652501E-03        194.61         
                  4.8699999E-03        194.8          
                  4.875E-03            195.           
                  4.8800001E-03        195.2          
                  4.8852496E-03        195.41         
                  4.8902502E-03        195.61         
                  4.895E-03            195.8          
                  4.9000001E-03        196.           
                  4.9052501E-03        196.21001      
                  4.9102502E-03        196.41         
                  4.915E-03            196.60001      
                  4.9200001E-03        196.8          
                  4.9252501E-03        197.00999      
                  4.9302497E-03        197.21001      
                  4.9349999E-03        197.39999      
                  4.9402499E-03        197.61         
                  4.94525E-03          197.81         
                  4.9502501E-03        198.00999      
                  4.9549999E-03        198.2          
                  4.96E-03             198.39999      
                  4.9649997E-03        198.60001      
                  4.9702501E-03        198.81         
                  4.9752498E-03        199.00999      
                  4.98E-03             199.2          
                  4.9850001E-03        199.39999      
                  4.9902496E-03        199.61         
                  4.9952502E-03        199.81         
                  5.E-03               200.           




