
                    X                   _temp_2       

                  0.                     0.           
                  5.25E-06              12.698138E-03 
                 10.25E-06              94.648254E-03 
                 15.249999E-06         311.75412E-03  
                 20.25E-06             729.82166E-03  
                 25.249998E-06           1.4145117    
                 30.25E-06               2.4312921    
                 35.25E-06               3.8453906    
                 40.25E-06               5.7217479    
                 45.25E-06               8.1249704    
                 50.25E-06              11.119286     
                 55.25E-06              14.76849      
                 60.25E-06              19.135912     
                 65.25E-06              24.284357     
                 70.25E-06              30.276072     
                 75.25E-06              37.172688     
                 80.25E-06              45.035194     
                 85.250008E-06          53.923874     
                 90.25E-06              63.898277     
                 95.249992E-06          75.017166     
                100.25E-06              87.338493     
                105.25E-06             100.91933      
                110.25E-06             115.81585      
                115.25E-06             132.08328      
                120.25E-06             149.77586      
                125.E-06               167.95236      
                130.25E-06             189.64833      
                134.99998E-06          210.77896      
                140.25002E-06          235.84612      
                145.E-06               260.1207       
                150.24998E-06          288.76395      
                155.E-06               316.36334      
                160.25E-06             348.77744      
                165.25E-06             381.55688      
                170.25E-06             416.24188      
                175.25E-06             452.8735       
                180.25E-06             491.49149      
                185.25E-06             532.13409      
                190.25E-06             574.83832      
                195.25E-06             619.63947      
                200.25E-06             666.57153      
                205.25002E-06          715.66699      
                210.25E-06             766.95673      
                215.25E-06             820.47015      
                220.25002E-06          876.23505      
                225.24998E-06          934.27771      
                230.25E-06             994.6228       
                235.25E-06               1.0572933E+03
                240.24998E-06            1.1223108E+03
                245.25E-06               1.1896951E+03
                250.E-06                 1.2559189E+03
                255.25E-06               1.3316346E+03
                260.25E-06               1.4062214E+03
                265.25E-06               1.4832376E+03
                269.99997E-06            1.558664E+03 
                275.25E-06               1.6446031E+03
                280.25E-06               1.7289704E+03
                285.24997E-06            1.8158034E+03
                290.E-06                 1.900583E+03 
                295.25E-06               1.9968839E+03
                300.25E-06               2.0911362E+03
                305.25E-06               2.1878636E+03
                310.E-06                 2.2820454E+03
                315.25E-06               2.3887343E+03
                320.25E-06               2.4928694E+03
                325.25E-06               2.5994625E+03
                330.25003E-06            2.7085049E+03
                334.99997E-06            2.8143551E+03
                340.25E-06               2.9338975E+03
                345.25E-06               3.0502229E+03
                350.24997E-06            3.1689484E+03
                355.E-06                 3.2839465E+03
                360.25E-06               3.4135346E+03
                365.25E-06               3.5393579E+03
                370.25E-06               3.6675076E+03
                375.E-06                 3.7913842E+03
                380.25E-06               3.9306955E+03
                385.25E-06               4.0656857E+03
                390.25E-06               4.2029042E+03
                395.E-06                 4.3353019E+03
                400.25E-06               4.4839168E+03
                405.25E-06               4.6276507E+03
                410.25E-06               4.7734947E+03
                415.25E-06               4.9214158E+03
                420.25E-06               5.0713797E+03
                425.25E-06               5.2233515E+03
                430.25E-06               5.3772945E+03
                435.24997E-06            5.5331707E+03
                440.25E-06               5.6909423E+03
                445.25E-06               5.8505692E+03
                450.25E-06               6.0120111E+03
                455.25E-06               6.1752257E+03
                460.25003E-06            6.3401709E+03
                465.25E-06               6.506803E+03 
                470.25E-06               6.6750779E+03
                475.25E-06               6.8449516E+03
                480.25E-06               7.0163765E+03
                485.25E-06               7.1893077E+03
                490.25003E-06            7.3636966E+03
                494.99997E-06            7.530674E+03 
                500.E-06                 7.7077694E+03
                505.E-06                 7.8861809E+03
                510.24997E-06            8.0748749E+03
                515.25E-06               8.2558279E+03
                520.25E-06               8.4379463E+03
                525.24994E-06            8.6211777E+03
                530.25E-06               8.8054705E+03
                535.E-06                 8.9814873E+03
                539.99994E-06            9.1677065E+03
                545.E-06                 9.3548346E+03
                550.25E-06               9.5522442E+03
                555.25E-06               9.7410803E+03
                560.25006E-06            9.9306679E+03
                565.25E-06              10.120958E+03 
                570.25E-06              10.311898E+03 
                575.25E-06              10.503436E+03 
                580.E-06                10.685905E+03 
                585.E-06                10.878463E+03 
                590.25E-06              11.081129E+03 
                595.25E-06              11.274549E+03 
                600.24994E-06           11.468312E+03 
                605.25E-06              11.662371E+03 
                610.25E-06              11.856673E+03 
                615.25006E-06           12.051171E+03 
                620.E-06                12.236081E+03 
                625.E-06                12.430821E+03 
                630.25006E-06           12.635357E+03 
                635.25006E-06           12.830157E+03 
                640.24994E-06           13.024918E+03 
                645.25E-06              13.219593E+03 
                650.25E-06              13.414137E+03 
                655.25E-06              13.608507E+03 
                660.25E-06              13.80266E+03  
                665.E-06                13.986866E+03 
                669.99994E-06           14.180477E+03 
                675.25E-06              14.383406E+03 
                680.25E-06              14.576283E+03 
                685.25E-06              14.768743E+03 
                690.25006E-06           14.96075E+03  
                695.25E-06              15.152267E+03 
                700.25E-06              15.343263E+03 
                705.00006E-06           15.524192E+03 
                710.E-06                15.714069E+03 
                715.24994E-06           15.912775E+03 
                720.25E-06              16.101353E+03 
                725.25E-06              16.289251E+03 
                730.25E-06              16.476446E+03 
                735.25E-06              16.662907E+03 
                740.25E-06              16.848612E+03 
                745.25006E-06           17.033537E+03 
                750.E-06                17.208477E+03 
                755.25E-06              17.400969E+03 
                760.25006E-06           17.583433E+03 
                765.25E-06              17.765041E+03 
                770.24994E-06           17.945776E+03 
                775.25E-06              18.125624E+03 
                780.25E-06              18.304571E+03 
                785.25E-06              18.482605E+03 
                790.E-06                18.650887E+03 
                795.25E-06              18.835905E+03 
                800.25E-06              19.011152E+03 
                805.25006E-06           19.185459E+03 
                810.25E-06              19.35882E+03  
                815.25E-06              19.531235E+03 
                820.25006E-06           19.702702E+03 
                825.25E-06              19.87322E+03  
                830.24994E-06           20.042797E+03 
                835.25E-06              20.211433E+03 
                840.25E-06              20.379137E+03 
                845.24994E-06           20.545912E+03 
                850.25E-06              20.711771E+03 
                855.25E-06              20.876722E+03 
                860.25E-06              21.040777E+03 
                865.25E-06              21.203953E+03 
                870.25E-06              21.366262E+03 
                875.25006E-06           21.527721E+03 
                880.25006E-06           21.688347E+03 
                885.25E-06              21.848162E+03 
                890.25E-06              22.007187E+03 
                895.25E-06              22.165443E+03 
                900.24994E-06           22.322952E+03 
                905.25E-06              22.479746E+03 
                910.25E-06              22.635847E+03 
                915.25E-06              22.791283E+03 
                920.25E-06              22.946087E+03 
                925.25E-06              23.100285E+03 
                930.25E-06              23.253912E+03 
                935.25006E-06           23.407001E+03 
                940.25E-06              23.559587E+03 
                945.25E-06              23.711706E+03 
                950.25E-06              23.863396E+03 
                955.25E-06              24.014694E+03 
                960.24994E-06           24.16564E+03  
                965.25E-06              24.316273E+03 
                970.25E-06              24.466637E+03 
                975.24994E-06           24.616774E+03 
                980.24994E-06           24.766727E+03 
                985.00006E-06           24.909052E+03 
                989.99994E-06           25.058777E+03 
                995.E-06                25.208452E+03 
                  1.E-03                25.358126E+03 
                  1.005E-03             25.507845E+03 
                  1.01E-03              25.65766E+03  
                  1.0150001E-03         25.807619E+03 
                  1.0202501E-03         25.965284E+03 
                  1.02525E-03           26.1157E+03   
                  1.03025E-03           26.266415E+03 
                  1.0352501E-03         26.41748E+03  
                  1.0402499E-03         26.568951E+03 
                  1.0452499E-03         26.720881E+03 
                  1.0502501E-03         26.873323E+03 
                  1.0552499E-03         27.026333E+03 
                  1.0602499E-03         27.17996E+03  
                  1.06525E-03           27.334263E+03 
                  1.0700001E-03         27.481529E+03 
                  1.075E-03             27.637306E+03 
                  1.0799999E-03         27.793924E+03 
                  1.085E-03             27.951435E+03 
                  1.09E-03              28.109894E+03 
                  1.0949999E-03         28.26936E+03  
                  1.10025E-03           28.437941E+03 
                  1.10525E-03           28.599638E+03 
                  1.11025E-03           28.762512E+03 
                  1.1152501E-03         28.926615E+03 
                  1.12025E-03           29.092003E+03 
                  1.12525E-03           29.25873E+03  
                  1.1302501E-03         29.426851E+03 
                  1.13525E-03           29.596422E+03 
                  1.14025E-03           29.767496E+03 
                  1.1452501E-03         29.940125E+03 
                  1.15025E-03           30.114363E+03 
                  1.155E-03             30.281429E+03 
                  1.16E-03              30.458958E+03 
                  1.1650001E-03         30.638248E+03 
                  1.17E-03              30.819353E+03 
                  1.175E-03             31.002321E+03 
                  1.1802499E-03         31.196499E+03 
                  1.18525E-03           31.383442E+03 
                  1.19025E-03           31.572399E+03 
                  1.1952499E-03         31.763414E+03 
                  1.20025E-03           31.956537E+03 
                  1.20525E-03           32.15181E+03  
                  1.2102499E-03         32.349277E+03 
                  1.21525E-03           32.548988E+03 
                  1.22025E-03           32.75098E+03  
                  1.22525E-03           32.955292E+03 
                  1.23025E-03           33.161968E+03 
                  1.23525E-03           33.371052E+03 
                  1.24E-03              33.571934E+03 
                  1.245E-03             33.785809E+03 
                  1.25E-03              34.002193E+03 
                  1.255E-03             34.221127E+03 
                  1.26025E-03           34.453781E+03 
                  1.2652501E-03         34.678036E+03 
                  1.27025E-03           34.90493E+03  
                  1.27525E-03           35.134499E+03 
                  1.2802501E-03         35.366772E+03 
                  1.2852499E-03         35.601772E+03 
                  1.2902499E-03         35.839527E+03 
                  1.2952501E-03         36.080055E+03 
                  1.3002499E-03         36.323383E+03 
                  1.3052499E-03         36.56953E+03  
                  1.31025E-03           36.81852E+03  
                  1.3152499E-03         37.070366E+03 
                  1.32025E-03           37.325085E+03 
                  1.3249999E-03         37.569748E+03 
                  1.33E-03              37.830112E+03 
                  1.335E-03             38.093391E+03 
                  1.3399999E-03         38.359592E+03 
                  1.34525E-03           38.642265E+03 
                  1.35025E-03           38.914494E+03 
                  1.35525E-03           39.189663E+03 
                  1.36025E-03           39.467785E+03 
                  1.36525E-03           39.748863E+03 
                  1.37025E-03           40.032894E+03 
                  1.3752501E-03         40.319878E+03 
                  1.38025E-03           40.609821E+03 
                  1.38525E-03           40.902706E+03 
                  1.3902501E-03         41.198536E+03 
                  1.39525E-03           41.497303E+03 
                  1.40025E-03           41.799E+03    
                  1.4052501E-03         42.103619E+03 
                  1.4100001E-03         42.395695E+03 
                  1.415E-03             42.705967E+03 
                  1.42E-03              43.019127E+03 
                  1.4252499E-03         43.351025E+03 
                  1.43025E-03           43.670036E+03 
                  1.43525E-03           43.991879E+03 
                  1.4402499E-03         44.316532E+03 
                  1.44525E-03           44.64397E+03  
                  1.45025E-03           44.974174E+03 
                  1.4552499E-03         45.307121E+03 
                  1.46025E-03           45.64278E+03  
                  1.46525E-03           45.981129E+03 
                  1.47025E-03           46.32214E+03  
                  1.47525E-03           46.665783E+03 
                  1.48025E-03           47.01202E+03  
                  1.48525E-03           47.360828E+03 
                  1.49025E-03           47.712173E+03 
                  1.495E-03             48.048264E+03 
                  1.5E-03               48.404446E+03 
                  1.50525E-03           48.781055E+03 
                  1.5102501E-03         49.142181E+03 
                  1.51525E-03           49.505657E+03 
                  1.52025E-03           49.871445E+03 
                  1.5252501E-03         50.23951E+03  
                  1.53025E-03           50.609798E+03 
                  1.5352499E-03         50.982273E+03 
                  1.5402501E-03         51.356892E+03 
                  1.5452499E-03         51.733608E+03 
                  1.5502499E-03         52.112377E+03 
                  1.55525E-03           52.49316E+03  
                  1.5602499E-03         52.8759E+03   
                  1.56525E-03           53.260555E+03 
                  1.57025E-03           53.647076E+03 
                  1.5752499E-03         54.035412E+03 
                  1.58E-03              54.405968E+03 
                  1.58525E-03           54.817337E+03 
                  1.5902499E-03         55.210827E+03 
                  1.59525E-03           55.605938E+03 
                  1.60025E-03           56.002613E+03 
                  1.60525E-03           56.400806E+03 
                  1.61025E-03           56.800461E+03 
                  1.61525E-03           57.201527E+03 
                  1.6202501E-03         57.603954E+03 
                  1.62525E-03           58.007687E+03 
                  1.63025E-03           58.412674E+03 
                  1.6352501E-03         58.818867E+03 
                  1.64025E-03           59.226208E+03 
                  1.64525E-03           59.634644E+03 
                  1.6502501E-03         60.044125E+03 
                  1.65525E-03           60.454597E+03 
                  1.6602501E-03         60.866013E+03 
                  1.665E-03             61.257675E+03 
                  1.6702499E-03         61.691444E+03 
                  1.6752501E-03         62.105366E+03 
                  1.68025E-03           62.520016E+03 
                  1.6852499E-03         62.935349E+03 
                  1.69025E-03           63.351307E+03 
                  1.69525E-03           63.767853E+03 
                  1.7002499E-03         64.184921E+03 
                  1.70525E-03           64.60247E+03  
                  1.71025E-03           65.020454E+03 
                  1.71525E-03           65.438828E+03 
                  1.72025E-03           65.857521E+03 
                  1.72525E-03           66.276512E+03 
                  1.73025E-03           66.69574E+03  
                  1.73525E-03           67.115173E+03 
                  1.74025E-03           67.534752E+03 
                  1.74525E-03           67.954437E+03 
                  1.75025E-03           68.374199E+03 
                  1.75525E-03           68.793968E+03 
                  1.76025E-03           69.213722E+03 
                  1.76525E-03           69.633415E+03 
                  1.7702501E-03         70.053009E+03 
                  1.77525E-03           70.472458E+03 
                  1.78025E-03           70.891739E+03 
                  1.7852501E-03         71.310814E+03 
                  1.7902499E-03         71.729622E+03 
                  1.7952499E-03         72.148163E+03 
                  1.8002501E-03         72.566383E+03 
                  1.8052499E-03         72.984261E+03 
                  1.81025E-03           73.401756E+03 
                  1.81525E-03           73.81884E+03  
                  1.8202499E-03         74.235489E+03 
                  1.82525E-03           74.65168E+03  
                  1.83025E-03           75.067375E+03 
                  1.8352499E-03         75.482559E+03 
                  1.84025E-03           75.897202E+03 
                  1.84525E-03           76.311287E+03 
                  1.8502499E-03         76.724792E+03 
                  1.85525E-03           77.137695E+03 
                  1.86025E-03           77.54998E+03  
                  1.86525E-03           77.961632E+03 
                  1.87025E-03           78.372635E+03 
                  1.87525E-03           78.782967E+03 
                  1.8802501E-03         79.192627E+03 
                  1.88525E-03           79.601593E+03 
                  1.89025E-03           80.009865E+03 
                  1.8952501E-03         80.417427E+03 
                  1.90025E-03           80.82428E+03  
                  1.9052501E-03         81.230415E+03 
                  1.9102501E-03         81.635826E+03 
                  1.9152499E-03         82.040504E+03 
                  1.9202501E-03         82.444458E+03 
                  1.9252501E-03         82.847687E+03 
                  1.9302499E-03         83.250198E+03 
                  1.93525E-03           83.65197E+03  
                  1.94025E-03           84.053032E+03 
                  1.9452499E-03         84.453377E+03 
                  1.95025E-03           84.853004E+03 
                  1.95525E-03           85.251945E+03 
                  1.9602501E-03         85.650192E+03 
                  1.9652499E-03         86.04776E+03  
                  1.9700001E-03         86.424828E+03 
                  1.9749999E-03         86.821106E+03 
                  1.9799999E-03         87.216751E+03 
                  1.985E-03             87.611763E+03 
                  1.99E-03              88.006172E+03 
                  1.995E-03             88.399986E+03 
                  2.E-03                88.793236E+03 
                  2.00525E-03           89.205551E+03 
                  2.01E-03              89.578102E+03 
                  2.01525E-03           89.989342E+03 
                  2.02E-03              90.360954E+03 
                  2.0252502E-03         90.77121E+03  
                  2.0300002E-03         91.141983E+03 
                  2.0352499E-03         91.551361E+03 
                  2.0402501E-03         91.940857E+03 
                  2.0452499E-03         92.330017E+03 
                  2.0502501E-03         92.718849E+03 
                  2.0550001E-03         93.087982E+03 
                  2.0600002E-03         93.476295E+03 
                  2.0649998E-03         93.864388E+03 
                  2.0699999E-03         94.252289E+03 
                  2.075E-03             94.64003E+03  
                  2.0799999E-03         95.027649E+03 
                  2.085E-03             95.415176E+03 
                  2.09025E-03           95.822037E+03 
                  2.0949998E-03         96.190132E+03 
                  2.10025E-03           96.597E+03    
                  2.105E-03             96.965172E+03 
                  2.11025E-03           97.3722E+03   
                  2.1152501E-03         97.759995E+03 
                  2.12025E-03           98.147957E+03 
                  2.1252499E-03         98.536133E+03 
                  2.13025E-03           98.924568E+03 
                  2.1352501E-03         99.313293E+03 
                  2.1400001E-03         99.682892E+03 
                  2.145E-03            100.07231E+03  
                  2.1500001E-03        100.46214E+03  
                  2.1550002E-03        100.85242E+03  
                  2.1599998E-03        101.24319E+03  
                  2.165E-03            101.63449E+03  
                  2.1700001E-03        102.02637E+03  
                  2.1752501E-03        102.43851E+03  
                  2.1800001E-03        102.81202E+03  
                  2.18525E-03          103.22556E+03  
                  2.1899998E-03        103.60042E+03  
                  2.19525E-03          104.01556E+03  
                  2.2002501E-03        104.41177E+03  
                  2.20525E-03          104.80882E+03  
                  2.2102499E-03        105.20676E+03  
                  2.21525E-03          105.60565E+03  
                  2.2202499E-03        106.00549E+03  
                  2.2249999E-03        106.38628E+03  
                  2.23E-03             106.78812E+03  
                  2.2350001E-03        107.19105E+03  
                  2.24E-03             107.59508E+03  
                  2.2450001E-03        108.00027E+03  
                  2.25E-03             108.40663E+03  
                  2.2549999E-03        108.81422E+03  
                  2.2602501E-03        109.24353E+03  
                  2.2650001E-03        109.63317E+03  
                  2.2702501E-03        110.06522E+03  
                  2.2750001E-03        110.45739E+03  
                  2.2802501E-03        110.89229E+03  
                  2.2852499E-03        111.30791E+03  
                  2.2902501E-03        111.72498E+03  
                  2.2952502E-03        112.1435E+03   
                  2.3002501E-03        112.56351E+03  
                  2.3052499E-03        112.98504E+03  
                  2.3099999E-03        113.38691E+03  
                  2.3149998E-03        113.81145E+03  
                  2.3199999E-03        114.23757E+03  
                  2.325E-03            114.66529E+03  
                  2.3300002E-03        115.09464E+03  
                  2.335E-03            115.52562E+03  
                  2.3399999E-03        115.95826E+03  
                  2.3452499E-03        116.41433E+03  
                  2.3499999E-03        116.82856E+03  
                  2.3552501E-03        117.28819E+03  
                  2.36025E-03          117.72769E+03  
                  2.3652499E-03        118.16892E+03  
                  2.37025E-03          118.61189E+03  
                  2.3752501E-03        119.05659E+03  
                  2.38025E-03          119.50304E+03  
                  2.3852501E-03        119.95125E+03  
                  2.3902502E-03        120.40122E+03  
                  2.395E-03            120.83033E+03  
                  2.4000001E-03        121.28374E+03  
                  2.405E-03            121.73892E+03  
                  2.4099998E-03        122.19587E+03  
                  2.415E-03            122.65458E+03  
                  2.4200001E-03        123.11504E+03  
                  2.4250002E-03        123.57726E+03  
                  2.4302499E-03        124.06448E+03  
                  2.4349999E-03        124.50694E+03  
                  2.4402499E-03        124.9978E+03   
                  2.44525E-03          125.46706E+03  
                  2.4502501E-03        125.93801E+03  
                  2.4552498E-03        126.41066E+03  
                  2.4602499E-03        126.88499E+03  
                  2.46525E-03          127.36097E+03  
                  2.4702499E-03        127.83861E+03  
                  2.47525E-03          128.31787E+03  
                  2.48E-03             128.77466E+03  
                  2.4850001E-03        129.25703E+03  
                  2.49E-03             129.74097E+03  
                  2.4949999E-03        130.22644E+03  
                  2.5E-03              130.71344E+03  
                  2.5049999E-03        131.20192E+03  
                  2.51E-03             131.69186E+03  
                  2.51525E-03          132.20782E+03  
                  2.5202498E-03        132.70067E+03  
                  2.52525E-03          133.19489E+03  
                  2.5302501E-03        133.69041E+03  
                  2.5352499E-03        134.18727E+03  
                  2.5402501E-03        134.68539E+03  
                  2.5452502E-03        135.18472E+03  
                  2.5502498E-03        135.68527E+03  
                  2.5552499E-03        136.18695E+03  
                  2.56025E-03          136.68976E+03  
                  2.5650001E-03        137.16844E+03  
                  2.57025E-03          137.69858E+03  
                  2.575E-03            138.17917E+03  
                  2.58025E-03          138.71136E+03  
                  2.5849998E-03        139.19374E+03  
                  2.59025E-03          139.72778E+03  
                  2.595E-03            140.21175E+03  
                  2.60025E-03          140.74748E+03  
                  2.6052501E-03        141.25844E+03  
                  2.61025E-03          141.7701E+03   
                  2.6152499E-03        142.28236E+03  
                  2.62025E-03          142.79521E+03  
                  2.6252501E-03        143.30861E+03  
                  2.63025E-03          143.82249E+03  
                  2.6352501E-03        144.33681E+03  
                  2.64025E-03          144.85152E+03  
                  2.6452498E-03        145.36655E+03  
                  2.6499999E-03        145.85611E+03  
                  2.6552501E-03        146.39742E+03  
                  2.6600001E-03        146.88737E+03  
                  2.6652501E-03        147.42903E+03  
                  2.6700001E-03        147.91917E+03  
                  2.6752501E-03        148.46094E+03  
                  2.6799998E-03        148.95108E+03  
                  2.68525E-03          149.49274E+03  
                  2.6902502E-03        150.00845E+03  
                  2.69525E-03          150.524E+03    
                  2.7002499E-03        151.03929E+03  
                  2.70525E-03          151.55431E+03  
                  2.7102499E-03        152.06898E+03  
                  2.71525E-03          152.58327E+03  
                  2.7202501E-03        153.09711E+03  
                  2.72525E-03          153.61044E+03  
                  2.7302499E-03        154.12323E+03  
                  2.7350001E-03        154.60983E+03  
                  2.7402499E-03        155.14697E+03  
                  2.7449999E-03        155.63229E+03  
                  2.7502501E-03        156.16792E+03  
                  2.7550001E-03        156.65178E+03  
                  2.7602499E-03        157.18568E+03  
                  2.76525E-03          157.69325E+03  
                  2.7702501E-03        158.19986E+03  
                  2.77525E-03          158.70551E+03  
                  2.7802501E-03        159.21011E+03  
                  2.7852502E-03        159.71364E+03  
                  2.7902498E-03        160.21603E+03  
                  2.7952499E-03        160.71729E+03  
                  2.8002501E-03        161.21732E+03  
                  2.8052499E-03        161.71609E+03  
                  2.81025E-03          162.21358E+03  
                  2.8152502E-03        162.70973E+03  
                  2.8200002E-03        163.17981E+03  
                  2.8252499E-03        163.69791E+03  
                  2.8299999E-03        164.16528E+03  
                  2.8352499E-03        164.6803E+03   
                  2.8399999E-03        165.14482E+03  
                  2.8452501E-03        165.65663E+03  
                  2.85025E-03          166.14244E+03  
                  2.8552499E-03        166.62662E+03  
                  2.86025E-03          167.10918E+03  
                  2.8652499E-03        167.59006E+03  
                  2.87025E-03          168.06923E+03  
                  2.8752501E-03        168.54669E+03  
                  2.8802502E-03        169.02238E+03  
                  2.8852499E-03        169.49631E+03  
                  2.89025E-03          169.96844E+03  
                  2.8952501E-03        170.43875E+03  
                  2.90025E-03          170.9072E+03   
                  2.905E-03            171.35052E+03  
                  2.9102502E-03        171.83855E+03  
                  2.915E-03            172.27829E+03  
                  2.9202499E-03        172.76233E+03  
                  2.925E-03            173.19844E+03  
                  2.9302499E-03        173.67842E+03  
                  2.93525E-03          174.13356E+03  
                  2.9402502E-03        174.58676E+03  
                  2.9452498E-03        175.03799E+03  
                  2.9502499E-03        175.48726E+03  
                  2.95525E-03          175.93459E+03  
                  2.9602499E-03        176.37991E+03  
                  2.96525E-03          176.82327E+03  
                  2.9702501E-03        177.26466E+03  
                  2.97525E-03          177.70407E+03  
                  2.9802499E-03        178.14151E+03  
                  2.98525E-03          178.577E+03    
                  2.99E-03             178.98889E+03  
                  2.99525E-03          179.44208E+03  
                  3.E-03               179.85027E+03  
                  3.00525E-03          180.29939E+03  
                  3.0102499E-03        180.72514E+03  
                  3.01525E-03          181.14899E+03  
                  3.0202501E-03        181.57094E+03  
                  3.02525E-03          181.99098E+03  
                  3.0302501E-03        182.40916E+03  
                  3.0352499E-03        182.82552E+03  
                  3.0402498E-03        183.24002E+03  
                  3.0452499E-03        183.65271E+03  
                  3.0502501E-03        184.06361E+03  
                  3.0552499E-03        184.47273E+03  
                  3.06025E-03          184.88011E+03  
                  3.0652502E-03        185.28577E+03  
                  3.07025E-03          185.68973E+03  
                  3.0749998E-03        186.07196E+03  
                  3.08025E-03          186.49268E+03  
                  3.085E-03            186.8718E+03   
                  3.09025E-03          187.28917E+03  
                  3.0952501E-03        187.68506E+03  
                  3.10025E-03          188.07944E+03  
                  3.1052499E-03        188.47235E+03  
                  3.11025E-03          188.86378E+03  
                  3.1152501E-03        189.2538E+03   
                  3.12025E-03          189.64243E+03  
                  3.1252501E-03        190.02971E+03  
                  3.13025E-03          190.41566E+03  
                  3.1352499E-03        190.80037E+03  
                  3.14025E-03          191.18382E+03  
                  3.1452501E-03        191.5661E+03   
                  3.15025E-03          191.94719E+03  
                  3.1552501E-03        192.32718E+03  
                  3.1600001E-03        192.68715E+03  
                  3.1652501E-03        193.08395E+03  
                  3.1702499E-03        193.46082E+03  
                  3.1752501E-03        193.83673E+03  
                  3.1802502E-03        194.21173E+03  
                  3.18525E-03          194.58588E+03  
                  3.1902499E-03        194.95917E+03  
                  3.19525E-03          195.3317E+03   
                  3.2002499E-03        195.70349E+03  
                  3.20525E-03          196.07457E+03  
                  3.2102501E-03        196.44498E+03  
                  3.21525E-03          196.8148E+03   
                  3.2202499E-03        197.18404E+03  
                  3.22525E-03          197.55275E+03  
                  3.2302499E-03        197.92099E+03  
                  3.23525E-03          198.28879E+03  
                  3.2402501E-03        198.65619E+03  
                  3.2450001E-03        199.0049E+03   
                  3.2502499E-03        199.38997E+03  
                  3.25525E-03          199.75644E+03  
                  3.2602499E-03        200.12268E+03  
                  3.26525E-03          200.48874E+03  
                  3.2702501E-03        200.85466E+03  
                  3.2752502E-03        201.22046E+03  
                  3.2802498E-03        201.5862E+03   
                  3.2852499E-03        201.95193E+03  
                  3.2902501E-03        202.31767E+03  
                  3.2952499E-03        202.68347E+03  
                  3.3002501E-03        203.04936E+03  
                  3.3052502E-03        203.41537E+03  
                  3.3102498E-03        203.78156E+03  
                  3.3152499E-03        204.14793E+03  
                  3.32025E-03          204.51456E+03  
                  3.3252499E-03        204.88147E+03  
                  3.3299999E-03        205.2303E+03   
                  3.3352501E-03        205.6162E+03   
                  3.34025E-03          205.98413E+03  
                  3.3452499E-03        206.35242E+03  
                  3.35025E-03          206.72118E+03  
                  3.3552499E-03        207.09038E+03  
                  3.36025E-03          207.46007E+03  
                  3.3652501E-03        207.83025E+03  
                  3.3702502E-03        208.201E+03    
                  3.3752499E-03        208.5723E+03   
                  3.38025E-03          208.94418E+03  
                  3.3852501E-03        209.31668E+03  
                  3.39025E-03          209.68982E+03  
                  3.3952501E-03        210.0636E+03   
                  3.4002502E-03        210.43803E+03  
                  3.4052498E-03        210.81317E+03  
                  3.4102499E-03        211.189E+03    
                  3.4152501E-03        211.56557E+03  
                  3.4202499E-03        211.94284E+03  
                  3.4252501E-03        212.32086E+03  
                  3.4302502E-03        212.69965E+03  
                  3.4352498E-03        213.07919E+03  
                  3.4402499E-03        213.4595E+03   
                  3.44525E-03          213.84059E+03  
                  3.4502499E-03        214.22247E+03  
                  3.45525E-03          214.60512E+03  
                  3.4602501E-03        214.98857E+03  
                  3.46525E-03          215.37283E+03  
                  3.4702499E-03        215.75786E+03  
                  3.47525E-03          216.14371E+03  
                  3.4802501E-03        216.53032E+03  
                  3.48525E-03          216.91772E+03  
                  3.4902501E-03        217.30591E+03  
                  3.49525E-03          217.69485E+03  
                  3.5002499E-03        218.08458E+03  
                  3.50525E-03          218.47507E+03  
                  3.5102501E-03        218.86629E+03  
                  3.51525E-03          219.25822E+03  
                  3.5202501E-03        219.65089E+03  
                  3.52525E-03          220.04427E+03  
                  3.5302498E-03        220.43832E+03  
                  3.5352499E-03        220.83307E+03  
                  3.5402501E-03        221.22844E+03  
                  3.5452499E-03        221.62444E+03  
                  3.5502501E-03        222.02106E+03  
                  3.5552499E-03        222.41826E+03  
                  3.56025E-03          222.81604E+03  
                  3.5652499E-03        223.21434E+03  
                  3.57025E-03          223.61317E+03  
                  3.5752501E-03        224.01247E+03  
                  3.58025E-03          224.41223E+03  
                  3.5852499E-03        224.81242E+03  
                  3.59025E-03          225.213E+03    
                  3.5952499E-03        225.61395E+03  
                  3.60025E-03          226.01523E+03  
                  3.6052501E-03        226.41681E+03  
                  3.61025E-03          226.81865E+03  
                  3.6152501E-03        227.22073E+03  
                  3.62025E-03          227.62299E+03  
                  3.6252499E-03        228.02541E+03  
                  3.63025E-03          228.42793E+03  
                  3.6352501E-03        228.83055E+03  
                  3.64025E-03          229.2332E+03   
                  3.6452501E-03        229.63585E+03  
                  3.65025E-03          230.03845E+03  
                  3.6552498E-03        230.44096E+03  
                  3.6602499E-03        230.84334E+03  
                  3.6652501E-03        231.24556E+03  
                  3.6702502E-03        231.64757E+03  
                  3.6752501E-03        232.04932E+03  
                  3.6802499E-03        232.45074E+03  
                  3.68525E-03          232.85184E+03  
                  3.6902499E-03        233.25253E+03  
                  3.69525E-03          233.6528E+03   
                  3.7002501E-03        234.05257E+03  
                  3.70525E-03          234.45181E+03  
                  3.7102499E-03        234.85046E+03  
                  3.71525E-03          235.24852E+03  
                  3.7202499E-03        235.64589E+03  
                  3.72525E-03          236.04253E+03  
                  3.7302501E-03        236.43842E+03  
                  3.73525E-03          236.8335E+03   
                  3.7402499E-03        237.22772E+03  
                  3.74525E-03          237.62103E+03  
                  3.7502499E-03        238.0134E+03   
                  3.75525E-03          238.40475E+03  
                  3.7602501E-03        238.79507E+03  
                  3.7652502E-03        239.18431E+03  
                  3.7702498E-03        239.5724E+03   
                  3.77525E-03          239.95932E+03  
                  3.7802501E-03        240.34502E+03  
                  3.7852499E-03        240.72943E+03  
                  3.7902501E-03        241.11255E+03  
                  3.7952502E-03        241.49429E+03  
                  3.8002498E-03        241.87463E+03  
                  3.8052499E-03        242.25356E+03  
                  3.81025E-03          242.63098E+03  
                  3.8152499E-03        243.0069E+03   
                  3.82025E-03          243.38123E+03  
                  3.8252501E-03        243.75397E+03  
                  3.8302498E-03        244.12506E+03  
                  3.8352499E-03        244.49448E+03  
                  3.84025E-03          244.86217E+03  
                  3.8452499E-03        245.2281E+03   
                  3.85025E-03          245.59227E+03  
                  3.8552501E-03        245.95461E+03  
                  3.86025E-03          246.31509E+03  
                  3.8652499E-03        246.67369E+03  
                  3.87025E-03          247.03036E+03  
                  3.8752501E-03        247.38507E+03  
                  3.88025E-03          247.73784E+03  
                  3.8852501E-03        248.08859E+03  
                  3.8902502E-03        248.43732E+03  
                  3.8952498E-03        248.78397E+03  
                  3.90025E-03          249.12856E+03  
                  3.9052501E-03        249.47105E+03  
                  3.9102499E-03        249.8114E+03   
                  3.9149997E-03        250.13277E+03  
                  3.9202502E-03        250.48569E+03  
                  3.9252498E-03        250.81956E+03  
                  3.9302502E-03        251.15125E+03  
                  3.9349999E-03        251.46431E+03  
                  3.9400003E-03        251.79169E+03  
                  3.9449999E-03        252.11681E+03  
                  3.9502499E-03        252.4558E+03   
                  3.9550002E-03        252.76036E+03  
                  3.9599998E-03        253.07874E+03  
                  3.9650002E-03        253.39487E+03  
                  3.9702501E-03        253.72435E+03  
                  3.9750001E-03        254.02028E+03  
                  3.98E-03             254.32959E+03  
                  3.9849999E-03        254.63663E+03  
                  3.9902501E-03        254.95656E+03  
                  3.99525E-03          255.25896E+03  
                  4.E-03               255.54411E+03  
                  4.00525E-03          255.85692E+03  
                  4.0102501E-03        256.15256E+03  
                  4.0152502E-03        256.44592E+03  
                  4.02E-03             256.72256E+03  
                  4.0250001E-03        257.0116E+03   
                  4.0299997E-03        257.29843E+03  
                  4.0352497E-03        257.59726E+03  
                  4.04E-03             257.86557E+03  
                  4.0449996E-03        258.1459E+03   
                  4.0500002E-03        258.4241E+03   
                  4.0552502E-03        258.71393E+03  
                  4.0600004E-03        258.97415E+03  
                  4.0650001E-03        259.24609E+03  
                  4.0699997E-03        259.51599E+03  
                  4.0752501E-03        259.79718E+03  
                  4.0802498E-03        260.06299E+03  
                  4.085E-03            260.31366E+03  
                  4.09025E-03          260.58875E+03  
                  4.0952497E-03        260.84875E+03  
                  4.1002502E-03        261.10693E+03  
                  4.105E-03            261.35049E+03  
                  4.1100001E-03        261.60513E+03  
                  4.1149998E-03        261.85803E+03  
                  4.1202502E-03        262.1217E+03   
                  4.125E-03            262.3587E+03   
                  4.1299996E-03        262.60657E+03  
                  4.1350002E-03        262.85284E+03  
                  4.1402497E-03        263.10974E+03  
                  4.1452503E-03        263.35291E+03  
                  4.1500001E-03        263.58252E+03  
                  4.1550002E-03        263.82288E+03  
                  4.1602502E-03        264.07376E+03  
                  4.1652498E-03        264.31131E+03  
                  4.1700001E-03        264.53583E+03  
                  4.1752501E-03        264.78268E+03  
                  4.1802502E-03        265.01657E+03  
                  4.1852498E-03        265.24933E+03  
                  4.1899996E-03        265.46948E+03  
                  4.1950002E-03        265.7002E+03   
                  4.1999998E-03        265.92993E+03  
                  4.2052503E-03        266.1702E+03   
                  4.21E-03             266.38672E+03  
                  4.2150002E-03        266.61383E+03  
                  4.2199998E-03        266.84021E+03  
                  4.2252498E-03        267.07715E+03  
                  4.2302504E-03        267.30212E+03  
                  4.2349997E-03        267.51532E+03  
                  4.2400002E-03        267.7392E+03   
                  4.2452502E-03        267.97372E+03  
                  4.2502499E-03        268.19662E+03  
                  4.2550001E-03        268.40805E+03  
                  4.2602501E-03        268.64142E+03  
                  4.2652502E-03        268.86337E+03  
                  4.2702498E-03        269.08511E+03  
                  4.2750001E-03        269.29565E+03  
                  4.2800002E-03        269.51715E+03  
                  4.2849998E-03        269.73859E+03  
                  4.2902503E-03        269.97116E+03  
                  4.2950001E-03        270.18158E+03  
                  4.3000002E-03        270.40323E+03  
                  4.3049998E-03        270.62503E+03  
                  4.3102498E-03        270.85818E+03  
                  4.3152499E-03        271.08051E+03  
                  4.3199997E-03        271.29202E+03  
                  4.3250003E-03        271.51505E+03  
                  4.3302498E-03        271.74966E+03  
                  4.3352499E-03        271.97363E+03  
                  4.3400002E-03        272.18689E+03  
                  4.3452497E-03        272.42319E+03  
                  4.3502502E-03        272.6489E+03   
                  4.3552499E-03        272.87527E+03  
                  4.3600001E-03        273.09103E+03  
                  4.3649998E-03        273.31888E+03  
                  4.3700004E-03        273.54755E+03  
                  4.3752499E-03        273.78857E+03  
                  4.3799996E-03        274.00748E+03  
                  4.3850002E-03        274.23883E+03  
                  4.3899999E-03        274.47122E+03  
                  4.3952503E-03        274.71628E+03  
                  4.40025E-03          274.95078E+03  
                  4.4049997E-03        275.17459E+03  
                  4.4099998E-03        275.41132E+03  
                  4.4152498E-03        275.6611E+03   
                  4.4202504E-03        275.90024E+03  
                  4.4249997E-03        276.1286E+03   
                  4.4302497E-03        276.38232E+03  
                  4.4352503E-03        276.62531E+03  
                  4.4402499E-03        276.86963E+03  
                  4.4450002E-03        277.103E+03    
                  4.4499998E-03        277.35001E+03  
                  4.4549999E-03        277.59842E+03  
                  4.4602499E-03        277.86081E+03  
                  4.4649997E-03        278.09964E+03  
                  4.4700003E-03        278.35245E+03  
                  4.4749999E-03        278.60675E+03  
                  4.4802504E-03        278.8754E+03   
                  4.48525E-03          279.13287E+03  
                  4.4900002E-03        279.37891E+03  
                  4.4949999E-03        279.6394E+03   
                  4.5002499E-03        279.91461E+03  
                  4.50525E-03          280.17838E+03  
                  4.5099998E-03        280.43042E+03  
                  4.5152502E-03        280.71069E+03  
                  4.5202498E-03        280.97925E+03  
                  4.52525E-03          281.24945E+03  
                  4.5300002E-03        281.50763E+03  
                  4.5349998E-03        281.78098E+03  
                  4.54E-03             282.05597E+03  
                  4.5452499E-03        282.34644E+03  
                  4.5500002E-03        282.61078E+03  
                  4.5549998E-03        282.89063E+03  
                  4.5599999E-03        283.17206E+03  
                  4.5652499E-03        283.4693E+03   
                  4.57025E-03          283.75403E+03  
                  4.5750003E-03        284.026E+03    
                  4.5799999E-03        284.31378E+03  
                  4.5852499E-03        284.61765E+03  
                  4.59025E-03          284.90866E+03  
                  4.5949998E-03        285.18649E+03  
                  4.6002502E-03        285.49518E+03  
                  4.6052499E-03        285.79071E+03  
                  4.61025E-03          286.08768E+03  
                  4.6149998E-03        286.37119E+03  
                  4.6199999E-03        286.67099E+03  
                  4.625E-03            286.9722E+03   
                  4.63025E-03          287.28998E+03  
                  4.6352501E-03        287.59396E+03  
                  4.6399999E-03        287.88403E+03  
                  4.645E-03            288.19061E+03  
                  4.65025E-03          288.51392E+03  
                  4.6552501E-03        288.82306E+03  
                  4.6600003E-03        289.11789E+03  
                  4.665E-03            289.42938E+03  
                  4.6702504E-03        289.75766E+03  
                  4.6752501E-03        290.07147E+03  
                  4.6799998E-03        290.37057E+03  
                  4.6852503E-03        290.70224E+03  
                  4.6902499E-03        291.01917E+03  
                  4.69525E-03          291.33704E+03  
                  4.6999998E-03        291.63986E+03  
                  4.7050004E-03        291.9595E+03   
                  4.71E-03             292.28E+03     
                  4.71525E-03          292.61737E+03  
                  4.7202501E-03        292.93948E+03  
                  4.7249999E-03        293.24612E+03  
                  4.73E-03             293.56958E+03  
                  4.73525E-03          293.90991E+03  
                  4.7402496E-03        294.23465E+03  
                  4.7449999E-03        294.54367E+03  
                  4.75E-03             294.86942E+03  
                  4.75525E-03          295.21198E+03  
                  4.7602501E-03        295.53867E+03  
                  4.7650003E-03        295.84933E+03  
                  4.7702498E-03        296.19305E+03  
                  4.77525E-03          296.52072E+03  
                  4.7802501E-03        296.84863E+03  
                  4.7849998E-03        297.16031E+03  
                  4.79E-03             297.48856E+03  
                  4.7950001E-03        297.81693E+03  
                  4.8002501E-03        298.16177E+03  
                  4.8052502E-03        298.4902E+03   
                  4.8099999E-03        298.80222E+03  
                  4.8150001E-03        299.13055E+03  
                  4.82025E-03          299.47522E+03  
                  4.8252497E-03        299.80331E+03  
                  4.8299999E-03        300.11481E+03  
                  4.8349996E-03        300.44247E+03  
                  4.84025E-03          300.78622E+03  
                  4.8452501E-03        301.11328E+03  
                  4.8500004E-03        301.42361E+03  
                  4.8552499E-03        301.76624E+03  
                  4.86025E-03          302.09207E+03  
                  4.8652501E-03        302.41745E+03  
                  4.8699999E-03        302.72604E+03  
                  4.875E-03            303.05038E+03  
                  4.8800001E-03        303.37408E+03  
                  4.8852496E-03        303.71332E+03  
                  4.8902502E-03        304.03574E+03  
                  4.895E-03            304.34137E+03  
                  4.9000001E-03        304.66241E+03  
                  4.9052501E-03        304.99866E+03  
                  4.9102502E-03        305.31808E+03  
                  4.915E-03            305.62082E+03  
                  4.9200001E-03        305.93863E+03  
                  4.9252501E-03        306.27139E+03  
                  4.9302497E-03        306.5874E+03   
                  4.9349999E-03        306.88675E+03  
                  4.9402499E-03        307.21661E+03  
                  4.94525E-03          307.52979E+03  
                  4.9502501E-03        307.84195E+03  
                  4.9549999E-03        308.13757E+03  
                  4.96E-03             308.44775E+03  
                  4.9649997E-03        308.7569E+03   
                  4.9702501E-03        309.08035E+03  
                  4.9752498E-03        309.38727E+03  
                  4.98E-03             309.67789E+03  
                  4.9850001E-03        309.9827E+03   
                  4.9902496E-03        310.30154E+03  
                  4.9952502E-03        310.60406E+03  
                  5.E-03               310.89041E+03  




