
                    X                   _temp_6       

                  0.                     0.           
                  2.E-06                 0.           
                  4.E-06                 0.           
                  6.E-06                66.399818E-06 
                  8.E-06                 1.3942653E-03
                 10.E-06                11.94908E-03  
                 12.E-06                63.448406E-03 
                 14.E-06               247.22678E-03  
                 16.E-06               772.53967E-03  
                 18.000002E-06           2.0418022    
                 20.E-06                 4.7255449    
                 22.E-06                 9.8101177    
                 24.E-06                18.588499     
                 26.E-06                32.572475     
                 28.E-06                53.32283      
                 30.E-06                82.218849     
                 32.E-06               120.2112       
                 34.E-06               167.61539      
                 36.000004E-06         223.99828      
                 38.E-06               288.18872      
                 40.E-06               358.40662      
                 42.E-06               432.46756      
                 44.E-06               507.99237      
                 46.E-06               582.54724      
                 48.E-06               653.66101      
                 49.999996E-06         718.71857      
                 52.E-06               774.78137      
                 54.E-06               818.43756      
                 56.E-06               845.80963      
                 58.000004E-06         852.81439      
                 60.E-06               835.71735      
                 62.E-06               791.91687      
                 64.E-06               720.80267      
                 66.E-06               624.46088      
                 68.E-06               507.97394      
                 70.E-06               379.14157      
                 72.000008E-06         247.55496      
                 74.E-06               123.14414      
                 76.E-06                14.46432      
                 77.999992E-06         -72.879425     
                 80.E-06              -137.25938      
                 82.E-06              -181.18231      
                 84.E-06              -210.44484      
                 86.E-06              -232.41115      
                 88.E-06              -253.7878       
                 90.E-06              -278.44705      
                 92.E-06              -305.90189      
                 94.000008E-06        -330.91394      
                 96.E-06              -344.47299      
                 98.E-06              -336.02591      
                 99.999992E-06        -296.4964       
                102.E-06              -221.36368      
                104.E-06              -112.98603      
                106.E-06                18.533163     
                108.E-06               156.32475      
                110.E-06               279.5296       
                112.E-06               367.35416      
                114.E-06               403.51721      
                116.00001E-06          380.04849      
                117.99999E-06          299.45969      
                120.E-06               174.67355      
                121.99999E-06           26.586632     
                124.E-06              -120.26434      
                126.E-06              -242.99261      
                128.E-06              -325.38635      
                130.E-06              -361.46106      
                132.E-06              -356.65527      
                134.E-06              -326.32037      
                136.E-06              -291.81625      
                138.E-06              -275.09824      
                140.E-06              -293.08865      
                142.E-06              -353.18518      
                144.00002E-06         -451.03076      
                146.00002E-06         -571.11957      
                148.E-06              -690.14923      
                149.99998E-06         -782.3631       
                152.E-06              -825.63611      
                154.E-06              -806.86176      
                155.99998E-06         -725.35693      
                158.E-06              -593.45709      
                160.E-06              -434.14108      
                162.E-06              -276.20917      
                164.E-06              -148.11304      
                166.E-06               -71.8424       
                168.E-06               -58.249645     
                170.E-06              -104.83503      
                172.E-06              -196.46172      
                174.E-06              -308.78033      
                176.E-06              -413.55563      
                178.E-06              -484.67599      
                180.E-06              -503.5285       
                182.E-06              -462.59998      
                184.E-06              -366.60278      
                186.E-06              -230.99171      
                188.00002E-06          -78.3106       
                190.00002E-06           66.761536     
                192.E-06               182.54477      
                193.99998E-06          254.61134      
                196.E-06               278.30362      
                198.E-06               259.10825      
                199.99998E-06          210.9315       
                201.99998E-06          152.73709      
                204.E-06               104.30756      
                206.E-06                82.026268     
                208.E-06                95.502579     
                210.E-06               145.65608      
                212.E-06               224.57352      
                214.E-06               317.10263      
                216.E-06               403.84277      
                218.E-06               464.95715      
                220.E-06               484.09802      
                222.E-06               451.75079      
                224.E-06               367.38675      
                226.00002E-06          240.02859      
                228.E-06                87.098915     
                230.E-06               -68.296669     
                232.00002E-06         -201.22112      
                234.00002E-06         -289.23215      
                235.99998E-06         -316.42911      
                237.99998E-06         -276.44751      
                240.E-06              -173.79277      
                242.E-06               -23.192673     
                243.99998E-06          153.01501      
                246.E-06               329.01669      
                248.E-06               480.42142      
                250.E-06               588.95697      
                252.E-06               645.96979      
                254.00002E-06          653.96289      
                256.E-06               625.74384      
                258.E-06               581.30566      
                260.E-06               543.03888      
                262.E-06               530.28461      
                264.E-06               554.46301      
                266.E-06               615.88965      
                268.E-06               703.10101      
                269.99997E-06          794.93024      
                272.E-06               864.97705      
                274.E-06               887.52332      
                276.E-06               843.58472      
                278.E-06               725.70258      
                280.E-06               540.34924      
                282.E-06               307.31088      
                284.E-06                56.119122     
                285.99997E-06         -179.73276      
                288.00003E-06         -369.51379      
                290.E-06              -491.42709      
                292.00003E-06         -536.83661      
                294.E-06              -511.61221      
                296.E-06              -434.31772      
                298.E-06              -331.67792      
                299.99997E-06         -232.40245      
                302.E-06              -160.81009      
                304.E-06              -131.69983      
                306.E-06              -147.61145      
                308.E-06              -199.03262      
                310.E-06              -267.41489      
                311.99997E-06         -330.17563      
                314.E-06              -366.46344      
                316.E-06              -362.3024       
                318.00003E-06         -313.92065      
                320.E-06              -228.55093      
                322.E-06              -122.60896      
                324.E-06               -17.781149     
                326.E-06                63.984867     
                328.E-06               105.36872      
                330.E-06                97.33876      
                332.E-06                40.775276     
                334.00003E-06          -54.159527     
                336.E-06              -170.65982      
                338.E-06              -289.16797      
                340.E-06              -391.56445      
                341.99997E-06         -464.677        
                344.E-06              -502.39893      
                346.E-06              -506.05838      
                348.E-06              -483.15729      
                350.E-06              -444.92731      
                352.E-06              -403.427        
                354.E-06              -368.87039      
                356.E-06              -347.79852      
                357.99997E-06         -342.36511      
                360.E-06              -350.72797      
                362.E-06              -368.26578      
                364.E-06              -389.1615       
                366.E-06              -407.90204      
                368.E-06              -420.32242      
                370.E-06              -424.03061      
                372.E-06              -418.25882      
                373.99997E-06         -403.34091      
                376.00003E-06         -380.11292      
                378.E-06              -349.45459      
                380.00003E-06         -312.16409      
                382.E-06              -269.10577      
                384.E-06              -221.54655      
                386.E-06              -171.42613      
                387.99997E-06         -121.39131      
                390.00003E-06          -74.46357      
                392.E-06               -33.385746     
                394.E-06               188.09712E-03  
                396.E-06                26.400774     
                398.E-06                47.497505     
                399.99997E-06           67.585579     
                402.E-06                91.76104      
                403.99997E-06          124.78701      
                406.00003E-06          169.6218       
                408.E-06               226.19623      
                410.E-06               290.81854      
                412.E-06               356.45398      
                414.E-06               413.88382      
                416.E-06               453.59271      
                418.E-06               467.91696      
                420.E-06               452.97815      
                422.00003E-06          409.89844      
                424.E-06               344.96265      
                426.E-06               268.61511      
                428.E-06               193.4743       
                429.99997E-06          131.82175      
                432.E-06                93.098618     
                434.E-06                82.014824     
                436.E-06                97.716454     
                438.E-06               134.20729      
                440.E-06               181.91827      
                442.E-06               230.05173      
                444.E-06               269.14209      
                445.99997E-06          293.2056       
                448.E-06               300.98923      
                450.E-06               296.01309      
                452.00003E-06          285.41995      
                454.E-06               277.95776      
                456.E-06               281.56943      
                458.E-06               301.21613      
                460.E-06               337.46613      
                461.99997E-06          386.17334      
                464.00003E-06          439.34311      
                466.E-06               486.94064      
                468.00003E-06          519.18787      
                470.E-06               528.8067       
                471.99997E-06          512.65521      
                474.E-06               472.37454      
                475.99997E-06          413.91815      
                478.E-06               346.10864      
                480.E-06               278.58575      
                482.E-06               219.67056      
                484.E-06               174.65663      
                486.E-06               144.91937      
                487.99997E-06          128.02049      
                490.E-06               118.73904      
                492.E-06               110.70461      
                494.E-06                98.194656     
                496.E-06                77.630363     
                498.E-06                48.367828     
                500.E-06                12.626392     




