
                    X                   _temp_1       

                  0.                     0.           
                  2.E-06                 0.           
                  4.E-06                 0.           
                  6.E-06                 2.8747838E-06
                  8.E-06               255.98308E-06  
                 10.E-06                 5.1287117E-03
                 12.E-06                52.848263E-03 
                 14.E-06               361.86725E-03  
                 16.E-06                 1.8614399    
                 18.000002E-06           7.7196531    
                 20.E-06                27.004911     
                 22.E-06                82.202904     
                 24.E-06               222.68024      
                 26.E-06               545.91919      
                 28.E-06                 1.2270184E+03
                 30.E-06                 2.5543375E+03
                 32.E-06                 4.9654884E+03
                 34.E-06                 9.0739393E+03
                 36.000004E-06          15.673674E+03 
                 38.E-06                25.709236E+03 
                 40.E-06                40.202381E+03 
                 42.E-06                60.134964E+03 
                 44.E-06                86.299294E+03 
                 46.E-06               119.14021E+03  
                 48.E-06               158.62257E+03  
                 49.999996E-06         204.1613E+03   
                 52.E-06               254.64429E+03  
                 54.E-06               308.56149E+03  
                 56.E-06               364.22833E+03  
                 58.000004E-06         420.06409E+03  
                 60.E-06               474.86356E+03  
                 62.E-06               527.99054E+03  
                 64.E-06               579.43054E+03  
                 66.E-06               629.66766E+03  
                 68.E-06               679.39508E+03  
                 70.E-06               729.11584E+03  
                 72.000008E-06         778.73157E+03  
                 74.E-06               827.23553E+03  
                 76.E-06               872.6189E+03   
                 77.999992E-06         912.05304E+03  
                 80.E-06               942.34888E+03  
                 82.E-06               960.61389E+03  
                 84.E-06               964.96588E+03  
                 86.E-06               955.12482E+03  
                 88.E-06               932.71515E+03  
                 90.E-06               901.16431E+03  
                 92.E-06               865.17908E+03  
                 94.000008E-06         829.88629E+03  
                 96.E-06               799.82373E+03  
                 98.E-06               778.01941E+03  
                 99.999992E-06         765.39783E+03  
                102.E-06               760.68225E+03  
                104.E-06               760.84637E+03  
                106.E-06               762.02661E+03  
                108.E-06               760.6795E+03   
                110.E-06               754.68964E+03  
                112.E-06               744.12897E+03  
                114.E-06               731.44415E+03  
                116.00001E-06          720.98737E+03  
                117.99999E-06          717.98035E+03  
                120.E-06               727.15558E+03  
                121.99999E-06          751.42188E+03  
                124.E-06               790.91241E+03  
                126.E-06               842.69067E+03  
                128.E-06               901.22882E+03  
                130.E-06               959.57336E+03  
                132.E-06                 1.0109267E+06
                134.E-06                 1.0502529E+06
                136.E-06                 1.0754952E+06
                138.E-06                 1.0880804E+06
                140.E-06                 1.0925621E+06
                142.E-06                 1.0954783E+06
                144.00002E-06            1.1037073E+06
                146.00002E-06            1.1227396E+06
                148.E-06                 1.1553127E+06
                149.99998E-06            1.2007695E+06
                152.E-06                 1.2553054E+06
                154.E-06                 1.3130375E+06
                155.99998E-06            1.36761E+06  
                158.E-06                 1.4139011E+06
                160.E-06                 1.4493719E+06
                162.E-06                 1.4746894E+06
                164.E-06                 1.4934531E+06
                166.E-06                 1.5111014E+06
                168.E-06                 1.5332921E+06
                170.E-06                 1.5642003E+06
                172.E-06                 1.6052023E+06
                174.E-06                 1.6543049E+06
                176.E-06                 1.7064856E+06
                178.E-06                 1.7548546E+06
                180.E-06                 1.7923292E+06
                182.E-06                 1.8133771E+06
                184.E-06                 1.8153609E+06
                186.E-06                 1.7991329E+06
                188.00002E-06            1.7687349E+06
                190.00002E-06            1.7302983E+06
                192.E-06                 1.690457E+06 
                193.99998E-06            1.6547135E+06
                196.E-06                 1.6262009E+06
                198.E-06                 1.6051651E+06
                199.99998E-06            1.5892881E+06
                201.99998E-06            1.5747346E+06
                204.E-06                 1.5576088E+06
                206.E-06                 1.5353948E+06
                208.E-06                 1.507967E+06 
                210.E-06                 1.4778873E+06
                212.E-06                 1.4499003E+06
                214.E-06                 1.4297727E+06
                216.E-06                 1.4227989E+06
                218.E-06                 1.4323827E+06
                220.E-06                 1.4590853E+06
                222.E-06                 1.5003917E+06
                224.E-06                 1.5512536E+06
                226.00002E-06            1.6052532E+06
                228.E-06                 1.6560754E+06
                230.E-06                 1.6988944E+06
                232.00002E-06            1.7313256E+06
                234.00002E-06            1.7537169E+06
                235.99998E-06            1.7687384E+06
                237.99998E-06            1.7804202E+06
                240.E-06                 1.7929211E+06
                242.E-06                 1.8093731E+06
                243.99998E-06            1.8311025E+06
                246.E-06                 1.8574075E+06
                248.E-06                 1.8859196E+06
                250.E-06                 1.9134105E+06
                252.E-06                 1.9368031E+06
                254.00002E-06            1.9541017E+06
                256.E-06                 1.9650048E+06
                258.E-06                 1.9710603E+06
                260.E-06                 1.975352E+06 
                262.E-06                 1.9818314E+06
                264.E-06                 1.9944779E+06
                266.E-06                 2.0165E+06   
                268.E-06                 2.0497482E+06
                269.99997E-06            2.0944378E+06
                272.E-06                 2.1491904E+06
                274.E-06                 2.2113357E+06
                276.E-06                 2.2773602E+06
                278.E-06                 2.3434045E+06
                280.E-06                 2.4057198E+06
                282.E-06                 2.4610398E+06
                284.E-06                 2.5068624E+06
                285.99997E-06            2.5416472E+06
                288.00003E-06            2.5649326E+06
                290.E-06                 2.5773592E+06
                292.00003E-06            2.580574E+06 
                294.E-06                 2.5769787E+06
                296.E-06                 2.569324E+06 
                298.E-06                 2.5601795E+06
                299.99997E-06            2.5513797E+06
                302.E-06                 2.5435731E+06
                304.E-06                 2.5360258E+06
                306.E-06                 2.5267756E+06
                308.E-06                 2.5131731E+06
                310.E-06                 2.4927232E+06
                311.99997E-06            2.4640419E+06
                314.E-06                 2.4276745E+06
                316.E-06                 2.3865228E+06
                318.00003E-06            2.3456979E+06
                320.E-06                 2.3117492E+06
                322.E-06                 2.291393E+06 
                324.E-06                 2.2900195E+06
                326.E-06                 2.3103426E+06
                328.E-06                 2.3515627E+06
                330.E-06                 2.4093089E+06
                332.E-06                 2.4764352E+06
                334.00003E-06            2.5445335E+06
                336.E-06                 2.6058118E+06
                338.E-06                 2.6548824E+06
                340.E-06                 2.689992E+06 
                341.99997E-06            2.713361E+06 
                344.E-06                 2.7305095E+06
                346.E-06                 2.7487264E+06
                348.E-06                 2.7750576E+06
                350.E-06                 2.8143349E+06
                352.E-06                 2.8677685E+06
                354.E-06                 2.9324808E+06
                356.E-06                 3.0021267E+06
                357.99997E-06            3.068445E+06 
                360.E-06                 3.1233392E+06
                362.E-06                 3.1609428E+06
                364.E-06                 3.179122E+06 
                366.E-06                 3.1800177E+06
                368.E-06                 3.1694834E+06
                370.E-06                 3.1555738E+06
                372.E-06                 3.146487E+06 
                373.99997E-06            3.1485109E+06
                376.00003E-06            3.1645081E+06
                378.E-06                 3.1933248E+06
                380.00003E-06            3.2302585E+06
                382.E-06                 3.2684162E+06
                384.E-06                 3.300581E+06 
                386.E-06                 3.3210642E+06
                387.99997E-06            3.3270564E+06
                390.00003E-06            3.3191345E+06
                392.E-06                 3.300842E+06 
                394.E-06                 3.2775095E+06
                396.E-06                 3.2546883E+06
                398.E-06                 3.2366626E+06
                399.99997E-06            3.2254484E+06
                402.E-06                 3.2205391E+06
                403.99997E-06            3.2194076E+06
                406.00003E-06            3.2185755E+06
                408.E-06                 3.2148812E+06
                410.E-06                 3.2065489E+06
                412.E-06                 3.1937456E+06
                414.E-06                 3.1784759E+06
                416.E-06                 3.163883E+06 
                418.E-06                 3.1532094E+06
                420.E-06                 3.1487672E+06
                422.00003E-06            3.1512532E+06
                424.E-06                 3.1596308E+06
                426.E-06                 3.1716046E+06
                428.E-06                 3.1845288E+06
                429.99997E-06            3.1964316E+06
                432.E-06                 3.2068217E+06
                434.E-06                 3.2169867E+06
                436.E-06                 3.2296669E+06
                438.E-06                 3.2481961E+06
                440.E-06                 3.2753556E+06
                442.E-06                 3.31232E+06  
                444.E-06                 3.3580341E+06
                445.99997E-06            3.4092476E+06
                448.E-06                 3.4612401E+06
                450.E-06                 3.5090497E+06
                452.00003E-06            3.5488565E+06
                454.E-06                 3.5791092E+06
                456.E-06                 3.6010482E+06
                458.E-06                 3.6184423E+06
                460.E-06                 3.6365831E+06
                461.99997E-06            3.6608031E+06
                464.00003E-06            3.6949301E+06
                466.E-06                 3.7401137E+06
                468.00003E-06            3.7943666E+06
                470.E-06                 3.8529651E+06
                471.99997E-06            3.9096012E+06
                474.E-06                 3.9579787E+06
                475.99997E-06            3.9934042E+06
                478.E-06                 4.0139408E+06
                480.E-06                 4.020812E+06 
                482.E-06                 4.0179543E+06
                484.E-06                 4.0108652E+06
                486.E-06                 4.0050869E+06
                487.99997E-06            4.0047545E+06
                490.E-06                 4.0116129E+06
                492.E-06                 4.0247574E+06
                494.E-06                 4.0411339E+06
                496.E-06                 4.0566177E+06
                498.E-06                 4.0673327E+06
                500.E-06                 4.0708127E+06




