
                    X                   _temp_4       

                  0.                     0.           
                  2.E-06                 0.           
                  4.E-06                 0.           
                  6.E-06                39.962532E-12 
                  8.E-06                 1.1276771E-09
                 10.E-06                12.204184E-09 
                 12.E-06                78.747589E-09 
                 14.E-06               363.40149E-09  
                 16.E-06                 1.3207903E-06
                 18.000002E-06           4.0072808E-06
                 20.E-06                10.543811E-06 
                 22.E-06                24.705132E-06 
                 24.E-06                52.551048E-06 
                 26.E-06               102.96243E-06  
                 28.E-06               187.91855E-06  
                 30.E-06               322.36978E-06  
                 32.E-06               523.62628E-06  
                 34.E-06               810.2854E-06   
                 36.000004E-06           1.2008336E-03
                 38.E-06                 1.7121439E-03
                 40.E-06                 2.3581152E-03
                 42.E-06                 3.1486554E-03
                 44.E-06                 4.0890841E-03
                 46.E-06                 5.1798978E-03
                 48.E-06                 6.4166946E-03
                 49.999996E-06           7.7900047E-03
                 52.E-06                 9.284831E-03 
                 54.E-06                10.879832E-03 
                 56.E-06                12.546371E-03 
                 58.000004E-06          14.247791E-03 
                 60.E-06                15.939535E-03 
                 62.E-06                17.570602E-03 
                 64.E-06                19.086674E-03 
                 66.E-06                20.434843E-03 
                 68.E-06                21.569366E-03 
                 70.E-06                22.457451E-03 
                 72.000008E-06          23.08386E-03  
                 74.E-06                23.453074E-03 
                 76.E-06                23.588284E-03 
                 77.999992E-06          23.526999E-03 
                 80.E-06                23.314053E-03 
                 82.E-06                22.993355E-03 
                 84.E-06                22.600342E-03 
                 86.E-06                22.157036E-03 
                 88.E-06                21.671093E-03 
                 90.E-06                21.139351E-03 
                 92.E-06                20.555132E-03 
                 94.000008E-06          19.917515E-03 
                 96.E-06                19.240038E-03 
                 98.E-06                18.55615E-03  
                 99.999992E-06          17.919319E-03 
                102.E-06                17.396975E-03 
                104.E-06                17.058922E-03 
                106.E-06                16.962496E-03 
                108.E-06                17.137823E-03 
                110.E-06                17.576855E-03 
                112.E-06                18.229334E-03 
                114.E-06                19.007391E-03 
                116.00001E-06           19.79851E-03  
                117.99999E-06           20.484577E-03 
                120.E-06                20.963074E-03 
                121.99999E-06           21.165735E-03 
                124.E-06                21.070372E-03 
                126.E-06                20.702879E-03 
                128.E-06                20.128819E-03 
                130.E-06                19.436256E-03 
                132.E-06                18.713793E-03 
                134.E-06                18.028879E-03 
                136.E-06                17.411648E-03 
                138.E-06                16.848194E-03 
                140.E-06                16.28507E-03  
                142.E-06                15.64407E-03  
                144.00002E-06           14.843838E-03 
                146.00002E-06           13.823137E-03 
                148.E-06                12.560112E-03 
                149.99998E-06           11.08271E-03  
                152.E-06                 9.4675102E-03
                154.E-06                 7.826901E-03 
                155.99998E-06            6.2873216E-03
                158.E-06                 4.9634414E-03
                160.E-06                 3.9341488E-03
                162.E-06                 3.2258332E-03
                164.E-06                 2.8068311E-03
                166.E-06                 2.5943332E-03
                168.E-06                 2.4722385E-03
                170.E-06                 2.3159978E-03
                172.E-06                 2.0189698E-03
                174.E-06                 1.51457E-03  
                176.E-06               789.54022E-06  
                178.E-06              -114.2904E-06   
                180.E-06                -1.1097845E-03
                182.E-06                -2.0833724E-03
                184.E-06                -2.91871E-03  
                186.E-06                -3.519959E-03 
                188.00002E-06           -3.8298414E-03
                190.00002E-06           -3.8389578E-03
                192.E-06                -3.5848796E-03
                193.99998E-06           -3.1417232E-03
                196.E-06                -2.6028771E-03
                198.E-06                -2.0608089E-03
                199.99998E-06           -1.5882608E-03
                201.99998E-06           -1.2246084E-03
                204.E-06              -969.93365E-06  
                206.E-06              -787.65851E-06  
                208.E-06              -614.8714E-06   
                210.E-06              -377.99902E-06  
                212.E-06               -10.558149E-06 
                214.E-06               530.57153E-06  
                216.E-06                 1.2535176E-03
                218.E-06                 2.126668E-03 
                220.E-06                 3.0817566E-03
                222.E-06                 4.0242996E-03
                224.E-06                 4.8495946E-03
                226.00002E-06            5.4614668E-03
                228.E-06                 5.7904391E-03
                230.E-06                 5.8079834E-03
                232.00002E-06            5.5341439E-03
                234.00002E-06            5.0368876E-03
                235.99998E-06            4.4229784E-03
                237.99998E-06            3.8217297E-03
                240.E-06                 3.3643579E-03
                242.E-06                 3.1626396E-03
                243.99998E-06            3.290849E-03 
                246.E-06                 3.774523E-03 
                248.E-06                 4.5883703E-03
                250.E-06                 5.6639023E-03
                252.E-06                 6.9053769E-03
                254.00002E-06            8.2108517E-03
                256.E-06                 9.4939537E-03
                258.E-06                10.701623E-03 
                260.E-06                11.823853E-03 
                262.E-06                12.89304E-03  
                264.E-06                13.97287E-03  
                266.E-06                15.139017E-03 
                268.E-06                16.455925E-03 
                269.99997E-06           17.954969E-03 
                272.E-06                19.619299E-03 
                274.E-06                21.379147E-03 
                276.E-06                23.119341E-03 
                278.E-06                24.697802E-03 
                280.E-06                25.971334E-03 
                282.E-06                26.823278E-03 
                284.E-06                27.186899E-03 
                285.99997E-06           27.059303E-03 
                288.00003E-06           26.502665E-03 
                290.E-06                25.632362E-03 
                292.00003E-06           24.594568E-03 
                294.E-06                23.538195E-03 
                296.E-06                22.587303E-03 
                298.E-06                21.819963E-03 
                299.99997E-06           21.257996E-03 
                302.E-06                20.869438E-03 
                304.E-06                20.582697E-03 
                306.E-06                20.308678E-03 
                308.E-06                19.965475E-03 
                310.E-06                19.499762E-03 
                311.99997E-06           18.900059E-03 
                314.E-06                18.199024E-03 
                316.E-06                17.464705E-03 
                318.00003E-06           16.783157E-03 
                320.E-06                16.23691E-03  
                322.E-06                15.884466E-03 
                324.E-06                15.745644E-03 
                326.E-06                15.795972E-03 
                328.E-06                15.971164E-03 
                330.E-06                16.180227E-03 
                332.E-06                16.323967E-03 
                334.00003E-06           16.314442E-03 
                336.E-06                16.091108E-03 
                338.E-06                15.630318E-03 
                340.E-06                14.9466E-03   
                341.99997E-06           14.086138E-03 
                344.E-06                13.114555E-03 
                346.E-06                12.102189E-03 
                348.E-06                11.110301E-03 
                350.E-06                10.181068E-03 
                352.E-06                 9.3330145E-03
                354.E-06                 8.5620947E-03
                356.E-06                 7.8473482E-03
                357.99997E-06            7.1591063E-03
                360.E-06                 6.4674959E-03
                362.E-06                 5.7492952E-03
                364.E-06                 4.99192E-03  
                366.E-06                 4.1942883E-03
                368.E-06                 3.3650823E-03
                370.E-06                 2.5195591E-03
                372.E-06                 1.6760865E-03
                373.99997E-06          853.39032E-06  
                376.00003E-06           68.954453E-06 
                378.E-06              -661.49109E-06  
                380.00003E-06           -1.3238894E-03
                382.E-06                -1.9058141E-03
                384.E-06                -2.3969254E-03
                386.E-06                -2.7900677E-03
                387.99997E-06           -3.0826879E-03
                390.00003E-06           -3.2779682E-03
                392.E-06                -3.3849492E-03
                394.E-06                -3.4171691E-03
                396.E-06                -3.3897507E-03
                398.E-06                -3.3154335E-03
                399.99997E-06           -3.2005339E-03
                402.E-06                -3.042021E-03 
                403.99997E-06           -2.8268228E-03
                406.00003E-06           -2.533967E-03 
                408.E-06                -2.139472E-03 
                410.E-06                -1.6230925E-03
                412.E-06              -975.40228E-06  
                414.E-06              -203.42714E-06  
                416.E-06               666.81189E-06  
                418.E-06                 1.5918447E-03
                420.E-06                 2.5164518E-03
                422.00003E-06            3.3825676E-03
                424.E-06                 4.139586E-03 
                426.E-06                 4.7538247E-03
                428.E-06                 5.2149568E-03
                429.99997E-06            5.5378838E-03
                432.E-06                 5.7595167E-03
                434.E-06                 5.9310966E-03
                436.E-06                 6.1077466E-03
                438.E-06                 6.3376112E-03
                440.E-06                 6.6530108E-03
                442.E-06                 7.0655808E-03
                444.E-06                 7.566381E-03 
                445.99997E-06            8.1308041E-03
                448.E-06                 8.7269163E-03
                450.E-06                 9.3251314E-03
                452.00003E-06            9.9067297E-03
                454.E-06                10.469172E-03 
                456.E-06                11.026914E-03 
                458.E-06                11.607548E-03 
                460.E-06                12.244307E-03 
                461.99997E-06           12.966814E-03 
                464.00003E-06           13.792377E-03 
                466.E-06                14.720002E-03 
                468.00003E-06           15.728585E-03 
                470.E-06                16.779715E-03 
                471.99997E-06           17.824409E-03 
                474.E-06                18.812172E-03 
                475.99997E-06           19.70023E-03  
                478.E-06                20.460817E-03 
                480.E-06                21.084904E-03 
                482.E-06                21.581667E-03 
                484.E-06                21.974075E-03 
                486.E-06                22.291811E-03 
                487.99997E-06           22.563423E-03 
                490.E-06                22.809624E-03 
                492.E-06                23.039305E-03 
                494.E-06                23.249052E-03 
                496.E-06                23.425999E-03 
                498.E-06                23.553005E-03 
                500.E-06                23.614576E-03 




