
                    X                   _temp_2       

                  0.                    19.999998E-03 
                  2.E-06                19.999998E-03 
                  4.E-06                19.999998E-03 
                  6.E-06                19.999998E-03 
                  8.E-06                19.999998E-03 
                 10.E-06                19.999998E-03 
                 12.E-06                19.999998E-03 
                 14.E-06                19.999998E-03 
                 16.E-06                19.999998E-03 
                 18.000002E-06          19.999998E-03 
                 20.E-06                19.999998E-03 
                 22.E-06                19.999998E-03 
                 24.E-06                19.999998E-03 
                 26.E-06                19.999998E-03 
                 28.E-06                19.999998E-03 
                 30.E-06                19.999998E-03 
                 32.E-06                19.999998E-03 
                 34.E-06                19.999998E-03 
                 36.000004E-06          19.999998E-03 
                 38.E-06                19.999998E-03 
                 40.E-06                19.999998E-03 
                 42.E-06                19.999998E-03 
                 44.E-06                19.999998E-03 
                 46.E-06                19.999998E-03 
                 48.E-06                19.999998E-03 
                 49.999996E-06          19.999998E-03 
                 52.E-06                19.999998E-03 
                 54.E-06                19.999998E-03 
                 56.E-06                19.999998E-03 
                 58.000004E-06          19.999998E-03 
                 60.E-06                19.999998E-03 
                 62.E-06                19.999998E-03 
                 64.E-06                19.999998E-03 
                 66.E-06                19.999998E-03 
                 68.E-06                19.999998E-03 
                 70.E-06                19.999998E-03 
                 72.000008E-06          19.999998E-03 
                 74.E-06                19.999998E-03 
                 76.E-06                19.999998E-03 
                 77.999992E-06          19.999998E-03 
                 80.E-06                19.999998E-03 
                 82.E-06                19.999998E-03 
                 84.E-06                19.999998E-03 
                 86.E-06                19.999998E-03 
                 88.E-06                19.999998E-03 
                 90.E-06                19.999998E-03 
                 92.E-06                19.999998E-03 
                 94.000008E-06          19.999998E-03 
                 96.E-06                19.999998E-03 
                 98.E-06                19.999998E-03 
                 99.999992E-06          19.999998E-03 
                102.E-06                19.999998E-03 
                104.E-06                19.999998E-03 
                106.E-06                19.999998E-03 
                108.E-06                19.999998E-03 
                110.E-06                19.999998E-03 
                112.E-06                19.999998E-03 
                114.E-06                19.999998E-03 
                116.00001E-06           19.999998E-03 
                117.99999E-06           19.999998E-03 
                120.E-06                19.999998E-03 
                121.99999E-06           19.999998E-03 
                124.E-06                19.999998E-03 
                126.E-06                19.999998E-03 
                128.E-06                19.999998E-03 
                130.E-06                19.999998E-03 
                132.E-06                19.999998E-03 
                134.E-06                19.999998E-03 
                136.E-06                19.999998E-03 
                138.E-06                19.999998E-03 
                140.E-06                19.999998E-03 
                142.E-06                19.999998E-03 
                144.00002E-06           19.999998E-03 
                146.00002E-06           19.999998E-03 
                148.E-06                19.999998E-03 
                149.99998E-06           19.999998E-03 
                152.E-06                19.999998E-03 
                154.E-06                19.999998E-03 
                155.99998E-06           19.999998E-03 
                158.E-06                19.999998E-03 
                160.E-06                19.999998E-03 
                162.E-06                19.999998E-03 
                164.E-06                19.999998E-03 
                166.E-06                19.999998E-03 
                168.E-06                19.999998E-03 
                170.E-06                19.999998E-03 
                172.E-06                19.999998E-03 
                174.E-06                19.999998E-03 
                176.E-06                19.999998E-03 
                178.E-06                19.999998E-03 
                180.E-06                19.999998E-03 
                182.E-06                19.999998E-03 
                184.E-06                19.999998E-03 
                186.E-06                19.999998E-03 
                188.00002E-06           19.999998E-03 
                190.00002E-06           19.999998E-03 
                192.E-06                19.999998E-03 
                193.99998E-06           19.999998E-03 
                196.E-06                19.999998E-03 
                198.E-06                19.999998E-03 
                199.99998E-06           19.999998E-03 
                201.99998E-06           19.999998E-03 
                204.E-06                19.999998E-03 
                206.E-06                19.999998E-03 
                208.E-06                19.999998E-03 
                210.E-06                19.999998E-03 
                212.E-06                19.999998E-03 
                214.E-06                19.999998E-03 
                216.E-06                19.999998E-03 
                218.E-06                19.999998E-03 
                220.E-06                19.999998E-03 
                222.E-06                19.999998E-03 
                224.E-06                19.999998E-03 
                226.00002E-06           19.999998E-03 
                228.E-06                19.999998E-03 
                230.E-06                19.999998E-03 
                232.00002E-06           19.999998E-03 
                234.00002E-06           19.999998E-03 
                235.99998E-06           19.999998E-03 
                237.99998E-06           19.999998E-03 
                240.E-06                19.999998E-03 
                242.E-06                19.999998E-03 
                243.99998E-06           19.999998E-03 
                246.E-06                19.999998E-03 
                248.E-06                19.999998E-03 
                250.E-06                19.999998E-03 
                252.E-06                19.999998E-03 
                254.00002E-06           19.999998E-03 
                256.E-06                19.999998E-03 
                258.E-06                19.999998E-03 
                260.E-06                19.999998E-03 
                262.E-06                19.999998E-03 
                264.E-06                19.999998E-03 
                266.E-06                19.999998E-03 
                268.E-06                19.999998E-03 
                269.99997E-06           19.999998E-03 
                272.E-06                19.999998E-03 
                274.E-06                19.999998E-03 
                276.E-06                19.999998E-03 
                278.E-06                19.999998E-03 
                280.E-06                19.999998E-03 
                282.E-06                19.999998E-03 
                284.E-06                19.999998E-03 
                285.99997E-06           19.999998E-03 
                288.00003E-06           19.999998E-03 
                290.E-06                19.999998E-03 
                292.00003E-06           19.999998E-03 
                294.E-06                19.999998E-03 
                296.E-06                19.999998E-03 
                298.E-06                19.999998E-03 
                299.99997E-06           19.999998E-03 
                302.E-06                19.999998E-03 
                304.E-06                19.999998E-03 
                306.E-06                19.999998E-03 
                308.E-06                19.999998E-03 
                310.E-06                19.999998E-03 
                311.99997E-06           19.999998E-03 
                314.E-06                19.999998E-03 
                316.E-06                19.999998E-03 
                318.00003E-06           19.999998E-03 
                320.E-06                19.999998E-03 
                322.E-06                19.999998E-03 
                324.E-06                19.999998E-03 
                326.E-06                19.999998E-03 
                328.E-06                19.999998E-03 
                330.E-06                19.999998E-03 
                332.E-06                19.999998E-03 
                334.00003E-06           19.999998E-03 
                336.E-06                19.999998E-03 
                338.E-06                19.999998E-03 
                340.E-06                19.999998E-03 
                341.99997E-06           19.999998E-03 
                344.E-06                19.999998E-03 
                346.E-06                19.999998E-03 
                348.E-06                19.999998E-03 
                350.E-06                19.999998E-03 
                352.E-06                19.999998E-03 
                354.E-06                19.999998E-03 
                356.E-06                19.999998E-03 
                357.99997E-06           19.999998E-03 
                360.E-06                19.999998E-03 
                362.E-06                19.999998E-03 
                364.E-06                19.999998E-03 
                366.E-06                19.999998E-03 
                368.E-06                19.999998E-03 
                370.E-06                19.999998E-03 
                372.E-06                19.999998E-03 
                373.99997E-06           19.999998E-03 
                376.00003E-06           19.999998E-03 
                378.E-06                19.999998E-03 
                380.00003E-06           19.999998E-03 
                382.E-06                19.999998E-03 
                384.E-06                19.999998E-03 
                386.E-06                19.999998E-03 
                387.99997E-06           19.999998E-03 
                390.00003E-06           19.999998E-03 
                392.E-06                19.999998E-03 
                394.E-06                19.999998E-03 
                396.E-06                19.999998E-03 
                398.E-06                19.999998E-03 
                399.99997E-06           19.999998E-03 
                402.E-06                19.999998E-03 
                403.99997E-06           19.999998E-03 
                406.00003E-06           19.999998E-03 
                408.E-06                19.999998E-03 
                410.E-06                19.999998E-03 
                412.E-06                19.999998E-03 
                414.E-06                19.999998E-03 
                416.E-06                19.999998E-03 
                418.E-06                19.999998E-03 
                420.E-06                19.999998E-03 
                422.00003E-06           19.999998E-03 
                424.E-06                19.999998E-03 
                426.E-06                19.999998E-03 
                428.E-06                19.999998E-03 
                429.99997E-06           19.999998E-03 
                432.E-06                19.999998E-03 
                434.E-06                19.999998E-03 
                436.E-06                19.999998E-03 
                438.E-06                19.999998E-03 
                440.E-06                19.999998E-03 
                442.E-06                19.999998E-03 
                444.E-06                19.999998E-03 
                445.99997E-06           19.999998E-03 
                448.E-06                19.999998E-03 
                450.E-06                19.999998E-03 
                452.00003E-06           19.999998E-03 
                454.E-06                19.999998E-03 
                456.E-06                19.999998E-03 
                458.E-06                19.999998E-03 
                460.E-06                19.999998E-03 
                461.99997E-06           19.999998E-03 
                464.00003E-06           19.999998E-03 
                466.E-06                19.999998E-03 
                468.00003E-06           19.999998E-03 
                470.E-06                19.999998E-03 
                471.99997E-06           19.999998E-03 
                474.E-06                19.999998E-03 
                475.99997E-06           19.999998E-03 
                478.E-06                19.999998E-03 
                480.E-06                19.999998E-03 
                482.E-06                19.999998E-03 
                484.E-06                19.999998E-03 
                486.E-06                19.999998E-03 
                487.99997E-06           19.999998E-03 
                490.E-06                19.999998E-03 
                492.E-06                19.999998E-03 
                494.E-06                19.999998E-03 
                496.E-06                19.999998E-03 
                498.E-06                19.999998E-03 
                500.E-06                19.999998E-03 




