
                  X               _temp_2     

                0.                 0.         
              174.816E-06         12.1611     
              349.633E-06         21.9542     
              524.448E-06         29.2409     
              699.26E-06          35.983      
              874.07E-06          43.8959     
                1.04888E-03       52.3938     
                1.22368E-03       59.0475     
                1.39848E-03       62.1208     
                1.57327E-03       62.5237     
                1.74806E-03       63.08       
                1.92284E-03       65.8099     
                2.09761E-03       70.0346     
                2.27237E-03       73.3002     
                2.44712E-03       74.1886     
                2.62186E-03       74.0923     
                2.79658E-03       76.0627     
                2.9713E-03        81.8655     
                3.146E-03         90.2557     
                3.32069E-03       98.2593     
                3.49537E-03      104.162      
                3.67003E-03      109.142      
                3.84468E-03      115.879      
                4.01932E-03      125.585      
                4.19395E-03      136.526      
                4.36856E-03      145.57       
                4.54316E-03      151.168      
                4.71774E-03      154.722      
                4.8923E-03       158.955      
                5.06685E-03      160.355      
                5.24139E-03      155.363      
                5.41591E-03      150.355      
                5.59041E-03      143.882      
                5.76489E-03      136.095      
                5.93936E-03      129.062      
                6.11381E-03      125.064      
                6.28824E-03      124.567      
                6.46265E-03      125.91       
                6.63705E-03      127.053      
                6.81143E-03      127.602      
                6.98579E-03      129.075      
                7.16014E-03      133.134      
                7.33447E-03      139.6        
                7.50878E-03      146.284      
                7.68309E-03      150.822      
                7.85738E-03      152.679      
                8.03165E-03      153.313      
                8.20591E-03      154.405      
                8.38016E-03      155.985      
                8.55439E-03      156.377      
                8.72862E-03      153.978      
                8.90283E-03      149.016      
                9.07702E-03      143.478      
                9.2512E-03       139.307      
                9.42536E-03      136.722      
                9.59951E-03      134.37       
                9.77364E-03      131.083      
                9.94775E-03      127.374      
               10.1219E-03       125.092      
               10.2959E-03       125.611      
               10.47E-03         128.431      
               10.644E-03        131.656      
               10.8181E-03       133.843      
               10.9921E-03       135.309      
               11.1661E-03       137.545      
               11.3401E-03       141.379      
               11.514E-03        145.814      
               11.688E-03        148.791      
               11.8619E-03       149.108      
               12.0359E-03       147.518      
               12.2098E-03       145.865      
               12.3837E-03       145.172      
               12.5575E-03       144.635      
               12.7314E-03       142.585      
               12.9053E-03       138.408      
               13.0791E-03       133.413      
               13.2529E-03       129.726      
               13.4267E-03       128.319      
               13.6005E-03       128.197      
               13.7743E-03       127.572      
               13.948E-03        125.805      
               14.1217E-03       124.113      
               14.2954E-03       124.291      
               14.469E-03        126.772      
               14.6426E-03       130.036      
               14.8161E-03       131.985      
               14.9897E-03       131.913      
               15.1631E-03       131.039      
               15.3366E-03       131.095      
               15.51E-03         132.412      
               15.6834E-03       133.495      
               15.8567E-03       132.527      
               16.03E-03         129.257      
               16.2033E-03       125.336      
               16.3765E-03       122.735      
               16.5497E-03       121.873      
               16.7228E-03       121.346      
               16.8959E-03       119.547      
               17.069E-03        116.477      
               17.2421E-03       113.886      
               17.4151E-03       113.562      
               17.588E-03        115.518      
               17.7609E-03       117.929      
               17.9338E-03       118.922      
               18.1066E-03       118.391      
               18.2794E-03       117.999      
               18.4522E-03       119.356      
               18.6249E-03       122.218      
               18.7975E-03       124.563      
               18.9702E-03       124.502      
               19.1427E-03       122.111      
               19.3153E-03       119.354      
               19.4878E-03       118.153      
               19.6602E-03       118.546      
               19.8326E-03       118.76       
               20.005E-03        117.116      
               20.1773E-03       113.849      
               20.3495E-03       111.003      
               20.5218E-03       110.523      
               20.6939E-03       112.442      
               20.866E-03        114.967      
               21.038E-03        116.313      
               21.21E-03         116.44       
               21.3819E-03       116.949      
               21.5537E-03       119.294      
               21.7255E-03       123.151      
               21.8972E-03       126.594      
               22.0689E-03       127.879      
               22.2405E-03       127.029      
               22.412E-03        125.61       
               22.5834E-03       124.989      
               22.7548E-03       124.852      
               22.9262E-03       123.516      
               23.0974E-03       119.717      
               23.2686E-03       114.042      
               23.4397E-03       108.523      
               23.6108E-03       104.789      
               23.7818E-03       102.612      
               23.9527E-03       100.326      
               24.1235E-03        96.7081     
               24.2943E-03        92.4079     
               24.465E-03         89.4757     
               24.6356E-03        89.4105     
               24.8061E-03        91.6629     
               24.9765E-03        94.095      
               25.1469E-03        94.9719     
               25.3172E-03        94.5317     
               25.4874E-03        94.5848     
               25.6575E-03        96.5338     
               25.8275E-03        99.7749     
               25.9975E-03       102.078      
               26.1674E-03       101.606      
               26.3371E-03        98.6136     
               26.5068E-03        95.1704     
               26.6765E-03        93.1661     
               26.846E-03         92.5413     
               27.0154E-03        91.4587     
               27.1848E-03        88.2478     
               27.3541E-03        83.2262     
               27.5232E-03        78.6217     
               27.6923E-03        76.6529     
               27.8613E-03        77.6002     
               28.0302E-03        79.6995     
               28.199E-03         80.934      
               28.3677E-03        80.9858     
               28.5364E-03        81.4862     
               28.7049E-03        84.3558     
               28.8733E-03        89.8499     
               29.0416E-03        96.1761     
               29.2099E-03       101.02       
               29.378E-03        103.502      
               29.546E-03        104.712      
               29.714E-03        106.387      
               29.8818E-03       109.059      
               30.0495E-03       111.466      
               30.2172E-03       111.768      
               30.3847E-03       109.325      
               30.5522E-03       105.331      
               30.7195E-03       101.707      
               30.8867E-03        99.3557     
               31.0539E-03        97.5003     
               31.2209E-03        94.6952     
               31.3879E-03        90.5004     
               31.5547E-03        86.1446     
               31.7214E-03        83.5087     
               31.8881E-03        83.4076     
               32.0546E-03        84.8427     
               32.221E-03         85.9671     
               32.3874E-03        85.8506     
               32.5536E-03        85.3404     
               32.7197E-03        86.1693     
               32.8857E-03        89.1412     
               33.0517E-03        93.135      
               33.2175E-03        95.9174     
               33.3832E-03        96.0485     
               33.5488E-03        94.1089     
               33.7143E-03        92.0845     
               33.8798E-03        91.4588     
               34.0451E-03        91.7835     
               34.2103E-03        91.0752     
               34.3755E-03        87.6942     
               34.5405E-03        81.9763     
               34.7054E-03        76.0949     
               34.8703E-03        72.2509     
               35.035E-03         70.8283     
               35.1997E-03        70.1957     
               35.3643E-03        68.3304     
               35.5287E-03        64.7778     
               35.6931E-03        61.1531     
               35.8574E-03        59.7238     
               36.0215E-03        61.3604     
               36.1856E-03        64.7131     
               36.3496E-03        67.3553     
               36.5135E-03        67.8574     
               36.6773E-03        66.924      
               36.841E-03         66.5954     
               37.0046E-03        68.2644     
               37.1681E-03        71.3145     
               37.3315E-03        73.5978     
               37.4948E-03        73.301      
               37.658E-03         70.508      
               37.8212E-03        67.0706     
               37.9842E-03        64.9375     
               38.1472E-03        64.4707     
               38.31E-03          64.2498     
               38.4728E-03        62.5018     
               38.6355E-03        58.8239     
               38.7981E-03        54.6358     
               38.9606E-03        51.9696     
               39.123E-03         51.7134     
               39.2853E-03        52.8964     
               39.4475E-03        53.6424     
               39.6097E-03        52.9025     
               39.7717E-03        51.3905     
               39.9337E-03        50.8824     
               40.0955E-03        52.5306     
               40.2573E-03        55.7272     
               40.419E-03         58.5479     
               40.5806E-03        59.3819     
               40.7421E-03        58.287      
               40.9035E-03        56.8629     
               41.0649E-03        56.7635     
               41.2261E-03        58.1803     
               41.3873E-03        59.6516     
               41.5484E-03        59.3603     
               41.7094E-03        56.7652     
               41.8703E-03        53.117      
               42.0311E-03        50.4087     
               42.1919E-03        49.6925     
               42.3525E-03        50.2459     
               42.5131E-03        50.3032     
               42.6736E-03        48.6853     
               42.834E-03         45.8753     
               42.9944E-03        43.5967     
               43.1546E-03        43.2857     
               43.3148E-03        44.8174     
               43.4749E-03        46.6137     
               43.6349E-03        47.0255     
               43.7948E-03        45.758      
               43.9546E-03        44.0778     
               44.1144E-03        43.6262     
               44.2741E-03        44.8984     
               44.4337E-03        46.7461     
               44.5932E-03        47.3557     
               44.7526E-03        45.8489     
               44.912E-03         43.0928     
               45.0713E-03        40.9923     
               45.2305E-03        40.8641     
               45.3897E-03        42.3065     
               45.5487E-03        43.5626     
               45.7077E-03        43.0794     
               45.8666E-03        40.9174     
               46.0255E-03        38.7802     
               46.1843E-03        38.6115     
               46.343E-03         40.9469     
               46.5016E-03        44.4322     
               46.6601E-03        46.9342     
               46.8186E-03        47.3111     
               46.977E-03         46.3402     
               47.1353E-03        46.0134     
               47.2936E-03        47.7935     
               47.4518E-03        51.3092     
               47.6099E-03        54.599      
               47.768E-03         55.7027     
               47.926E-03         54.2654     
               48.0839E-03        51.8056     
               48.2418E-03        50.4297     
               48.3996E-03        51.0757     
               48.5573E-03        52.7625     
               48.7126E-03        53.4616     
               48.8654E-03        51.9886     
               49.0158E-03        48.8919     
               49.1638E-03        45.9138     
               49.3093E-03        44.6489     
               49.4523E-03        45.4853     
               49.5929E-03        47.5084     
               49.731E-03         49.267      
               49.8667E-03        49.755      
               50.E-03            48.9608     




