
                  X               _temp_2     

                0.                 0.         
              174.816E-06        174.816E-03  
              349.633E-06        349.632E-03  
              524.448E-06        524.448E-03  
              699.26E-06         699.26E-03   
              874.07E-06         874.07E-03   
                1.04888E-03        1.04888    
                1.22368E-03        1.22368    
                1.39848E-03        1.39848    
                1.57327E-03        1.57327    
                1.74806E-03        1.74806    
                1.92284E-03        1.92284    
                2.09761E-03        2.09761    
                2.27237E-03        2.27237    
                2.44712E-03        2.44712    
                2.62186E-03        2.62186    
                2.79658E-03        2.79658    
                2.9713E-03         2.9713     
                3.146E-03          3.146      
                3.32069E-03        3.32069    
                3.49537E-03        3.49537    
                3.67003E-03        3.67003    
                3.84468E-03        3.84468    
                4.01932E-03        4.01932    
                4.19395E-03        4.19395    
                4.36856E-03        4.36856    
                4.54316E-03        4.54316    
                4.71774E-03        4.71774    
                4.8923E-03         4.8923     
                5.06685E-03        5.         
                5.24139E-03        5.         
                5.41591E-03        5.         
                5.59041E-03        5.         
                5.76489E-03        5.         
                5.93936E-03        5.         
                6.11381E-03        5.         
                6.28824E-03        5.         
                6.46265E-03        5.         
                6.63705E-03        5.         
                6.81143E-03        5.         
                6.98579E-03        5.         
                7.16014E-03        5.         
                7.33447E-03        5.         
                7.50878E-03        5.         
                7.68309E-03        5.         
                7.85738E-03        5.         
                8.03165E-03        5.         
                8.20591E-03        5.         
                8.38016E-03        5.         
                8.55439E-03        5.         
                8.72862E-03        5.         
                8.90283E-03        5.         
                9.07702E-03        5.         
                9.2512E-03         5.         
                9.42536E-03        5.         
                9.59951E-03        5.         
                9.77364E-03        5.         
                9.94775E-03        5.         
               10.1219E-03         5.         
               10.2959E-03         5.         
               10.47E-03           5.         
               10.644E-03          5.         
               10.8181E-03         5.         
               10.9921E-03         5.         
               11.1661E-03         5.         
               11.3401E-03         5.         
               11.514E-03          5.         
               11.688E-03          5.         
               11.8619E-03         5.         
               12.0359E-03         5.         
               12.2098E-03         5.         
               12.3837E-03         5.         
               12.5575E-03         5.         
               12.7314E-03         5.         
               12.9053E-03         5.         
               13.0791E-03         5.         
               13.2529E-03         5.         
               13.4267E-03         5.         
               13.6005E-03         5.         
               13.7743E-03         5.         
               13.948E-03          5.         
               14.1217E-03         5.         
               14.2954E-03         5.         
               14.469E-03          5.         
               14.6426E-03         5.         
               14.8161E-03         5.         
               14.9897E-03         5.         
               15.1631E-03         5.         
               15.3366E-03         5.         
               15.51E-03           5.         
               15.6834E-03         5.         
               15.8567E-03         5.         
               16.03E-03           5.         
               16.2033E-03         5.         
               16.3765E-03         5.         
               16.5497E-03         5.         
               16.7228E-03         5.         
               16.8959E-03         5.         
               17.069E-03          5.         
               17.2421E-03         5.         
               17.4151E-03         5.         
               17.588E-03          5.         
               17.7609E-03         5.         
               17.9338E-03         5.         
               18.1066E-03         5.         
               18.2794E-03         5.         
               18.4522E-03         5.         
               18.6249E-03         5.         
               18.7975E-03         5.         
               18.9702E-03         5.         
               19.1427E-03         5.         
               19.3153E-03         5.         
               19.4878E-03         5.         
               19.6602E-03         5.         
               19.8326E-03         5.         
               20.005E-03          5.         
               20.1773E-03         5.         
               20.3495E-03         5.         
               20.5218E-03         5.         
               20.6939E-03         5.         
               20.866E-03          5.         
               21.038E-03          5.         
               21.21E-03           5.         
               21.3819E-03         5.         
               21.5537E-03         5.         
               21.7255E-03         5.         
               21.8972E-03         5.         
               22.0689E-03         5.         
               22.2405E-03         5.         
               22.412E-03          5.         
               22.5834E-03         5.         
               22.7548E-03         5.         
               22.9262E-03         5.         
               23.0974E-03         5.         
               23.2686E-03         5.         
               23.4397E-03         5.         
               23.6108E-03         5.         
               23.7818E-03         5.         
               23.9527E-03         5.         
               24.1235E-03         5.         
               24.2943E-03         5.         
               24.465E-03          5.         
               24.6356E-03         5.         
               24.8061E-03         5.         
               24.9765E-03         5.         
               25.1469E-03         5.         
               25.3172E-03         5.         
               25.4874E-03         5.         
               25.6575E-03         5.         
               25.8275E-03         5.         
               25.9975E-03         5.         
               26.1674E-03         5.         
               26.3371E-03         5.         
               26.5068E-03         5.         
               26.6765E-03         5.         
               26.846E-03          5.         
               27.0154E-03         5.         
               27.1848E-03         5.         
               27.3541E-03         5.         
               27.5232E-03         5.         
               27.6923E-03         5.         
               27.8613E-03         5.         
               28.0302E-03         5.         
               28.199E-03          5.         
               28.3677E-03         5.         
               28.5364E-03         5.         
               28.7049E-03         5.         
               28.8733E-03         5.         
               29.0416E-03         5.         
               29.2099E-03         5.         
               29.378E-03          5.         
               29.546E-03          5.         
               29.714E-03          5.         
               29.8818E-03         5.         
               30.0495E-03         5.         
               30.2172E-03         5.         
               30.3847E-03         5.         
               30.5522E-03         5.         
               30.7195E-03         5.         
               30.8867E-03         5.         
               31.0539E-03         5.         
               31.2209E-03         5.         
               31.3879E-03         5.         
               31.5547E-03         5.         
               31.7214E-03         5.         
               31.8881E-03         5.         
               32.0546E-03         5.         
               32.221E-03          5.         
               32.3874E-03         5.         
               32.5536E-03         5.         
               32.7197E-03         5.         
               32.8857E-03         5.         
               33.0517E-03         5.         
               33.2175E-03         5.         
               33.3832E-03         5.         
               33.5488E-03         5.         
               33.7143E-03         5.         
               33.8798E-03         5.         
               34.0451E-03         5.         
               34.2103E-03         5.         
               34.3755E-03         5.         
               34.5405E-03         5.         
               34.7054E-03         5.         
               34.8703E-03         5.         
               35.035E-03          5.         
               35.1997E-03         5.         
               35.3643E-03         5.         
               35.5287E-03         5.         
               35.6931E-03         5.         
               35.8574E-03         5.         
               36.0215E-03         5.         
               36.1856E-03         5.         
               36.3496E-03         5.         
               36.5135E-03         5.         
               36.6773E-03         5.         
               36.841E-03          5.         
               37.0046E-03         5.         
               37.1681E-03         5.         
               37.3315E-03         5.         
               37.4948E-03         5.         
               37.658E-03          5.         
               37.8212E-03         5.         
               37.9842E-03         5.         
               38.1472E-03         5.         
               38.31E-03           5.         
               38.4728E-03         5.         
               38.6355E-03         5.         
               38.7981E-03         5.         
               38.9606E-03         5.         
               39.123E-03          5.         
               39.2853E-03         5.         
               39.4475E-03         5.         
               39.6097E-03         5.         
               39.7717E-03         5.         
               39.9337E-03         5.         
               40.0955E-03         5.         
               40.2573E-03         5.         
               40.419E-03          5.         
               40.5806E-03         5.         
               40.7421E-03         5.         
               40.9035E-03         5.         
               41.0649E-03         5.         
               41.2261E-03         5.         
               41.3873E-03         5.         
               41.5484E-03         5.         
               41.7094E-03         5.         
               41.8703E-03         5.         
               42.0311E-03         5.         
               42.1919E-03         5.         
               42.3525E-03         5.         
               42.5131E-03         5.         
               42.6736E-03         5.         
               42.834E-03          5.         
               42.9944E-03         5.         
               43.1546E-03         5.         
               43.3148E-03         5.         
               43.4749E-03         5.         
               43.6349E-03         5.         
               43.7948E-03         5.         
               43.9546E-03         5.         
               44.1144E-03         5.         
               44.2741E-03         5.         
               44.4337E-03         5.         
               44.5932E-03         5.         
               44.7526E-03         5.         
               44.912E-03          5.         
               45.0713E-03         5.         
               45.2305E-03         5.         
               45.3897E-03         5.         
               45.5487E-03         5.         
               45.7077E-03         5.         
               45.8666E-03         5.         
               46.0255E-03         5.         
               46.1843E-03         5.         
               46.343E-03          5.         
               46.5016E-03         5.         
               46.6601E-03         5.         
               46.8186E-03         5.         
               46.977E-03          5.         
               47.1353E-03         5.         
               47.2936E-03         5.         
               47.4518E-03         5.         
               47.6099E-03         5.         
               47.768E-03          5.         
               47.926E-03          5.         
               48.0839E-03         5.         
               48.2418E-03         5.         
               48.3996E-03         5.         
               48.5573E-03         5.         
               48.7126E-03         5.         
               48.8654E-03         5.         
               49.0158E-03         5.         
               49.1638E-03         5.         
               49.3093E-03         5.         
               49.4523E-03         5.         
               49.5929E-03         5.         
               49.731E-03          5.         
               49.8667E-03         5.         
               50.E-03             5.         




