
                  X               _temp_2     

                0.                 0.         
              174.816E-06          0.         
              349.633E-06          1.60193    
              524.448E-06          6.29748    
              699.26E-06          15.3654     
              874.07E-06          29.784      
                1.04888E-03       50.1635     
                1.22368E-03       76.7037     
                1.39848E-03      109.18       
                1.57327E-03      146.957      
                1.74806E-03      189.04       
                1.92284E-03      234.135      
                2.09761E-03      280.741      
                2.27237E-03      327.249      
                2.44712E-03      372.055      
                2.62186E-03      413.676      
                2.79658E-03      450.849      
                2.9713E-03       482.62       
                3.146E-03        508.394      
                3.32069E-03      527.983      
                3.49537E-03      541.621      
                3.67003E-03      549.957      
                3.84468E-03      554.001      
                4.01932E-03      555.05       
                4.19395E-03      554.591      
                4.36856E-03      554.203      
                4.54316E-03      555.459      
                4.71774E-03      559.82       
                4.8923E-03       568.528      
                5.06685E-03      582.518      
                5.24139E-03      601.745      
                5.41591E-03      624.824      
                5.59041E-03      650.107      
                5.76489E-03      675.795      
                5.93936E-03      700.075      
                6.11381E-03      721.231      
                6.28824E-03      737.757      
                6.46265E-03      748.457      
                6.63705E-03      752.524      
                6.81143E-03      749.607      
                6.98579E-03      739.831      
                7.16014E-03      723.782      
                7.33447E-03      702.457      
                7.50878E-03      677.197      
                7.68309E-03      649.607      
                7.85738E-03      621.45       
                8.03165E-03      594.534      
                8.20591E-03      570.572      
                8.38016E-03      551.061      
                8.55439E-03      537.19       
                8.72862E-03      529.772      
                8.90283E-03      529.202      
                9.07702E-03      535.425      
                9.2512E-03       547.925      
                9.42536E-03      565.74       
                9.59951E-03      587.536      
                9.77364E-03      611.71       
                9.94775E-03      636.512      
               10.1219E-03       660.161      
               10.2959E-03       680.942      
               10.47E-03         697.301      
               10.644E-03        707.951      
               10.8181E-03       711.985      
               10.9921E-03       708.952      
               11.1661E-03       698.89       
               11.3401E-03       682.302      
               11.514E-03        660.107      
               11.688E-03        633.588      
               11.8619E-03       604.332      
               12.0359E-03       574.147      
               12.2098E-03       544.929      
               12.3837E-03       518.512      
               12.5575E-03       496.526      
               12.7314E-03       480.295      
               12.9053E-03       470.775      
               13.0791E-03       468.498      
               13.2529E-03       473.518      
               13.4267E-03       485.375      
               13.6005E-03       503.099      
               13.7743E-03       525.285      
               13.948E-03        550.213      
               14.1217E-03       575.985      
               14.2954E-03       600.64       
               14.469E-03        622.251      
               14.6426E-03       639.045      
               14.8161E-03       649.55       
               14.9897E-03       652.733      
               15.1631E-03       648.092      
               15.3366E-03       635.673      
               15.51E-03         616.034      
               15.6834E-03       590.206      
               15.8567E-03       559.659      
               16.03E-03         526.245      
               16.2033E-03       492.077      
               16.3765E-03       459.349      
               16.5497E-03       430.132      
               16.7228E-03       406.221      
               16.8959E-03       389.046      
               17.069E-03        379.616      
               17.2421E-03       378.459      
               17.4151E-03       385.538      
               17.588E-03        400.191      
               17.7609E-03       421.154      
               17.9338E-03       446.686      
               18.1066E-03       474.751      
               18.2794E-03       503.18       
               18.4522E-03       529.802      
               18.6249E-03       552.547      
               18.7975E-03       569.57       
               18.9702E-03       579.42       
               19.1427E-03       581.183      
               19.3153E-03       574.574      
               19.4878E-03       559.925      
               19.6602E-03       538.137      
               19.8326E-03       510.618      
               20.005E-03        479.216      
               20.1773E-03       446.11       
               20.3495E-03       413.625      
               20.5218E-03       384.01       
               20.6939E-03       359.254      
               20.866E-03        340.979      
               21.038E-03        330.387      
               21.21E-03         328.207      
               21.3819E-03       334.592      
               21.5537E-03       349.01       
               21.7255E-03       370.232      
               21.8972E-03       396.464      
               22.0689E-03       425.592      
               22.2405E-03       455.414      
               22.412E-03        483.772      
               22.5834E-03       508.588      
               22.7548E-03       527.91       
               22.9262E-03       540.061      
               23.0974E-03       543.87       
               23.2686E-03       538.863      
               23.4397E-03       525.309      
               23.6108E-03       504.094      
               23.7818E-03       476.545      
               23.9527E-03       444.308      
               24.1235E-03       409.305      
               24.2943E-03       373.693      
               24.465E-03        339.737      
               24.6356E-03       309.586      
               24.8061E-03       285.037      
               24.9765E-03       267.404      
               25.1469E-03       257.499      
               25.3172E-03       255.674      
               25.4874E-03       261.816      
               25.6575E-03       275.303      
               25.8275E-03       294.988      
               25.9975E-03       319.279      
               26.1674E-03       346.338      
               26.3371E-03       374.302      
               26.5068E-03       401.425      
               26.6765E-03       426.135      
               26.846E-03        447.047      
               27.0154E-03       463.029      
               27.1848E-03       473.323      
               27.3541E-03       477.655      
               27.5232E-03       476.248      
               27.6923E-03       469.742      
               27.8613E-03       459.069      
               28.0302E-03       445.379      
               28.199E-03        429.998      
               28.3677E-03       414.369      
               28.5364E-03       399.917      
               28.7049E-03       387.885      
               28.8733E-03       379.216      
               29.0416E-03       374.565      
               29.2099E-03       374.384      
               29.378E-03        378.97       
               29.546E-03        388.394      
               29.714E-03        402.358      
               29.8818E-03       420.12       
               30.0495E-03       440.605      
               30.2172E-03       462.67       
               30.3847E-03       485.341      
               30.5522E-03       507.874      
               30.7195E-03       529.596      
               30.8867E-03       549.728      
               31.0539E-03       567.351      
               31.2209E-03       581.602      
               31.3879E-03       591.94       
               31.5547E-03       598.281      
               31.7214E-03       600.885      
               31.8881E-03       600.094      
               32.0546E-03       596.146      
               32.221E-03        589.191      
               32.3874E-03       579.492      
               32.5536E-03       567.588      
               32.7197E-03       554.289      
               32.8857E-03       540.49       
               33.0517E-03       526.967      
               33.2175E-03       514.317      
               33.3832E-03       503.049      
               33.5488E-03       493.73       
               33.7143E-03       487.01       
               33.8798E-03       483.503      
               34.0451E-03       483.629      
               34.2103E-03       487.523      
               34.3755E-03       495.092      
               34.5405E-03       506.112      
               34.7054E-03       520.271      
               34.8703E-03       537.107      
               35.035E-03        555.907      
               35.1997E-03       575.69       
               35.3643E-03       595.296      
               35.5287E-03       613.542      
               35.6931E-03       629.325      
               35.8574E-03       641.634      
               36.0215E-03       649.529      
               36.1856E-03       652.176      
               36.3496E-03       648.974      
               36.5135E-03       639.708      
               36.6773E-03       624.619      
               36.841E-03        604.339      
               37.0046E-03       579.776      
               37.1681E-03       552.051      
               37.3315E-03       522.536      
               37.4948E-03       492.923      
               37.658E-03        465.18       
               37.8212E-03       441.342      
               37.9842E-03       423.213      
               38.1472E-03       412.146      
               38.31E-03         409.017      
               38.4728E-03       414.352      
               38.6355E-03       428.427      
               38.7981E-03       451.205      
               38.9606E-03       482.133      
               39.123E-03        519.941      
               39.2853E-03       562.658      
               39.4475E-03       607.871      
               39.6097E-03       653.102      
               39.7717E-03       696.076      
               39.9337E-03       734.783      
               40.0955E-03       767.385      
               40.2573E-03       792.182      
               40.419E-03        807.74       
               40.5806E-03       813.166      
               40.7421E-03       808.341      
               40.9035E-03       793.96       
               41.0649E-03       771.368      
               41.2261E-03       742.328      
               41.3873E-03       708.876      
               41.5484E-03       673.296      
               41.7094E-03       638.106      
               41.8703E-03       605.92       
               42.0311E-03       579.172      
               42.1919E-03       559.802      
               42.3525E-03       549.09       
               42.5131E-03       547.681      
               42.6736E-03       555.719      
               42.834E-03        572.913      
               42.9944E-03       598.444      
               43.1546E-03       630.799      
               43.3148E-03       667.714      
               43.4749E-03       706.379      
               43.6349E-03       743.852      
               43.7948E-03       777.48       
               43.9546E-03       805.111      
               44.1144E-03       825.05       
               44.2741E-03       835.914      
               44.4337E-03       836.592      
               44.5932E-03       826.427      
               44.7526E-03       805.523      
               44.912E-03        774.932      
               45.0713E-03       736.59       
               45.2305E-03       692.997      
               45.3897E-03       646.839      
               45.5487E-03       600.749      
               45.7077E-03       557.264      
               45.8666E-03       518.855      
               46.0255E-03       487.882      
               46.1843E-03       466.388      
               46.343E-03        455.82       
               46.5016E-03       456.84       
               46.6601E-03       469.307      
               46.8186E-03       492.421      
               46.977E-03        524.882      
               47.1353E-03       564.977      
               47.2936E-03       610.584      
               47.4518E-03       659.211      
               47.6099E-03       708.156      
               47.768E-03        754.783      
               47.926E-03        796.809      
               48.0839E-03       832.456      
               48.2418E-03       860.457      
               48.3996E-03       879.98       
               48.5573E-03       890.608      
               48.7126E-03       892.458      
               48.8654E-03       886.564      
               49.0158E-03       874.445      
               49.1638E-03       857.907      
               49.3093E-03       838.794      
               49.4523E-03       818.797      
               49.5929E-03       799.359      
               49.731E-03        781.684      
               49.8667E-03       766.758      
               50.E-03           755.358      




