
                  X               _temp_1     

                0.                 0.         
              174.816E-06          1.06298E-03
              349.633E-06          4.04493E-03
              524.448E-06          8.51977E-03
              699.26E-06          14.2207E-03 
              874.07E-06          21.2025E-03 
                1.04888E-03       29.6186E-03 
                1.22368E-03       39.3588E-03 
                1.39848E-03       49.9489E-03 
                1.57327E-03       60.8425E-03 
                1.74806E-03       71.8193E-03 
                1.92284E-03       83.0828E-03 
                2.09761E-03       94.9535E-03 
                2.27237E-03      107.478E-03  
                2.44712E-03      120.365E-03  
                2.62186E-03      133.32E-03   
                2.79658E-03      146.438E-03  
                2.9713E-03       160.234E-03  
                3.146E-03        175.269E-03  
                3.32069E-03      191.735E-03  
                3.49537E-03      209.415E-03  
                3.67003E-03      228.043E-03  
                3.84468E-03      247.693E-03  
                4.01932E-03      268.777E-03  
                4.19395E-03      291.663E-03  
                4.36856E-03      316.292E-03  
                4.54316E-03      342.197E-03  
                4.71774E-03      368.898E-03  
                4.8923E-03       396.277E-03  
                5.06685E-03      424.145E-03  
                5.24139E-03      451.696E-03  
                5.41591E-03      478.373E-03  
                5.59041E-03      504.046E-03  
                5.76489E-03      528.471E-03  
                5.93936E-03      551.602E-03  
                6.11381E-03      573.767E-03  
                6.28824E-03      595.539E-03  
                6.46265E-03      617.382E-03  
                6.63705E-03      639.44E-03   
                6.81143E-03      661.643E-03  
                6.98579E-03      684.021E-03  
                7.16014E-03      706.879E-03  
                7.33447E-03      730.652E-03  
                7.50878E-03      755.569E-03  
                7.68309E-03      781.462E-03  
                7.85738E-03      807.911E-03  
                8.03165E-03      834.574E-03  
                8.20591E-03      861.386E-03  
                8.38016E-03      888.428E-03  
                8.55439E-03      915.641E-03  
                8.72862E-03      942.676E-03  
                8.90283E-03      969.068E-03  
                9.07702E-03      994.543E-03  
                9.2512E-03         1.01917    
                9.42536E-03        1.04321    
                9.59951E-03        1.06681    
                9.77364E-03        1.08992    
                9.94775E-03        1.11242    
               10.1219E-03         1.1344     
               10.2959E-03         1.15622    
               10.47E-03           1.17833    
               10.644E-03          1.20097    
               10.8181E-03         1.22407    
               10.9921E-03         1.24749    
               11.1661E-03         1.27123    
               11.3401E-03         1.29549    
               11.514E-03          1.32047    
               11.688E-03          1.3461     
               11.8619E-03         1.372      
               12.0359E-03         1.3978     
               12.2098E-03         1.42331    
               12.3837E-03         1.44861    
               12.5575E-03         1.47381    
               12.7314E-03         1.49878    
               12.9053E-03         1.5232     
               13.0791E-03         1.54683    
               13.2529E-03         1.5697     
               13.4267E-03         1.59212    
               13.6005E-03         1.61441    
               13.7743E-03         1.63663    
               13.948E-03          1.65864    
               14.1217E-03         1.68035    
               14.2954E-03         1.70192    
               14.469E-03          1.72372    
               14.6426E-03         1.74601    
               14.8161E-03         1.76874    
               14.9897E-03         1.79164    
               15.1631E-03         1.81445    
               15.3366E-03         1.83718    
               15.51E-03           1.86003    
               15.6834E-03         1.88308    
               15.8567E-03         1.90613    
               16.03E-03           1.92882    
               16.2033E-03         1.95087    
               16.3765E-03         1.97236    
               16.5497E-03         1.99354    
               16.7228E-03         2.0146     
               16.8959E-03         2.03545    
               17.069E-03          2.05587    
               17.2421E-03         2.0758     
               17.4151E-03         2.09548    
               17.588E-03          2.11529    
               17.7609E-03         2.13547    
               17.9338E-03         2.15595    
               18.1066E-03         2.17645    
               18.2794E-03         2.19688    
               18.4522E-03         2.21738    
               18.6249E-03         2.23824    
               18.7975E-03         2.25954    
               18.9702E-03         2.28104    
               19.1427E-03         2.30232    
               19.3153E-03         2.32315    
               19.4878E-03         2.34363    
               19.6602E-03         2.36404    
               19.8326E-03         2.3845     
               20.005E-03          2.40483    
               20.1773E-03         2.42473    
               20.3495E-03         2.44409    
               20.5218E-03         2.46317    
               20.6939E-03         2.48236    
               20.866E-03          2.50192    
               21.038E-03          2.52182    
               21.21E-03           2.54183    
               21.3819E-03         2.56189    
               21.5537E-03         2.58219    
               21.7255E-03         2.60301    
               21.8972E-03         2.62446    
               22.0689E-03         2.6463     
               22.2405E-03         2.66817    
               22.412E-03          2.68983    
               22.5834E-03         2.71132    
               22.7548E-03         2.73273    
               22.9262E-03         2.754      
               23.0974E-03         2.77483    
               23.2686E-03         2.79484    
               23.4397E-03         2.81388    
               23.6108E-03         2.83213    
               23.7818E-03         2.84986    
               23.9527E-03         2.8672     
               24.1235E-03         2.88403    
               24.2943E-03         2.90017    
               24.465E-03          2.9157     
               24.6356E-03         2.93096    
               24.8061E-03         2.9464     
               24.9765E-03         2.96223    
               25.1469E-03         2.97833    
               25.3172E-03         2.99447    
               25.4874E-03         3.01056    
               25.6575E-03         3.02682    
               25.8275E-03         3.04351    
               25.9975E-03         3.06066    
               26.1674E-03         3.07796    
               26.3371E-03         3.09496    
               26.5068E-03         3.1114     
               26.6765E-03         3.12737    
               26.846E-03          3.14311    
               27.0154E-03         3.1587     
               27.1848E-03         3.17392    
               27.3541E-03         3.18843    
               27.5232E-03         3.20212    
               27.6923E-03         3.21525    
               27.8613E-03         3.22828    
               28.0302E-03         3.24157    
               28.199E-03          3.25513    
               28.3677E-03         3.26878    
               28.5364E-03         3.28248    
               28.7049E-03         3.29646    
               28.8733E-03         3.31113    
               29.0416E-03         3.32678    
               29.2099E-03         3.34337    
               29.378E-03          3.36056    
               29.546E-03          3.37806    
               29.714E-03          3.39578    
               29.8818E-03         3.41386    
               30.0495E-03         3.43236    
               30.2172E-03         3.45107    
               30.3847E-03         3.46959    
               30.5522E-03         3.48756    
               30.7195E-03         3.50488    
               30.8867E-03         3.5217     
               31.0539E-03         3.53815    
               31.2209E-03         3.5542     
               31.3879E-03         3.56966    
               31.5547E-03         3.58439    
               31.7214E-03         3.59854    
               31.8881E-03         3.61245    
               32.0546E-03         3.62646    
               32.221E-03          3.64067    
               32.3874E-03         3.65496    
               32.5536E-03         3.66919    
               32.7197E-03         3.68343    
               32.8857E-03         3.69799    
               33.0517E-03         3.71311    
               33.2175E-03         3.72878    
               33.3832E-03         3.74469    
               33.5488E-03         3.76043    
               33.7143E-03         3.77584    
               33.8798E-03         3.79102    
               34.0451E-03         3.80617    
               34.2103E-03         3.82128    
               34.3755E-03         3.83604    
               34.5405E-03         3.85004    
               34.7054E-03         3.86308    
               34.8703E-03         3.8753     
               35.035E-03          3.88709    
               35.1997E-03         3.8987     
               35.3643E-03         3.9101     
               35.5287E-03         3.92105    
               35.6931E-03         3.93139    
               35.8574E-03         3.94132    
               36.0215E-03         3.95126    
               36.1856E-03         3.96161    
               36.3496E-03         3.97243    
               36.5135E-03         3.98351    
               36.6773E-03         3.99455    
               36.841E-03          4.00548    
               37.0046E-03         4.01651    
               37.1681E-03         4.02792    
               37.3315E-03         4.03976    
               37.4948E-03         4.05176    
               37.658E-03          4.06349    
               37.8212E-03         4.07472    
               37.9842E-03         4.08548    
               38.1472E-03         4.09602    
               38.31E-03           4.1065     
               38.4728E-03         4.11682    
               38.6355E-03         4.12669    
               38.7981E-03         4.13591    
               38.9606E-03         4.14457    
               39.123E-03          4.15299    
               39.2853E-03         4.16148    
               39.4475E-03         4.17013    
               39.6097E-03         4.17876    
               39.7717E-03         4.18721    
               39.9337E-03         4.19549    
               40.0955E-03         4.20386    
               40.2573E-03         4.21262    
               40.419E-03          4.22186    
               40.5806E-03         4.23139    
               40.7421E-03         4.24089    
               40.9035E-03         4.25018    
               41.0649E-03         4.25935    
               41.2261E-03         4.26862    
               41.3873E-03         4.27811    
               41.5484E-03         4.2877     
               41.7094E-03         4.29705    
               41.8703E-03         4.30589    
               42.0311E-03         4.31421    
               42.1919E-03         4.32226    
               42.3525E-03         4.33029    
               42.5131E-03         4.33836    
               42.6736E-03         4.3463     
               42.834E-03          4.35389    
               42.9944E-03         4.36106    
               43.1546E-03         4.36802    
               43.3148E-03         4.37508    
               43.4749E-03         4.3824     
               43.6349E-03         4.38989    
               43.7948E-03         4.39731    
               43.9546E-03         4.40449    
               44.1144E-03         4.41149    
               44.2741E-03         4.41856    
               44.4337E-03         4.42587    
               44.5932E-03         4.43338    
               44.7526E-03         4.44081    
               44.912E-03          4.4479     
               45.0713E-03         4.45459    
               45.2305E-03         4.46111    
               45.3897E-03         4.46773    
               45.5487E-03         4.47456    
               45.7077E-03         4.48144    
               45.8666E-03         4.48812    
               46.0255E-03         4.49445    
               46.1843E-03         4.50059    
               46.343E-03          4.50691    
               46.5016E-03         4.51368    
               46.6601E-03         4.52092    
               46.8186E-03         4.52839    
               46.977E-03          4.53581    
               47.1353E-03         4.54312    
               47.2936E-03         4.55054    
               47.4518E-03         4.55838    
               47.6099E-03         4.56675    
               47.768E-03          4.57547    
               47.926E-03          4.58416    
               48.0839E-03         4.59253    
               48.2418E-03         4.6006     
               48.3996E-03         4.60861    
               48.5573E-03         4.6168     
               48.7126E-03         4.62505    
               48.8654E-03         4.63311    
               49.0158E-03         4.64069    
               49.1638E-03         4.64771    
               49.3093E-03         4.65429    
               49.4523E-03         4.66074    
               49.5929E-03         4.66728    
               49.731E-03          4.67396    
               49.8667E-03         4.68068    
               50.E-03             4.68726    




