
                    X                   _temp_7       

                  0.                     0.           
                  2.E-06                 0.           
                  4.E-06                 0.           
                  6.E-06                13.079127E-12 
                  8.E-06               375.40817E-12  
                 10.E-06                 4.1524563E-09
                 12.E-06                27.515137E-09 
                 14.E-06               131.00516E-09  
                 16.E-06               493.50351E-09  
                 18.000002E-06           1.5588162E-06
                 20.E-06                 4.2884169E-06
                 22.E-06                10.549202E-06 
                 24.E-06                23.649248E-06 
                 26.E-06                49.00658E-06  
                 28.E-06                94.897789E-06 
                 30.E-06               173.19016E-06  
                 32.E-06               299.91968E-06  
                 34.E-06               495.54904E-06  
                 36.000004E-06         784.7312E-06   
                 38.E-06                 1.1954257E-03
                 40.E-06                 1.7572693E-03
                 42.E-06                 2.4991865E-03
                 44.E-06                 3.4463408E-03
                 46.E-06                 4.6166401E-03
                 48.E-06                 6.0171413E-03
                 49.999996E-06           7.6407661E-03
                 52.E-06                 9.4638214E-03
                 54.E-06                11.444766E-03 
                 56.E-06                13.524631E-03 
                 58.000004E-06          15.629297E-03 
                 60.E-06                17.673714E-03 
                 62.E-06                19.567801E-03 
                 64.E-06                21.223646E-03 
                 66.E-06                22.563349E-03 
                 68.E-06                23.526651E-03 
                 70.E-06                24.07753E-03  
                 72.000008E-06          24.208914E-03 
                 74.E-06                23.94483E-03  
                 76.E-06                23.339544E-03 
                 77.999992E-06          22.47356E-03  
                 80.E-06                21.446766E-03 
                 82.E-06                20.369358E-03 
                 84.E-06                19.351349E-03 
                 86.E-06                18.491886E-03 
                 88.E-06                17.869514E-03 
                 90.E-06                17.534531E-03 
                 92.E-06                17.504387E-03 
                 94.000008E-06          17.762669E-03 
                 96.E-06                18.261837E-03 
                 98.E-06                18.929369E-03 
                 99.999992E-06          19.676834E-03 
                102.E-06                20.410549E-03 
                104.E-06                21.042578E-03 
                106.E-06                21.500988E-03 
                108.E-06                21.737698E-03 
                110.E-06                21.733498E-03 
                112.E-06                21.499037E-03 
                114.E-06                21.072245E-03 
                116.00001E-06           20.51231E-03  
                117.99999E-06           19.890926E-03 
                120.E-06                19.282215E-03 
                121.99999E-06           18.752544E-03 
                124.E-06                18.351427E-03 
                126.E-06                18.104851E-03 
                128.E-06                18.011929E-03 
                130.E-06                18.044716E-03 
                132.E-06                18.152111E-03 
                134.E-06                18.26631E-03  
                136.E-06                18.311365E-03 
                138.E-06                18.212717E-03 
                140.E-06                17.906372E-03 
                142.E-06                17.346468E-03 
                144.00002E-06           16.510334E-03 
                146.00002E-06           15.400548E-03 
                148.E-06                14.043916E-03 
                149.99998E-06           12.487407E-03 
                152.E-06                10.792008E-03 
                154.E-06                 9.0253563E-03
                155.99998E-06            7.2542415E-03
                158.E-06                 5.5379009E-03
                160.E-06                 3.9232304E-03
                162.E-06                 2.4423325E-03
                164.E-06                 1.112306E-03 
                166.E-06               -62.414032E-06 
                168.E-06                -1.0859131E-03
                170.E-06                -1.9661481E-03
                172.E-06                -2.709923E-03 
                174.E-06                -3.3189991E-03
                176.E-06                -3.7879395E-03
                178.E-06                -4.1039886E-03
                180.E-06                -4.2489834E-03
                182.E-06                -4.203577E-03 
                184.E-06                -3.952281E-03 
                186.E-06                -3.489172E-03 
                188.00002E-06           -2.8225417E-03
                190.00002E-06           -1.9787829E-03
                192.E-06                -1.0032409E-03
                193.99998E-06           41.396748E-06 
                196.E-06                 1.0794134E-03
                198.E-06                 2.0287445E-03
                199.99998E-06            2.8093905E-03
                201.99998E-06            3.3525293E-03
                204.E-06                 3.6087761E-03
                206.E-06                 3.5547447E-03
                208.E-06                 3.1973598E-03
                210.E-06                 2.574404E-03 
                212.E-06                 1.7517841E-03
                214.E-06               817.3656E-06   
                216.E-06              -127.98673E-06  
                218.E-06              -980.49261E-06  
                220.E-06                -1.6448147E-03
                222.E-06                -2.0435052E-03
                224.E-06                -2.1253269E-03
                226.00002E-06           -1.8698089E-03
                228.E-06                -1.2885536E-03
                230.E-06              -423.01831E-06  
                232.00002E-06          661.67987E-06  
                234.00002E-06            1.8849947E-03
                235.99998E-06            3.1609137E-03
                237.99998E-06            4.4081616E-03
                240.E-06                 5.559556E-03 
                242.E-06                 6.5696006E-03
                243.99998E-06            7.4185529E-03
                246.E-06                 8.113884E-03 
                248.E-06                 8.6876078E-03
                250.E-06                 9.1918402E-03
                252.E-06                 9.6906662E-03
                254.00002E-06           10.251634E-03 
                256.E-06                10.937003E-03 
                258.E-06                11.794945E-03 
                260.E-06                12.85395E-03  
                262.E-06                14.118144E-03 
                264.E-06                15.566515E-03 
                266.E-06                17.154108E-03 
                268.E-06                18.816904E-03 
                269.99997E-06           20.477024E-03 
                272.E-06                22.050831E-03 
                274.E-06                23.456196E-03 
                276.E-06                24.620344E-03 
                278.E-06                25.485332E-03 
                280.E-06                26.013256E-03 
                282.E-06                26.188807E-03 
                284.E-06                26.01939E-03  
                285.99997E-06           25.534172E-03 
                288.00003E-06           24.780527E-03 
                290.E-06                23.819927E-03 
                292.00003E-06           22.722776E-03 
                294.E-06                21.563061E-03 
                296.E-06                20.412577E-03 
                298.E-06                19.337051E-03 
                299.99997E-06           18.39176E-03  
                302.E-06                17.619162E-03 
                304.E-06                17.046957E-03 
                306.E-06                16.687536E-03 
                308.E-06                16.538898E-03 
                310.E-06                16.585367E-03 
                311.99997E-06           16.800459E-03 
                314.E-06                17.148521E-03 
                316.E-06                17.58806E-03  
                318.00003E-06           18.074862E-03 
                320.E-06                18.564089E-03 
                322.E-06                19.01347E-03  
                324.E-06                19.384979E-03 
                326.E-06                19.646175E-03 
                328.E-06                19.771791E-03 
                330.E-06                19.743244E-03 
                332.E-06                19.549715E-03 
                334.00003E-06           19.18598E-03  
                336.E-06                18.653748E-03 
                338.E-06                17.959082E-03 
                340.E-06                17.111954E-03 
                341.99997E-06           16.125599E-03 
                344.E-06                15.01642E-03  
                346.E-06                13.802885E-03 
                348.E-06                12.50601E-03  
                350.E-06                11.148392E-03 
                352.E-06                 9.7552977E-03
                354.E-06                 8.3532143E-03
                356.E-06                 6.9697185E-03
                357.99997E-06            5.6320233E-03
                360.E-06                 4.3657627E-03
                362.E-06                 3.19329E-03  
                364.E-06                 2.1318567E-03
                366.E-06                 1.1921536E-03
                368.E-06               376.6102E-06   
                370.E-06              -320.60461E-06  
                372.E-06              -912.97601E-06  
                373.99997E-06           -1.419699E-03 
                376.00003E-06           -1.863856E-03 
                378.E-06                -2.2686512E-03
                380.00003E-06           -2.6537654E-03
                382.E-06                -3.0318336E-03
                384.E-06                -3.4045563E-03
                386.E-06                -3.7624574E-03
                387.99997E-06           -4.0830622E-03
                390.00003E-06           -4.3328395E-03
                392.E-06                -4.4707274E-03
                394.E-06                -4.4531121E-03
                396.E-06                -4.2403879E-03
                398.E-06                -3.802305E-03 
                399.99997E-06           -3.1250143E-03
                402.E-06                -2.2148325E-03
                403.99997E-06           -1.1024959E-03
                406.00003E-06          158.17628E-06  
                408.E-06                 1.4927127E-03
                410.E-06                 2.811456E-03 
                412.E-06                 4.018188E-03 
                414.E-06                 5.0196066E-03
                416.E-06                 5.7352877E-03
                418.E-06                 6.1078887E-03
                420.E-06                 6.1101971E-03
                422.00003E-06            5.7503519E-03
                424.E-06                 5.0728183E-03
                426.E-06                 4.1549826E-03
                428.E-06                 3.1021748E-03
                429.99997E-06            2.0361249E-03
                432.E-06                 1.0842729E-03
                434.E-06               366.76974E-06  
                436.E-06               -15.793331E-06 
                438.E-06                 7.775178E-06 
                440.E-06               472.82806E-06  
                442.E-06                 1.3755991E-03
                444.E-06                 2.6751473E-03
                445.99997E-06            4.2979727E-03
                448.E-06                 6.1476145E-03
                450.E-06                 8.1153431E-03
                452.00003E-06           10.092424E-03 
                454.E-06                11.980578E-03 
                456.E-06                13.702537E-03 
                458.E-06                15.20752E-03  
                460.E-06                16.474144E-03 
                461.99997E-06           17.509459E-03 
                464.00003E-06           18.344318E-03 
                466.E-06                19.025862E-03 
                468.00003E-06           19.609001E-03 
                470.E-06                20.147432E-03 
                471.99997E-06           20.68416E-03  
                474.E-06                21.247131E-03 
                475.99997E-06           21.844606E-03 
                478.E-06                22.464191E-03 
                480.E-06                23.076971E-03 
                482.E-06                23.64286E-03  
                484.E-06                24.115444E-03 
                486.E-06                24.451963E-03 
                487.99997E-06           24.61743E-03  
                490.E-06                24.592159E-03 
                492.E-06                24.372755E-03 
                494.E-06                23.973791E-03 
                496.E-06                23.426126E-03 
                498.E-06                22.769367E-03 
                500.E-06                22.05065E-03  




