
                    X                   _temp_6       

                  0.                     0.           
                  2.E-06                39.999996E-09 
                  4.E-06                79.999985E-09 
                  6.E-06               120.00003E-09  
                  8.E-06               159.99997E-09  
                 10.E-06               199.99988E-09  
                 12.E-06               240.00006E-09  
                 14.E-06               280.00006E-09  
                 16.E-06               320.00009E-09  
                 18.000002E-06         360.00012E-09  
                 20.E-06               400.00009E-09  
                 22.E-06               440.00009E-09  
                 24.E-06               480.00018E-09  
                 26.E-06               520.00012E-09  
                 28.E-06               560.00012E-09  
                 30.E-06               599.99902E-09  
                 32.E-06               640.00018E-09  
                 34.E-06               680.00024E-09  
                 36.000004E-06         720.00018E-09  
                 38.E-06               759.9975E-09   
                 40.E-06               800.00018E-09  
                 42.E-06               840.00012E-09  
                 44.E-06               880.00024E-09  
                 46.E-06               920.00018E-09  
                 48.E-06               960.00037E-09  
                 49.999996E-06           1.0000002E-06
                 52.E-06                 1.0400002E-06
                 54.E-06                 1.0800002E-06
                 56.E-06                 1.1200002E-06
                 58.000004E-06           1.1600003E-06
                 60.E-06                 1.2000003E-06
                 62.E-06                 1.2400002E-06
                 64.E-06                 1.2800003E-06
                 66.E-06                 1.3200004E-06
                 68.E-06                 1.3600003E-06
                 70.E-06                 1.4000005E-06
                 72.000008E-06           1.4400004E-06
                 74.E-06                 1.4800004E-06
                 76.E-06                 1.5200002E-06
                 77.999992E-06           1.5600003E-06
                 80.E-06                 1.6000003E-06
                 82.E-06                 1.6400002E-06
                 84.E-06                 1.6800005E-06
                 86.E-06                 1.7200004E-06
                 88.E-06                 1.7600003E-06
                 90.E-06                 1.8000004E-06
                 92.E-06                 1.8400005E-06
                 94.000008E-06           1.8800005E-06
                 96.E-06                 1.9200007E-06
                 98.E-06                 1.9600003E-06
                 99.999992E-06           2.0000005E-06
                102.E-06                 2.0400002E-06
                104.E-06                 2.0800004E-06
                106.E-06                 2.1200004E-06
                108.E-06                 2.1600006E-06
                110.E-06                 2.2000005E-06
                112.E-06                 2.2400005E-06
                114.E-06                 2.2800007E-06
                116.00001E-06            2.3200004E-06
                117.99999E-06            2.3599834E-06
                120.E-06                 2.4000003E-06
                121.99999E-06            2.4400005E-06
                124.E-06                 2.4799824E-06
                126.E-06                 2.5199823E-06
                128.E-06                 2.5599818E-06
                130.E-06                 2.6000192E-06
                132.E-06                 2.6400199E-06
                134.E-06                 2.6800196E-06
                136.E-06                 2.7200201E-06
                138.E-06                 2.7600203E-06
                140.E-06                 2.8000209E-06
                142.E-06                 2.8400211E-06
                144.00002E-06            2.880022E-06 
                146.00002E-06            2.9200222E-06
                148.E-06                 2.960022E-06 
                149.99998E-06            2.9999785E-06
                152.E-06                 3.0399787E-06
                154.E-06                 3.0799785E-06
                155.99998E-06            3.119978E-06 
                158.E-06                 3.1599777E-06
                160.E-06                 3.1999776E-06
                162.E-06                 3.2399774E-06
                164.E-06                 3.2799768E-06
                166.E-06                 3.3199763E-06
                168.E-06                 3.3599763E-06
                170.E-06                 3.399976E-06 
                172.E-06                 3.4400258E-06
                174.E-06                 3.480026E-06 
                176.E-06                 3.5200262E-06
                178.E-06                 3.5600264E-06
                180.E-06                 3.6000268E-06
                182.E-06                 3.640027E-06 
                184.E-06                 3.6800272E-06
                186.E-06                 3.7200279E-06
                188.00002E-06            3.7600284E-06
                190.00002E-06            3.8000286E-06
                192.E-06                 3.840029E-06 
                193.99998E-06            3.8799725E-06
                196.E-06                 3.9199722E-06
                198.E-06                 3.9599724E-06
                199.99998E-06            3.9999719E-06
                201.99998E-06            4.0399714E-06
                204.E-06                 4.0799713E-06
                206.E-06                 4.1199708E-06
                208.E-06                 4.1599712E-06
                210.E-06                 4.1999707E-06
                212.E-06                 4.2399702E-06
                214.E-06                 4.2799697E-06
                216.E-06                 4.3200326E-06
                218.E-06                 4.3600326E-06
                220.E-06                 4.4000325E-06
                222.E-06                 4.440033E-06 
                224.E-06                 4.4800339E-06
                226.00002E-06            4.5200334E-06
                228.E-06                 4.5600348E-06
                230.E-06                 4.6000347E-06
                232.00002E-06            4.6400347E-06
                234.00002E-06            4.6800351E-06
                235.99998E-06            4.7199669E-06
                237.99998E-06            4.7599664E-06
                240.E-06                 4.7999663E-06
                242.E-06                 4.8399663E-06
                243.99998E-06            4.8799658E-06
                246.E-06                 4.9200368E-06
                248.E-06                 4.9600368E-06
                250.E-06                 5.0000377E-06
                252.E-06                 5.0400376E-06
                254.00002E-06            5.0800381E-06
                256.E-06                 5.1200376E-06
                258.E-06                 5.1598883E-06
                260.E-06                 5.2000384E-06
                262.E-06                 5.2398872E-06
                264.E-06                 5.2800398E-06
                266.E-06                 5.3198848E-06
                268.E-06                 5.3600407E-06
                269.99997E-06            5.3998837E-06
                272.E-06                 5.4400406E-06
                274.E-06                 5.4798822E-06
                276.E-06                 5.5200415E-06
                278.E-06                 5.5598798E-06
                280.E-06                 5.6000423E-06
                282.E-06                 5.6400418E-06
                284.E-06                 5.6800423E-06
                285.99997E-06            5.7200432E-06
                288.00003E-06            5.7600436E-06
                290.E-06                 5.8000436E-06
                292.00003E-06            5.8400435E-06
                294.E-06                 5.880044E-06 
                296.E-06                 5.9200439E-06
                298.E-06                 5.9600444E-06
                299.99997E-06            5.9998708E-06
                302.E-06                 6.0400448E-06
                304.E-06                 6.0798693E-06
                306.E-06                 6.1200457E-06
                308.E-06                 6.1598673E-06
                310.E-06                 6.2000461E-06
                311.99997E-06            6.2398658E-06
                314.E-06                 6.2800474E-06
                316.E-06                 6.3198643E-06
                318.00003E-06            6.3600478E-06
                320.E-06                 6.3998613E-06
                322.E-06                 6.4400487E-06
                324.E-06                 6.4800482E-06
                326.E-06                 6.5200486E-06
                328.E-06                 6.5600495E-06
                330.E-06                 6.6000504E-06
                332.E-06                 6.6400499E-06
                334.00003E-06            6.6800499E-06
                336.E-06                 6.7200503E-06
                338.E-06                 6.7600508E-06
                340.E-06                 6.8000503E-06
                341.99997E-06            6.8398523E-06
                344.E-06                 6.8800511E-06
                346.E-06                 6.9198513E-06
                348.E-06                 6.960052E-06 
                350.E-06                 6.9998493E-06
                352.E-06                 7.0400529E-06
                354.E-06                 7.0798478E-06
                356.E-06                 7.1200533E-06
                357.99997E-06            7.1598454E-06
                360.E-06                 7.2000542E-06
                362.E-06                 7.2398434E-06
                364.E-06                 7.2800555E-06
                366.E-06                 7.3200545E-06
                368.E-06                 7.3600554E-06
                370.E-06                 7.4000559E-06
                372.E-06                 7.4400558E-06
                373.99997E-06            7.4800568E-06
                376.00003E-06            7.5200558E-06
                378.E-06                 7.5600567E-06
                380.00003E-06            7.6000571E-06
                382.E-06                 7.6400571E-06
                384.E-06                 7.680058E-06 
                386.E-06                 7.7200575E-06
                387.99997E-06            7.7598333E-06
                390.00003E-06            7.8000584E-06
                392.E-06                 7.8398304E-06
                394.E-06                 7.8800592E-06
                396.E-06                 7.9198294E-06
                398.E-06                 7.9600606E-06
                399.99997E-06            7.9998279E-06
                402.E-06                 8.04006E-06  
                403.99997E-06            8.0798254E-06
                406.00003E-06            8.1200609E-06
                408.E-06                 8.1600609E-06
                410.E-06                 8.2000618E-06
                412.E-06                 8.2400618E-06
                414.E-06                 8.2800617E-06
                416.E-06                 8.3200636E-06
                418.E-06                 8.3600626E-06
                420.E-06                 8.4000626E-06
                422.00003E-06            8.4400635E-06
                424.E-06                 8.4800625E-06
                426.E-06                 8.5200644E-06
                428.E-06                 8.5600643E-06
                429.99997E-06            8.5998154E-06
                432.E-06                 8.6400652E-06
                434.E-06                 8.6798124E-06
                436.E-06                 8.7200661E-06
                438.E-06                 8.7598104E-06
                440.E-06                 8.800066E-06 
                442.E-06                 8.8398104E-06
                444.E-06                 8.8800669E-06
                445.99997E-06            8.9198065E-06
                448.E-06                 8.9600677E-06
                450.E-06                 9.0000668E-06
                452.00003E-06            9.0400677E-06
                454.E-06                 9.0800686E-06
                456.E-06                 9.1200695E-06
                458.E-06                 9.1600685E-06
                460.E-06                 9.2000694E-06
                461.99997E-06            9.2400694E-06
                464.00003E-06            9.2800684E-06
                466.E-06                 9.3200703E-06
                468.00003E-06            9.3600702E-06
                470.E-06                 9.4000702E-06
                471.99997E-06            9.4397964E-06
                474.E-06                 9.4800701E-06
                475.99997E-06            9.5197954E-06
                478.E-06                 9.5600719E-06
                480.E-06                 9.5997925E-06
                482.E-06                 9.6400728E-06
                484.E-06                 9.6797924E-06
                486.E-06                 9.7200727E-06
                487.99997E-06            9.7597895E-06
                490.E-06                 9.8000736E-06
                492.E-06                 9.8400736E-06
                494.E-06                 9.8800735E-06
                496.E-06                 9.9200745E-06
                498.E-06                 9.9600754E-06
                500.E-06                 9.999999E-06 




