
                    X                   _temp_2       

                  0.                     0.           
                  2.E-06                 0.           
                  4.E-06                 0.           
                  6.E-06                 7.6388278E-18
                  8.E-06               284.96478E-18  
                 10.E-06                 3.9034767E-15
                 12.E-06                30.971449E-15 
                 14.E-06               172.35098E-15  
                 16.E-06               745.31744E-15  
                 18.000002E-06           2.6656556E-12
                 20.E-06                 8.2149477E-12
                 22.E-06                22.445461E-12 
                 24.E-06                55.508404E-12 
                 26.E-06               126.19075E-12  
                 28.E-06               266.87875E-12  
                 30.E-06               530.01697E-12  
                 32.E-06               995.89709E-12  
                 34.E-06                 1.7813038E-09
                 36.000004E-06           3.0482047E-09
                 38.E-06                 5.0113354E-09
                 40.E-06                 7.9432802E-09
                 42.E-06                12.175526E-09 
                 44.E-06                18.094067E-09 
                 46.E-06                26.128416E-09 
                 48.E-06                36.733501E-09 
                 49.999996E-06          50.364586E-09 
                 52.E-06                67.446426E-09 
                 54.E-06                88.338577E-09 
                 56.E-06               113.29991E-09  
                 58.000004E-06         142.45587E-09  
                 60.E-06               175.77202E-09  
                 62.E-06               213.03793E-09  
                 64.E-06               253.86435E-09  
                 66.E-06               297.69516E-09  
                 68.E-06               343.83505E-09  
                 70.E-06               391.49194E-09  
                 72.000008E-06         439.83008E-09  
                 74.E-06               488.03049E-09  
                 76.E-06               535.35303E-09  
                 77.999992E-06         581.19287E-09  
                 80.E-06               625.12653E-09  
                 82.E-06               666.94208E-09  
                 84.E-06               706.64874E-09  
                 86.E-06               744.46667E-09  
                 88.E-06               780.79456E-09  
                 90.E-06               816.16077E-09  
                 92.E-06               851.16193E-09  
                 94.000008E-06         886.39514E-09  
                 96.E-06               922.39362E-09  
                 98.E-06               959.56903E-09  
                 99.999992E-06         998.17126E-09  
                102.E-06                 1.0382661E-06
                104.E-06                 1.0797367E-06
                106.E-06                 1.1223055E-06
                108.E-06                 1.1655738E-06
                110.E-06                 1.2090752E-06
                112.E-06                 1.2523348E-06
                114.E-06                 1.2949269E-06
                116.00001E-06            1.3365235E-06
                117.99999E-06            1.3769298E-06
                120.E-06                 1.4160969E-06
                121.99999E-06            1.4541181E-06
                124.E-06                 1.4912038E-06
                126.E-06                 1.5276401E-06
                128.E-06                 1.5637388E-06
                130.E-06                 1.5997825E-06
                132.E-06                 1.6359739E-06
                134.E-06                 1.6723962E-06
                136.E-06                 1.7089874E-06
                138.E-06                 1.7455338E-06
                140.E-06                 1.7816821E-06
                142.E-06                 1.8169688E-06
                144.00002E-06            1.8508605E-06
                146.00002E-06            1.8828042E-06
                148.E-06                 1.912277E-06 
                149.99998E-06            1.9388297E-06
                152.E-06                 1.9621223E-06
                154.E-06                 1.9819443E-06
                155.99998E-06            1.9982203E-06
                158.E-06                 2.0110023E-06
                160.E-06                 2.0204484E-06
                162.E-06                 2.0267959E-06
                164.E-06                 2.0303309E-06
                166.E-06                 2.0313616E-06
                168.E-06                 2.030195E-06 
                170.E-06                 2.0271256E-06
                172.E-06                 2.0224326E-06
                174.E-06                 2.0163865E-06
                176.E-06                 2.0092616E-06
                178.E-06                 2.0013494E-06
                180.E-06                 1.9929737E-06
                182.E-06                 1.9844964E-06
                184.E-06                 1.9763139E-06
                186.E-06                 1.9688462E-06
                188.00002E-06            1.9625102E-06
                190.00002E-06            1.9576892E-06
                192.E-06                 1.9546943E-06
                193.99998E-06            1.9537283E-06
                196.E-06                 1.9548552E-06
                198.E-06                 1.9579793E-06
                199.99998E-06            1.9628433E-06
                201.99998E-06            1.9690385E-06
                204.E-06                 1.9760381E-06
                206.E-06                 1.9832405E-06
                208.E-06                 1.9900289E-06
                210.E-06                 1.9958303E-06
                212.E-06                 2.0001764E-06
                214.E-06                 2.0027533E-06
                216.E-06                 2.0034375E-06
                218.E-06                 2.0023112E-06
                220.E-06                 1.9996572E-06
                222.E-06                 1.9959316E-06
                224.E-06                 1.9917214E-06
                226.00002E-06            1.987684E-06 
                228.E-06                 1.9844868E-06
                230.E-06                 1.9827434E-06
                232.00002E-06            1.9829596E-06
                234.00002E-06            1.9854945E-06
                235.99998E-06            1.9905393E-06
                237.99998E-06            1.9981167E-06
                240.E-06                 2.0080998E-06
                242.E-06                 2.0202482E-06
                243.99998E-06            2.0342567E-06
                246.E-06                 2.0498071E-06
                248.E-06                 2.0666203E-06
                250.E-06                 2.0845051E-06
                252.E-06                 2.103384E-06 
                254.00002E-06            2.1233144E-06
                256.E-06                 2.144484E-06 
                258.E-06                 2.167192E-06 
                260.E-06                 2.1918149E-06
                262.E-06                 2.2187622E-06
                264.E-06                 2.248426E-06 
                266.E-06                 2.2811329E-06
                268.E-06                 2.3170993E-06
                269.99997E-06            2.3563988E-06
                272.E-06                 2.3989429E-06
                274.E-06                 2.4444759E-06
                276.E-06                 2.4925866E-06
                278.E-06                 2.5427322E-06
                280.E-06                 2.5942748E-06
                282.E-06                 2.6465209E-06
                284.E-06                 2.6987708E-06
                285.99997E-06            2.7503612E-06
                288.00003E-06            2.8007057E-06
                290.E-06                 2.849328E-06 
                292.00003E-06            2.8958831E-06
                294.E-06                 2.9401722E-06
                296.E-06                 2.9821422E-06
                298.E-06                 3.0218787E-06
                299.99997E-06            3.0595882E-06
                302.E-06                 3.0955756E-06
                304.E-06                 3.1302156E-06
                306.E-06                 3.163923E-06 
                308.E-06                 3.197124E-06 
                310.E-06                 3.2302256E-06
                311.99997E-06            3.2635922E-06
                314.E-06                 3.2975271E-06
                316.E-06                 3.3322549E-06
                318.00003E-06            3.3679147E-06
                320.E-06                 3.4045558E-06
                322.E-06                 3.4421411E-06
                324.E-06                 3.4805512E-06
                326.E-06                 3.5195982E-06
                328.E-06                 3.5590348E-06
                330.E-06                 3.5985696E-06
                332.E-06                 3.6378839E-06
                334.00003E-06            3.6766407E-06
                336.E-06                 3.7145016E-06
                338.E-06                 3.7511339E-06
                340.E-06                 3.7862234E-06
                341.99997E-06            3.8194771E-06
                344.E-06                 3.8506339E-06
                346.E-06                 3.8794641E-06
                348.E-06                 3.9057827E-06
                350.E-06                 3.9294431E-06
                352.E-06                 3.95035E-06  
                354.E-06                 3.9684572E-06
                356.E-06                 3.9837766E-06
                357.99997E-06            3.9963713E-06
                360.E-06                 4.0063586E-06
                362.E-06                 4.013905E-06 
                364.E-06                 4.0192151E-06
                366.E-06                 4.0225244E-06
                368.E-06                 4.0240779E-06
                370.E-06                 4.0241184E-06
                372.E-06                 4.0228734E-06
                373.99997E-06            4.0205312E-06
                376.00003E-06            4.017242E-06 
                378.E-06                 4.0131059E-06
                380.00003E-06            4.008182E-06 
                382.E-06                 4.0024953E-06
                384.E-06                 3.9960585E-06
                386.E-06                 3.9888875E-06
                387.99997E-06            3.9810357E-06
                390.00003E-06            3.9726081E-06
                392.E-06                 3.963788E-06 
                394.E-06                 3.9548426E-06
                396.E-06                 3.9461226E-06
                398.E-06                 3.93805E-06  
                399.99997E-06            3.931093E-06 
                402.E-06                 3.9257259E-06
                403.99997E-06            3.9223862E-06
                406.00003E-06            3.9214272E-06
                408.E-06                 3.9230738E-06
                410.E-06                 3.9273863E-06
                412.E-06                 3.9342358E-06
                414.E-06                 3.943305E-06 
                416.E-06                 3.9540994E-06
                418.E-06                 3.9659884E-06
                420.E-06                 3.9782524E-06
                422.00003E-06            3.9901567E-06
                424.E-06                 4.0010147E-06
                426.E-06                 4.0102663E-06
                428.E-06                 4.0175333E-06
                429.99997E-06            4.022665E-06 
                432.E-06                 4.0257635E-06
                434.E-06                 4.0271778E-06
                436.E-06                 4.027482E-06 
                438.E-06                 4.0274196E-06
                440.E-06                 4.0278444E-06
                442.E-06                 4.0296402E-06
                444.E-06                 4.0336452E-06
                445.99997E-06            4.0405836E-06
                448.E-06                 4.0510068E-06
                450.E-06                 4.0652623E-06
                452.00003E-06            4.0834756E-06
                454.E-06                 4.1055651E-06
                456.E-06                 4.1312728E-06
                458.E-06                 4.160212E-06 
                460.E-06                 4.1919241E-06
                461.99997E-06            4.2259345E-06
                464.00003E-06            4.2618108E-06
                466.E-06                 4.2991962E-06
                468.00003E-06            4.3378396E-06
                470.E-06                 4.3775988E-06
                471.99997E-06            4.4184284E-06
                474.E-06                 4.4603558E-06
                475.99997E-06            4.5034432E-06
                478.E-06                 4.5477509E-06
                480.E-06                 4.5932946E-06
                482.E-06                 4.6400237E-06
                484.E-06                 4.6877961E-06
                486.E-06                 4.736383E-06 
                487.99997E-06            4.7854748E-06
                490.E-06                 4.8347087E-06
                492.E-06                 4.883697E-06 
                494.E-06                 4.9320645E-06
                496.E-06                 4.9794812E-06
                498.E-06                 5.0256877E-06
                500.E-06                 5.0705128E-06




