
                       X         _temp_1

           0.0000000E+000   0.0000000E+000
           1.5000100E-004  -5.1818555E-004
           3.0000199E-004  -1.3229806E-003
           4.5000299E-004  -2.3013568E-003
           6.0000399E-004  -3.1255721E-003
           7.5000501E-004  -3.6825181E-003
           9.0000598E-004  -4.2347200E-003
           1.0500069E-003  -5.0507155E-003
           1.2000080E-003  -6.0266983E-003
           1.3500090E-003  -6.8296846E-003
           1.5000100E-003  -7.3706820E-003
           1.6500111E-003  -7.9310741E-003
           1.8000120E-003  -8.7639550E-003
           1.9500130E-003  -9.7338874E-003
           2.1000139E-003  -1.0507909E-002
           2.2500150E-003  -1.1030009E-002
           2.4000159E-003  -1.1602634E-002
           2.5500171E-003  -1.2455295E-002
           2.7000180E-003  -1.3415640E-002
           2.8500189E-003  -1.4154551E-002
           3.0000200E-003  -1.4658367E-002
           3.1500210E-003  -1.5250075E-002
           3.3000221E-003  -1.6125550E-002
           3.4500230E-003  -1.7070800E-002
           3.6000239E-003  -1.7768675E-002
           3.7500251E-003  -1.8257087E-002
           3.9000260E-003  -1.8875740E-002
           4.0500271E-003  -1.9775173E-002
           4.2000278E-003  -2.0697679E-002
           4.3500289E-003  -2.1349469E-002
           4.5000301E-003  -2.1828124E-002
           4.6500312E-003  -2.2482153E-002
           4.8000319E-003  -2.3404004E-002
           4.9500330E-003  -2.4294063E-002
           5.1000342E-003  -2.4896504E-002
           5.2500349E-003  -2.5374208E-002
           5.4000360E-003  -2.6071787E-002
           5.5500371E-003  -2.7010998E-002
           5.7000378E-003  -2.7857330E-002
           5.8500390E-003  -2.8410103E-002
           6.0000401E-003  -2.8898878E-002
           6.1500408E-003  -2.9646704E-002
           6.3000419E-003  -3.0593993E-002
           6.4500431E-003  -3.1384714E-002
           6.6000442E-003  -3.1891733E-002
           6.7500449E-003  -3.2406405E-002
           6.9000460E-003  -3.3208076E-002
           7.0500472E-003  -3.4149565E-002
           7.2000478E-003  -3.4873784E-002
           7.3500490E-003  -3.5344388E-002
           7.5000501E-003  -3.5901450E-002
           7.6500508E-003  -3.6755595E-002
           7.8000519E-003  -3.7673101E-002
           7.9500526E-003  -3.8323112E-002
           8.1000542E-003  -3.8772836E-002
           8.2500549E-003  -3.9388467E-002
           8.4000556E-003  -4.0286906E-002
           8.5500572E-003  -4.1159198E-002
           8.7000579E-003  -4.1733094E-002
           8.8500585E-003  -4.2183585E-002
           9.0000601E-003  -4.2870767E-002
           9.1500608E-003  -4.3797199E-002
           9.3000624E-003  -4.4602469E-002
           9.4500631E-003  -4.5106780E-002
           9.6000638E-003  -4.5584410E-002
           9.7500654E-003  -4.6349399E-002
           9.9000661E-003  -4.7279187E-002
           1.0050067E-002  -4.7998801E-002
           1.0200068E-002  -4.8450500E-002
           1.0350069E-002  -4.8983257E-002
           1.0500070E-002  -4.9821954E-002
           1.0650071E-002  -5.0723720E-002
           1.0800072E-002  -5.1346909E-002
           1.0950073E-002  -5.1773909E-002
           1.1100074E-002  -5.2386586E-002
           1.1250075E-002  -5.3281706E-002
           1.1400076E-002  -5.4121230E-002
           1.1550077E-002  -5.4649979E-002
           1.1700078E-002  -5.5089172E-002
           1.1850079E-002  -5.5797219E-002
           1.2000080E-002  -5.6717519E-002
           1.2150081E-002  -5.7464018E-002
           1.2300082E-002  -5.7916775E-002
           1.2450083E-002  -5.8408994E-002
           1.2600084E-002  -5.9212212E-002
           1.2750085E-002  -6.0115021E-002
           1.2900086E-002  -6.0749128E-002
           1.3050087E-002  -6.1161675E-002
           1.3200088E-002  -6.1743531E-002
           1.3350089E-002  -6.2621437E-002
           1.3500090E-002  -6.3459329E-002
           1.3650091E-002  -6.3981071E-002
           1.3800092E-002  -6.4402908E-002
           1.3950093E-002  -6.5096669E-002
           1.4100094E-002  -6.6007838E-002
           1.4250095E-002  -6.6739216E-002
           1.4400096E-002  -6.7173399E-002
           1.4550097E-002  -6.7658745E-002
           1.4700098E-002  -6.8462625E-002
           1.4850099E-002  -6.9350019E-002
           1.5000100E-002  -6.9951922E-002
           1.5150101E-002  -7.0347898E-002
           1.5300102E-002  -7.0942000E-002
           1.5450103E-002  -7.1824491E-002
           1.5600104E-002  -7.2627656E-002
           1.5750105E-002  -7.3107027E-002
           1.5900105E-002  -7.3530473E-002
           1.6050108E-002  -7.4254081E-002
           1.6200108E-002  -7.5156070E-002
           1.6350109E-002  -7.5828657E-002
           1.6500110E-002  -7.6227427E-002
           1.6650110E-002  -7.6743804E-002
           1.6800111E-002  -7.7580936E-002
           1.6950114E-002  -7.8428127E-002
           1.7100114E-002  -7.8956142E-002
           1.7250115E-002  -7.9345472E-002
           1.7400116E-002  -7.9998352E-002
           1.7550116E-002  -8.0893390E-002
           1.7700117E-002  -8.1618242E-002
           1.7850120E-002  -8.2032047E-002
           1.8000120E-002  -8.2493849E-002
           1.8150121E-002  -8.3284810E-002
           1.8300122E-002  -8.4153958E-002
           1.8450122E-002  -8.4721662E-002
           1.8600125E-002  -8.5094072E-002
           1.8750126E-002  -8.5692838E-002
           1.8900126E-002  -8.6572252E-002
           1.9050127E-002  -8.7329701E-002
           1.9200128E-002  -8.7758273E-002
           1.9350128E-002  -8.8184662E-002
           1.9500131E-002  -8.8938586E-002
           1.9650131E-002  -8.9815348E-002
           1.9800132E-002  -9.0407677E-002
           1.9950133E-002  -9.0770826E-002
           2.0100133E-002  -9.1333911E-002
           2.0250134E-002  -9.2198461E-002
           2.0400137E-002  -9.2970833E-002
           2.0550137E-002  -9.3406126E-002
           2.0700138E-002  -9.3811467E-002
           2.0850139E-002  -9.4542690E-002
           2.1000139E-002  -9.5418960E-002
           2.1150140E-002  -9.6018501E-002
           2.1300143E-002  -9.6373677E-002
           2.1450143E-002  -9.6919276E-002
           2.1600144E-002  -9.7775161E-002
           2.1750145E-002  -9.8546885E-002
           2.1900145E-002  -9.8976895E-002
           2.2050148E-002  -9.9372506E-002
           2.2200149E-002  -1.0009757E-001
           2.2350149E-002  -1.0096841E-001
           2.2500150E-002  -1.0155696E-001
           2.2650151E-002  -1.0190283E-001
           2.2800151E-002  -1.0244898E-001
           2.2950154E-002  -1.0330413E-001
           2.3100154E-002  -1.0406009E-001
           2.3250155E-002  -1.0447196E-001
           2.3400156E-002  -1.0486896E-001
           2.3550157E-002  -1.0560470E-001
           2.3700157E-002  -1.0646467E-001
           2.3850160E-002  -1.0702384E-001
           2.4000160E-002  -1.0736031E-001
           2.4150161E-002  -1.0792571E-001
           2.4300162E-002  -1.0878620E-001
           2.4450162E-002  -1.0950965E-001
           2.4600163E-002  -1.0989257E-001
           2.4750166E-002  -1.1030492E-001
           2.4900166E-002  -1.1106651E-001
           2.5050167E-002  -1.1190604E-001
           2.5200168E-002  -1.1241807E-001
           2.5350168E-002  -1.1275023E-001
           2.5500171E-002  -1.1335450E-001
           2.5650172E-002  -1.1422066E-001
           2.5800172E-002  -1.1489191E-001
           2.5950173E-002  -1.1524072E-001
           2.6100174E-002  -1.1568748E-001
           2.6250174E-002  -1.1648531E-001
           2.6400177E-002  -1.1728764E-001
           2.6550177E-002  -1.1773788E-001
           2.6700178E-002  -1.1807973E-001
           2.6850179E-002  -1.1874176E-001
           2.7000180E-002  -1.1960385E-001
           2.7150180E-002  -1.2020110E-001
           2.7300183E-002  -1.2052096E-001
           2.7450183E-002  -1.2102649E-001
           2.7600184E-002  -1.2186123E-001
           2.7750185E-002  -1.2260110E-001
           2.7900185E-002  -1.2298306E-001
           2.8050186E-002  -1.2335997E-001
           2.8200189E-002  -1.2409296E-001
           2.8350189E-002  -1.2492750E-001
           2.8500190E-002  -1.2543131E-001
           2.8650191E-002  -1.2574281E-001
           2.8800191E-002  -1.2633292E-001
           2.8950194E-002  -1.2718916E-001
           2.9100195E-002  -1.2783551E-001
           2.9250195E-002  -1.2815847E-001
           2.9400196E-002  -1.2860599E-001
           2.9550197E-002  -1.2940890E-001
           2.9700197E-002  -1.3017789E-001
           2.9850200E-002  -1.3058048E-001
           2.9999999E-002  -1.3092184E-001




