
                       X         _temp_1

           0.0000000E+000   0.0000000E+000
           1.5000100E-004   9.7127840E+007
           3.0000199E-004   7.3408584E+007
           4.5000299E-004  -2.3684386E+007
           6.0000399E-004  -5.6498180E+007
           7.5000501E-004   2.2474364E+007
           9.0000598E-004   1.0297394E+008
           1.0500069E-003   7.2215944E+007
           1.2000080E-003  -2.6199282E+007
           1.3500090E-003  -5.2417408E+007
           1.5000100E-003   3.0939848E+007
           1.6500111E-003   1.0569274E+008
           1.8000120E-003   6.5542864E+007
           1.9500130E-003  -3.2624564E+007
           2.1000139E-003  -4.8963984E+007
           2.2500150E-003   4.0050116E+007
           2.4000159E-003   1.0739251E+008
           2.5500171E-003   5.6668360E+007
           2.7000180E-003  -3.9732104E+007
           2.8500189E-003  -4.3577776E+007
           3.0000200E-003   5.0868860E+007
           3.1500210E-003   1.0795621E+008
           3.3000221E-003   4.5416764E+007
           3.4500230E-003  -4.6870504E+007
           3.6000239E-003  -3.5702396E+007
           3.7500251E-003   6.3001128E+007
           3.9000260E-003   1.0656324E+008
           4.0500271E-003   3.1760624E+007
           4.2000278E-003  -5.3169196E+007
           4.3500289E-003  -2.4833486E+007
           4.5000301E-003   7.5784840E+007
           4.6500312E-003   1.0231375E+008
           4.8000319E-003   1.5926152E+007
           4.9500330E-003  -5.7540172E+007
           5.1000342E-003  -1.0634921E+007
           5.2500349E-003   8.8232704E+007
           5.4000360E-003   9.4325312E+007
           5.5500371E-003  -1.4932938E+006
           5.7000378E-003  -5.8726024E+007
           5.8500390E-003   6.9127495E+006
           6.0000401E-003   9.9009480E+007
           6.1500408E-003   8.1883752E+007
           6.3000419E-003  -1.9435890E+007
           6.4500431E-003  -5.5414640E+007
           6.6000442E-003   2.7344200E+007
           6.7500449E-003   1.0647338E+008
           6.9000460E-003   6.4648016E+007
           7.0500472E-003  -3.6314372E+007
           7.2000478E-003  -4.6436256E+007
           7.3500490E-003   4.9549824E+007
           7.5000501E-003   1.0881270E+008
           7.6500508E-003   4.2893124E+007
           7.8000519E-003  -5.0046336E+007
           7.9500526E-003  -3.1045416E+007
           8.1000542E-003   7.1671440E+007
           8.2500549E-003   1.0430321E+008
           8.4000556E-003   1.7751454E+007
           8.5500572E-003  -5.8219668E+007
           8.7000579E-003  -9.2659320E+006
           8.8500585E-003   9.1116560E+007
           9.0000601E-003   9.1692264E+007
           9.1500608E-003  -8.6157150E+006
           9.3000624E-003  -5.8432372E+007
           9.4500631E-003   1.7758758E+007
           9.6000638E-003   1.0476174E+008
           9.7500654E-003   7.0679784E+007
           9.9000661E-003  -3.3009772E+007
           1.0050067E-002  -4.8816792E+007
           1.0200068E-002   4.7509224E+007
           1.0350069E-002   1.0940224E+008
           1.0500070E-002   4.2412740E+007
           1.0650071E-002  -5.1453044E+007
           1.0800072E-002  -2.8702530E+007
           1.0950073E-002   7.6062968E+007
           1.1100074E-002   1.0246010E+008
           1.1250075E-002   9.8487350E+006
           1.1400076E-002  -5.9794684E+007
           1.1550077E-002   7.0699575E+005
           1.1700078E-002   9.8441832E+007
           1.1850079E-002   8.2879952E+007
           1.2000080E-002  -2.2206292E+007
           1.2150081E-002  -5.4673364E+007
           1.2300082E-002   3.5856900E+007
           1.2450083E-002   1.0943820E+008
           1.2600084E-002   5.2026316E+007
           1.2750085E-002  -4.7588076E+007
           1.2900086E-002  -3.4717984E+007
           1.3050087E-002   7.0836760E+007
           1.3200088E-002   1.0491114E+008
           1.3350089E-002   1.4275510E+007
           1.3500090E-002  -5.9920564E+007
           1.3650091E-002  -1.6996776E+006
           1.3800092E-002   9.8113856E+007
           1.3950093E-002   8.3355464E+007
           1.4100094E-002  -2.3078342E+007
           1.4250095E-002  -5.4366076E+007
           1.4400096E-002   3.8809860E+007
           1.4550097E-002   1.1013394E+008
           1.4700098E-002   4.7314812E+007
           1.4850099E-002  -5.0938464E+007
           1.5000100E-002  -2.9643332E+007
           1.5150101E-002   7.7782136E+007
           1.5300102E-002   1.0163807E+008
           1.5450103E-002   4.0160905E+006
           1.5600104E-002  -6.0644496E+007
           1.5750105E-002   1.0337416E+007
           1.5900105E-002   1.0445444E+008
           1.6050108E-002   7.2148040E+007
           1.6200108E-002  -3.5426276E+007
           1.6350109E-002  -4.7001208E+007
           1.6500110E-002   5.6078344E+007
           1.6650110E-002   1.0941230E+008
           1.6800111E-002   2.7683846E+007
           1.6950114E-002  -5.8616076E+007
           1.7100114E-002  -1.1208946E+007
           1.7250115E-002   9.4102736E+007
           1.7400116E-002   8.8379704E+007
           1.7550116E-002  -1.9393750E+007
           1.7700117E-002  -5.6029760E+007
           1.7850120E-002   3.7635028E+007
           1.8000120E-002   1.1079814E+008
           1.8150121E-002   4.5375220E+007
           1.8300122E-002  -5.3225292E+007
           1.8450122E-002  -2.5555590E+007
           1.8600125E-002   8.3800232E+007
           1.8750126E-002   9.7750216E+007
           1.8900126E-002  -6.5075095E+006
           1.9050127E-002  -5.9871440E+007
           1.9200128E-002   2.4555144E+007
           1.9350128E-002   1.0956845E+008
           1.9500131E-002   5.6687144E+007
           1.9650131E-002  -4.8119760E+007
           1.9800132E-002  -3.3793332E+007
           1.9950133E-002   7.6458544E+007
           2.0100133E-002   1.0241029E+008
           2.0250134E-002   1.4185625E+006
           2.0400137E-002  -6.1186592E+007
           2.0550137E-002   1.7458400E+007
           2.0700138E-002   1.0835442E+008
           2.0850139E-002   6.2059672E+007
           2.1000139E-002  -4.5481784E+007
           2.1150140E-002  -3.7116640E+007
           2.1300143E-002   7.3557768E+007
           2.1450143E-002   1.0393436E+008
           2.1600144E-002   3.6695028E+006
           2.1750145E-002  -6.1569004E+007
           2.1900145E-002   1.6396192E+007
           2.2050148E-002   1.0849018E+008
           2.2200149E-002   6.1896444E+007
           2.2350149E-002  -4.6235924E+007
           2.2500150E-002  -3.6127024E+007
           2.2650151E-002   7.5594264E+007
           2.2800151E-002   1.0288539E+008
           2.2950154E-002   8.0618563E+004
           2.3100154E-002  -6.1375768E+007
           2.3250155E-002   2.1373062E+007
           2.3400156E-002   1.1005722E+008
           2.3550157E-002   5.6157844E+007
           2.3700157E-002  -5.0222548E+007
           2.3850160E-002  -3.0578330E+007
           2.4000160E-002   8.2289584E+007
           2.4150161E-002   9.8702856E+007
           2.4300162E-002  -9.1297030E+006
           2.4450162E-002  -5.9710076E+007
           2.4600163E-002   3.2424474E+007
           2.4750166E-002   1.1189494E+008
           2.4900166E-002   4.4382352E+007
           2.5050167E-002  -5.6168164E+007
           2.5200168E-002  -1.9471904E+007
           2.5350168E-002   9.2467456E+007
           2.5500171E-002   8.9819336E+007
           2.5650172E-002  -2.3115992E+007
           2.5800172E-002  -5.4494052E+007
           2.5950173E-002   4.9256132E+007
           2.6100174E-002   1.1156430E+008
           2.6250174E-002   2.6130418E+007
           2.6400177E-002  -6.1486408E+007
           2.6550177E-002  -1.5273099E+006
           2.6700178E-002   1.0366238E+008
           2.6850179E-002   7.4085104E+007
           2.7000180E-002  -3.9815636E+007
           2.7150180E-002  -4.2773700E+007
           2.7300183E-002   7.0479784E+007
           2.7450183E-002   1.0546162E+008
           2.7600184E-002   1.8768971E+006
           2.7750185E-002  -6.2145460E+007
           2.7900185E-002   2.3862982E+007
           2.8050186E-002   1.1170482E+008
           2.8200189E-002   4.9704580E+007
           2.8350189E-002  -5.5234676E+007
           2.8500190E-002  -2.1555910E+007
           2.8650191E-002   9.2611784E+007
           2.8800191E-002   8.9468368E+007
           2.8950194E-002  -2.5726726E+007
           2.9100195E-002  -5.3056284E+007
           2.9250195E-002   5.5163756E+007
           2.9400196E-002   1.1077768E+008
           2.9550197E-002   1.6847452E+007
           2.9700197E-002  -6.3117400E+007
           2.9850200E-002   1.0518896E+007
           2.9999999E-002   1.0927127E+008




