
                       X         _temp_1

           0.0000000E+000   0.0000000E+000
           1.1830227E-005   4.3198460E+006
           2.3660330E-005   6.7036125E+006
           3.5490222E-005   1.2410765E+006
           4.8486327E-005  -7.4039705E+006
           6.2211686E-005   1.4656243E+006
           7.6350669E-005   6.4716000E+006
           9.0710906E-005  -6.5385810E+006
           1.0518587E-004  -1.8898110E+006
           1.1971899E-004   7.5103340E+006
           1.3428128E-004  -5.0505845E+006
           1.4885837E-004  -4.0695560E+006
           1.6344269E-004   7.6027550E+006
           1.7803040E-004  -3.3316998E+006
           1.9261999E-004  -5.8319560E+006
           2.0721041E-004   7.1503180E+006
           2.2180099E-004  -1.4187648E+006
           2.3639182E-004  -7.1972190E+006
           2.5098273E-004   6.2179720E+006
           2.6557344E-004   5.7977000E+005
           2.8016421E-004  -8.0921875E+006
           2.9475504E-004   4.8683485E+006
           3.0934566E-004   2.5340110E+006
           3.2393631E-004  -8.4593830E+006
           3.3852711E-004   3.4703498E+006
           3.5035491E-004   5.5571955E+006
           3.6218271E-004  -2.5712745E+006
           3.7401062E-004  -5.3292620E+006
           3.8583856E-004   2.4975955E+006
           3.9766642E-004   5.9639020E+006
           4.0949421E-004  -1.8960178E+006
           4.2132207E-004  -6.7574085E+006
           4.3314998E-004   4.0916025E+005
           4.4497784E-004   6.4799645E+006
           4.5680563E-004   5.7155000E+005
           4.6863349E-004  -5.8670500E+006
           4.8046143E-004  -7.0494963E+005
           4.9228931E-004   6.1224950E+006
           5.0411711E-004   1.3643563E+006
           5.1594496E-004  -6.4760930E+006
           5.2777288E-004  -2.8233338E+006
           5.3960073E-004   5.7503945E+006
           5.5142853E-004   3.6725255E+006
           5.6325638E-004  -4.7598580E+006
           5.7508430E-004  -3.6562335E+006
           5.8691221E-004   4.6671830E+006
           5.9874001E-004   4.1662823E+006
           6.1056780E-004  -4.6379310E+006
           6.2239572E-004  -5.3947790E+006
           6.3422363E-004   3.5503545E+006
           6.4605143E-004   5.9228135E+006
           6.5787922E-004  -2.2935465E+006
           6.6970714E-004  -5.5842500E+006
           6.8153505E-004   1.9830684E+006
           6.9336290E-004   5.7871520E+006
           7.0519070E-004  -1.7210595E+006
           7.1701856E-004  -6.6440790E+006
           7.2884647E-004   4.4318175E+005
           7.4067432E-004   6.7339370E+006
           7.5250212E-004   8.9292088E+005
           7.6432998E-004  -5.9827770E+006
           7.7615789E-004  -1.2258681E+006
           7.8798574E-004   5.8111955E+006
           7.9981354E-004   1.5169526E+006
           8.1164134E-004  -6.2529160E+006
           8.2346925E-004  -2.7724895E+006
           8.3529716E-004   5.8904880E+006
           8.4712496E-004   3.9732615E+006
           8.5895282E-004  -4.7427255E+006
           8.7078073E-004  -4.1194248E+006
           8.8260864E-004   4.2373010E+006
           8.9442043E-004   4.2413125E+006
           9.0621604E-004  -4.2867395E+006
           9.1799552E-004  -5.3162015E+006
           9.2975888E-004   3.4546288E+006
           9.4150612E-004   6.2357075E+006
           9.5323718E-004  -1.8506690E+006
           9.6495211E-004  -6.0366065E+006
           9.7665086E-004   9.2304250E+005
           9.8833349E-004   5.8166365E+006
           1.0000000E-003  -5.0498800E+005




