
                       X         _temp_2

           0.0000000E+000   0.0000000E+000
           1.1830227E-005   1.0079640E+007
           2.3660330E-005   2.6424478E+007
           3.5490222E-005   2.1335648E+007
           4.8486327E-005   1.2796171E+007
           6.2211686E-005   2.1776224E+007
           7.6350669E-005   2.6894288E+007
           9.0710906E-005   1.3995594E+007
           1.0518587E-004   1.8753604E+007
           1.1971899E-004   2.8259652E+007
           1.3428128E-004   1.5800519E+007
           1.4885837E-004   1.6878376E+007
           1.6344269E-004   2.8641924E+007
           1.7803040E-004   1.7792696E+007
           1.9261999E-004   1.5371000E+007
           2.0721041E-004   2.8424660E+007
           2.2180099E-004   1.9919554E+007
           2.3639182E-004   1.4197164E+007
           2.5098273E-004   2.7660076E+007
           2.6557344E-004   2.2061192E+007
           2.8016421E-004   1.3419831E+007
           2.9475504E-004   2.6401902E+007
           3.0934566E-004   2.4080142E+007
           3.2393631E-004   1.3090256E+007
           3.3852711E-004   2.4173576E+007
           3.5035491E-004   2.5142338E+007
           3.6218271E-004   1.6154926E+007
           3.7401062E-004   1.3276881E+007
           3.8583856E-004   2.1786870E+007
           3.9766642E-004   2.6360246E+007
           4.0949421E-004   1.9401212E+007
           4.2132207E-004   1.4703466E+007
           4.3314998E-004   2.1194086E+007
           4.4497784E-004   2.6150014E+007
           4.5680563E-004   1.9338660E+007
           4.6863349E-004   1.2717826E+007
           4.8046143E-004   1.8512196E+007
           4.9228931E-004   2.6431842E+007
           5.0411711E-004   2.2609958E+007
           5.1594496E-004   1.5003773E+007
           5.2777288E-004   1.8040764E+007
           5.3960073E-004   2.5508788E+007
           5.5142853E-004   2.2485170E+007
           5.6325638E-004   1.3806838E+007
           5.7508430E-004   1.5491348E+007
           5.8691221E-004   2.4890536E+007
           5.9874001E-004   2.5356372E+007
           6.1056780E-004   1.6853592E+007
           6.2239572E-004   1.5544590E+007
           6.3422363E-004   2.3399984E+007
           6.4605143E-004   2.4786508E+007
           6.5787922E-004   1.6258501E+007
           6.6970714E-004   1.3495588E+007
           6.8153505E-004   2.2121244E+007
           6.9336290E-004   2.6918974E+007
           7.0519070E-004   1.9775352E+007
           7.1701856E-004   1.4365519E+007
           7.2884647E-004   2.0385880E+007
           7.4067432E-004   2.5654790E+007
           7.5250212E-004   1.9434758E+007
           7.6432998E-004   1.3030753E+007
           7.7615789E-004   1.8827338E+007
           7.8798574E-004   2.6882728E+007
           7.9981354E-004   2.3012424E+007
           8.1164134E-004   1.4821179E+007
           8.2346925E-004   1.7263734E+007
           8.3529716E-004   2.4874682E+007
           8.4712496E-004   2.2510440E+007
           8.5895282E-004   1.4206045E+007
           8.7078073E-004   1.5848255E+007
           8.8260864E-004   2.5246748E+007
           8.9442043E-004   2.5730842E+007
           9.0621604E-004   1.6848958E+007
           9.1799552E-004   1.4822466E+007
           9.2975888E-004   2.2521062E+007
           9.4150612E-004   2.4777860E+007
           9.5323718E-004   1.7014078E+007
           9.6495211E-004   1.3798702E+007
           9.7665086E-004   2.1821228E+007
           9.8833349E-004   2.7285012E+007
           1.0000000E-003   2.0732132E+007




