
                    X                   _temp_5       

                  0.                     0.           
                  2.E-06                 0.           
                  4.E-06                 0.           
                  6.E-06                 0.           
                  8.E-06                 0.           
                 10.E-06                 0.           
                 12.E-06                 0.           
                 14.E-06                 0.           
                 16.E-06                 0.           
                 18.000002E-06          -1.6147316E-06
                 20.E-06               -63.751972E-06 
                 22.E-06              -975.45422E-06  
                 24.E-06                -8.851779E-03 
                 26.E-06               -56.759281E-03 
                 28.E-06              -282.41998E-03  
                 30.E-06                -1.1548095    
                 32.E-06                -4.0316944    
                 34.E-06               -12.34711      
                 36.000004E-06         -33.837517     
                 38.E-06               -84.251175     
                 40.E-06              -192.85898      
                 42.E-06              -409.71774      
                 44.E-06              -814.0011       
                 46.E-06                -1.5218838E+03
                 48.E-06                -2.6916354E+03
                 49.999996E-06          -4.5230498E+03
                 52.E-06                -7.2484531E+03
                 54.E-06               -11.113544E+03 
                 56.E-06               -16.348284E+03 
                 58.000004E-06         -23.13073E+03  
                 60.E-06               -31.5495E+03   
                 62.E-06               -41.572632E+03 
                 64.E-06               -53.031147E+03 
                 66.E-06               -65.624084E+03 
                 68.E-06               -78.947784E+03 
                 70.E-06               -92.546745E+03 
                 72.000008E-06        -105.97739E+03  
                 74.E-06              -118.87127E+03  
                 76.E-06              -130.98215E+03  
                 77.999992E-06        -142.20367E+03  
                 80.E-06              -152.55045E+03  
                 82.E-06              -162.1042E+03   
                 84.E-06              -170.93724E+03  
                 86.E-06              -179.03348E+03  
                 88.E-06              -186.23073E+03  
                 90.E-06              -192.2052E+03   
                 92.E-06              -196.51024E+03  
                 94.000008E-06        -198.66678E+03  
                 96.E-06              -198.28821E+03  
                 98.E-06              -195.20927E+03  
                 99.999992E-06        -189.58354E+03  
                102.E-06              -181.91727E+03  
                104.E-06              -173.02071E+03  
                106.E-06              -163.87828E+03  
                108.E-06              -155.46049E+03  
                110.E-06              -148.5191E+03   
                112.E-06              -143.41615E+03  
                114.E-06              -140.03297E+03  
                116.00001E-06         -137.78946E+03  
                117.99999E-06         -135.77663E+03  
                120.E-06              -132.97731E+03  
                121.99999E-06         -128.52385E+03  
                124.E-06              -121.92901E+03  
                126.E-06              -113.22939E+03  
                128.E-06              -102.99931E+03  
                130.E-06               -92.225632E+03 
                132.E-06               -82.069809E+03 
                134.E-06               -73.57502E+03  
                136.E-06               -67.394012E+03 
                138.E-06               -63.611835E+03 
                140.E-06               -61.715919E+03 
                142.E-06               -60.729366E+03 
                144.00002E-06          -59.480423E+03 
                146.00002E-06          -56.943008E+03 
                148.E-06               -52.560986E+03 
                149.99998E-06          -46.468212E+03 
                152.E-06               -39.539734E+03 
                154.E-06               -33.250633E+03 
                155.99998E-06          -29.368195E+03 
                158.E-06               -29.547796E+03 
                160.E-06               -34.930656E+03 
                162.E-06               -45.84494E+03  
                164.E-06               -61.688683E+03 
                166.E-06               -81.028694E+03 
                168.E-06              -101.89568E+03  
                170.E-06              -122.20504E+03  
                172.E-06              -140.19998E+03  
                174.E-06              -154.80608E+03  
                176.E-06              -165.80824E+03  
                178.E-06              -173.80606E+03  
                180.E-06              -179.96013E+03  
                182.E-06              -185.59685E+03  
                184.E-06              -191.77631E+03  
                186.E-06              -198.93814E+03  
                188.00002E-06         -206.72108E+03  
                190.00002E-06         -214.00667E+03  
                192.E-06              -219.17964E+03  
                193.99998E-06         -220.53964E+03  
                196.E-06              -216.75926E+03  
                198.E-06              -207.26906E+03  
                199.99998E-06         -192.46797E+03  
                201.99998E-06         -173.70107E+03  
                204.E-06              -153.00594E+03  
                206.E-06              -132.68761E+03  
                208.E-06              -114.82631E+03  
                210.E-06              -100.83892E+03  
                212.E-06               -91.20182E+03  
                214.E-06               -85.401649E+03 
                216.E-06               -82.122711E+03 
                218.E-06               -79.62043E+03  
                220.E-06               -76.184288E+03 
                222.E-06               -70.572578E+03 
                224.E-06               -62.310421E+03 
                226.00002E-06          -51.779186E+03 
                228.E-06               -40.079411E+03 
                230.E-06               -28.707373E+03 
                232.00002E-06          -19.132118E+03 
                234.00002E-06          -12.38354E+03  
                235.99998E-06           -8.75776E+03  
                237.99998E-06           -7.7145452E+03
                240.E-06                -7.9918108E+03
                242.E-06                -7.9070969E+03
                243.99998E-06           -5.7691669E+03
                246.E-06              -296.26953      
                248.E-06                 9.0628691E+03
                250.E-06                21.983812E+03 
                252.E-06                37.331211E+03 
                254.00002E-06           53.416092E+03 
                256.E-06                68.381691E+03 
                258.E-06                80.623955E+03 
                260.E-06                89.146606E+03 
                262.E-06                93.768082E+03 
                264.E-06                95.135239E+03 
                266.E-06                94.54525E+03  
                268.E-06                93.622284E+03 
                269.99997E-06           93.92894E+03  
                272.E-06                96.604866E+03 
                274.E-06               102.11652E+03  
                276.E-06               110.17353E+03  
                278.E-06               119.82687E+03  
                280.E-06               129.72125E+03  
                282.E-06               138.43895E+03  
                284.E-06               144.85263E+03  
                285.99997E-06          148.4039E+03   
                288.00003E-06          149.24348E+03  
                290.E-06               148.20073E+03  
                292.00003E-06          146.59055E+03  
                294.E-06               145.90207E+03  
                296.E-06               147.44046E+03  
                298.E-06               152.00337E+03  
                299.99997E-06          159.66611E+03  
                302.E-06               169.72513E+03  
                304.E-06               180.81467E+03  
                306.E-06               191.17278E+03  
                308.E-06               198.9995E+03   
                310.E-06               202.82942E+03  
                311.99997E-06          201.83614E+03  
                314.E-06               196.00095E+03  
                316.E-06               186.10664E+03  
                318.00003E-06          173.55679E+03  
                320.E-06               160.05914E+03  
                322.E-06               147.24374E+03  
                324.E-06               136.30229E+03  
                326.E-06               127.7322E+03   
                328.E-06               121.24628E+03  
                330.E-06               115.87263E+03  
                332.E-06               110.22459E+03  
                334.00003E-06          102.88084E+03  
                336.E-06                92.787567E+03 
                338.E-06                79.586624E+03 
                340.E-06                63.788074E+03 
                341.99997E-06           46.739616E+03 
                344.E-06                30.392345E+03 
                346.E-06                16.910736E+03 
                348.E-06                 8.2135496E+03
                350.E-06                 5.5515409E+03
                352.E-06                 9.222311E+03 
                354.E-06                18.492714E+03 
                356.E-06                31.751471E+03 
                357.99997E-06           46.860146E+03 
                360.E-06                61.622486E+03 
                362.E-06                74.262466E+03 
                364.E-06                83.797455E+03 
                366.E-06                90.217049E+03 
                368.E-06                94.424393E+03 
                370.E-06                97.954216E+03 
                372.E-06               102.53673E+03  
                373.99997E-06          109.61474E+03  
                376.00003E-06          119.93399E+03  
                378.E-06               133.30859E+03  
                380.00003E-06          148.62131E+03  
                382.E-06               164.05992E+03  
                384.E-06               177.53233E+03  
                386.E-06               187.15871E+03  
                387.99997E-06          191.71906E+03  
                390.00003E-06          190.94627E+03  
                392.E-06               185.59196E+03  
                394.E-06               177.24959E+03  
                396.E-06               167.97865E+03  
                398.E-06               159.82227E+03  
                399.99997E-06          154.33595E+03  
                402.E-06               152.24057E+03  
                403.99997E-06          153.2804E+03   
                406.00003E-06          156.31535E+03  
                408.E-06               159.61838E+03  
                410.E-06               161.29982E+03  
                412.E-06               159.75223E+03  
                414.E-06               154.00743E+03  
                416.E-06               143.9238E+03   
                418.E-06               130.16707E+03  
                420.E-06               114.00063E+03  
                422.00003E-06           96.947533E+03 
                424.E-06                80.415695E+03 
                426.E-06                65.381592E+03 
                428.E-06                52.207951E+03 
                429.99997E-06           40.632572E+03 
                432.E-06                29.919863E+03 
                434.E-06                19.125465E+03 
                436.E-06                 7.398685E+03 
                438.E-06                -5.7576823E+03
                440.E-06               -20.334435E+03 
                442.E-06               -35.802505E+03 
                444.E-06               -51.233589E+03 
                445.99997E-06          -65.515396E+03 
                448.E-06               -77.600945E+03 
                450.E-06               -86.727669E+03 
                452.00003E-06          -92.555313E+03 
                454.E-06               -95.197662E+03 
                456.E-06               -95.152817E+03 
                458.E-06               -93.16288E+03  
                460.E-06               -90.048302E+03 
                461.99997E-06          -86.56295E+03  
                464.00003E-06          -83.303436E+03 
                466.E-06               -80.685219E+03 
                468.00003E-06          -78.976173E+03 
                470.E-06               -78.361061E+03 
                471.99997E-06          -79.004059E+03 
                474.E-06               -81.08123E+03  
                475.99997E-06          -84.768745E+03 
                478.E-06               -90.191551E+03 
                480.E-06               -97.352669E+03 
                482.E-06              -106.07277E+03  
                484.E-06              -115.96797E+03  
                486.E-06              -126.48235E+03  
                487.99997E-06         -136.97385E+03  
                490.E-06              -146.83395E+03  
                492.E-06              -155.60828E+03  
                494.E-06              -163.08191E+03  
                496.E-06              -169.30096E+03  
                498.E-06              -174.51981E+03  
                500.E-06              -179.08429E+03  




