
                    X                   _temp_3       

                  0.                     0.           
                  2.E-06                 0.           
                  4.E-06                 0.           
                  6.E-06                 0.           
                  8.E-06                 0.           
                 10.E-06                 0.           
                 12.E-06                -1.211745E-03 
                 14.E-06                -2.7012777E-03
                 16.E-06                -3.9154618E-03
                 18.000002E-06          -4.7676058E-03
                 20.E-06                -5.2441039E-03
                 22.E-06                -5.3992271E-03
                 24.E-06                -5.332726E-03 
                 26.E-06                -5.1574826E-03
                 28.E-06                -4.9671178E-03
                 30.E-06                -4.8130736E-03
                 32.E-06                -4.6974392E-03
                 34.E-06                -4.5826945E-03
                 36.000004E-06          -4.4142847E-03
                 38.E-06                -4.1480417E-03
                 40.E-06                -3.7732353E-03
                 42.E-06                -3.3236575E-03
                 44.E-06                -2.8731589E-03
                 46.E-06                -2.5170779E-03
                 48.E-06                -2.345468E-03 
                 49.999996E-06          -2.416538E-03 
                 52.E-06                -2.7385342E-03
                 54.E-06                -3.2655439E-03
                 56.E-06                -3.9083064E-03
                 58.000004E-06          -4.5565157E-03
                 60.E-06                -5.1057272E-03
                 62.E-06                -5.480895E-03 
                 64.E-06                -5.6499696E-03
                 66.E-06                -5.6244335E-03
                 68.E-06                -5.4478588E-03
                 70.E-06                -5.1772642E-03
                 72.000008E-06          -4.863977E-03 
                 74.E-06                -4.5403605E-03
                 76.E-06                -3.808661E-03 
                 77.999992E-06          -1.9028221E-03
                 80.E-06              -190.03719E-06  
                 82.E-06                 1.207914E-03 
                 84.E-06                 2.2165611E-03
                 86.E-06                 2.8128705E-03
                 88.E-06                 3.0201178E-03
                 90.E-06                 2.8957341E-03
                 92.E-06                 2.5156593E-03
                 94.000008E-06           1.9590799E-03
                 96.E-06                 1.2968268E-03
                 98.E-06               585.38641E-06  
                 99.999992E-06        -133.21802E-06  
                102.E-06              -826.97937E-06  
                104.E-06                -1.4672956E-03
                106.E-06                -2.0229468E-03
                108.E-06                -2.457006E-03 
                110.E-06                -2.7280076E-03
                112.E-06                -2.7953801E-03
                114.E-06                -2.6278639E-03
                116.00001E-06           -2.2127492E-03
                117.99999E-06           -1.5634437E-03
                120.E-06              -723.19635E-06  
                121.99999E-06          236.34467E-06  
                124.E-06                 1.2219248E-03
                126.E-06                 2.1298406E-03
                128.E-06                 2.8595603E-03
                130.E-06                 3.327426E-03 
                132.E-06                 3.4780874E-03
                134.E-06                 3.2918134E-03
                136.E-06                 2.786654E-03 
                138.E-06                 2.015378E-03 
                140.E-06                 1.0579815E-03
                142.E-06                11.209835E-06 
                144.00002E-06           -1.0231557E-03
                146.00002E-06           -1.9495243E-03
                148.E-06                -2.6878314E-03
                149.99998E-06           -3.1800694E-03
                152.E-06                -3.3936639E-03
                154.E-06                -3.3218431E-03
                155.99998E-06           -2.9815328E-03
                158.E-06                -2.4095032E-03
                160.E-06                -1.657547E-03 
                162.E-06              -787.3537E-06   
                164.E-06               134.42232E-06  
                166.E-06                 1.0406202E-03
                168.E-06                 1.8674648E-03
                170.E-06                 2.5579281E-03
                172.E-06                 3.0646603E-03
                174.E-06                 3.3525717E-03
                176.E-06                 3.4010744E-03
                178.E-06                 3.2059021E-03
                180.E-06                 2.7803102E-03
                182.E-06                 2.155395E-03 
                184.E-06                 1.3792564E-03
                186.E-06               514.78174E-06  
                188.00002E-06         -364.0578E-06   
                190.00002E-06           -1.177309E-03 
                192.E-06                -1.8452579E-03
                193.99998E-06           -2.295269E-03 
                196.E-06                -2.4685922E-03
                198.E-06                -2.3263903E-03
                199.99998E-06           -1.8542533E-03
                201.99998E-06           -1.0645851E-03
                204.E-06                 3.5501144E-06
                206.E-06                 1.2872405E-03
                208.E-06                 2.7050109E-03
                210.E-06                 4.164083E-03 
                212.E-06                 5.5688667E-03
                214.E-06                 6.8297758E-03
                216.E-06                 7.8714147E-03
                218.E-06                 8.639245E-03 
                220.E-06                 9.1040583E-03
                222.E-06                 9.263792E-03 
                224.E-06                 9.1426315E-03
                226.00002E-06            8.7875738E-03
                228.E-06                 8.2629986E-03
                230.E-06                 7.6439171E-03
                232.00002E-06            7.0087276E-03
                234.00002E-06            6.4322352E-03
                235.99998E-06            5.9795918E-03
                237.99998E-06            5.7015939E-03
                240.E-06                 5.6315484E-03
                242.E-06                 5.7836871E-03
                243.99998E-06            6.1529627E-03
                246.E-06                 6.7159653E-03
                248.E-06                 7.432714E-03 
                250.E-06                 8.2491531E-03
                252.E-06                 9.1002789E-03
                254.00002E-06            9.9139004E-03
                256.E-06                10.61509E-03  
                258.E-06                11.131282E-03 
                260.E-06                11.39788E-03  
                262.E-06                11.363996E-03 
                264.E-06                10.997825E-03 
                266.E-06                10.290967E-03 
                268.E-06                 9.2610149E-03
                269.99997E-06            7.9518261E-03
                272.E-06                 6.431191E-03 
                274.E-06                 4.7858877E-03
                276.E-06                 3.1145465E-03
                278.E-06                 1.5190579E-03
                280.E-06                95.492668E-06 
                282.E-06                -1.0744185E-03
                284.E-06                -1.9303027E-03
                285.99997E-06           -2.4379337E-03
                288.00003E-06           -2.5913956E-03
                290.E-06                -2.4125702E-03
                292.00003E-06           -1.9482067E-03
                294.E-06                -1.2650493E-03
                296.E-06              -443.63406E-06  
                298.E-06               428.6203E-06   
                299.99997E-06            1.2644397E-03
                302.E-06                 1.9833378E-03
                304.E-06                 2.5174642E-03
                306.E-06                 2.8163249E-03
                308.E-06                 2.8501234E-03
                310.E-06                 2.6115305E-03
                311.99997E-06            2.1157944E-03
                314.E-06                 1.3991904E-03
                316.E-06               515.95361E-06  
                318.00003E-06         -466.05029E-06  
                320.E-06                -1.4705482E-03
                322.E-06                -2.4185567E-03
                324.E-06                -3.2341316E-03
                326.E-06                -3.8498063E-03
                328.E-06                -4.2114363E-03
                330.E-06                -4.2822614E-03
                332.E-06                -4.0460315E-03
                334.00003E-06           -3.509068E-03 
                336.E-06                -2.7010558E-03
                338.E-06                -1.6743318E-03
                340.E-06              -501.39694E-06  
                341.99997E-06          729.55133E-06  
                344.E-06                 1.9210829E-03
                346.E-06                 2.9747198E-03
                348.E-06                 3.8001895E-03
                350.E-06                 4.324749E-03 
                352.E-06                 4.5013313E-03
                354.E-06                 4.31425E-03  
                356.E-06                 3.7814121E-03
                357.99997E-06            2.9524801E-03
                360.E-06                 1.9030844E-03
                362.E-06               725.88666E-06  
                364.E-06              -480.12482E-06  
                366.E-06                -1.6203967E-03
                368.E-06                -2.6139536E-03
                370.E-06                -3.399637E-03 
                372.E-06                -3.9388282E-03
                373.99997E-06           -4.2148175E-03
                376.00003E-06           -4.2297101E-03
                378.E-06                -4.0001802E-03
                380.00003E-06           -3.5534935E-03
                382.E-06                -2.9248567E-03
                384.E-06                -2.156559E-03 
                386.E-06                -1.2985828E-03
                387.99997E-06         -409.72006E-06  
                390.00003E-06          442.16638E-06  
                392.E-06                 1.1820344E-03
                394.E-06                 1.7325225E-03
                396.E-06                 2.0217755E-03
                398.E-06                 1.9932853E-03
                399.99997E-06            1.6159803E-03
                402.E-06               892.35864E-06  
                403.99997E-06         -137.47174E-06  
                406.00003E-06           -1.397352E-03 
                408.E-06                -2.7826686E-03
                410.E-06                -4.1731629E-03
                412.E-06                -5.4489512E-03
                414.E-06                -6.5069699E-03
                416.E-06                -7.2748342E-03
                418.E-06                -7.7195745E-03
                420.E-06                -7.8497119E-03
                422.00003E-06           -7.7105122E-03
                424.E-06                -7.3736472E-03
                426.E-06                -6.9236097E-03
                428.E-06                -6.443779E-03 
                429.99997E-06           -6.0049386E-03
                432.E-06                -5.6582861E-03
                434.E-06                -5.433805E-03 
                436.E-06                -5.3434849E-03
                438.E-06                -5.3877468E-03
                440.E-06                -5.5626826E-03
                442.E-06                -5.8656754E-03
                444.E-06                -6.2975316E-03
                445.99997E-06           -6.8603282E-03
                448.E-06                -7.5515151E-03
                450.E-06                -8.3559752E-03
                452.00003E-06           -9.2385674E-03
                454.E-06               -10.139789E-03 
                456.E-06               -10.976655E-03 
                458.E-06               -11.649739E-03 
                460.E-06               -12.055811E-03 
                461.99997E-06          -12.104094E-03 
                464.00003E-06          -11.733006E-03 
                466.E-06               -10.923882E-03 
                468.00003E-06           -9.7084846E-03
                470.E-06                -8.1683006E-03
                471.99997E-06           -6.4251952E-03
                474.E-06                -4.6248374E-03
                475.99997E-06           -2.9158647E-03
                478.E-06                -1.4286938E-03
                480.E-06              -257.98969E-06  
                482.E-06               547.96161E-06  
                484.E-06               989.23779E-06  
                486.E-06                 1.1077462E-03
                487.99997E-06          974.11731E-06  
                490.E-06               671.31299E-06  
                492.E-06               278.7876E-06   
                494.E-06              -139.33601E-06  
                496.E-06              -539.80084E-06  
                498.E-06              -898.9104E-06   
                500.E-06                -1.205642E-03 




