
                       X         _temp_1

           0.0000000E+000   0.0000000E+000
           4.0200001E-005   0.0000000E+000
           8.0200000E-005   0.0000000E+000
           1.2020000E-004   0.0000000E+000
           1.6020000E-004   0.0000000E+000
           2.0020000E-004   0.0000000E+000
           2.4020000E-004   0.0000000E+000
           2.8020001E-004   0.0000000E+000
           3.2019999E-004   0.0000000E+000
           3.6020001E-004   0.0000000E+000
           4.0019999E-004   0.0000000E+000
           4.4020000E-004   0.0000000E+000
           4.8019999E-004   0.0000000E+000
           5.2020000E-004   0.0000000E+000
           5.6020002E-004   0.0000000E+000
           6.0019997E-004   0.0000000E+000
           6.4019999E-004   0.0000000E+000
           6.8020000E-004   0.0000000E+000
           7.2020001E-004   0.0000000E+000
           7.6020003E-004   0.0000000E+000
           8.0019998E-004   0.0000000E+000
           8.4019999E-004   0.0000000E+000
           8.8020001E-004   0.0000000E+000
           9.2020002E-004   0.0000000E+000
           9.6019998E-004   0.0000000E+000
           1.0000000E-003   0.0000000E+000
           1.0402000E-003   0.0000000E+000
           1.0800000E-003   0.0000000E+000
           1.1202000E-003   0.0000000E+000
           1.1600000E-003   0.0000000E+000
           1.2001999E-003   0.0000000E+000
           1.2400000E-003   0.0000000E+000
           1.2802000E-003   0.0000000E+000
           1.3202000E-003   0.0000000E+000
           1.3602000E-003   0.0000000E+000
           1.4002000E-003   0.0000000E+000
           1.4402000E-003   0.0000000E+000
           1.4802000E-003   0.0000000E+000
           1.5202001E-003   0.0000000E+000
           1.5602000E-003   0.0000000E+000
           1.6002000E-003   0.0000000E+000
           1.6402000E-003   0.0000000E+000
           1.6802000E-003   0.0000000E+000
           1.7201999E-003   0.0000000E+000
           1.7602000E-003   0.0000000E+000
           1.8002000E-003   0.0000000E+000
           1.8402000E-003   0.0000000E+000
           1.8802000E-003   0.0000000E+000
           1.9202000E-003   0.0000000E+000
           1.9602000E-003   0.0000000E+000
           2.0000001E-003   0.0000000E+000
           2.0401999E-003   0.0000000E+000
           2.0802000E-003   0.0000000E+000
           2.1202001E-003   0.0000000E+000
           2.1599999E-003   0.0000000E+000
           2.2002000E-003   0.0000000E+000
           2.2402001E-003   0.0000000E+000
           2.2801999E-003   0.0000000E+000
           2.3200000E-003   0.0000000E+000
           2.3602000E-003   0.0000000E+000
           2.4002001E-003   0.0000000E+000
           2.4402000E-003   3.0824133E-008
           2.4800000E-003   2.1076876E-006
           2.5202001E-003   2.1076876E-006
           2.5601999E-003   2.1076876E-006
           2.6002000E-003   2.1076876E-006
           2.6402001E-003   2.1076876E-006
           2.6799999E-003   2.1076876E-006
           2.7202000E-003   2.1076876E-006
           2.7602001E-003   2.1076876E-006
           2.8001999E-003   2.1076876E-006
           2.8400000E-003   2.1076876E-006
           2.8802000E-003   2.1076876E-006
           2.9201999E-003   2.1076876E-006
           2.9602000E-003   2.1076876E-006
           3.0000000E-003   2.1076876E-006
           3.0402001E-003   2.1076876E-006
           3.0801999E-003   2.1076876E-006
           3.1202000E-003   2.1076876E-006
           3.1600001E-003   2.1076876E-006
           3.2001999E-003   2.1076876E-006
           3.2402000E-003   2.1076876E-006
           3.2802001E-003   2.1076876E-006
           3.3201999E-003   2.1076876E-006
           3.3602000E-003   2.1076876E-006
           3.4002000E-003   2.1076876E-006
           3.4401999E-003   2.1076876E-006
           3.4802000E-003   2.1076876E-006
           3.5202000E-003   2.1076876E-006
           3.5602001E-003   2.1076876E-006
           3.6001999E-003   2.1076876E-006
           3.6402000E-003   2.1076876E-006
           3.6802001E-003   2.1076876E-006
           3.7201999E-003   2.1076876E-006
           3.7602000E-003   2.1076876E-006
           3.8002001E-003   2.1076876E-006
           3.8401999E-003   2.1076876E-006
           3.8802000E-003   2.1076876E-006
           3.9201998E-003   2.1076876E-006
           3.9599999E-003   2.1076876E-006
           4.0000002E-003   2.1076876E-006
           4.0400000E-003   2.1076876E-006
           4.0802001E-003   2.1076876E-006
           4.1201999E-003   2.1076876E-006
           4.1601998E-003   2.1076876E-006
           4.2002001E-003   2.1076876E-006
           4.2401999E-003   2.1076876E-006
           4.2800000E-003   2.1076876E-006
           4.3199998E-003   2.1076876E-006
           4.3600001E-003   2.1076876E-006
           4.4002002E-003   2.1076876E-006
           4.4402000E-003   2.1076876E-006
           4.4801999E-003   2.1076876E-006
           4.5202002E-003   2.1076876E-006
           4.5602000E-003   2.1076876E-006
           4.6001999E-003   2.1076876E-006
           4.6399999E-003   1.6132330E-005
           4.6799998E-003   3.4614524E-005
           4.7201999E-003   5.4409011E-005
           4.7602002E-003   7.5337302E-005
           4.8002000E-003   9.8384771E-005
           4.8401998E-003   1.2089112E-004
           4.8802001E-003   1.3965850E-004
           4.9202000E-003   1.5503944E-004
           4.9600000E-003   1.6867058E-004
           4.9999999E-003   1.8033569E-004
           5.0402000E-003   1.8753462E-004
           5.0801998E-003   1.8881797E-004
           5.1202001E-003   1.8881797E-004
           5.1601999E-003   1.8881797E-004
           5.2001998E-003   1.8881797E-004
           5.2402001E-003   1.8881797E-004
           5.2801999E-003   1.8881797E-004
           5.3200000E-003   1.8881797E-004
           5.3599998E-003   1.8974116E-004
           5.4001999E-003   1.9030398E-004
           5.4402002E-003   1.9587608E-004
           5.4802001E-003   2.0297714E-004
           5.5201999E-003   2.1049153E-004
           5.5602002E-003   2.1778050E-004
           5.6002000E-003   2.1867279E-004
           5.6400001E-003   2.1867279E-004
           5.6799999E-003   2.1867279E-004
           5.7202000E-003   2.1867279E-004
           5.7601999E-003   2.1867279E-004
           5.8002002E-003   2.1867279E-004
           5.8402000E-003   2.1867279E-004
           5.8801998E-003   2.1867279E-004
           5.9202001E-003   2.1867279E-004
           5.9602000E-003   2.1867279E-004
           6.0000001E-003   2.1867279E-004
           6.0402001E-003   2.1919503E-004
           6.0802000E-003   2.2831126E-004
           6.1201998E-003   2.4830925E-004
           6.1602001E-003   2.7423076E-004
           6.2001999E-003   3.0022065E-004
           6.2401998E-003   3.2433984E-004
           6.2802001E-003   3.4669216E-004
           6.3200002E-003   3.6598826E-004
           6.3601998E-003   3.8209971E-004
           6.4002001E-003   3.9611288E-004
           6.4401999E-003   4.1090033E-004
           6.4802002E-003   4.2628319E-004
           6.5202001E-003   4.3824868E-004
           6.5601999E-003   4.4438188E-004
           6.6002002E-003   4.4702276E-004
           6.6402000E-003   4.5050585E-004
           6.6801999E-003   4.5741856E-004
           6.7202002E-003   4.6666226E-004
           6.7602000E-003   4.7598055E-004
           6.8001999E-003   4.8594282E-004
           6.8402002E-003   4.9966335E-004
           6.8802000E-003   5.1993085E-004
           6.9201998E-003   5.4720498E-004
           6.9602001E-003   5.7845499E-004
           7.0002000E-003   6.0943502E-004
           7.0401998E-003   6.3435023E-004
           7.0802001E-003   6.4882846E-004
           7.1202000E-003   6.5520353E-004
           7.1601998E-003   6.6099886E-004
           7.2002001E-003   6.7217229E-004
           7.2401999E-003   6.8818405E-004
           7.2801998E-003   7.0260017E-004
           7.3202001E-003   7.1073207E-004
           7.3601999E-003   7.1600906E-004
           7.4001998E-003   7.2488544E-004
           7.4402001E-003   7.3826005E-004
           7.4801999E-003   7.5250526E-004
           7.5202002E-003   7.6389610E-004
           7.5602001E-003   7.7415444E-004
           7.6001999E-003   7.8766939E-004
           7.6402002E-003   8.0524298E-004
           7.6802000E-003   8.2480768E-004
           7.7201999E-003   8.4402913E-004
           7.7602002E-003   8.6181628E-004
           7.8002000E-003   8.7702536E-004
           7.8402003E-003   8.8542269E-004
           7.8800004E-003   8.8595127E-004
           7.9199998E-003   8.8595127E-004
           7.9600001E-003   8.8595127E-004
           8.0000004E-003   8.8632962E-004
           8.0399998E-003   8.8656967E-004
           8.0800001E-003   8.9057325E-004
           8.1200004E-003   8.9436438E-004
           8.1602000E-003   8.9754659E-004
           8.2002003E-003   9.0108247E-004
           8.2401996E-003   9.0861821E-004
           8.2802000E-003   9.2248153E-004
           8.3202003E-003   9.4025710E-004
           8.3601996E-003   9.5931947E-004
           8.4001999E-003   9.7765843E-004
           8.4402002E-003   9.9158334E-004
           8.4801996E-003   9.9928060E-004
           8.5201999E-003   1.0034735E-003
           8.5600000E-003   1.0062557E-003
           8.6000003E-003   1.0091946E-003
           8.6399997E-003   1.0152040E-003
           8.6800000E-003   1.0264968E-003
           8.7200003E-003   1.0424101E-003
           8.7599996E-003   1.0569931E-003
           8.8002002E-003   1.0655188E-003
           8.8401996E-003   1.0710363E-003
           8.8801999E-003   1.0796067E-003
           8.9202002E-003   1.0920025E-003
           8.9601995E-003   1.1035501E-003
           9.0001998E-003   1.1094122E-003
           9.0402002E-003   1.1100065E-003
           9.0802005E-003   1.1100065E-003
           9.1201998E-003   1.1100065E-003
           9.1602001E-003   1.1100065E-003
           9.2002004E-003   1.1100065E-003
           9.2399996E-003   1.1100065E-003
           9.2799999E-003   1.1100065E-003
           9.3200002E-003   1.1100065E-003
           9.3599996E-003   1.1100065E-003
           9.3999999E-003   1.1100065E-003
           9.4402004E-003   1.1100065E-003
           9.4801998E-003   1.1100065E-003
           9.5202001E-003   1.1100065E-003
           9.5602004E-003   1.1100065E-003
           9.6001998E-003   1.1100065E-003
           9.6402001E-003   1.1100065E-003
           9.6802004E-003   1.1100065E-003
           9.7201997E-003   1.1100065E-003
           9.7602000E-003   1.1100065E-003
           9.8002004E-003   1.1100065E-003
           9.8401997E-003   1.1103641E-003
           9.8802000E-003   1.1113711E-003
           9.9200001E-003   1.1149182E-003
           9.9600004E-003   1.1223082E-003
           9.9999998E-003   1.1316234E-003




