
                       X         _temp_1

           0.0000000E+000   0.0000000E+000
           4.0200001E-005   0.0000000E+000
           8.0200000E-005   0.0000000E+000
           1.2020000E-004   0.0000000E+000
           1.6020000E-004   0.0000000E+000
           2.0020000E-004   0.0000000E+000
           2.4020000E-004   0.0000000E+000
           2.8020001E-004   0.0000000E+000
           3.2019999E-004   0.0000000E+000
           3.6020001E-004   0.0000000E+000
           4.0019999E-004   0.0000000E+000
           4.4020000E-004   0.0000000E+000
           4.8019999E-004   0.0000000E+000
           5.2020000E-004   0.0000000E+000
           5.6020002E-004   0.0000000E+000
           6.0019997E-004   0.0000000E+000
           6.4019999E-004   0.0000000E+000
           6.8020000E-004   0.0000000E+000
           7.2020001E-004   0.0000000E+000
           7.6020003E-004   0.0000000E+000
           8.0019998E-004   0.0000000E+000
           8.4019999E-004   0.0000000E+000
           8.8020001E-004   0.0000000E+000
           9.2020002E-004   0.0000000E+000
           9.6019998E-004   0.0000000E+000
           1.0000000E-003   0.0000000E+000
           1.0402000E-003   0.0000000E+000
           1.0800000E-003   0.0000000E+000
           1.1202000E-003   0.0000000E+000
           1.1600000E-003   0.0000000E+000
           1.2001999E-003   0.0000000E+000
           1.2400000E-003   0.0000000E+000
           1.2802000E-003   0.0000000E+000
           1.3202000E-003   0.0000000E+000
           1.3602000E-003   0.0000000E+000
           1.4002000E-003   0.0000000E+000
           1.4402000E-003   0.0000000E+000
           1.4802000E-003   0.0000000E+000
           1.5202001E-003   0.0000000E+000
           1.5602000E-003   0.0000000E+000
           1.6002000E-003   0.0000000E+000
           1.6402000E-003   0.0000000E+000
           1.6802000E-003   0.0000000E+000
           1.7201999E-003   0.0000000E+000
           1.7602000E-003   0.0000000E+000
           1.8002000E-003   0.0000000E+000
           1.8402000E-003   0.0000000E+000
           1.8802000E-003   0.0000000E+000
           1.9202000E-003   0.0000000E+000
           1.9602000E-003   0.0000000E+000
           2.0000001E-003   0.0000000E+000
           2.0401999E-003   0.0000000E+000
           2.0802000E-003   0.0000000E+000
           2.1202001E-003   0.0000000E+000
           2.1599999E-003   0.0000000E+000
           2.2002000E-003   0.0000000E+000
           2.2402001E-003   0.0000000E+000
           2.2801999E-003   0.0000000E+000
           2.3200000E-003   0.0000000E+000
           2.3602000E-003   0.0000000E+000
           2.4002001E-003   0.0000000E+000
           2.4402000E-003  -1.5272748E-008
           2.4800000E-003  -1.0441935E-006
           2.5202001E-003  -1.0441361E-006
           2.5601999E-003  -1.0441644E-006
           2.6002000E-003  -1.0442755E-006
           2.6402001E-003  -1.0444654E-006
           2.6799999E-003  -1.0447274E-006
           2.7202000E-003  -1.0450588E-006
           2.7602001E-003  -1.0454461E-006
           2.8001999E-003  -1.0458798E-006
           2.8400000E-003  -1.0463463E-006
           2.8802000E-003  -1.0468419E-006
           2.9201999E-003  -1.0473495E-006
           2.9602000E-003  -1.0478609E-006
           3.0000000E-003  -1.0483640E-006
           3.0402001E-003  -1.0488576E-006
           3.0801999E-003  -1.0493276E-006
           3.1202000E-003  -1.0497711E-006
           3.1600001E-003  -1.0501811E-006
           3.2001999E-003  -1.0505602E-006
           3.2402000E-003  -1.0508999E-006
           3.2802001E-003  -1.0512009E-006
           3.3201999E-003  -1.0514630E-006
           3.3602000E-003  -1.0516865E-006
           3.4002000E-003  -1.0518725E-006
           3.4401999E-003  -1.0520226E-006
           3.4802000E-003  -1.0521396E-006
           3.5202000E-003  -1.0522260E-006
           3.5602001E-003  -1.0522851E-006
           3.6001999E-003  -1.0523204E-006
           3.6402000E-003  -1.0523355E-006
           3.6802001E-003  -1.0523344E-006
           3.7201999E-003  -1.0523207E-006
           3.7602000E-003  -1.0522986E-006
           3.8002001E-003  -1.0522714E-006
           3.8401999E-003  -1.0522425E-006
           3.8802000E-003  -1.0522151E-006
           3.9201998E-003  -1.0521916E-006
           3.9599999E-003  -1.0521741E-006
           4.0000002E-003  -1.0521638E-006
           4.0400000E-003  -1.0521617E-006
           4.0802001E-003  -1.0521679E-006
           4.1201999E-003  -1.0521819E-006
           4.1601998E-003  -1.0522025E-006
           4.2002001E-003  -1.0522280E-006
           4.2401999E-003  -1.0522560E-006
           4.2800000E-003  -1.0522839E-006
           4.3199998E-003  -1.0523089E-006
           4.3600001E-003  -1.0523275E-006
           4.4002002E-003  -1.0523366E-006
           4.4402000E-003  -1.0523328E-006
           4.4801999E-003  -1.0523128E-006
           4.5202002E-003  -1.0522737E-006
           4.5602000E-003  -1.0522131E-006
           4.6001999E-003  -1.0521291E-006
           4.6399999E-003  -8.0450918E-006
           4.6799998E-003  -1.7256330E-005
           4.7201999E-003  -2.7115908E-005
           4.7602002E-003  -3.7534104E-005
           4.8002000E-003  -4.9000308E-005
           4.8401998E-003  -6.0189257E-005
           4.8802001E-003  -6.9508911E-005
           4.9202000E-003  -7.7136043E-005
           4.9600000E-003  -8.3887593E-005
           4.9999999E-003  -8.9656940E-005
           5.0402000E-003  -9.3201903E-005
           5.0801998E-003  -9.3804352E-005
           5.1202001E-003  -9.3770570E-005
           5.1601999E-003  -9.3739567E-005
           5.2001998E-003  -9.3711853E-005
           5.2402001E-003  -9.3687901E-005
           5.2801999E-003  -9.3668132E-005
           5.3200000E-003  -9.3652940E-005
           5.3599998E-003  -9.4101233E-005
           5.4001999E-003  -9.4375362E-005
           5.4402002E-003  -9.7143733E-005
           5.4802001E-003  -1.0067727E-004
           5.5201999E-003  -1.0442187E-004
           5.5602002E-003  -1.0806039E-004
           5.6002000E-003  -1.0852538E-004
           5.6400001E-003  -1.0855150E-004
           5.6799999E-003  -1.0858197E-004
           5.7202000E-003  -1.0861632E-004
           5.7601999E-003  -1.0865360E-004
           5.8002002E-003  -1.0869332E-004
           5.8402000E-003  -1.0873484E-004
           5.8801998E-003  -1.0877749E-004
           5.9202001E-003  -1.0882068E-004
           5.9602000E-003  -1.0886383E-004
           6.0000001E-003  -1.0890618E-004
           6.0402001E-003  -1.0920805E-004
           6.0802000E-003  -1.1379119E-004
           6.1201998E-003  -1.2379936E-004
           6.1602001E-003  -1.3676459E-004
           6.2001999E-003  -1.4976830E-004
           6.2401998E-003  -1.6184222E-004
           6.2802001E-003  -1.7303685E-004
           6.3200002E-003  -1.8270721E-004
           6.3601998E-003  -1.9078791E-004
           6.4002001E-003  -1.9781930E-004
           6.4401999E-003  -2.0523484E-004
           6.4802002E-003  -2.1294548E-004
           6.5202001E-003  -2.1894708E-004
           6.5601999E-003  -2.2203302E-004
           6.6002002E-003  -2.2337132E-004
           6.6402000E-003  -2.2512670E-004
           6.6801999E-003  -2.2859209E-004
           6.7202002E-003  -2.3321914E-004
           6.7602000E-003  -2.3788115E-004
           6.8001999E-003  -2.4286262E-004
           6.8402002E-003  -2.4971916E-004
           6.8802000E-003  -2.5984371E-004
           6.9201998E-003  -2.7346547E-004
           6.9602001E-003  -2.8906995E-004
           7.0002000E-003  -3.0453477E-004
           7.0401998E-003  -3.1696435E-004
           7.0802001E-003  -3.2417476E-004
           7.1202000E-003  -3.2733168E-004
           7.1601998E-003  -3.3019265E-004
           7.2002001E-003  -3.3573224E-004
           7.2401999E-003  -3.4367933E-004
           7.2801998E-003  -3.5082025E-004
           7.3202001E-003  -3.5481417E-004
           7.3601999E-003  -3.5737385E-004
           7.4001998E-003  -3.6172100E-004
           7.4402001E-003  -3.6830312E-004
           7.4801999E-003  -3.7530946E-004
           7.5202002E-003  -3.8088200E-004
           7.5602001E-003  -3.8588131E-004
           7.6001999E-003  -3.9249720E-004
           7.6402002E-003  -4.0112968E-004
           7.6802000E-003  -4.1074835E-004
           7.7201999E-003  -4.2019101E-004
           7.7602002E-003  -4.2891628E-004
           7.8002000E-003  -4.3635670E-004
           7.8402003E-003  -4.4040644E-004
           7.8800004E-003  -4.4054395E-004
           7.9199998E-003  -4.4042728E-004
           7.9600001E-003  -4.4032224E-004
           8.0000004E-003  -4.4041892E-004
           8.0399998E-003  -4.4046147E-004
           8.0800001E-003  -4.4239347E-004
           8.1200004E-003  -4.4423644E-004
           8.1602000E-003  -4.4579359E-004
           8.2002003E-003  -4.4754482E-004
           8.2401996E-003  -4.5130507E-004
           8.2802000E-003  -4.5823303E-004
           8.3202003E-003  -4.6712643E-004
           8.3601996E-003  -4.7667825E-004
           8.4001999E-003  -4.8588737E-004
           8.4402002E-003  -4.9291475E-004
           8.4801996E-003  -4.9685477E-004
           8.5201999E-003  -4.9906102E-004
           8.5600000E-003  -5.0057285E-004
           8.6000003E-003  -5.0217001E-004
           8.6399997E-003  -5.0530164E-004
           8.6800000E-003  -5.1106943E-004
           8.7200003E-003  -5.1914249E-004
           8.7599996E-003  -5.2655319E-004
           8.8002002E-003  -5.3094316E-004
           8.8401996E-003  -5.3382834E-004
           8.8801999E-003  -5.3823012E-004
           8.9202002E-003  -5.4453354E-004
           8.9601995E-003  -5.5040669E-004
           9.0001998E-003  -5.5343501E-004
           9.0402002E-003  -5.5382517E-004
           9.0802005E-003  -5.5390812E-004
           9.1201998E-003  -5.5398030E-004
           9.1602001E-003  -5.5404182E-004
           9.2002004E-003  -5.5409281E-004
           9.2399996E-003  -5.5413315E-004
           9.2799999E-003  -5.5416342E-004
           9.3200002E-003  -5.5418356E-004
           9.3599996E-003  -5.5419363E-004
           9.3999999E-003  -5.5419357E-004
           9.4402004E-003  -5.5418315E-004
           9.4801998E-003  -5.5416219E-004
           9.5202001E-003  -5.5413030E-004
           9.5602004E-003  -5.5408699E-004
           9.6001998E-003  -5.5403169E-004
           9.6402001E-003  -5.5396371E-004
           9.6802004E-003  -5.5388245E-004
           9.7201997E-003  -5.5378722E-004
           9.7602000E-003  -5.5367738E-004
           9.8002004E-003  -5.5355253E-004
           9.8401997E-003  -5.5359071E-004
           9.8802000E-003  -5.5393705E-004
           9.9200001E-003  -5.5553508E-004
           9.9600004E-003  -5.5903208E-004
           9.9999998E-003  -5.6347228E-004




