
                       X         _temp_2

           0.0000000E+000   0.0000000E+000
           4.0200001E-005   0.0000000E+000
           8.0200000E-005   0.0000000E+000
           1.2020000E-004   0.0000000E+000
           1.6020000E-004   0.0000000E+000
           2.0020000E-004   0.0000000E+000
           2.4020000E-004   0.0000000E+000
           2.8020001E-004   0.0000000E+000
           3.2019999E-004   0.0000000E+000
           3.6020001E-004   0.0000000E+000
           4.0019999E-004   0.0000000E+000
           4.4020000E-004   0.0000000E+000
           4.8019999E-004   0.0000000E+000
           5.2020000E-004   0.0000000E+000
           5.6020002E-004   0.0000000E+000
           6.0019997E-004   0.0000000E+000
           6.4019999E-004   0.0000000E+000
           6.8020000E-004   0.0000000E+000
           7.2020001E-004   0.0000000E+000
           7.6020003E-004   0.0000000E+000
           8.0019998E-004   0.0000000E+000
           8.4019999E-004   0.0000000E+000
           8.8020001E-004   0.0000000E+000
           9.2020002E-004   0.0000000E+000
           9.6019998E-004   0.0000000E+000
           1.0000000E-003   0.0000000E+000
           1.0402000E-003   0.0000000E+000
           1.0800000E-003   0.0000000E+000
           1.1202000E-003   0.0000000E+000
           1.1600000E-003   0.0000000E+000
           1.2001999E-003   0.0000000E+000
           1.2400000E-003   0.0000000E+000
           1.2802000E-003   0.0000000E+000
           1.3202000E-003   0.0000000E+000
           1.3602000E-003   0.0000000E+000
           1.4002000E-003   0.0000000E+000
           1.4402000E-003   0.0000000E+000
           1.4802000E-003   0.0000000E+000
           1.5202001E-003   0.0000000E+000
           1.5602000E-003   0.0000000E+000
           1.6002000E-003   0.0000000E+000
           1.6402000E-003   0.0000000E+000
           1.6802000E-003   0.0000000E+000
           1.7201999E-003   0.0000000E+000
           1.7602000E-003   0.0000000E+000
           1.8002000E-003   0.0000000E+000
           1.8402000E-003   0.0000000E+000
           1.8802000E-003   0.0000000E+000
           1.9202000E-003   0.0000000E+000
           1.9602000E-003   0.0000000E+000
           2.0000001E-003   0.0000000E+000
           2.0401999E-003   0.0000000E+000
           2.0802000E-003   0.0000000E+000
           2.1202001E-003   0.0000000E+000
           2.1599999E-003   0.0000000E+000
           2.2002000E-003   0.0000000E+000
           2.2402001E-003   0.0000000E+000
           2.2801999E-003   0.0000000E+000
           2.3200000E-003   0.0000000E+000
           2.3602000E-003   0.0000000E+000
           2.4002001E-003   0.0000000E+000
           2.4402000E-003  -4.6522932E-009
           2.4800000E-003  -3.2038614E-007
           2.5202001E-003  -3.2151041E-007
           2.5601999E-003  -3.2095690E-007
           2.6002000E-003  -3.1877315E-007
           2.6402001E-003  -3.1500284E-007
           2.6799999E-003  -3.0972910E-007
           2.7202000E-003  -3.0292480E-007
           2.7602001E-003  -2.9477096E-007
           2.8001999E-003  -2.8536189E-007
           2.8400000E-003  -2.7488053E-007
           2.8802000E-003  -2.6328044E-007
           2.9201999E-003  -2.5084481E-007
           2.9602000E-003  -2.3765263E-007
           3.0000000E-003  -2.2391747E-007
           3.0402001E-003  -2.0955895E-007
           3.0801999E-003  -1.9490179E-007
           3.1202000E-003  -1.7997880E-007
           3.1600001E-003  -1.6497806E-007
           3.2001999E-003  -1.4978094E-007
           3.2402000E-003  -1.3470884E-007
           3.2802001E-003  -1.1977224E-007
           3.3201999E-003  -1.0504973E-007
           3.3602000E-003  -9.0625377E-008
           3.4002000E-003  -7.6579433E-008
           3.4401999E-003  -6.2980114E-008
           3.4802000E-003  -4.9893512E-008
           3.5202000E-003  -3.7385160E-008
           3.5602001E-003  -2.5519860E-008
           3.6001999E-003  -1.4363819E-008
           3.6402000E-003  -3.9770804E-009
           3.6802001E-003   5.5833733E-009
           3.7201999E-003   1.4261984E-008
           3.7602000E-003   2.2010337E-008
           3.8002001E-003   2.8781660E-008
           3.8401999E-003   3.4535727E-008
           3.8802000E-003   3.9238842E-008
           3.9201998E-003   4.2859963E-008
           3.9599999E-003   4.5367383E-008
           4.0000002E-003   4.6774176E-008
           4.0400000E-003   4.7058155E-008
           4.0802001E-003   4.6213142E-008
           4.1201999E-003   4.4260986E-008
           4.1601998E-003   4.1220552E-008
           4.2002001E-003   3.7120024E-008
           4.2401999E-003   3.1991771E-008
           4.2800000E-003   2.5908262E-008
           4.3199998E-003   1.8859694E-008
           4.3600001E-003   1.0928025E-008
           4.4002002E-003   2.1299107E-009
           4.4402000E-003  -7.3758200E-009
           4.4801999E-003  -1.7555784E-008
           4.5202002E-003  -2.8327918E-008
           4.5602000E-003  -3.9606281E-008
           4.6001999E-003  -5.1298887E-008
           4.6399999E-003  -1.3528046E-006
           4.6799998E-003  -3.1976483E-006
           4.7201999E-003  -5.3291010E-006
           4.7602002E-003  -7.7417153E-006
           4.8002000E-003  -1.0551867E-005
           4.8401998E-003  -1.3495140E-005
           4.8802001E-003  -1.6203870E-005
           4.9202000E-003  -1.8661151E-005
           4.9600000E-003  -2.0999763E-005
           4.9999999E-003  -2.3172652E-005
           5.0402000E-003  -2.4852459E-005
           5.0801998E-003  -2.5801191E-005
           5.1202001E-003  -2.6529407E-005
           5.1601999E-003  -2.7180402E-005
           5.2001998E-003  -2.7749313E-005
           5.2402001E-003  -2.8231651E-005
           5.2801999E-003  -2.8623585E-005
           5.3200000E-003  -2.8921027E-005
           5.3599998E-003  -2.9242105E-005
           5.4001999E-003  -2.9421308E-005
           5.4402002E-003  -3.0139192E-005
           5.4802001E-003  -3.0948504E-005
           5.5201999E-003  -3.1697793E-005
           5.5602002E-003  -3.2296837E-005
           5.6002000E-003  -3.1972577E-005
           5.6400001E-003  -3.1434764E-005
           5.6799999E-003  -3.0795294E-005
           5.7202000E-003  -3.0058040E-005
           5.7601999E-003  -2.9236728E-005
           5.8002002E-003  -2.8335073E-005
           5.8402000E-003  -2.7360864E-005
           5.8801998E-003  -2.6322059E-005
           5.9202001E-003  -2.5226374E-005
           5.9602000E-003  -2.4081692E-005
           6.0000001E-003  -2.2902379E-005
           6.0402001E-003  -2.1732092E-005
           6.0802000E-003  -2.1375630E-005
           6.1201998E-003  -2.1951866E-005
           6.1602001E-003  -2.2891256E-005
           6.2001999E-003  -2.3614402E-005
           6.2401998E-003  -2.3968432E-005
           6.2802001E-003  -2.4006331E-005
           6.3200002E-003  -2.3680635E-005
           6.3601998E-003  -2.3009779E-005
           6.4002001E-003  -2.2159515E-005
           6.4401999E-003  -2.1369466E-005
           6.4802002E-003  -2.0644360E-005
           6.5202001E-003  -1.9735906E-005
           6.5601999E-003  -1.8538050E-005
           6.6002002E-003  -1.7261291E-005
           6.6402000E-003  -1.6215801E-005
           6.6801999E-003  -1.5567710E-005
           6.7202002E-003  -1.5248221E-005
           6.7602000E-003  -1.5130096E-005
           6.8001999E-003  -1.5262513E-005
           6.8402002E-003  -1.5844016E-005
           6.8802000E-003  -1.7051112E-005
           6.9201998E-003  -1.8930037E-005
           6.9602001E-003  -2.1333626E-005
           7.0002000E-003  -2.4043185E-005
           7.0401998E-003  -2.6724769E-005
           7.0802001E-003  -2.9096165E-005
           7.1202000E-003  -3.1264193E-005
           7.1601998E-003  -3.3670280E-005
           7.2002001E-003  -3.6699501E-005
           7.2401999E-003  -4.0341311E-005
           7.2801998E-003  -4.4157554E-005
           7.3202001E-003  -4.7772581E-005
           7.3601999E-003  -5.1370804E-005
           7.4001998E-003  -5.5404176E-005
           7.4402001E-003  -5.9953651E-005
           7.4801999E-003  -6.4733315E-005
           7.5202002E-003  -6.9400601E-005
           7.5602001E-003  -7.4046016E-005
           7.6001999E-003  -7.9019454E-005
           7.6402002E-003  -8.4391926E-005
           7.6802000E-003  -8.9968118E-005
           7.7201999E-003  -9.5497220E-005
           7.7602002E-003  -1.0082628E-004
           7.8002000E-003  -1.0578946E-004
           7.8402003E-003  -1.0989782E-004
           7.8800004E-003  -1.1294082E-004
           7.9199998E-003  -1.1564399E-004
           7.9600001E-003  -1.1802415E-004
           8.0000004E-003  -1.2010390E-004
           8.0399998E-003  -1.2181452E-004
           8.0800001E-003  -1.2356832E-004
           8.1200004E-003  -1.2493087E-004
           8.1602000E-003  -1.2585139E-004
           8.2002003E-003  -1.2642505E-004
           8.2401996E-003  -1.2705226E-004
           8.2802000E-003  -1.2798268E-004
           8.3202003E-003  -1.2894324E-004
           8.3601996E-003  -1.2963788E-004
           8.4001999E-003  -1.2984665E-004
           8.4402002E-003  -1.2918984E-004
           8.4801996E-003  -1.2751458E-004
           8.5201999E-003  -1.2515234E-004
           8.5600000E-003  -1.2237765E-004
           8.6000003E-003  -1.1935546E-004
           8.6399997E-003  -1.1641702E-004
           8.6800000E-003  -1.1378582E-004
           8.7200003E-003  -1.1139769E-004
           8.7599996E-003  -1.0871647E-004
           8.8002002E-003  -1.0535365E-004
           8.8401996E-003  -1.0170820E-004
           8.8801999E-003  -9.8343211E-005
           8.9202002E-003  -9.5344898E-005
           8.9601995E-003  -9.2354130E-005
           9.0001998E-003  -8.9041248E-005
           9.0402002E-003  -8.5524567E-005
           9.0802005E-003  -8.2236147E-005
           9.1201998E-003  -7.9261656E-005
           9.1602001E-003  -7.6636643E-005
           9.2002004E-003  -7.4392839E-005
           9.2399996E-003  -7.2566945E-005
           9.2799999E-003  -7.1164497E-005
           9.3200002E-003  -7.0216185E-005
           9.3599996E-003  -6.9737631E-005
           9.3999999E-003  -6.9740585E-005
           9.4402004E-003  -7.0235968E-005
           9.4801998E-003  -7.1221366E-005
           9.5202001E-003  -7.2695599E-005
           9.5602004E-003  -7.4651565E-005
           9.6001998E-003  -7.7077166E-005
           9.6402001E-003  -7.9956182E-005
           9.6802004E-003  -8.3268453E-005
           9.7201997E-003  -8.6989457E-005
           9.7602000E-003  -9.1090507E-005
           9.8002004E-003  -9.5539050E-005
           9.8401997E-003  -1.0033028E-004
           9.8802000E-003  -1.0545510E-004
           9.9200001E-003  -1.1102340E-004
           9.9600004E-003  -1.1719107E-004
           9.9999998E-003  -1.2374276E-004




