
                    X                   _temp_1       

                  0.                     0.           
                 42.185562E-06          66.635597E+03 
                 82.634872E-06         124.94833E+03  
                123.08411E-06          172.61533E+03  
                160.42186E-06          211.75671E+03  
                200.87109E-06          270.34003E+03  
                241.32033E-06          337.07135E+03  
                281.76956E-06          401.06387E+03  
                322.21881E-06          454.22336E+03  
                362.66803E-06          499.49939E+03  
                400.00583E-06          543.42987E+03  
                440.45505E-06          606.67188E+03  
                480.90427E-06          673.7583E+03   
                521.35345E-06          733.6106E+03   
                561.80273E-06          782.71112E+03  
                602.25195E-06          828.85236E+03  
                642.70123E-06          883.4585E+03   
                680.039E-06            950.1004E+03   
                720.48822E-06            1.0202454E+06
                760.93744E-06            1.0838336E+06
                801.38666E-06            1.1448504E+06
                841.83594E-06            1.2169882E+06
                882.28516E-06            1.3128473E+06
                922.73438E-06            1.4357054E+06
                960.07214E-06            1.5713346E+06
                  1.0005213E-03          1.7382641E+06
                  1.040967E-03           1.9472715E+06
                  1.0813988E-03          2.2178123E+06
                  1.1218153E-03          2.5628216E+06
                  1.162215E-03           2.9881384E+06
                  1.202597E-03           3.4995861E+06
                  1.2429597E-03          4.1091852E+06
                  1.2801994E-03          4.7729502E+06
                  1.3205214E-03          5.6229753E+06
                  1.3608199E-03          6.6190672E+06
                  1.4010938E-03          7.7727156E+06
                  1.4413413E-03          9.0978146E+06
                  1.4815609E-03         10.611858E+06 
                  1.5217513E-03         12.3338E+06   
                  1.5619107E-03         14.281072E+06 
                  1.6020375E-03         16.468323E+06 
                  1.6421304E-03         18.908182E+06 
                  1.6821878E-03         21.612432E+06 
                  1.7222083E-03         24.591881E+06 
                  1.7621903E-03         27.854507E+06 
                  1.802133E-03          31.403131E+06 
                  1.8420349E-03         35.233913E+06 
                  1.8818954E-03         39.336105E+06 
                  1.9217137E-03         43.692265E+06 
                  1.9614894E-03         48.277939E+06 
                  2.0012221E-03         53.060329E+06 
                  2.0409124E-03         57.989452E+06 
                  2.0805604E-03         63.006073E+06 
                  2.1201673E-03         68.04657E+06  
                  2.1627765E-03         73.420883E+06 
                  2.2023032E-03         78.278648E+06 
                  2.2417948E-03         82.916046E+06 
                  2.2812541E-03         87.241905E+06 
                  2.3206847E-03         91.180244E+06 
                  2.3600907E-03         94.660301E+06 
                  2.4025047E-03         97.823074E+06 
                  2.4418728E-03        100.15526E+06  
                  2.48123E-03          101.86588E+06  
                  2.5205815E-03        102.94663E+06  
                  2.5629597E-03        103.41533E+06  
                  2.6023157E-03        103.23002E+06  
                  2.6416817E-03        102.47842E+06  
                  2.6810625E-03        101.2162E+06   
                  2.720463E-03          99.521126E+06 
                  2.7629211E-03         97.306618E+06 
                  2.8023758E-03         94.980553E+06 
                  2.8418622E-03         92.472366E+06 
                  2.8813832E-03         89.870491E+06 
                  2.9209421E-03         87.26664E+06  
                  2.960541E-03          84.741661E+06 
                  3.0001817E-03         82.363953E+06 
                  3.0429199E-03         80.021484E+06 
                  3.0826511E-03         78.102562E+06 
                  3.1224272E-03         76.4767E+06   
                  3.1622488E-03         75.174271E+06 
                  3.2020981E-03         74.209778E+06 
                  3.2419209E-03         73.57988E+06  
                  3.2817132E-03         73.281921E+06 
                  3.3214765E-03         73.31028E+06  
                  3.361212E-03          73.648064E+06 
                  3.4009211E-03         74.264351E+06 
                  3.4406049E-03         75.120644E+06 
                  3.4802659E-03         76.183815E+06 
                  3.5229535E-03         77.522408E+06 
                  3.562572E-03          78.903488E+06 
                  3.6021729E-03         80.368271E+06 
                  3.6417589E-03         81.869949E+06 
                  3.6813321E-03         83.373268E+06 
                  3.7208946E-03         84.844482E+06 
                  3.7604496E-03         86.248421E+06 
                  3.8030415E-03         87.645981E+06 
                  3.8425884E-03         88.806076E+06 
                  3.8821356E-03         89.825569E+06 
                  3.9216862E-03         90.698593E+06 
                  3.9612422E-03         91.418465E+06 
                  4.0008068E-03         91.985458E+06 
                  4.0403824E-03         92.407722E+06 
                  4.0830173E-03         92.733665E+06 
                  4.1226239E-03         92.949593E+06 
                  4.1622481E-03         93.109108E+06 
                  4.2018938E-03         93.241646E+06 
                  4.2415614E-03         93.383896E+06 
                  4.2812538E-03         93.587555E+06 
                  4.320972E-03          93.89769E+06  
                  4.3607183E-03         94.349739E+06 
                  4.4004927E-03         94.972855E+06 
                  4.4402914E-03         95.801079E+06 
                  4.4800763E-03         96.873917E+06 
                  4.5229015E-03         98.329956E+06 
                  4.5626493E-03         99.973251E+06 
                  4.6023817E-03        101.89238E+06  
                  4.6420994E-03        104.08425E+06  
                  4.6818037E-03        106.54472E+06  
                  4.7214971E-03        109.24939E+06  
                  4.7611818E-03        112.15983E+06  
                  4.800859E-03         115.22115E+06  
                  4.8405309E-03        118.37991E+06  
                  4.8801999E-03        121.583E+06    
                  4.9229202E-03        125.00298E+06  
                  4.9625907E-03        128.06792E+06  
                  5.0022655E-03        130.94576E+06  
                  5.0419469E-03        133.56963E+06  
                  5.0816383E-03        135.88336E+06  
                  5.1213403E-03        137.83253E+06  
                  5.1610556E-03        139.37048E+06  
                  5.2007647E-03        140.46881E+06  
                  5.2404685E-03        141.12445E+06  
                  5.2801709E-03        141.35434E+06  
                  5.3229318E-03        141.15634E+06  
                  5.3626461E-03        140.59952E+06  
                  5.4023733E-03        139.74284E+06  
                  5.4421167E-03        138.66579E+06  
                  5.4818811E-03        137.45267E+06  
                  5.5216689E-03        136.18169E+06  
                  5.5614591E-03        134.93317E+06  
                  5.6012373E-03        133.78758E+06  
                  5.6410046E-03        132.83047E+06  
                  5.6807637E-03        132.13464E+06  
                  5.7205153E-03        131.74895E+06  
                  5.7602615E-03        131.71458E+06  
                  5.8000031E-03        132.06184E+06  
                  5.8427997E-03        132.89473E+06  
                  5.8825378E-03        134.10329E+06  
                  5.9222775E-03        135.71239E+06  
                  5.962019E-03         137.69437E+06  
                  6.0017638E-03        140.01418E+06  
                  6.0415025E-03        142.63672E+06  
                  6.0812068E-03        145.50835E+06  
                  6.1208739E-03        148.56128E+06  
                  6.1605062E-03        151.72539E+06  
                  6.2001023E-03        154.93695E+06  
                  6.2427049E-03        158.38782E+06  
                  6.2822289E-03        161.52147E+06  
                  6.3217187E-03        164.53008E+06  
                  6.3611765E-03        167.36726E+06  
                  6.4006028E-03        170.00613E+06  
                  6.4430285E-03        172.61885E+06  
                  6.4823937E-03        174.82544E+06  
                  6.5217328E-03        176.82544E+06  
                  6.5610476E-03        178.63588E+06  
                  6.6003389E-03        180.28955E+06  
                  6.6426301E-03        181.94704E+06  
                  6.6818824E-03        183.41083E+06  
                  6.7211194E-03        184.83806E+06  
                  6.7603436E-03        186.26689E+06  
                  6.8025732E-03        187.8495E+06   
                  6.8417802E-03        189.39334E+06  
                  6.8809824E-03        191.01904E+06  
                  6.9201832E-03        192.72173E+06  
                  6.9624009E-03        194.63063E+06  
                  7.0016084E-03        196.45532E+06  
                  7.0408225E-03        198.30147E+06  
                  7.0800476E-03        200.00783E+06  
                  7.122304E-03         200.15961E+06  
                  7.1615586E-03        200.30725E+06  
                  7.2008314E-03        200.44644E+06  
                  7.2401247E-03        200.56345E+06  
                  7.2824659E-03        200.62898E+06  
                  7.3218079E-03        200.47182E+06  
                  7.3611765E-03        199.86868E+06  
                  7.4005728E-03        199.06416E+06  
                  7.4430318E-03        198.72514E+06  
                  7.4824886E-03        198.49561E+06  
                  7.5219765E-03        198.20753E+06  
                  7.5614948E-03        197.92552E+06  
                  7.6010275E-03        196.06316E+06  
                  7.6405315E-03        195.0338E+06   
                  7.6800065E-03        194.12805E+06  
                  7.722487E-03         193.86929E+06  
                  7.7619066E-03        192.85208E+06  
                  7.8013043E-03        191.11879E+06  
                  7.840682E-03         190.53217E+06  
                  7.880044E-03         189.96581E+06  
                  7.9224195E-03        190.42329E+06  
                  7.9617586E-03        189.45555E+06  
                  8.0010939E-03        188.75073E+06  
                  8.0404272E-03        188.45609E+06  
                  8.0827913E-03        188.11052E+06  
                  8.122138E-03         188.69963E+06  
                  8.1614962E-03        187.53668E+06  
                  8.2008715E-03        186.52859E+06  
                  8.2402678E-03        185.72578E+06  
                  8.2827206E-03        185.35809E+06  
                  8.3221722E-03        185.10277E+06  
                  8.3616552E-03        183.25258E+06  
                  8.4011736E-03        181.42735E+06  
                  8.4407291E-03        180.05609E+06  
                  8.4803257E-03        179.34337E+06  
                  8.523015E-03         178.02037E+06  
                  8.5626745E-03        176.36707E+06  
                  8.6023245E-03        174.68829E+06  
                  8.6419716E-03        173.73627E+06  
                  8.6816149E-03        173.57574E+06  
                  8.7212601E-03        173.12903E+06  
                  8.7609091E-03        172.35403E+06  
                  8.8005638E-03        171.5134E+06   
                  8.8402262E-03        172.13562E+06  
                  8.8829317E-03        173.1958E+06   
                  8.9225655E-03        173.99808E+06  
                  8.962184E-03         173.98586E+06  
                  9.0017872E-03        174.48172E+06  
                  9.0413771E-03        175.9343E+06   
                  9.0809574E-03        176.62787E+06  
                  9.1205311E-03        177.58435E+06  
                  9.1601009E-03        176.82379E+06  
                  9.202713E-03         176.52361E+06  
                  9.2422848E-03        176.45213E+06  
                  9.2818632E-03        175.45938E+06  
                  9.3214521E-03        174.28146E+06  
                  9.3610544E-03        170.88348E+06  
                  9.4006739E-03        168.14758E+06  
                  9.4403143E-03        165.22597E+06  
                  9.4830294E-03        161.52936E+06  
                  9.5227213E-03        157.10362E+06  
                  9.5624418E-03        151.62395E+06  
                  9.6021881E-03        147.25241E+06  
                  9.6419411E-03        142.39914E+06  
                  9.6817017E-03        137.8436E+06   
                  9.7214727E-03        132.23602E+06  
                  9.7612572E-03        126.56313E+06  
                  9.8010569E-03        121.92365E+06  
                  9.8408747E-03        117.51979E+06  
                  9.8807116E-03        113.83033E+06  
                  9.9205694E-03        109.04558E+06  
                  9.9604483E-03        104.5651E+06   
                 10.E-03               101.34675E+06  




