
                       X         _temp_2

           0.0000000E+000   0.0000000E+000
           4.0200001E-005   1.1900013E-002
           8.0200000E-005   8.6425394E-001
           1.2020000E-004   8.6271048E+000
           1.6020000E-004   4.1140629E+001
           2.0020000E-004   1.3466931E+002
           2.4020000E-004   3.5188483E+002
           2.8020001E-004   7.9409235E+002
           3.2019999E-004   1.6186899E+003
           3.6020001E-004   3.0575930E+003
           4.0019999E-004   5.4376807E+003
           4.4020000E-004   9.2063125E+003
           4.8019999E-004   1.4960946E+004
           5.2020000E-004   2.3478273E+004
           5.6020002E-004   3.5740641E+004
           6.0019997E-004   5.2969133E+004
           6.4019999E-004   7.6670523E+004
           6.8020000E-004   1.0868983E+005
           7.2020001E-004   1.5125095E+005
           7.6020003E-004   2.0698298E+005
           8.0019998E-004   2.7895753E+005
           8.4019999E-004   3.7075856E+005
           8.8020001E-004   4.8656788E+005
           9.2020002E-004   6.3122269E+005
           9.6019998E-004   8.1023006E+005
           1.0000000E-003   1.0285760E+006
           1.0402000E-003   1.2968486E+006
           1.0800000E-003   1.6175023E+006
           1.1202000E-003   2.0058575E+006
           1.1600000E-003   2.4638793E+006
           1.2001999E-003   3.0114970E+006
           1.2400000E-003   3.6493130E+006
           1.2802000E-003   4.4028390E+006
           1.3202000E-003   5.2753925E+006
           1.3602000E-003   6.2851565E+006
           1.4002000E-003   7.4475985E+006
           1.4402000E-003   8.7787440E+006
           1.4802000E-003   1.0295124E+007
           1.5202001E-003   1.2013711E+007
           1.5602000E-003   1.3951567E+007
           1.6002000E-003   1.6125187E+007
           1.6402000E-003   1.8549774E+007
           1.6802000E-003   2.1238714E+007
           1.7201999E-003   2.4203130E+007
           1.7602000E-003   2.7451126E+007
           1.8002000E-003   3.0986576E+007
           1.8402000E-003   3.4807708E+007
           1.8802000E-003   3.8906056E+007
           1.9202000E-003   4.3265804E+007
           1.9602000E-003   4.7863160E+007
           2.0000001E-003   5.2640956E+007
           2.0401999E-003   5.7627728E+007
           2.0802000E-003   6.2684496E+007
           2.1202001E-003   6.7771536E+007
           2.1599999E-003   7.2792688E+007
           2.2002000E-003   7.7744104E+007
           2.2402001E-003   8.2455344E+007
           2.2801999E-003   8.6854080E+007
           2.3200000E-003   9.0840176E+007
           2.3602000E-003   9.4396280E+007
           2.4002001E-003   9.7399880E+007
           2.4402000E-003   9.9773672E+007
           2.4800000E-003   9.9385664E+007
           2.5202001E-003   9.8621424E+007
           2.5601999E-003   9.8095080E+007
           2.6002000E-003   9.7465640E+007
           2.6402001E-003   9.6924888E+007
           2.6799999E-003   9.7005048E+007
           2.7202000E-003   9.5732104E+007
           2.7602001E-003   9.2769176E+007
           2.8001999E-003   9.0402032E+007
           2.8400000E-003   8.8576776E+007
           2.8802000E-003   8.6949080E+007
           2.9201999E-003   8.4348216E+007
           2.9602000E-003   8.1394904E+007
           3.0000000E-003   7.8882088E+007
           3.0402001E-003   7.6799080E+007
           3.0801999E-003   7.6065048E+007
           3.1202000E-003   7.4483848E+007
           3.1600001E-003   7.2298104E+007
           3.2001999E-003   7.0903792E+007
           3.2402000E-003   7.0766896E+007
           3.2802001E-003   7.1490400E+007
           3.3201999E-003   7.0802168E+007
           3.3602000E-003   7.0179976E+007
           3.4002000E-003   7.0897288E+007
           3.4401999E-003   7.2262104E+007
           3.4802000E-003   7.3643048E+007
           3.5202000E-003   7.4581968E+007
           3.5602001E-003   7.5076320E+007
           3.6001999E-003   7.6546632E+007
           3.6402000E-003   7.8568832E+007
           3.6802001E-003   8.0723040E+007
           3.7201999E-003   8.1668800E+007
           3.7602000E-003   8.2205016E+007
           3.8002001E-003   8.4019024E+007
           3.8401999E-003   8.6181536E+007
           3.8802000E-003   8.7469648E+007
           3.9201998E-003   8.7586512E+007
           3.9599999E-003   8.8140424E+007
           4.0000002E-003   8.9374144E+007
           4.0400000E-003   9.0379552E+007
           4.0802001E-003   9.1283552E+007
           4.1201999E-003   9.0874192E+007
           4.1601998E-003   9.0752600E+007
           4.2002001E-003   9.1380248E+007
           4.2401999E-003   9.2377992E+007
           4.2800000E-003   9.3090120E+007
           4.3199998E-003   9.1953080E+007
           4.3600001E-003   9.2252840E+007
           4.4002002E-003   9.3649568E+007
           4.4402000E-003   9.5185048E+007
           4.4801999E-003   9.5842648E+007
           4.5202002E-003   9.5984536E+007
           4.5602000E-003   9.7437472E+007
           4.6001999E-003   9.9694248E+007
           4.6399999E-003   1.0020809E+008
           4.6799998E-003   1.0051810E+008
           4.7201999E-003   1.0074402E+008
           4.7602002E-003   1.0123858E+008
           4.8002000E-003   1.0151435E+008
           4.8401998E-003   1.0191419E+008
           4.8802001E-003   1.0215578E+008
           4.9202000E-003   1.0244275E+008
           4.9600000E-003   1.0268990E+008
           4.9999999E-003   1.0282663E+008
           5.0402000E-003   1.0295332E+008
           5.0801998E-003   1.0298422E+008
           5.1202001E-003   1.0256441E+008
           5.1601999E-003   1.0261435E+008
           5.2001998E-003   1.0253910E+008
           5.2402001E-003   1.0281863E+008
           5.2801999E-003   1.0266527E+008
           5.3200000E-003   1.0294918E+008
           5.3599998E-003   1.0280555E+008
           5.4001999E-003   1.0311263E+008
           5.4402002E-003   1.0320817E+008
           5.4802001E-003   1.0320889E+008
           5.5201999E-003   1.0350194E+008
           5.5602002E-003   1.0346460E+008
           5.6002000E-003   1.0300692E+008
           5.6400001E-003   1.0258777E+008
           5.6799999E-003   1.0260762E+008
           5.7202000E-003   1.0246490E+008
           5.7601999E-003   1.0208458E+008
           5.8002002E-003   1.0178320E+008
           5.8402000E-003   1.0129462E+008
           5.8801998E-003   1.0149450E+008
           5.9202001E-003   1.0225302E+008
           5.9602000E-003   1.0263442E+008
           6.0000001E-003   1.0315572E+008
           6.0402001E-003   1.0346199E+008
           6.0802000E-003   1.0381889E+008
           6.1201998E-003   1.0404068E+008
           6.1602001E-003   1.0444674E+008
           6.2001999E-003   1.0495697E+008
           6.2401998E-003   1.0532860E+008
           6.2802001E-003   1.0568504E+008
           6.3200002E-003   1.0609326E+008
           6.3601998E-003   1.0622003E+008
           6.4002001E-003   1.0653130E+008
           6.4401999E-003   1.0677375E+008
           6.4802002E-003   1.0702487E+008
           6.5202001E-003   1.0718978E+008
           6.5601999E-003   1.0737762E+008
           6.6002002E-003   1.0730099E+008
           6.6402000E-003   1.0749654E+008
           6.6801999E-003   1.0751181E+008
           6.7202002E-003   1.0759972E+008
           6.7602000E-003   1.0790757E+008
           6.8001999E-003   1.0800703E+008
           6.8402002E-003   1.0822484E+008
           6.8802000E-003   1.0875142E+008
           6.9201998E-003   1.0901621E+008
           6.9602001E-003   1.0964762E+008
           7.0002000E-003   1.1016693E+008
           7.0401998E-003   1.1052230E+008
           7.0802001E-003   1.1074522E+008
           7.1202000E-003   1.1100730E+008
           7.1601998E-003   1.1094018E+008
           7.2002001E-003   1.1115667E+008
           7.2401999E-003   1.1142474E+008
           7.2801998E-003   1.1159418E+008
           7.3202001E-003   1.1178354E+008
           7.3601999E-003   1.1188398E+008
           7.4001998E-003   1.1195992E+008
           7.4402001E-003   1.1231615E+008
           7.4801999E-003   1.1234009E+008
           7.5202002E-003   1.1257549E+008
           7.5602001E-003   1.1280229E+008
           7.6001999E-003   1.1298361E+008
           7.6402002E-003   1.1319383E+008
           7.6802000E-003   1.1368447E+008
           7.7201999E-003   1.1395602E+008
           7.7602002E-003   1.1426030E+008
           7.8002000E-003   1.1450434E+008
           7.8402003E-003   1.1459586E+008
           7.8800004E-003   1.1438472E+008
           7.9199998E-003   1.1458851E+008
           7.9600001E-003   1.1440396E+008
           8.0000004E-003   1.1471622E+008
           8.0399998E-003   1.1461788E+008
           8.0800001E-003   1.1473234E+008
           8.1200004E-003   1.1487338E+008
           8.1602000E-003   1.1484581E+008
           8.2002003E-003   1.1487757E+008
           8.2401996E-003   1.1511621E+008
           8.2802000E-003   1.1525565E+008
           8.3202003E-003   1.1549889E+008
           8.3601996E-003   1.1581625E+008
           8.4001999E-003   1.1616761E+008
           8.4402002E-003   1.1630350E+008
           8.4801996E-003   1.1647819E+008
           8.5201999E-003   1.1663573E+008
           8.5600000E-003   1.1658578E+008
           8.6000003E-003   1.1677577E+008
           8.6399997E-003   1.1683978E+008
           8.6800000E-003   1.1698565E+008
           8.7200003E-003   1.1734821E+008
           8.7599996E-003   1.1741584E+008
           8.8002002E-003   1.1765220E+008
           8.8401996E-003   1.1783328E+008
           8.8801999E-003   1.1786750E+008
           8.9202002E-003   1.1814315E+008
           8.9601995E-003   1.1828993E+008
           9.0001998E-003   1.1838782E+008
           9.0402002E-003   1.1829537E+008
           9.0802005E-003   1.1842401E+008
           9.1201998E-003   1.1813199E+008
           9.1602001E-003   1.1803240E+008
           9.2002004E-003   1.1795185E+008
           9.2399996E-003   1.1792092E+008
           9.2799999E-003   1.1787569E+008
           9.3200002E-003   1.1792461E+008
           9.3599996E-003   1.1785878E+008
           9.3999999E-003   1.1807517E+008
           9.4402004E-003   1.1772714E+008
           9.4801998E-003   1.1781622E+008
           9.5202001E-003   1.1769062E+008
           9.5602004E-003   1.1784579E+008
           9.6001998E-003   1.1802790E+008
           9.6402001E-003   1.1811152E+008
           9.6802004E-003   1.1802580E+008
           9.7201997E-003   1.1826091E+008
           9.7602000E-003   1.1833167E+008
           9.8002004E-003   1.1836318E+008
           9.8401997E-003   1.1836571E+008
           9.8802000E-003   1.1845290E+008
           9.9200001E-003   1.1847620E+008
           9.9600004E-003   1.1861558E+008
           9.9999998E-003   1.1872177E+008




