
                       X         _temp_3

           0.0000000E+000   0.0000000E+000
           4.0200001E-005  -3.4347193E-003
           8.0200000E-005  -1.3517985E-002
           1.2020000E-004  -2.9933402E-002
           1.6020000E-004  -5.2589551E-002
           2.0020000E-004  -8.1728347E-002
           2.4020000E-004  -1.1763842E-001
           2.8020001E-004  -1.6031311E-001
           3.2019999E-004  -2.0945832E-001
           3.6020001E-004  -2.6484069E-001
           4.0019999E-004  -3.2656392E-001
           4.4020000E-004  -3.9494577E-001
           4.8019999E-004  -4.7014144E-001
           5.2020000E-004  -5.5195940E-001
           5.6020002E-004  -6.4008749E-001
           6.0019997E-004  -7.3446172E-001
           6.4019999E-004  -8.3534008E-001
           6.8020000E-004  -9.4299430E-001
           7.2020001E-004  -1.0573837E+000
           7.6020003E-004  -1.1781971E+000
           8.0019998E-004  -1.3052123E+000
           8.4019999E-004  -1.4385455E+000
           8.8020001E-004  -1.5784948E+000
           9.2020002E-004  -1.7251605E+000
           9.6019998E-004  -1.8782898E+000
           1.0000000E-003  -2.0367119E+000
           1.0402000E-003  -2.2027669E+000
           1.0800000E-003  -2.3733189E+000
           1.1202000E-003  -2.5519469E+000
           1.1600000E-003  -2.7348766E+000
           1.2001999E-003  -2.9252536E+000
           1.2400000E-003  -3.1188674E+000
           1.2802000E-003  -3.3194654E+000
           1.3202000E-003  -3.5239961E+000
           1.3602000E-003  -3.7330711E+000
           1.4002000E-003  -3.9458675E+000
           1.4402000E-003  -4.1613808E+000
           1.4802000E-003  -4.3787518E+000
           1.5202001E-003  -4.5972481E+000
           1.5602000E-003  -4.8158994E+000
           1.6002000E-003  -5.0331979E+000
           1.6402000E-003  -5.2471895E+000
           1.6802000E-003  -5.4558363E+000
           1.7201999E-003  -5.6571903E+000
           1.7602000E-003  -5.8491716E+000
           1.8002000E-003  -6.0292077E+000
           1.8402000E-003  -6.1941705E+000
           1.8802000E-003  -6.3407140E+000
           1.9202000E-003  -6.4656491E+000
           1.9602000E-003  -6.5659771E+000
           2.0000001E-003  -6.6383467E+000
           2.0401999E-003  -6.6769686E+000
           2.0802000E-003  -6.6746168E+000
           2.1202001E-003  -6.6294398E+000
           2.1599999E-003  -6.5406175E+000
           2.2002000E-003  -6.4055848E+000
           2.2402001E-003  -6.2258921E+000
           2.2801999E-003  -6.0019598E+000
           2.3200000E-003  -5.7377653E+000
           2.3602000E-003  -5.4330087E+000
           2.4002001E-003  -5.0968671E+000
           2.4402000E-003  -4.7337513E+000
           2.4800000E-003  -4.3668609E+000
           2.5202001E-003  -3.9901471E+000
           2.5601999E-003  -3.6165838E+000
           2.6002000E-003  -3.2502236E+000
           2.6402001E-003  -2.8986218E+000
           2.6799999E-003  -2.5556741E+000
           2.7202000E-003  -2.1975353E+000
           2.7602001E-003  -1.8902721E+000
           2.8001999E-003  -1.6203146E+000
           2.8400000E-003  -1.3783191E+000
           2.8802000E-003  -1.1655653E+000
           2.9201999E-003  -9.6999627E-001
           2.9602000E-003  -8.1953341E-001
           3.0000000E-003  -6.8963367E-001
           3.0402001E-003  -5.8378947E-001
           3.0801999E-003  -5.2054584E-001
           3.1202000E-003  -4.7674915E-001
           3.1600001E-003  -4.5868769E-001
           3.2001999E-003  -4.8123378E-001
           3.2402000E-003  -5.2024740E-001
           3.2802001E-003  -5.5930668E-001
           3.3201999E-003  -6.2060785E-001
           3.3602000E-003  -6.9571066E-001
           3.4002000E-003  -7.8969985E-001
           3.4401999E-003  -8.9884531E-001
           3.4802000E-003  -1.0250195E+000
           3.5202000E-003  -1.1773525E+000
           3.5602001E-003  -1.3266417E+000
           3.6001999E-003  -1.4745754E+000
           3.6402000E-003  -1.6482520E+000
           3.6802001E-003  -1.8228230E+000
           3.7201999E-003  -1.9954244E+000
           3.7602000E-003  -2.1962221E+000
           3.8002001E-003  -2.4057395E+000
           3.8401999E-003  -2.6183012E+000
           3.8802000E-003  -2.8422999E+000
           3.9201998E-003  -3.0580161E+000
           3.9599999E-003  -3.2883008E+000
           4.0000002E-003  -3.4964571E+000
           4.0400000E-003  -3.7085614E+000
           4.0802001E-003  -3.9459898E+000
           4.1201999E-003  -4.1696997E+000
           4.1601998E-003  -4.3930764E+000
           4.2002001E-003  -4.6128082E+000
           4.2401999E-003  -4.8179002E+000
           4.2800000E-003  -5.0040979E+000
           4.3199998E-003  -5.1863027E+000
           4.3600001E-003  -5.3614793E+000
           4.4002002E-003  -5.5184541E+000
           4.4402000E-003  -5.6623669E+000
           4.4801999E-003  -5.7961197E+000
           4.5202002E-003  -5.9239163E+000
           4.5602000E-003  -6.0151310E+000
           4.6001999E-003  -6.0694046E+000
           4.6399999E-003  -6.1111569E+000
           4.6799998E-003  -6.1392999E+000
           4.7201999E-003  -6.1400037E+000
           4.7602002E-003  -6.1160645E+000
           4.8002000E-003  -6.0779843E+000
           4.8401998E-003  -6.0139246E+000
           4.8802001E-003  -5.9364042E+000
           4.9202000E-003  -5.8416548E+000
           4.9600000E-003  -5.7276258E+000
           4.9999999E-003  -5.5899401E+000
           5.0402000E-003  -5.4362316E+000
           5.0801998E-003  -5.2640891E+000
           5.1202001E-003  -5.0852447E+000
           5.1601999E-003  -4.8924866E+000
           5.2001998E-003  -4.6879458E+000
           5.2402001E-003  -4.4750299E+000
           5.2801999E-003  -4.2547646E+000
           5.3200000E-003  -4.0230794E+000
           5.3599998E-003  -3.7883680E+000
           5.4001999E-003  -3.5422962E+000
           5.4402002E-003  -3.2942264E+000
           5.4802001E-003  -3.0306141E+000
           5.5201999E-003  -2.7678268E+000
           5.5602002E-003  -2.5219584E+000
           5.6002000E-003  -2.2996244E+000
           5.6400001E-003  -2.0881181E+000
           5.6799999E-003  -1.8852388E+000
           5.7202000E-003  -1.6976603E+000
           5.7601999E-003  -1.5104259E+000
           5.8002002E-003  -1.3311228E+000
           5.8402000E-003  -1.1696813E+000
           5.8801998E-003  -1.0207254E+000
           5.9202001E-003  -9.0215874E-001
           5.9602000E-003  -8.0401427E-001
           6.0000001E-003  -7.2791129E-001
           6.0402001E-003  -6.6314471E-001
           6.0802000E-003  -5.9552753E-001
           6.1201998E-003  -5.5450010E-001
           6.1602001E-003  -5.4125434E-001
           6.2001999E-003  -5.4199314E-001
           6.2401998E-003  -5.6377137E-001
           6.2802001E-003  -6.0048002E-001
           6.3200002E-003  -6.5898758E-001
           6.3601998E-003  -7.4075186E-001
           6.4002001E-003  -8.3915079E-001
           6.4401999E-003  -9.5845670E-001
           6.4802002E-003  -1.0918310E+000
           6.5202001E-003  -1.2403487E+000
           6.5601999E-003  -1.4053924E+000
           6.6002002E-003  -1.5804776E+000
           6.6402000E-003  -1.7650687E+000
           6.6801999E-003  -1.9651521E+000
           6.7202002E-003  -2.1779945E+000
           6.7602000E-003  -2.3950808E+000
           6.8001999E-003  -2.6124315E+000
           6.8402002E-003  -2.8243430E+000
           6.8802000E-003  -3.0345697E+000
           6.9201998E-003  -3.2404597E+000
           6.9602001E-003  -3.4394112E+000
           7.0002000E-003  -3.6391616E+000
           7.0401998E-003  -3.8286090E+000
           7.0802001E-003  -4.0101733E+000
           7.1202000E-003  -4.1829944E+000
           7.1601998E-003  -4.3406286E+000
           7.2002001E-003  -4.4878507E+000
           7.2401999E-003  -4.6304798E+000
           7.2801998E-003  -4.7615776E+000
           7.3202001E-003  -4.8728261E+000
           7.3601999E-003  -4.9669666E+000
           7.4001998E-003  -5.0386672E+000
           7.4402001E-003  -5.0933204E+000
           7.4801999E-003  -5.1401167E+000
           7.5202002E-003  -5.1661263E+000
           7.5602001E-003  -5.1795311E+000
           7.6001999E-003  -5.1703110E+000
           7.6402002E-003  -5.1416144E+000
           7.6802000E-003  -5.0939460E+000
           7.7201999E-003  -5.0165429E+000
           7.7602002E-003  -4.9159718E+000
           7.8002000E-003  -4.8039708E+000
           7.8402003E-003  -4.6833901E+000
           7.8800004E-003  -4.5477171E+000
           7.9199998E-003  -4.3923101E+000
           7.9600001E-003  -4.2262387E+000
           8.0000004E-003  -4.0455670E+000
           8.0399998E-003  -3.8547432E+000
           8.0800001E-003  -3.6508474E+000
           8.1200004E-003  -3.4492240E+000
           8.1602000E-003  -3.2426913E+000
           8.2002003E-003  -3.0281413E+000
           8.2401996E-003  -2.8187232E+000
           8.2802000E-003  -2.6114721E+000
           8.3202003E-003  -2.4095476E+000
           8.3601996E-003  -2.2204072E+000
           8.4001999E-003  -2.0376382E+000
           8.4402002E-003  -1.8644925E+000
           8.4801996E-003  -1.6990426E+000
           8.5201999E-003  -1.5431355E+000
           8.5600000E-003  -1.3870343E+000
           8.6000003E-003  -1.2480139E+000
           8.6399997E-003  -1.1119351E+000
           8.6800000E-003  -9.8699915E-001
           8.7200003E-003  -8.8645494E-001
           8.7599996E-003  -8.0351418E-001
           8.8002002E-003  -7.3303300E-001
           8.8401996E-003  -6.7840427E-001
           8.8801999E-003  -6.3046622E-001
           8.9202002E-003  -5.9928763E-001
           8.9601995E-003  -5.8887148E-001
           9.0001998E-003  -5.9629917E-001
           9.0402002E-003  -6.1000729E-001
           9.0802005E-003  -6.3884795E-001
           9.1201998E-003  -6.7948431E-001
           9.1602001E-003  -7.3127878E-001
           9.2002004E-003  -7.9402572E-001
           9.2399996E-003  -8.6181647E-001
           9.2799999E-003  -9.3348724E-001
           9.3200002E-003  -1.0140374E+000
           9.3599996E-003  -1.0955734E+000
           9.3999999E-003  -1.1764680E+000
           9.4402004E-003  -1.2505208E+000
           9.4801998E-003  -1.3228749E+000
           9.5202001E-003  -1.3907171E+000
           9.5602004E-003  -1.4558649E+000
           9.6001998E-003  -1.5142983E+000
           9.6402001E-003  -1.5621051E+000
           9.6802004E-003  -1.5952545E+000
           9.7201997E-003  -1.6219708E+000
           9.7602000E-003  -1.6281142E+000
           9.8002004E-003  -1.6243291E+000
           9.8401997E-003  -1.5994639E+000
           9.8802000E-003  -1.5558895E+000
           9.9200001E-003  -1.4964261E+000
           9.9600004E-003  -1.4142731E+000
           9.9999998E-003  -1.3139963E+000




